<?xml version="1.0" encoding="UTF-8" ?>
<testsuites name="vitest tests" tests="1" failures="1" errors="0" time="793.983">
    <testsuite name="src/app/api/nous/learn/metrics/metrics.route.test.ts" timestamp="2025-01-08T09:23:05.080Z" hostname="sophra" tests="1" failures="1" errors="0" skipped="0" time="0">
        <testcase classname="src/app/api/nous/learn/metrics/metrics.route.test.ts" name="src/app/api/nous/learn/metrics/metrics.route.test.ts" time="0">
            <failure message="Failed to load url ~/vitest.setup (resolved id: ~/vitest.setup) in D:/sophra/src/lib/nous/learn/pipeline.test.ts. Does the file exist?" type="Error">
Error: Failed to load url ~/vitest.setup (resolved id: ~/vitest.setup) in D:/sophra/src/lib/nous/learn/pipeline.test.ts. Does the file exist?
 ❯ loadAndTransform node_modules/vitest/node_modules/vite/dist/node/chunks/dep-CB_7IfJ-.js:51920:17
            </failure>
        </testcase>
    </testsuite>
</testsuites>
