<?xml version="1.0" encoding="UTF-8" ?>
<testsuites name="vitest tests" tests="924" failures="7" errors="0" time="29.931">
    <testsuite name="src/types/services.test.ts" timestamp="2025-01-07T19:39:53.879Z" hostname="sophra" tests="9" failures="0" errors="0" skipped="0" time="0.0299706">
        <testcase classname="src/types/services.test.ts" name="Services &gt; getUsers &gt; should fetch users successfully" time="0.0083065">
        </testcase>
        <testcase classname="src/types/services.test.ts" name="Services &gt; getUsers &gt; should handle empty users list" time="0.0012679">
        </testcase>
        <testcase classname="src/types/services.test.ts" name="Services &gt; getUsers &gt; should handle network errors" time="0.0041813">
        </testcase>
        <testcase classname="src/types/services.test.ts" name="Services &gt; createUser &gt; should create user successfully" time="0.0023992">
        </testcase>
        <testcase classname="src/types/services.test.ts" name="Services &gt; createUser &gt; should handle validation errors" time="0.0018705">
        </testcase>
        <testcase classname="src/types/services.test.ts" name="Services &gt; updateUser &gt; should update user successfully" time="0.0012782">
        </testcase>
        <testcase classname="src/types/services.test.ts" name="Services &gt; updateUser &gt; should handle non-existent user" time="0.0019762">
        </testcase>
        <testcase classname="src/types/services.test.ts" name="Services &gt; deleteUser &gt; should delete user successfully" time="0.0012455">
        </testcase>
        <testcase classname="src/types/services.test.ts" name="Services &gt; deleteUser &gt; should handle deletion of non-existent user" time="0.0025102">
        </testcase>
    </testsuite>
    <testsuite name="src/app/api/api.admin.middleware.test.ts" timestamp="2025-01-07T19:39:53.886Z" hostname="sophra" tests="7" failures="0" errors="0" skipped="0" time="0.0484909">
        <testcase classname="src/app/api/api.admin.middleware.test.ts" name="Admin Middleware Additional Tests &gt; should return 401 when JWT token is invalid format" time="0.0155637">
        </testcase>
        <testcase classname="src/app/api/api.admin.middleware.test.ts" name="Admin Middleware Additional Tests &gt; should return 403 when user lacks permission for endpoint" time="0.0025881">
        </testcase>
        <testcase classname="src/app/api/api.admin.middleware.test.ts" name="Admin Middleware Additional Tests &gt; should allow access when user is super admin regardless of endpoint" time="0.0027347">
        </testcase>
        <testcase classname="src/app/api/api.admin.middleware.test.ts" name="Admin Middleware Additional Tests &gt; should handle string JWT decode result as invalid" time="0.0022083">
        </testcase>
        <testcase classname="src/app/api/api.admin.middleware.test.ts" name="Admin Middleware Additional Tests &gt; should handle invalid tokens gracefully" time="0.0022687">
        </testcase>
        <testcase classname="src/app/api/api.admin.middleware.test.ts" name="Admin Middleware Additional Tests &gt; should update lastUsedAt timestamp on successful validation" time="0.0062299">
        </testcase>
        <testcase classname="src/app/api/api.admin.middleware.test.ts" name="Admin Middleware Additional Tests &gt; should handle missing JWT_SECRET" time="0.0140675">
            <system-err>
Error validating admin token: Error: JWT_SECRET is not configured
    at Module.adminMiddleware [90m(D:\sophra\[39msrc\app\api\admin.middleware.ts:37:5[90m)[39m
    at [90mD:\sophra\[39msrc\app\api\api.admin.middleware.test.ts:215:32
    at [90mfile:///D:/sophra/[39mnode_modules/[4m@vitest[24m/runner/dist/index.js:146:14
    at [90mfile:///D:/sophra/[39mnode_modules/[4m@vitest[24m/runner/dist/index.js:533:11
    at runWithTimeout [90m(file:///D:/sophra/[39mnode_modules/[4m@vitest[24m/runner/dist/index.js:39:7[90m)[39m
    at runTest [90m(file:///D:/sophra/[39mnode_modules/[4m@vitest[24m/runner/dist/index.js:1056:17[90m)[39m
[90m    at processTicksAndRejections (node:internal/process/task_queues:105:5)[39m
    at runSuite [90m(file:///D:/sophra/[39mnode_modules/[4m@vitest[24m/runner/dist/index.js:1205:15[90m)[39m
    at runSuite [90m(file:///D:/sophra/[39mnode_modules/[4m@vitest[24m/runner/dist/index.js:1205:15[90m)[39m
    at runFiles [90m(file:///D:/sophra/[39mnode_modules/[4m@vitest[24m/runner/dist/index.js:1262:5[90m)[39m

            </system-err>
        </testcase>
    </testsuite>
    <testsuite name="src/app/health/health.route.test.ts" timestamp="2025-01-07T19:39:53.888Z" hostname="sophra" tests="4" failures="0" errors="0" skipped="0" time="0.1145962">
        <testcase classname="src/app/health/health.route.test.ts" name="Health Check Route Handler &gt; should return healthy status when all services are connected" time="0.1046735">
        </testcase>
        <testcase classname="src/app/health/health.route.test.ts" name="Health Check Route Handler &gt; should return unhealthy status when any service is disconnected" time="0.0023775">
        </testcase>
        <testcase classname="src/app/health/health.route.test.ts" name="Health Check Route Handler &gt; should handle errors during health check" time="0.0021132">
        </testcase>
        <testcase classname="src/app/health/health.route.test.ts" name="Health Check Route Handler &gt; should mask sensitive information in service URLs" time="0.0021071">
        </testcase>
    </testsuite>
    <testsuite name="src/lib/test/next-server.mock.test.ts" timestamp="2025-01-07T19:39:53.889Z" hostname="sophra" tests="11" failures="0" errors="0" skipped="0" time="0.0895481">
        <testcase classname="src/lib/test/next-server.mock.test.ts" name="NextServer Mock &gt; NextResponse &gt; json &gt; should create JSON response successfully" time="0.0471985">
        </testcase>
        <testcase classname="src/lib/test/next-server.mock.test.ts" name="NextServer Mock &gt; NextResponse &gt; json &gt; should handle complex data structures" time="0.0227488">
            <system-err>
Promise returned by `expect(actual).resolves.toEqual(expected)` was not awaited. Vitest currently auto-awaits hanging assertions at the end of the test, but this will cause the test to fail in Vitest 3. Please remember to await the assertion.
    at D:/sophra/src/lib/test/next-server.mock.test.ts:49:31

            </system-err>
        </testcase>
        <testcase classname="src/lib/test/next-server.mock.test.ts" name="NextServer Mock &gt; NextResponse &gt; redirect &gt; should create redirect response" time="0.0017157">
        </testcase>
        <testcase classname="src/lib/test/next-server.mock.test.ts" name="NextServer Mock &gt; NextResponse &gt; next &gt; should create next response with init options" time="0.0010901">
        </testcase>
        <testcase classname="src/lib/test/next-server.mock.test.ts" name="NextServer Mock &gt; NextResponse &gt; rewrite &gt; should create rewrite response" time="0.0011239">
        </testcase>
        <testcase classname="src/lib/test/next-server.mock.test.ts" name="NextServer Mock &gt; NextRequest &gt; should create request with URL and searchParams" time="0.0015885">
        </testcase>
        <testcase classname="src/lib/test/next-server.mock.test.ts" name="NextServer Mock &gt; NextRequest &gt; should handle request headers" time="0.0016602">
        </testcase>
        <testcase classname="src/lib/test/next-server.mock.test.ts" name="NextServer Mock &gt; NextRequest &gt; should handle request body as JSON" time="0.0018398">
        </testcase>
        <testcase classname="src/lib/test/next-server.mock.test.ts" name="NextServer Mock &gt; NextRequest &gt; should handle request body as text" time="0.0019684">
        </testcase>
        <testcase classname="src/lib/test/next-server.mock.test.ts" name="NextServer Mock &gt; NextRequest &gt; should handle empty body" time="0.0017008">
        </testcase>
        <testcase classname="src/lib/test/next-server.mock.test.ts" name="NextServer Mock &gt; Response Cloning &gt; should clone response with all properties" time="0.0017485">
        </testcase>
    </testsuite>
    <testsuite name="src/app/api/admin/permissions.test.ts" timestamp="2025-01-07T19:39:53.892Z" hostname="sophra" tests="10" failures="0" errors="0" skipped="0" time="0.0158535">
        <testcase classname="src/app/api/admin/permissions.test.ts" name="permissions &gt; hasPermission &gt; should return true for valid token with required purpose" time="0.0034852">
        </testcase>
        <testcase classname="src/app/api/admin/permissions.test.ts" name="permissions &gt; hasPermission &gt; should return false for valid token without required purpose" time="0.0006843">
        </testcase>
        <testcase classname="src/app/api/admin/permissions.test.ts" name="permissions &gt; hasPermission &gt; should return false for invalid token name format" time="0.0005883">
        </testcase>
        <testcase classname="src/app/api/admin/permissions.test.ts" name="permissions &gt; hasPermission &gt; should return false for endpoint not in permissions map" time="0.0006647">
        </testcase>
        <testcase classname="src/app/api/admin/permissions.test.ts" name="permissions &gt; getAccessibleEndpoints &gt; should return all endpoints for a valid token with &apos;api&apos; purpose" time="0.0024282">
        </testcase>
        <testcase classname="src/app/api/admin/permissions.test.ts" name="permissions &gt; getAccessibleEndpoints &gt; should return empty array for invalid token name format" time="0.0007844">
        </testcase>
        <testcase classname="src/app/api/admin/permissions.test.ts" name="permissions &gt; getAccessibleEndpoints &gt; should return correct endpoints for a valid token with &apos;monitoring&apos; purpose" time="0.0006134">
        </testcase>
        <testcase classname="src/app/api/admin/permissions.test.ts" name="permissions &gt; isSuperAdmin &gt; should return true for a token with &apos;api&apos; purpose" time="0.0007604">
        </testcase>
        <testcase classname="src/app/api/admin/permissions.test.ts" name="permissions &gt; isSuperAdmin &gt; should return false for a token without &apos;api&apos; purpose" time="0.0010068">
        </testcase>
        <testcase classname="src/app/api/admin/permissions.test.ts" name="permissions &gt; isSuperAdmin &gt; should return false for invalid token name format" time="0.0005616">
        </testcase>
    </testsuite>
    <testsuite name="src/app/api/keys/admin.middleware.test.ts" timestamp="2025-01-07T19:39:53.894Z" hostname="sophra" tests="5" failures="0" errors="0" skipped="0" time="0.0413726">
        <testcase classname="src/app/api/keys/admin.middleware.test.ts" name="Admin Middleware &gt; should return 401 when admin token header is missing" time="0.0115282">
        </testcase>
        <testcase classname="src/app/api/keys/admin.middleware.test.ts" name="Admin Middleware &gt; should return 401 when admin token is invalid" time="0.0024828">
        </testcase>
        <testcase classname="src/app/api/keys/admin.middleware.test.ts" name="Admin Middleware &gt; should update lastUsedAt and proceed when token is valid" time="0.0080805">
        </testcase>
        <testcase classname="src/app/api/keys/admin.middleware.test.ts" name="Admin Middleware &gt; should return 500 when database error occurs" time="0.0118485">
            <system-err>
Error validating admin token: Error: Database error
    at [90mD:\sophra\[39msrc\app\api\keys\admin.middleware.test.ts:93:66
    at [90mfile:///D:/sophra/[39mnode_modules/[4m@vitest[24m/runner/dist/index.js:146:14
    at [90mfile:///D:/sophra/[39mnode_modules/[4m@vitest[24m/runner/dist/index.js:533:11
    at runWithTimeout [90m(file:///D:/sophra/[39mnode_modules/[4m@vitest[24m/runner/dist/index.js:39:7[90m)[39m
    at runTest [90m(file:///D:/sophra/[39mnode_modules/[4m@vitest[24m/runner/dist/index.js:1056:17[90m)[39m
[90m    at processTicksAndRejections (node:internal/process/task_queues:105:5)[39m
    at runSuite [90m(file:///D:/sophra/[39mnode_modules/[4m@vitest[24m/runner/dist/index.js:1205:15[90m)[39m
    at runSuite [90m(file:///D:/sophra/[39mnode_modules/[4m@vitest[24m/runner/dist/index.js:1205:15[90m)[39m
    at runFiles [90m(file:///D:/sophra/[39mnode_modules/[4m@vitest[24m/runner/dist/index.js:1262:5[90m)[39m
    at startTests [90m(file:///D:/sophra/[39mnode_modules/[4m@vitest[24m/runner/dist/index.js:1271:3[90m)[39m

            </system-err>
        </testcase>
        <testcase classname="src/app/api/keys/admin.middleware.test.ts" name="Admin Middleware &gt; should check for active tokens only" time="0.002921">
            <system-err>
Error validating admin token: Error: Database error
    at [90mD:\sophra\[39msrc\app\api\keys\admin.middleware.test.ts:93:66
    at [90mfile:///D:/sophra/[39mnode_modules/[4m@vitest[24m/runner/dist/index.js:146:14
    at [90mfile:///D:/sophra/[39mnode_modules/[4m@vitest[24m/runner/dist/index.js:533:11
    at runWithTimeout [90m(file:///D:/sophra/[39mnode_modules/[4m@vitest[24m/runner/dist/index.js:39:7[90m)[39m
    at runTest [90m(file:///D:/sophra/[39mnode_modules/[4m@vitest[24m/runner/dist/index.js:1056:17[90m)[39m
[90m    at processTicksAndRejections (node:internal/process/task_queues:105:5)[39m
    at runSuite [90m(file:///D:/sophra/[39mnode_modules/[4m@vitest[24m/runner/dist/index.js:1205:15[90m)[39m
    at runSuite [90m(file:///D:/sophra/[39mnode_modules/[4m@vitest[24m/runner/dist/index.js:1205:15[90m)[39m
    at runFiles [90m(file:///D:/sophra/[39mnode_modules/[4m@vitest[24m/runner/dist/index.js:1262:5[90m)[39m
    at startTests [90m(file:///D:/sophra/[39mnode_modules/[4m@vitest[24m/runner/dist/index.js:1271:3[90m)[39m

            </system-err>
        </testcase>
    </testsuite>
    <testsuite name="src/app/api/keys/keys.route.test.ts" timestamp="2025-01-07T19:39:53.896Z" hostname="sophra" tests="7" failures="0" errors="0" skipped="0" time="0.129489">
        <testcase classname="src/app/api/keys/keys.route.test.ts" name="API Keys Route Handlers &gt; POST /api/keys &gt; should create a new API key with valid input" time="0.1029927">
        </testcase>
        <testcase classname="src/app/api/keys/keys.route.test.ts" name="API Keys Route Handlers &gt; POST /api/keys &gt; should handle database errors during creation" time="0.0120518">
            <system-err>
Error creating API key: Error: Database error
    at [90mD:\sophra\[39msrc\app\api\keys\keys.route.test.ts:96:63
    at [90mfile:///D:/sophra/[39mnode_modules/[4m@vitest[24m/runner/dist/index.js:146:14
    at [90mfile:///D:/sophra/[39mnode_modules/[4m@vitest[24m/runner/dist/index.js:533:11
    at runWithTimeout [90m(file:///D:/sophra/[39mnode_modules/[4m@vitest[24m/runner/dist/index.js:39:7[90m)[39m
    at runTest [90m(file:///D:/sophra/[39mnode_modules/[4m@vitest[24m/runner/dist/index.js:1056:17[90m)[39m
[90m    at processTicksAndRejections (node:internal/process/task_queues:105:5)[39m
    at runSuite [90m(file:///D:/sophra/[39mnode_modules/[4m@vitest[24m/runner/dist/index.js:1205:15[90m)[39m
    at runSuite [90m(file:///D:/sophra/[39mnode_modules/[4m@vitest[24m/runner/dist/index.js:1205:15[90m)[39m
    at runSuite [90m(file:///D:/sophra/[39mnode_modules/[4m@vitest[24m/runner/dist/index.js:1205:15[90m)[39m
    at runFiles [90m(file:///D:/sophra/[39mnode_modules/[4m@vitest[24m/runner/dist/index.js:1262:5[90m)[39m

            </system-err>
        </testcase>
        <testcase classname="src/app/api/keys/keys.route.test.ts" name="API Keys Route Handlers &gt; GET /api/keys &gt; should return list of API keys without exposing actual keys" time="0.0022018">
        </testcase>
        <testcase classname="src/app/api/keys/keys.route.test.ts" name="API Keys Route Handlers &gt; PUT /api/keys &gt; should update API key with regenerated key" time="0.0027506">
        </testcase>
        <testcase classname="src/app/api/keys/keys.route.test.ts" name="API Keys Route Handlers &gt; PUT /api/keys &gt; should reject updates without ID" time="0.0020272">
        </testcase>
        <testcase classname="src/app/api/keys/keys.route.test.ts" name="API Keys Route Handlers &gt; DELETE /api/keys &gt; should successfully delete an API key" time="0.0020308">
        </testcase>
        <testcase classname="src/app/api/keys/keys.route.test.ts" name="API Keys Route Handlers &gt; DELETE /api/keys &gt; should handle missing ID parameter" time="0.0012793">
        </testcase>
    </testsuite>
    <testsuite name="src/app/api/cortex/api.cortex.types.test.ts" timestamp="2025-01-07T19:39:53.898Z" hostname="sophra" tests="9" failures="0" errors="0" skipped="0" time="0.0217543">
        <testcase classname="src/app/api/cortex/api.cortex.types.test.ts" name="APIResponse &gt; should create a successful response" time="0.0037223">
        </testcase>
        <testcase classname="src/app/api/cortex/api.cortex.types.test.ts" name="APIResponse &gt; should create an error response" time="0.0019375">
        </testcase>
        <testcase classname="src/app/api/cortex/api.cortex.types.test.ts" name="Document Requests &gt; should validate CreateDocumentRequest structure" time="0.0015295">
        </testcase>
        <testcase classname="src/app/api/cortex/api.cortex.types.test.ts" name="Document Requests &gt; should validate UpdateDocumentRequest structure" time="0.0009305">
        </testcase>
        <testcase classname="src/app/api/cortex/api.cortex.types.test.ts" name="Document Requests &gt; should validate DeleteDocumentRequest structure" time="0.0008111">
        </testcase>
        <testcase classname="src/app/api/cortex/api.cortex.types.test.ts" name="SearchRequest &gt; should validate SearchRequest with minimal properties" time="0.0007835">
        </testcase>
        <testcase classname="src/app/api/cortex/api.cortex.types.test.ts" name="SearchRequest &gt; should validate SearchRequest with all properties" time="0.0028159">
        </testcase>
        <testcase classname="src/app/api/cortex/api.cortex.types.test.ts" name="HealthStatus &gt; should validate HealthStatus structure without error" time="0.0042468">
        </testcase>
        <testcase classname="src/app/api/cortex/api.cortex.types.test.ts" name="HealthStatus &gt; should validate HealthStatus structure with error" time="0.0011073">
        </testcase>
    </testsuite>
    <testsuite name="src/lib/nous/config/settings.test.ts" timestamp="2025-01-07T19:39:53.901Z" hostname="sophra" tests="10" failures="0" errors="0" skipped="0" time="0.0444983">
        <testcase classname="src/lib/nous/config/settings.test.ts" name="Settings &gt; initialization &gt; should create singleton instance" time="0.0048047">
        </testcase>
        <testcase classname="src/lib/nous/config/settings.test.ts" name="Settings &gt; initialization &gt; should initialize with default config" time="0.007366">
        </testcase>
        <testcase classname="src/lib/nous/config/settings.test.ts" name="Settings &gt; configuration loading &gt; should load config from file" time="0.0041866">
        </testcase>
        <testcase classname="src/lib/nous/config/settings.test.ts" name="Settings &gt; configuration loading &gt; should handle file loading errors" time="0.0035605">
            <system-err>
Error loading config file: Error: File read error

            </system-err>
        </testcase>
        <testcase classname="src/lib/nous/config/settings.test.ts" name="Settings &gt; configuration loading &gt; should load config from environment variables" time="0.0034667">
        </testcase>
        <testcase classname="src/lib/nous/config/settings.test.ts" name="Settings &gt; configuration loading &gt; should handle environment variable type conversion" time="0.0034238">
        </testcase>
        <testcase classname="src/lib/nous/config/settings.test.ts" name="Settings &gt; configuration loading &gt; should respect configuration priority (env &gt; file &gt; default)" time="0.0048249">
        </testcase>
        <testcase classname="src/lib/nous/config/settings.test.ts" name="Settings &gt; config validation &gt; should throw on invalid configuration" time="0.004486">
        </testcase>
        <testcase classname="src/lib/nous/config/settings.test.ts" name="Settings &gt; config validation &gt; should throw when accessing unloaded configuration" time="0.0023937">
        </testcase>
        <testcase classname="src/lib/nous/config/settings.test.ts" name="Settings &gt; environment helpers &gt; should correctly identify environments" time="0.0024642">
        </testcase>
    </testsuite>
    <testsuite name="src/lib/nous/config/types.test.ts" timestamp="2025-01-07T19:39:53.904Z" hostname="sophra" tests="16" failures="0" errors="0" skipped="0" time="0.0348262">
        <testcase classname="src/lib/nous/config/types.test.ts" name="ServerConfigSchema &gt; should validate valid server config" time="0.0083053">
        </testcase>
        <testcase classname="src/lib/nous/config/types.test.ts" name="ServerConfigSchema &gt; should apply default values" time="0.00318">
        </testcase>
        <testcase classname="src/lib/nous/config/types.test.ts" name="ServerConfigSchema &gt; should reject invalid port" time="0.0023991">
        </testcase>
        <testcase classname="src/lib/nous/config/types.test.ts" name="RegistryConfigSchema &gt; should validate valid registry config" time="0.001169">
        </testcase>
        <testcase classname="src/lib/nous/config/types.test.ts" name="RegistryConfigSchema &gt; should require storagePath" time="0.0014155">
        </testcase>
        <testcase classname="src/lib/nous/config/types.test.ts" name="RegistryConfigSchema &gt; should apply default values" time="0.0018065">
        </testcase>
        <testcase classname="src/lib/nous/config/types.test.ts" name="RegistryConfigSchema &gt; should reject invalid maxVersionsPerEntry" time="0.0007065">
        </testcase>
        <testcase classname="src/lib/nous/config/types.test.ts" name="RegistryConfigSchema &gt; should validate required fields" time="0.0007726">
        </testcase>
        <testcase classname="src/lib/nous/config/types.test.ts" name="ObserveConfigSchema &gt; should validate valid observe config" time="0.0013131">
        </testcase>
        <testcase classname="src/lib/nous/config/types.test.ts" name="ObserveConfigSchema &gt; should apply default values" time="0.0013466">
        </testcase>
        <testcase classname="src/lib/nous/config/types.test.ts" name="LearnConfigSchema &gt; should validate valid learn config" time="0.0007221">
        </testcase>
        <testcase classname="src/lib/nous/config/types.test.ts" name="LearnConfigSchema &gt; should apply default values" time="0.0008774">
        </testcase>
        <testcase classname="src/lib/nous/config/types.test.ts" name="ConfigSchema &gt; should validate complete valid config" time="0.0017702">
        </testcase>
        <testcase classname="src/lib/nous/config/types.test.ts" name="ConfigSchema &gt; should require environment" time="0.0011025">
        </testcase>
        <testcase classname="src/lib/nous/config/types.test.ts" name="ConfigSchema &gt; should validate environment enum values" time="0.0017443">
        </testcase>
        <testcase classname="src/lib/nous/config/types.test.ts" name="ConfigSchema &gt; should apply default values" time="0.0012639">
        </testcase>
    </testsuite>
    <testsuite name="src/lib/nous/clients/openai.test.ts" timestamp="2025-01-07T19:39:53.907Z" hostname="sophra" tests="6" failures="0" errors="0" skipped="0" time="0.0285419">
        <testcase classname="src/lib/nous/clients/openai.test.ts" name="OpenAIClient &gt; createFineTune &gt; should create a fine-tuning job successfully" time="0.0102499">
        </testcase>
        <testcase classname="src/lib/nous/clients/openai.test.ts" name="OpenAIClient &gt; createFineTune &gt; should handle file creation errors" time="0.0062831">
        </testcase>
        <testcase classname="src/lib/nous/clients/openai.test.ts" name="OpenAIClient &gt; createFineTune &gt; should handle fine-tuning job creation errors" time="0.0025474">
        </testcase>
        <testcase classname="src/lib/nous/clients/openai.test.ts" name="OpenAIClient &gt; getFineTuneStatus &gt; should retrieve fine-tuning job status successfully" time="0.0021772">
        </testcase>
        <testcase classname="src/lib/nous/clients/openai.test.ts" name="OpenAIClient &gt; getFineTuneStatus &gt; should handle status retrieval errors" time="0.001851">
        </testcase>
        <testcase classname="src/lib/nous/clients/openai.test.ts" name="OpenAIClient &gt; getFineTuneStatus &gt; should handle job status with error" time="0.0016528">
        </testcase>
    </testsuite>
    <testsuite name="src/lib/nous/engine/real-time-learner.test.ts" timestamp="2025-01-07T19:39:53.909Z" hostname="sophra" tests="3" failures="0" errors="0" skipped="0" time="0.2049794">
        <testcase classname="src/lib/nous/engine/real-time-learner.test.ts" name="RealTimeLearner &gt; lifecycle &gt; should handle start and stop correctly" time="0.0117372">
        </testcase>
        <testcase classname="src/lib/nous/engine/real-time-learner.test.ts" name="RealTimeLearner &gt; event processing &gt; should process events and handle errors" time="0.186821">
        </testcase>
        <testcase classname="src/lib/nous/engine/real-time-learner.test.ts" name="RealTimeLearner &gt; pattern analysis &gt; should validate strategies and calculate strength" time="0.0033322">
        </testcase>
    </testsuite>
    <testsuite name="src/lib/nous/engine/service.test.ts" timestamp="2025-01-07T19:39:53.910Z" hostname="sophra" tests="7" failures="7" errors="0" skipped="0" time="0.9148593">
        <testcase classname="src/lib/nous/engine/service.test.ts" name="EngineService &gt; initialization &gt; should initialize with default state" time="0.167034">
            <failure message="
Invalid `prisma.engineState.findFirst()` invocation:


Authentication failed against database server at `localhost`, the provided database credentials for `user` are not valid.

Please make sure to provide valid database credentials for the database server at `localhost`." type="PrismaClientInitializationError">
PrismaClientInitializationError: 
Invalid `prisma.engineState.findFirst()` invocation:


Authentication failed against database server at `localhost`, the provided database credentials for `user` are not valid.

Please make sure to provide valid database credentials for the database server at `localhost`.
 ❯ qn.handleRequestError node_modules/@prisma/client/runtime/library.js:121:7615
 ❯ qn.handleAndLogRequestError node_modules/@prisma/client/runtime/library.js:121:6640
 ❯ qn.request node_modules/@prisma/client/runtime/library.js:121:6347
 ❯ l node_modules/@prisma/client/runtime/library.js:130:9616
 ❯ EngineService.getOrCreateEngineState src/lib/nous/engine/service.ts:189:11
 ❯ EngineService.initialize src/lib/nous/engine/service.ts:176:26
 ❯ src/lib/nous/engine/service.test.ts:317:7

⎯⎯⎯⎯⎯⎯⎯⎯⎯⎯⎯⎯⎯⎯⎯⎯⎯⎯⎯⎯⎯⎯⎯⎯⎯⎯⎯⎯⎯⎯⎯⎯⎯⎯⎯⎯⎯⎯⎯⎯⎯⎯⎯⎯⎯⎯⎯⎯⎯⎯⎯⎯⎯⎯⎯⎯⎯⎯⎯⎯⎯⎯⎯⎯⎯⎯⎯⎯⎯⎯⎯⎯⎯⎯⎯⎯⎯⎯⎯⎯⎯⎯⎯⎯⎯⎯⎯⎯⎯⎯⎯⎯⎯⎯⎯⎯⎯⎯⎯⎯⎯⎯⎯⎯⎯⎯⎯⎯⎯⎯⎯⎯⎯⎯⎯⎯⎯⎯⎯⎯⎯⎯⎯⎯⎯⎯⎯⎯⎯⎯⎯⎯⎯⎯⎯⎯⎯⎯⎯⎯⎯⎯⎯⎯⎯⎯⎯⎯
Serialized Error: { clientVersion: &apos;6.1.0&apos;, errorCode: undefined }
            </failure>
        </testcase>
        <testcase classname="src/lib/nous/engine/service.test.ts" name="EngineService &gt; initialization &gt; should create new state if none exists" time="0.1494822">
            <failure message="promise rejected &quot;PrismaClientInitializationError{ …(5) }&quot; instead of resolving" type="AssertionError">
AssertionError: promise rejected &quot;PrismaClientInitializationError{ …(5) }&quot; instead of resolving
 ❯ src/lib/nous/engine/service.test.ts:334:46

Caused by: Caused by: PrismaClientInitializationError: 
Invalid `prisma.engineState.findFirst()` invocation:


Authentication failed against database server at `localhost`, the provided database credentials for `user` are not valid.

Please make sure to provide valid database credentials for the database server at `localhost`.
 ❯ qn.handleRequestError node_modules/@prisma/client/runtime/library.js:121:7615
 ❯ qn.handleAndLogRequestError node_modules/@prisma/client/runtime/library.js:121:6640
 ❯ qn.request node_modules/@prisma/client/runtime/library.js:121:6347
 ❯ l node_modules/@prisma/client/runtime/library.js:130:9616
 ❯ EngineService.getOrCreateEngineState src/lib/nous/engine/service.ts:189:11
 ❯ EngineService.initialize src/lib/nous/engine/service.ts:176:26
 ❯ src/lib/nous/engine/service.test.ts:334:7

⎯⎯⎯⎯⎯⎯⎯⎯⎯⎯⎯⎯⎯⎯⎯⎯⎯⎯⎯⎯⎯⎯⎯⎯⎯⎯⎯⎯⎯⎯⎯⎯⎯⎯⎯⎯⎯⎯⎯⎯⎯⎯⎯⎯⎯⎯⎯⎯⎯⎯⎯⎯⎯⎯⎯⎯⎯⎯⎯⎯⎯⎯⎯⎯⎯⎯⎯⎯⎯⎯⎯⎯⎯⎯⎯⎯⎯⎯⎯⎯⎯⎯⎯⎯⎯⎯⎯⎯⎯⎯⎯⎯⎯⎯⎯⎯⎯⎯⎯⎯⎯⎯⎯⎯⎯⎯⎯⎯⎯⎯⎯⎯⎯⎯⎯⎯⎯⎯⎯⎯⎯⎯⎯⎯⎯⎯⎯⎯⎯⎯⎯⎯⎯⎯⎯⎯⎯⎯⎯⎯⎯⎯⎯⎯⎯⎯⎯⎯
Serialized Error: { clientVersion: &apos;6.1.0&apos;, errorCode: undefined }
            </failure>
        </testcase>
        <testcase classname="src/lib/nous/engine/service.test.ts" name="EngineService &gt; operations &gt; should handle operation errors" time="0.1333624">
            <failure message="expected [Function] to throw error including &apos;Operation failed&apos; but got &apos;\nInvalid `prisma.engineState.update(…&apos;" type="AssertionError">
AssertionError: expected [Function] to throw error including &apos;Operation failed&apos; but got &apos;\nInvalid `prisma.engineState.update(…&apos;

- Expected
+ Received

- Operation failed
+
+ Invalid `prisma.engineState.update()` invocation in
+ D:\sophra\src\lib\nous\engine\service.ts:230:53
+
+   227 }
+   228 
+   229 try {
+ → 230   const updatedState = await prisma.engineState.update(
+ Authentication failed against database server at `localhost`, the provided database credentials for `user` are not valid.
+
+ Please make sure to provide valid database credentials for the database server at `localhost`.

 ❯ src/lib/nous/engine/service.test.ts:371:7
            </failure>
        </testcase>
        <testcase classname="src/lib/nous/engine/service.test.ts" name="EngineService &gt; operations &gt; should start operation" time="0.2084691">
            <failure message="
Invalid `prisma.engineState.findFirst()` invocation:


Authentication failed against database server at `localhost`, the provided database credentials for `user` are not valid.

Please make sure to provide valid database credentials for the database server at `localhost`." type="PrismaClientInitializationError">
PrismaClientInitializationError: 
Invalid `prisma.engineState.findFirst()` invocation:


Authentication failed against database server at `localhost`, the provided database credentials for `user` are not valid.

Please make sure to provide valid database credentials for the database server at `localhost`.
 ❯ qn.handleRequestError node_modules/@prisma/client/runtime/library.js:121:7615
 ❯ qn.handleAndLogRequestError node_modules/@prisma/client/runtime/library.js:121:6640
 ❯ qn.request node_modules/@prisma/client/runtime/library.js:121:6347
 ❯ l node_modules/@prisma/client/runtime/library.js:130:9616
 ❯ EngineService.getOrCreateEngineState src/lib/nous/engine/service.ts:189:11
 ❯ EngineService.initialize src/lib/nous/engine/service.ts:176:26
 ❯ src/lib/nous/engine/service.test.ts:392:7

⎯⎯⎯⎯⎯⎯⎯⎯⎯⎯⎯⎯⎯⎯⎯⎯⎯⎯⎯⎯⎯⎯⎯⎯⎯⎯⎯⎯⎯⎯⎯⎯⎯⎯⎯⎯⎯⎯⎯⎯⎯⎯⎯⎯⎯⎯⎯⎯⎯⎯⎯⎯⎯⎯⎯⎯⎯⎯⎯⎯⎯⎯⎯⎯⎯⎯⎯⎯⎯⎯⎯⎯⎯⎯⎯⎯⎯⎯⎯⎯⎯⎯⎯⎯⎯⎯⎯⎯⎯⎯⎯⎯⎯⎯⎯⎯⎯⎯⎯⎯⎯⎯⎯⎯⎯⎯⎯⎯⎯⎯⎯⎯⎯⎯⎯⎯⎯⎯⎯⎯⎯⎯⎯⎯⎯⎯⎯⎯⎯⎯⎯⎯⎯⎯⎯⎯⎯⎯⎯⎯⎯⎯⎯⎯⎯⎯⎯⎯
Serialized Error: { clientVersion: &apos;6.1.0&apos;, errorCode: undefined }
            </failure>
        </testcase>
        <testcase classname="src/lib/nous/engine/service.test.ts" name="EngineService &gt; pattern analysis &gt; should analyze patterns from learning events" time="0.0954311">
            <failure message="
Invalid `prisma.engineState.findFirst()` invocation:


Authentication failed against database server at `localhost`, the provided database credentials for `user` are not valid.

Please make sure to provide valid database credentials for the database server at `localhost`." type="PrismaClientInitializationError">
PrismaClientInitializationError: 
Invalid `prisma.engineState.findFirst()` invocation:


Authentication failed against database server at `localhost`, the provided database credentials for `user` are not valid.

Please make sure to provide valid database credentials for the database server at `localhost`.
 ❯ qn.handleRequestError node_modules/@prisma/client/runtime/library.js:121:7615
 ❯ qn.handleAndLogRequestError node_modules/@prisma/client/runtime/library.js:121:6640
 ❯ qn.request node_modules/@prisma/client/runtime/library.js:121:6347
 ❯ l node_modules/@prisma/client/runtime/library.js:130:9616
 ❯ EngineService.getOrCreateEngineState src/lib/nous/engine/service.ts:189:11
 ❯ EngineService.initialize src/lib/nous/engine/service.ts:176:26
 ❯ src/lib/nous/engine/service.test.ts:404:7

⎯⎯⎯⎯⎯⎯⎯⎯⎯⎯⎯⎯⎯⎯⎯⎯⎯⎯⎯⎯⎯⎯⎯⎯⎯⎯⎯⎯⎯⎯⎯⎯⎯⎯⎯⎯⎯⎯⎯⎯⎯⎯⎯⎯⎯⎯⎯⎯⎯⎯⎯⎯⎯⎯⎯⎯⎯⎯⎯⎯⎯⎯⎯⎯⎯⎯⎯⎯⎯⎯⎯⎯⎯⎯⎯⎯⎯⎯⎯⎯⎯⎯⎯⎯⎯⎯⎯⎯⎯⎯⎯⎯⎯⎯⎯⎯⎯⎯⎯⎯⎯⎯⎯⎯⎯⎯⎯⎯⎯⎯⎯⎯⎯⎯⎯⎯⎯⎯⎯⎯⎯⎯⎯⎯⎯⎯⎯⎯⎯⎯⎯⎯⎯⎯⎯⎯⎯⎯⎯⎯⎯⎯⎯⎯⎯⎯⎯⎯
Serialized Error: { clientVersion: &apos;6.1.0&apos;, errorCode: undefined }
            </failure>
        </testcase>
        <testcase classname="src/lib/nous/engine/service.test.ts" name="EngineService &gt; strategy execution &gt; should execute strategy with low risk" time="0.0812848">
            <failure message="
Invalid `prisma.engineState.findFirst()` invocation:


Authentication failed against database server at `localhost`, the provided database credentials for `user` are not valid.

Please make sure to provide valid database credentials for the database server at `localhost`." type="PrismaClientInitializationError">
PrismaClientInitializationError: 
Invalid `prisma.engineState.findFirst()` invocation:


Authentication failed against database server at `localhost`, the provided database credentials for `user` are not valid.

Please make sure to provide valid database credentials for the database server at `localhost`.
 ❯ qn.handleRequestError node_modules/@prisma/client/runtime/library.js:121:7615
 ❯ qn.handleAndLogRequestError node_modules/@prisma/client/runtime/library.js:121:6640
 ❯ qn.request node_modules/@prisma/client/runtime/library.js:121:6347
 ❯ l node_modules/@prisma/client/runtime/library.js:130:9616
 ❯ EngineService.getOrCreateEngineState src/lib/nous/engine/service.ts:189:11
 ❯ EngineService.initialize src/lib/nous/engine/service.ts:176:26
 ❯ src/lib/nous/engine/service.test.ts:465:7

⎯⎯⎯⎯⎯⎯⎯⎯⎯⎯⎯⎯⎯⎯⎯⎯⎯⎯⎯⎯⎯⎯⎯⎯⎯⎯⎯⎯⎯⎯⎯⎯⎯⎯⎯⎯⎯⎯⎯⎯⎯⎯⎯⎯⎯⎯⎯⎯⎯⎯⎯⎯⎯⎯⎯⎯⎯⎯⎯⎯⎯⎯⎯⎯⎯⎯⎯⎯⎯⎯⎯⎯⎯⎯⎯⎯⎯⎯⎯⎯⎯⎯⎯⎯⎯⎯⎯⎯⎯⎯⎯⎯⎯⎯⎯⎯⎯⎯⎯⎯⎯⎯⎯⎯⎯⎯⎯⎯⎯⎯⎯⎯⎯⎯⎯⎯⎯⎯⎯⎯⎯⎯⎯⎯⎯⎯⎯⎯⎯⎯⎯⎯⎯⎯⎯⎯⎯⎯⎯⎯⎯⎯⎯⎯⎯⎯⎯⎯
Serialized Error: { clientVersion: &apos;6.1.0&apos;, errorCode: undefined }
            </failure>
        </testcase>
        <testcase classname="src/lib/nous/engine/service.test.ts" name="EngineService &gt; strategy execution &gt; should handle strategy execution errors" time="0.0770065">
            <failure message="
Invalid `prisma.engineState.findFirst()` invocation:


Authentication failed against database server at `localhost`, the provided database credentials for `user` are not valid.

Please make sure to provide valid database credentials for the database server at `localhost`." type="PrismaClientInitializationError">
PrismaClientInitializationError: 
Invalid `prisma.engineState.findFirst()` invocation:


Authentication failed against database server at `localhost`, the provided database credentials for `user` are not valid.

Please make sure to provide valid database credentials for the database server at `localhost`.
 ❯ qn.handleRequestError node_modules/@prisma/client/runtime/library.js:121:7615
 ❯ qn.handleAndLogRequestError node_modules/@prisma/client/runtime/library.js:121:6640
 ❯ qn.request node_modules/@prisma/client/runtime/library.js:121:6347
 ❯ l node_modules/@prisma/client/runtime/library.js:130:9616
 ❯ EngineService.getOrCreateEngineState src/lib/nous/engine/service.ts:189:11
 ❯ EngineService.initialize src/lib/nous/engine/service.ts:176:26
 ❯ src/lib/nous/engine/service.test.ts:465:7

⎯⎯⎯⎯⎯⎯⎯⎯⎯⎯⎯⎯⎯⎯⎯⎯⎯⎯⎯⎯⎯⎯⎯⎯⎯⎯⎯⎯⎯⎯⎯⎯⎯⎯⎯⎯⎯⎯⎯⎯⎯⎯⎯⎯⎯⎯⎯⎯⎯⎯⎯⎯⎯⎯⎯⎯⎯⎯⎯⎯⎯⎯⎯⎯⎯⎯⎯⎯⎯⎯⎯⎯⎯⎯⎯⎯⎯⎯⎯⎯⎯⎯⎯⎯⎯⎯⎯⎯⎯⎯⎯⎯⎯⎯⎯⎯⎯⎯⎯⎯⎯⎯⎯⎯⎯⎯⎯⎯⎯⎯⎯⎯⎯⎯⎯⎯⎯⎯⎯⎯⎯⎯⎯⎯⎯⎯⎯⎯⎯⎯⎯⎯⎯⎯⎯⎯⎯⎯⎯⎯⎯⎯⎯⎯⎯⎯⎯⎯
Serialized Error: { clientVersion: &apos;6.1.0&apos;, errorCode: undefined }
            </failure>
        </testcase>
    </testsuite>
    <testsuite name="src/lib/nous/engine/types.test.ts" timestamp="2025-01-07T19:39:53.921Z" hostname="sophra" tests="10" failures="0" errors="0" skipped="0" time="0.0150219">
        <testcase classname="src/lib/nous/engine/types.test.ts" name="Engine Types &gt; EngineStatus &gt; should have all required statuses" time="0.0040513">
        </testcase>
        <testcase classname="src/lib/nous/engine/types.test.ts" name="Engine Types &gt; EngineOperationType &gt; should have all required operation types" time="0.0008197">
        </testcase>
        <testcase classname="src/lib/nous/engine/types.test.ts" name="Engine Types &gt; EngineOperationStatus &gt; should have all required operation statuses" time="0.0008247">
        </testcase>
        <testcase classname="src/lib/nous/engine/types.test.ts" name="Engine Types &gt; EngineOptimizationType &gt; should have all required optimization types" time="0.0011829">
        </testcase>
        <testcase classname="src/lib/nous/engine/types.test.ts" name="Engine Types &gt; EngineRiskLevel &gt; should have all required risk levels" time="0.0010275">
        </testcase>
        <testcase classname="src/lib/nous/engine/types.test.ts" name="Engine Types &gt; EngineRiskLevel &gt; should maintain risk level order" time="0.0009115">
        </testcase>
        <testcase classname="src/lib/nous/engine/types.test.ts" name="Engine Types &gt; TestMetrics &gt; should validate test metrics structure" time="0.0008532">
        </testcase>
        <testcase classname="src/lib/nous/engine/types.test.ts" name="Engine Types &gt; VariantAnalysis &gt; should validate variant analysis structure" time="0.0004593">
        </testcase>
        <testcase classname="src/lib/nous/engine/types.test.ts" name="Engine Types &gt; ImpactAnalysis &gt; should validate impact analysis structure" time="0.0006863">
        </testcase>
        <testcase classname="src/lib/nous/engine/types.test.ts" name="Engine Types &gt; ImpactAnalysis &gt; should validate impact analysis value ranges" time="0.0006718">
        </testcase>
    </testsuite>
    <testsuite name="src/lib/nous/learn/models.test.ts" timestamp="2025-01-07T19:39:53.923Z" hostname="sophra" tests="10" failures="0" errors="0" skipped="0" time="0.0344726">
        <testcase classname="src/lib/nous/learn/models.test.ts" name="SearchOptimizationModel &gt; initialization &gt; should initialize with default values" time="0.0063643">
        </testcase>
        <testcase classname="src/lib/nous/learn/models.test.ts" name="SearchOptimizationModel &gt; training &gt; should train on valid features and target" time="0.00528">
        </testcase>
        <testcase classname="src/lib/nous/learn/models.test.ts" name="SearchOptimizationModel &gt; training &gt; should throw error when no features provided" time="0.0028258">
        </testcase>
        <testcase classname="src/lib/nous/learn/models.test.ts" name="SearchOptimizationModel &gt; prediction &gt; should throw error when predicting without training" time="0.0012053">
        </testcase>
        <testcase classname="src/lib/nous/learn/models.test.ts" name="SearchOptimizationModel &gt; prediction &gt; should make predictions after training" time="0.0028417">
        </testcase>
        <testcase classname="src/lib/nous/learn/models.test.ts" name="SearchOptimizationModel &gt; evaluation &gt; should throw error when evaluating without training" time="0.0014486">
        </testcase>
        <testcase classname="src/lib/nous/learn/models.test.ts" name="SearchOptimizationModel &gt; evaluation &gt; should calculate metrics after training" time="0.0028256">
        </testcase>
        <testcase classname="src/lib/nous/learn/models.test.ts" name="SearchOptimizationModel &gt; state management &gt; should save model state" time="0.0038365">
        </testcase>
        <testcase classname="src/lib/nous/learn/models.test.ts" name="SearchOptimizationModel &gt; state management &gt; should load model state" time="0.0016107">
        </testcase>
        <testcase classname="src/lib/nous/learn/models.test.ts" name="SearchOptimizationModel &gt; state management &gt; should throw error when loading non-existent state" time="0.0011133">
        </testcase>
    </testsuite>
    <testsuite name="src/lib/nous/learn/pipeline.test.ts" timestamp="2025-01-07T19:39:53.925Z" hostname="sophra" tests="9" failures="0" errors="0" skipped="0" time="0.0403746">
        <testcase classname="src/lib/nous/learn/pipeline.test.ts" name="LearningPipeline &gt; calculateCost &gt; should calculate cost for gpt-3.5-turbo" time="0.0045294">
        </testcase>
        <testcase classname="src/lib/nous/learn/pipeline.test.ts" name="LearningPipeline &gt; calculateCost &gt; should calculate cost for gpt-4" time="0.0010186">
        </testcase>
        <testcase classname="src/lib/nous/learn/pipeline.test.ts" name="LearningPipeline &gt; calculateCost &gt; should use default model when not specified" time="0.0007794">
        </testcase>
        <testcase classname="src/lib/nous/learn/pipeline.test.ts" name="LearningPipeline &gt; trainAndDeploy &gt; should register and train a model with default config" time="0.0133689">
        </testcase>
        <testcase classname="src/lib/nous/learn/pipeline.test.ts" name="LearningPipeline &gt; trainAndDeploy &gt; should use provided config when available" time="0.0020591">
        </testcase>
        <testcase classname="src/lib/nous/learn/pipeline.test.ts" name="LearningPipeline &gt; trainAndDeploy &gt; should handle training errors" time="0.0033469">
        </testcase>
        <testcase classname="src/lib/nous/learn/pipeline.test.ts" name="LearningPipeline &gt; OpenAI training &gt; should train OpenAI model successfully" time="0.0049845">
        </testcase>
        <testcase classname="src/lib/nous/learn/pipeline.test.ts" name="LearningPipeline &gt; OpenAI training &gt; should handle fine-tuning failure" time="0.004287">
        </testcase>
        <testcase classname="src/lib/nous/learn/pipeline.test.ts" name="LearningPipeline &gt; custom model training &gt; should handle custom model training process" time="0.0025057">
        </testcase>
    </testsuite>
    <testsuite name="src/lib/nous/learn/training.test.ts" timestamp="2025-01-07T19:39:53.927Z" hostname="sophra" tests="8" failures="0" errors="0" skipped="0" time="0.021783">
        <testcase classname="src/lib/nous/learn/training.test.ts" name="TrainingScheduler &gt; shouldTrain &gt; should return false when not enough events" time="0.0088907">
        </testcase>
        <testcase classname="src/lib/nous/learn/training.test.ts" name="TrainingScheduler &gt; shouldTrain &gt; should return false when training interval not reached" time="0.001411">
        </testcase>
        <testcase classname="src/lib/nous/learn/training.test.ts" name="TrainingScheduler &gt; shouldTrain &gt; should return false when event distribution is insufficient" time="0.0017194">
        </testcase>
        <testcase classname="src/lib/nous/learn/training.test.ts" name="TrainingScheduler &gt; shouldTrain &gt; should return true when all conditions are met" time="0.0008055">
        </testcase>
        <testcase classname="src/lib/nous/learn/training.test.ts" name="TrainingScheduler &gt; event distribution analysis &gt; should require minimum search events" time="0.0011231">
        </testcase>
        <testcase classname="src/lib/nous/learn/training.test.ts" name="TrainingScheduler &gt; event distribution analysis &gt; should require minimum user events" time="0.0013626">
        </testcase>
        <testcase classname="src/lib/nous/learn/training.test.ts" name="TrainingScheduler &gt; training interval &gt; should respect minimum interval between trainings" time="0.001189">
        </testcase>
        <testcase classname="src/lib/nous/learn/training.test.ts" name="TrainingScheduler &gt; training interval &gt; should allow training after interval has passed" time="0.0008723">
        </testcase>
    </testsuite>
    <testsuite name="src/lib/nous/models/base.test.ts" timestamp="2025-01-07T19:39:53.929Z" hostname="sophra" tests="14" failures="0" errors="0" skipped="0" time="0.0258727">
        <testcase classname="src/lib/nous/models/base.test.ts" name="ModelConfigSchema &gt; should validate valid model config" time="0.0064978">
        </testcase>
        <testcase classname="src/lib/nous/models/base.test.ts" name="ModelConfigSchema &gt; should apply default status" time="0.0011843">
        </testcase>
        <testcase classname="src/lib/nous/models/base.test.ts" name="ModelConfigSchema &gt; should reject invalid status" time="0.0017745">
        </testcase>
        <testcase classname="src/lib/nous/models/base.test.ts" name="ModelConfigSchema &gt; should require all mandatory fields" time="0.0009052">
        </testcase>
        <testcase classname="src/lib/nous/models/base.test.ts" name="ModelRegistry &gt; initialization &gt; should initialize with base model" time="0.0009006">
        </testcase>
        <testcase classname="src/lib/nous/models/base.test.ts" name="ModelRegistry &gt; model management &gt; should register new model" time="0.0012655">
        </testcase>
        <testcase classname="src/lib/nous/models/base.test.ts" name="ModelRegistry &gt; model management &gt; should prevent duplicate registration" time="0.0021785">
        </testcase>
        <testcase classname="src/lib/nous/models/base.test.ts" name="ModelRegistry &gt; model management &gt; should update existing model" time="0.0014064">
        </testcase>
        <testcase classname="src/lib/nous/models/base.test.ts" name="ModelRegistry &gt; model management &gt; should throw error when updating non-existent model" time="0.0011671">
        </testcase>
        <testcase classname="src/lib/nous/models/base.test.ts" name="ModelRegistry &gt; model management &gt; should list all models" time="0.0021578">
        </testcase>
        <testcase classname="src/lib/nous/models/base.test.ts" name="ModelRegistry &gt; model management &gt; should delete model" time="0.0007547">
        </testcase>
        <testcase classname="src/lib/nous/models/base.test.ts" name="ModelRegistry &gt; model management &gt; should return false when deleting non-existent model" time="0.0007049">
        </testcase>
        <testcase classname="src/lib/nous/models/base.test.ts" name="ModelRegistry &gt; model retrieval &gt; should return undefined for non-existent model" time="0.0005275">
        </testcase>
        <testcase classname="src/lib/nous/models/base.test.ts" name="ModelRegistry &gt; model retrieval &gt; should retrieve model by id" time="0.0006631">
        </testcase>
    </testsuite>
    <testsuite name="src/lib/nous/monitoring/metrics.test.ts" timestamp="2025-01-07T19:39:53.932Z" hostname="sophra" tests="11" failures="0" errors="0" skipped="0" time="0.0281258">
        <testcase classname="src/lib/nous/monitoring/metrics.test.ts" name="MetricsService &gt; initialization &gt; should initialize with default values" time="0.0040057">
        </testcase>
        <testcase classname="src/lib/nous/monitoring/metrics.test.ts" name="MetricsService &gt; initialization &gt; should initialize with custom config" time="0.0008551">
        </testcase>
        <testcase classname="src/lib/nous/monitoring/metrics.test.ts" name="MetricsService &gt; engine metrics &gt; should record engine metric" time="0.0041452">
        </testcase>
        <testcase classname="src/lib/nous/monitoring/metrics.test.ts" name="MetricsService &gt; engine metrics &gt; should handle engine metric recording errors" time="0.0033267">
        </testcase>
        <testcase classname="src/lib/nous/monitoring/metrics.test.ts" name="MetricsService &gt; engine metrics &gt; should respect sampling rate" time="0.0027109">
        </testcase>
        <testcase classname="src/lib/nous/monitoring/metrics.test.ts" name="MetricsService &gt; learning metrics &gt; should record learning metric" time="0.0030356">
        </testcase>
        <testcase classname="src/lib/nous/monitoring/metrics.test.ts" name="MetricsService &gt; learning metrics &gt; should handle learning metric recording errors" time="0.0015096">
        </testcase>
        <testcase classname="src/lib/nous/monitoring/metrics.test.ts" name="MetricsService &gt; learning metrics &gt; should handle optional fields" time="0.0015674">
        </testcase>
        <testcase classname="src/lib/nous/monitoring/metrics.test.ts" name="MetricsService &gt; logging behavior &gt; should log successful engine metric recording" time="0.0013063">
        </testcase>
        <testcase classname="src/lib/nous/monitoring/metrics.test.ts" name="MetricsService &gt; logging behavior &gt; should log successful learning metric recording" time="0.001468">
        </testcase>
        <testcase classname="src/lib/nous/monitoring/metrics.test.ts" name="MetricsService &gt; logging behavior &gt; should log when skipping metrics due to sampling" time="0.0010985">
        </testcase>
    </testsuite>
    <testsuite name="src/lib/nous/observe/collector.test.ts" timestamp="2025-01-07T19:39:53.934Z" hostname="sophra" tests="15" failures="0" errors="0" skipped="0" time="0.1141126">
        <testcase classname="src/lib/nous/observe/collector.test.ts" name="EventCollector &gt; observer management &gt; should register observer" time="0.0047009">
        </testcase>
        <testcase classname="src/lib/nous/observe/collector.test.ts" name="EventCollector &gt; observer management &gt; should not register duplicate observer" time="0.0017476">
        </testcase>
        <testcase classname="src/lib/nous/observe/collector.test.ts" name="EventCollector &gt; observer management &gt; should remove observer" time="0.0008866">
        </testcase>
        <testcase classname="src/lib/nous/observe/collector.test.ts" name="EventCollector &gt; observer management &gt; should handle removing non-registered observer" time="0.0014629">
        </testcase>
        <testcase classname="src/lib/nous/observe/collector.test.ts" name="EventCollector &gt; event collection &gt; should notify observer of event" time="0.0044606">
        </testcase>
        <testcase classname="src/lib/nous/observe/collector.test.ts" name="EventCollector &gt; event collection &gt; should notify multiple observers" time="0.0015486">
        </testcase>
        <testcase classname="src/lib/nous/observe/collector.test.ts" name="EventCollector &gt; event collection &gt; should handle observer errors" time="0.0007193">
        </testcase>
        <testcase classname="src/lib/nous/observe/collector.test.ts" name="EventCollector &gt; event filtering &gt; should filter events by type" time="0.0012244">
        </testcase>
        <testcase classname="src/lib/nous/observe/collector.test.ts" name="EventCollector &gt; event filtering &gt; should handle multiple event types" time="0.0024288">
        </testcase>
        <testcase classname="src/lib/nous/observe/collector.test.ts" name="EventCollector &gt; event validation &gt; should validate event structure" time="0.0020982">
        </testcase>
        <testcase classname="src/lib/nous/observe/collector.test.ts" name="EventCollector &gt; event validation &gt; should validate event timestamp" time="0.0025903">
        </testcase>
        <testcase classname="src/lib/nous/observe/collector.test.ts" name="EventCollector &gt; event validation &gt; should validate event type" time="0.0009706">
        </testcase>
        <testcase classname="src/lib/nous/observe/collector.test.ts" name="EventCollector &gt; event processing &gt; should process events in order" time="0.0028988">
        </testcase>
        <testcase classname="src/lib/nous/observe/collector.test.ts" name="EventCollector &gt; event processing &gt; should handle high event frequency" time="0.00938">
        </testcase>
        <testcase classname="src/lib/nous/observe/collector.test.ts" name="EventCollector &gt; event processing &gt; should maintain event order with async observers" time="0.0730136">
        </testcase>
    </testsuite>
    <testsuite name="src/lib/nous/observe/coordinator.test.ts" timestamp="2025-01-07T19:39:53.937Z" hostname="sophra" tests="9" failures="0" errors="0" skipped="0" time="0.029887">
        <testcase classname="src/lib/nous/observe/coordinator.test.ts" name="SignalCoordinator &gt; initialization &gt; should initialize with default processors" time="0.0049367">
        </testcase>
        <testcase classname="src/lib/nous/observe/coordinator.test.ts" name="SignalCoordinator &gt; processor registration &gt; should register custom processor" time="0.0040438">
        </testcase>
        <testcase classname="src/lib/nous/observe/coordinator.test.ts" name="SignalCoordinator &gt; processor registration &gt; should handle multiple processors" time="0.0011758">
        </testcase>
        <testcase classname="src/lib/nous/observe/coordinator.test.ts" name="SignalCoordinator &gt; signal processing &gt; should process single signal" time="0.0012716">
        </testcase>
        <testcase classname="src/lib/nous/observe/coordinator.test.ts" name="SignalCoordinator &gt; signal processing &gt; should process batch of signals" time="0.0022328">
        </testcase>
        <testcase classname="src/lib/nous/observe/coordinator.test.ts" name="SignalCoordinator &gt; signal processing &gt; should skip signals that do not match criteria" time="0.0013519">
        </testcase>
        <testcase classname="src/lib/nous/observe/coordinator.test.ts" name="SignalCoordinator &gt; pattern detection &gt; should detect patterns from signals" time="0.0022209">
        </testcase>
        <testcase classname="src/lib/nous/observe/coordinator.test.ts" name="SignalCoordinator &gt; pattern detection &gt; should combine patterns from multiple processors" time="0.002285">
        </testcase>
        <testcase classname="src/lib/nous/observe/coordinator.test.ts" name="SignalCoordinator &gt; error handling &gt; should handle processor errors gracefully" time="0.0050254">
        </testcase>
    </testsuite>
    <testsuite name="src/lib/nous/observe/processors.test.ts" timestamp="2025-01-07T19:39:53.939Z" hostname="sophra" tests="11" failures="0" errors="0" skipped="0" time="0.0335745">
        <testcase classname="src/lib/nous/observe/processors.test.ts" name="TimeBasedProcessor &gt; extract_features &gt; should extract features from a signal" time="0.0084961">
        </testcase>
        <testcase classname="src/lib/nous/observe/processors.test.ts" name="TimeBasedProcessor &gt; extract_features &gt; should handle missing or invalid values" time="0.0023239">
        </testcase>
        <testcase classname="src/lib/nous/observe/processors.test.ts" name="TimeBasedProcessor &gt; detect_patterns &gt; should detect patterns from multiple signals" time="0.0030637">
        </testcase>
        <testcase classname="src/lib/nous/observe/processors.test.ts" name="TimeBasedProcessor &gt; detect_patterns &gt; should not detect patterns with insufficient signals" time="0.0013144">
        </testcase>
        <testcase classname="src/lib/nous/observe/processors.test.ts" name="SearchSignalProcessor &gt; process_signal &gt; should process search signals" time="0.0025918">
        </testcase>
        <testcase classname="src/lib/nous/observe/processors.test.ts" name="SearchSignalProcessor &gt; process_signal &gt; should handle non-search signals" time="0.0012698">
        </testcase>
        <testcase classname="src/lib/nous/observe/processors.test.ts" name="SearchSignalProcessor &gt; process_signal &gt; should handle processing errors gracefully" time="0.0047122">
        </testcase>
        <testcase classname="src/lib/nous/observe/processors.test.ts" name="SearchSignalProcessor &gt; extract_features &gt; should extract search-specific features" time="0.0012352">
        </testcase>
        <testcase classname="src/lib/nous/observe/processors.test.ts" name="SearchSignalProcessor &gt; extract_features &gt; should handle missing metadata" time="0.0013626">
        </testcase>
        <testcase classname="src/lib/nous/observe/processors.test.ts" name="SearchSignalProcessor &gt; extract_features &gt; should handle invalid metadata" time="0.001154">
        </testcase>
        <testcase classname="src/lib/nous/observe/processors.test.ts" name="SearchSignalProcessor &gt; detect_patterns &gt; should detect search patterns" time="0.0014879">
        </testcase>
    </testsuite>
    <testsuite name="src/lib/nous/observe/signals.test.ts" timestamp="2025-01-07T19:39:53.941Z" hostname="sophra" tests="9" failures="0" errors="0" skipped="0" time="0.0136889">
        <testcase classname="src/lib/nous/observe/signals.test.ts" name="SignalRouter &gt; route &gt; should route signals to matching processors" time="0.0045578">
        </testcase>
        <testcase classname="src/lib/nous/observe/signals.test.ts" name="SignalRouter &gt; route &gt; should not route signals that don&apos;t match criteria" time="0.000702">
        </testcase>
        <testcase classname="src/lib/nous/observe/signals.test.ts" name="SignalRouter &gt; route &gt; should handle custom filter criteria" time="0.0005081">
        </testcase>
        <testcase classname="src/lib/nous/observe/signals.test.ts" name="SignalRouter &gt; processor registration &gt; should register and unregister processors" time="0.0005691">
        </testcase>
        <testcase classname="src/lib/nous/observe/signals.test.ts" name="BaseSignalProcessor &gt; process_batch &gt; should process multiple signals in batch" time="0.0014776">
        </testcase>
        <testcase classname="src/lib/nous/observe/signals.test.ts" name="BaseSignalProcessor &gt; process_batch &gt; should prioritize signals based on priority" time="0.000425">
        </testcase>
        <testcase classname="src/lib/nous/observe/signals.test.ts" name="BaseSignalProcessor &gt; process_signal &gt; should process a single signal" time="0.0010319">
        </testcase>
        <testcase classname="src/lib/nous/observe/signals.test.ts" name="BaseSignalProcessor &gt; prioritize &gt; should sort signals by priority" time="0.0005637">
        </testcase>
        <testcase classname="src/lib/nous/observe/signals.test.ts" name="BaseSignalProcessor &gt; prioritize &gt; should handle signals without priority metadata" time="0.0007838">
        </testcase>
    </testsuite>
    <testsuite name="src/lib/nous/registry/index.test.ts" timestamp="2025-01-07T19:39:53.943Z" hostname="sophra" tests="13" failures="0" errors="0" skipped="0" time="0.0604823">
        <testcase classname="src/lib/nous/registry/index.test.ts" name="Registry &gt; model registration &gt; should register a new model" time="0.0160824">
            <system-out>
Model version before validation: {
  id: [32m&apos;cm5mvk78t00005kjba4fy67ec&apos;[39m,
  configId: [32m&apos;test-config&apos;[39m,
  createdAt: [35m2025-01-07T19:39:48.270Z[39m,
  metrics: {},
  artifactPath: [32m&apos;models/model_1736278788269&apos;[39m,
  parentVersion: [1mnull[22m
}
Model version after validation: {
  id: [32m&apos;cm5mvk78t00005kjba4fy67ec&apos;[39m,
  configId: [32m&apos;test-config&apos;[39m,
  createdAt: [35m2025-01-07T19:39:48.270Z[39m,
  metrics: {},
  artifactPath: [32m&apos;models/model_1736278788269&apos;[39m,
  parentVersion: [1mnull[22m
}

            </system-out>
        </testcase>
        <testcase classname="src/lib/nous/registry/index.test.ts" name="Registry &gt; model registration &gt; should handle registration errors" time="0.0085051">
        </testcase>
        <testcase classname="src/lib/nous/registry/index.test.ts" name="Registry &gt; model retrieval &gt; should retrieve a registered model" time="0.0024382">
            <system-out>
Model version before validation: {
  id: [32m&apos;cm5mvk79g00015kjbbytu0jh3&apos;[39m,
  configId: [32m&apos;test-config&apos;[39m,
  createdAt: [35m2025-01-07T19:39:48.292Z[39m,
  metrics: {},
  artifactPath: [32m&apos;models/model_1736278788292&apos;[39m,
  parentVersion: [1mnull[22m
}
Model version after validation: {
  id: [32m&apos;cm5mvk79g00015kjbbytu0jh3&apos;[39m,
  configId: [32m&apos;test-config&apos;[39m,
  createdAt: [35m2025-01-07T19:39:48.292Z[39m,
  metrics: {},
  artifactPath: [32m&apos;models/model_1736278788292&apos;[39m,
  parentVersion: [1mnull[22m
}

            </system-out>
        </testcase>
        <testcase classname="src/lib/nous/registry/index.test.ts" name="Registry &gt; model retrieval &gt; should return null for non-existent model" time="0.0006171">
        </testcase>
        <testcase classname="src/lib/nous/registry/index.test.ts" name="Registry &gt; model updates &gt; should update an existing model" time="0.0046116">
            <system-out>
Model version before validation: {
  id: [32m&apos;cm5mvk79k00025kjbgwwagtcb&apos;[39m,
  configId: [32m&apos;test-config&apos;[39m,
  createdAt: [35m2025-01-07T19:39:48.296Z[39m,
  metrics: {},
  artifactPath: [32m&apos;models/model_1736278788296&apos;[39m,
  parentVersion: [1mnull[22m
}
Model version after validation: {
  id: [32m&apos;cm5mvk79k00025kjbgwwagtcb&apos;[39m,
  configId: [32m&apos;test-config&apos;[39m,
  createdAt: [35m2025-01-07T19:39:48.296Z[39m,
  metrics: {},
  artifactPath: [32m&apos;models/model_1736278788296&apos;[39m,
  parentVersion: [1mnull[22m
}

            </system-out>
        </testcase>
        <testcase classname="src/lib/nous/registry/index.test.ts" name="Registry &gt; model updates &gt; should return null when updating non-existent model" time="0.0005408">
        </testcase>
        <testcase classname="src/lib/nous/registry/index.test.ts" name="Registry &gt; model updates &gt; should handle update errors" time="0.0034737">
            <system-out>
Model version before validation: {
  id: [32m&apos;cm5mvk79p00035kjb2j1medx8&apos;[39m,
  configId: [32m&apos;test-config&apos;[39m,
  createdAt: [35m2025-01-07T19:39:48.301Z[39m,
  metrics: {},
  artifactPath: [32m&apos;models/model_1736278788301&apos;[39m,
  parentVersion: [1mnull[22m
}
Model version after validation: {
  id: [32m&apos;cm5mvk79p00035kjb2j1medx8&apos;[39m,
  configId: [32m&apos;test-config&apos;[39m,
  createdAt: [35m2025-01-07T19:39:48.301Z[39m,
  metrics: {},
  artifactPath: [32m&apos;models/model_1736278788301&apos;[39m,
  parentVersion: [1mnull[22m
}

            </system-out>
        </testcase>
        <testcase classname="src/lib/nous/registry/index.test.ts" name="Registry &gt; model deletion &gt; should delete an existing model" time="0.0033252">
            <system-out>
Model version before validation: {
  id: [32m&apos;cm5mvk79t00045kjb0qjy5inf&apos;[39m,
  configId: [32m&apos;test-config&apos;[39m,
  createdAt: [35m2025-01-07T19:39:48.305Z[39m,
  metrics: {},
  artifactPath: [32m&apos;models/model_1736278788305&apos;[39m,
  parentVersion: [1mnull[22m
}
Model version after validation: {
  id: [32m&apos;cm5mvk79t00045kjb0qjy5inf&apos;[39m,
  configId: [32m&apos;test-config&apos;[39m,
  createdAt: [35m2025-01-07T19:39:48.305Z[39m,
  metrics: {},
  artifactPath: [32m&apos;models/model_1736278788305&apos;[39m,
  parentVersion: [1mnull[22m
}

            </system-out>
        </testcase>
        <testcase classname="src/lib/nous/registry/index.test.ts" name="Registry &gt; model deletion &gt; should return false when deleting non-existent model" time="0.0009643">
        </testcase>
        <testcase classname="src/lib/nous/registry/index.test.ts" name="Registry &gt; model deletion &gt; should handle deletion errors" time="0.0017787">
        </testcase>
        <testcase classname="src/lib/nous/registry/index.test.ts" name="Registry &gt; model listing &gt; should list all models when no type is specified" time="0.0053287">
            <system-out>
Model version before validation: {
  id: [32m&apos;cm5mvk79z00055kjb293ogu4k&apos;[39m,
  configId: [32m&apos;config1&apos;[39m,
  createdAt: [35m2025-01-07T19:39:48.312Z[39m,
  metrics: {},
  artifactPath: [32m&apos;models/model_1736278788312&apos;[39m,
  parentVersion: [1mnull[22m
}
Model version after validation: {
  id: [32m&apos;cm5mvk79z00055kjb293ogu4k&apos;[39m,
  configId: [32m&apos;config1&apos;[39m,
  createdAt: [35m2025-01-07T19:39:48.312Z[39m,
  metrics: {},
  artifactPath: [32m&apos;models/model_1736278788312&apos;[39m,
  parentVersion: [1mnull[22m
}
Model version before validation: {
  id: [32m&apos;cm5mvk7a100065kjbh0qzb2jz&apos;[39m,
  configId: [32m&apos;config2&apos;[39m,
  createdAt: [35m2025-01-07T19:39:48.314Z[39m,
  metrics: {},
  artifactPath: [32m&apos;models/model_1736278788313&apos;[39m,
  parentVersion: [1mnull[22m
}
Model version after validation: {
  id: [32m&apos;cm5mvk7a100065kjbh0qzb2jz&apos;[39m,
  configId: [32m&apos;config2&apos;[39m,
  createdAt: [35m2025-01-07T19:39:48.314Z[39m,
  metrics: {},
  artifactPath: [32m&apos;models/model_1736278788313&apos;[39m,
  parentVersion: [1mnull[22m
}

            </system-out>
        </testcase>
        <testcase classname="src/lib/nous/registry/index.test.ts" name="Registry &gt; model listing &gt; should filter models by type" time="0.0044761">
            <system-out>
Model version before validation: {
  id: [32m&apos;cm5mvk7a500075kjb9rtjage6&apos;[39m,
  configId: [32m&apos;config1&apos;[39m,
  createdAt: [35m2025-01-07T19:39:48.317Z[39m,
  metrics: {},
  artifactPath: [32m&apos;models/model_1736278788317&apos;[39m,
  parentVersion: [1mnull[22m
}
Model version after validation: {
  id: [32m&apos;cm5mvk7a500075kjb9rtjage6&apos;[39m,
  configId: [32m&apos;config1&apos;[39m,
  createdAt: [35m2025-01-07T19:39:48.317Z[39m,
  metrics: {},
  artifactPath: [32m&apos;models/model_1736278788317&apos;[39m,
  parentVersion: [1mnull[22m
}
Model version before validation: {
  id: [32m&apos;cm5mvk7a600085kjbe74sce4m&apos;[39m,
  configId: [32m&apos;config2&apos;[39m,
  createdAt: [35m2025-01-07T19:39:48.318Z[39m,
  metrics: {},
  artifactPath: [32m&apos;models/model_1736278788318&apos;[39m,
  parentVersion: [1mnull[22m
}
Model version after validation: {
  id: [32m&apos;cm5mvk7a600085kjbe74sce4m&apos;[39m,
  configId: [32m&apos;config2&apos;[39m,
  createdAt: [35m2025-01-07T19:39:48.318Z[39m,
  metrics: {},
  artifactPath: [32m&apos;models/model_1736278788318&apos;[39m,
  parentVersion: [1mnull[22m
}

            </system-out>
        </testcase>
        <testcase classname="src/lib/nous/registry/index.test.ts" name="Registry &gt; model listing &gt; should return empty array for non-existent type" time="0.0034223">
            <system-out>
Model version before validation: {
  id: [32m&apos;cm5mvk7a900095kjb1pt437up&apos;[39m,
  configId: [32m&apos;config1&apos;[39m,
  createdAt: [35m2025-01-07T19:39:48.321Z[39m,
  metrics: {},
  artifactPath: [32m&apos;models/model_1736278788321&apos;[39m,
  parentVersion: [1mnull[22m
}
Model version after validation: {
  id: [32m&apos;cm5mvk7a900095kjb1pt437up&apos;[39m,
  configId: [32m&apos;config1&apos;[39m,
  createdAt: [35m2025-01-07T19:39:48.321Z[39m,
  metrics: {},
  artifactPath: [32m&apos;models/model_1736278788321&apos;[39m,
  parentVersion: [1mnull[22m
}
Model version before validation: {
  id: [32m&apos;cm5mvk7ab000a5kjbaqnc5iom&apos;[39m,
  configId: [32m&apos;config2&apos;[39m,
  createdAt: [35m2025-01-07T19:39:48.323Z[39m,
  metrics: {},
  artifactPath: [32m&apos;models/model_1736278788323&apos;[39m,
  parentVersion: [1mnull[22m
}
Model version after validation: {
  id: [32m&apos;cm5mvk7ab000a5kjbaqnc5iom&apos;[39m,
  configId: [32m&apos;config2&apos;[39m,
  createdAt: [35m2025-01-07T19:39:48.323Z[39m,
  metrics: {},
  artifactPath: [32m&apos;models/model_1736278788323&apos;[39m,
  parentVersion: [1mnull[22m
}

            </system-out>
        </testcase>
    </testsuite>
    <testsuite name="src/lib/nous/registry/metadata.test.ts" timestamp="2025-01-07T19:39:53.949Z" hostname="sophra" tests="19" failures="0" errors="0" skipped="0" time="0.0345738">
        <testcase classname="src/lib/nous/registry/metadata.test.ts" name="MetadataManager &gt; schema management &gt; should register schema successfully" time="0.0088743">
        </testcase>
        <testcase classname="src/lib/nous/registry/metadata.test.ts" name="MetadataManager &gt; schema management &gt; should throw error when validating with non-existent schema" time="0.0010453">
        </testcase>
        <testcase classname="src/lib/nous/registry/metadata.test.ts" name="MetadataManager &gt; metadata validation &gt; should validate metadata against schema" time="0.0012305">
        </testcase>
        <testcase classname="src/lib/nous/registry/metadata.test.ts" name="MetadataManager &gt; metadata validation &gt; should validate metadata with optional fields" time="0.0036024">
        </testcase>
        <testcase classname="src/lib/nous/registry/metadata.test.ts" name="MetadataManager &gt; metadata validation &gt; should validate metadata with missing optional fields" time="0.000976">
        </testcase>
        <testcase classname="src/lib/nous/registry/metadata.test.ts" name="MetadataManager &gt; metadata validation &gt; should fail validation when required fields are missing" time="0.0006353">
        </testcase>
        <testcase classname="src/lib/nous/registry/metadata.test.ts" name="MetadataManager &gt; metadata validation &gt; should fail validation when field types are incorrect" time="0.0017856">
        </testcase>
        <testcase classname="src/lib/nous/registry/metadata.test.ts" name="MetadataManager &gt; metadata validation &gt; should fail validation when custom validators fail" time="0.000742">
        </testcase>
        <testcase classname="src/lib/nous/registry/metadata.test.ts" name="MetadataManager &gt; metadata validation &gt; should fail validation when nested object is invalid" time="0.0013318">
        </testcase>
        <testcase classname="src/lib/nous/registry/metadata.test.ts" name="MetadataManager &gt; metadata validation &gt; should ignore unknown fields during validation" time="0.0006751">
        </testcase>
        <testcase classname="src/lib/nous/registry/metadata.test.ts" name="MetadataManager &gt; metadata storage operations &gt; should store metadata successfully" time="0.0010229">
        </testcase>
        <testcase classname="src/lib/nous/registry/metadata.test.ts" name="MetadataManager &gt; metadata storage operations &gt; should throw error when storing invalid metadata" time="0.0007376">
        </testcase>
        <testcase classname="src/lib/nous/registry/metadata.test.ts" name="MetadataManager &gt; metadata storage operations &gt; should update metadata successfully" time="0.0010553">
        </testcase>
        <testcase classname="src/lib/nous/registry/metadata.test.ts" name="MetadataManager &gt; metadata storage operations &gt; should fail update with invalid metadata" time="0.0008287">
        </testcase>
        <testcase classname="src/lib/nous/registry/metadata.test.ts" name="MetadataManager &gt; metadata storage operations &gt; should delete metadata successfully" time="0.0008144">
        </testcase>
        <testcase classname="src/lib/nous/registry/metadata.test.ts" name="MetadataManager &gt; metadata storage operations &gt; should handle deletion of non-existent entry" time="0.0004444">
        </testcase>
        <testcase classname="src/lib/nous/registry/metadata.test.ts" name="MetadataManager &gt; metadata listing &gt; should list all metadata entries" time="0.002096">
        </testcase>
        <testcase classname="src/lib/nous/registry/metadata.test.ts" name="MetadataManager &gt; metadata listing &gt; should filter metadata entries" time="0.0009684">
        </testcase>
        <testcase classname="src/lib/nous/registry/metadata.test.ts" name="MetadataManager &gt; metadata listing &gt; should return empty object when no entries match filter" time="0.0009167">
        </testcase>
    </testsuite>
    <testsuite name="src/lib/nous/registry/store.test.ts" timestamp="2025-01-07T19:39:53.953Z" hostname="sophra" tests="21" failures="0" errors="0" skipped="0" time="0.0354316">
        <testcase classname="src/lib/nous/registry/store.test.ts" name="RegistryStore &gt; registration &gt; should register new entry" time="0.005245">
        </testcase>
        <testcase classname="src/lib/nous/registry/store.test.ts" name="RegistryStore &gt; registration &gt; should prevent duplicate registration" time="0.0023537">
        </testcase>
        <testcase classname="src/lib/nous/registry/store.test.ts" name="RegistryStore &gt; registration &gt; should track versions" time="0.0011203">
        </testcase>
        <testcase classname="src/lib/nous/registry/store.test.ts" name="RegistryStore &gt; registration &gt; should handle multiple versions" time="0.0011355">
        </testcase>
        <testcase classname="src/lib/nous/registry/store.test.ts" name="RegistryStore &gt; registration &gt; should prevent version conflicts" time="0.0010839">
        </testcase>
        <testcase classname="src/lib/nous/registry/store.test.ts" name="RegistryStore &gt; updates &gt; should update existing entry" time="0.0016252">
        </testcase>
        <testcase classname="src/lib/nous/registry/store.test.ts" name="RegistryStore &gt; updates &gt; should return undefined when updating non-existent entry" time="0.0010139">
        </testcase>
        <testcase classname="src/lib/nous/registry/store.test.ts" name="RegistryStore &gt; updates &gt; should preserve unmodified fields" time="0.0012232">
        </testcase>
        <testcase classname="src/lib/nous/registry/store.test.ts" name="RegistryStore &gt; dependency validation &gt; should validate dependencies during registration" time="0.0020147">
        </testcase>
        <testcase classname="src/lib/nous/registry/store.test.ts" name="RegistryStore &gt; dependency validation &gt; should prevent circular dependencies" time="0.0013037">
        </testcase>
        <testcase classname="src/lib/nous/registry/store.test.ts" name="RegistryStore &gt; dependency validation &gt; should validate dependencies during updates" time="0.0007961">
        </testcase>
        <testcase classname="src/lib/nous/registry/store.test.ts" name="RegistryStore &gt; tag management &gt; should get entries by tag" time="0.0019091">
        </testcase>
        <testcase classname="src/lib/nous/registry/store.test.ts" name="RegistryStore &gt; tag management &gt; should handle multiple entries with same tag" time="0.0012688">
        </testcase>
        <testcase classname="src/lib/nous/registry/store.test.ts" name="RegistryStore &gt; tag management &gt; should return empty array for non-existent tag" time="0.0008159">
        </testcase>
        <testcase classname="src/lib/nous/registry/store.test.ts" name="RegistryStore &gt; deletion &gt; should delete existing entry" time="0.0014136">
        </testcase>
        <testcase classname="src/lib/nous/registry/store.test.ts" name="RegistryStore &gt; deletion &gt; should return false when deleting non-existent entry" time="0.0004384">
        </testcase>
        <testcase classname="src/lib/nous/registry/store.test.ts" name="RegistryStore &gt; deletion &gt; should clean up version tracking" time="0.0003909">
        </testcase>
        <testcase classname="src/lib/nous/registry/store.test.ts" name="RegistryStore &gt; deletion &gt; should clean up tag indices" time="0.0007662">
        </testcase>
        <testcase classname="src/lib/nous/registry/store.test.ts" name="RegistryStore &gt; listing &gt; should list all entries" time="0.0010498">
        </testcase>
        <testcase classname="src/lib/nous/registry/store.test.ts" name="RegistryStore &gt; listing &gt; should handle multiple entries" time="0.0010616">
        </testcase>
        <testcase classname="src/lib/nous/registry/store.test.ts" name="RegistryStore &gt; listing &gt; should return empty array when no entries exist" time="0.0021461">
        </testcase>
    </testsuite>
    <testsuite name="src/lib/nous/registry/version.test.ts" timestamp="2025-01-07T19:39:53.956Z" hostname="sophra" tests="19" failures="0" errors="0" skipped="0" time="0.0317836">
        <testcase classname="src/lib/nous/registry/version.test.ts" name="Version &gt; toString &gt; should format version correctly" time="0.0045589">
        </testcase>
        <testcase classname="src/lib/nous/registry/version.test.ts" name="Version &gt; toString &gt; should handle negative version components" time="0.0006294">
        </testcase>
        <testcase classname="src/lib/nous/registry/version.test.ts" name="Version &gt; compareTo &gt; should compare major versions" time="0.0013196">
        </testcase>
        <testcase classname="src/lib/nous/registry/version.test.ts" name="Version &gt; compareTo &gt; should compare minor versions" time="0.0010853">
        </testcase>
        <testcase classname="src/lib/nous/registry/version.test.ts" name="Version &gt; compareTo &gt; should compare patch versions" time="0.0006498">
        </testcase>
        <testcase classname="src/lib/nous/registry/version.test.ts" name="Version &gt; compareTo &gt; should consider equal versions" time="0.000814">
        </testcase>
        <testcase classname="src/lib/nous/registry/version.test.ts" name="VersionManager &gt; version creation &gt; should create new version with defaults" time="0.0015126">
        </testcase>
        <testcase classname="src/lib/nous/registry/version.test.ts" name="VersionManager &gt; version creation &gt; should create version with specified values" time="0.0011996">
        </testcase>
        <testcase classname="src/lib/nous/registry/version.test.ts" name="VersionManager &gt; version creation &gt; should prevent duplicate versions" time="0.0026291">
        </testcase>
        <testcase classname="src/lib/nous/registry/version.test.ts" name="VersionManager &gt; version state transitions &gt; should validate state transitions" time="0.00183">
        </testcase>
        <testcase classname="src/lib/nous/registry/version.test.ts" name="VersionManager &gt; version state transitions &gt; should prevent invalid state transitions" time="0.000863">
        </testcase>
        <testcase classname="src/lib/nous/registry/version.test.ts" name="VersionManager &gt; version state transitions &gt; should prevent transitions from terminal states" time="0.0010664">
        </testcase>
        <testcase classname="src/lib/nous/registry/version.test.ts" name="VersionManager &gt; version retrieval &gt; should get version by string" time="0.0015213">
        </testcase>
        <testcase classname="src/lib/nous/registry/version.test.ts" name="VersionManager &gt; version retrieval &gt; should return undefined for non-existent version" time="0.0005524">
        </testcase>
        <testcase classname="src/lib/nous/registry/version.test.ts" name="VersionManager &gt; version retrieval &gt; should get latest version excluding drafts" time="0.0009723">
        </testcase>
        <testcase classname="src/lib/nous/registry/version.test.ts" name="VersionManager &gt; version retrieval &gt; should get latest version including drafts" time="0.0005276">
        </testcase>
        <testcase classname="src/lib/nous/registry/version.test.ts" name="VersionManager &gt; version listing &gt; should list all versions" time="0.0021013">
        </testcase>
        <testcase classname="src/lib/nous/registry/version.test.ts" name="VersionManager &gt; version listing &gt; should list versions by state" time="0.0009655">
        </testcase>
        <testcase classname="src/lib/nous/registry/version.test.ts" name="VersionManager &gt; version listing &gt; should return empty array for non-existent entry" time="0.0008128">
        </testcase>
    </testsuite>
[...]
        </testcase>
    </testsuite>
    <testsuite name="src/app/api/nous/learn/metrics/metrics.route.test.ts" timestamp="2025-01-07T19:39:54.085Z" hostname="sophra" tests="8" failures="0" errors="0" skipped="0" time="0.0707761">
        <testcase classname="src/app/api/nous/learn/metrics/metrics.route.test.ts" name="Learning Metrics Route Handler &gt; GET /api/nous/learn/metrics &gt; should fetch metrics with valid parameters" time="0.0494146">
        </testcase>
        <testcase classname="src/app/api/nous/learn/metrics/metrics.route.test.ts" name="Learning Metrics Route Handler &gt; GET /api/nous/learn/metrics &gt; should handle invalid metric types" time="0.0031889">
        </testcase>
        <testcase classname="src/app/api/nous/learn/metrics/metrics.route.test.ts" name="Learning Metrics Route Handler &gt; GET /api/nous/learn/metrics &gt; should handle invalid timeframe parameter" time="0.0024816">
        </testcase>
        <testcase classname="src/app/api/nous/learn/metrics/metrics.route.test.ts" name="Learning Metrics Route Handler &gt; GET /api/nous/learn/metrics &gt; should handle invalid interval parameter" time="0.0016722">
        </testcase>
        <testcase classname="src/app/api/nous/learn/metrics/metrics.route.test.ts" name="Learning Metrics Route Handler &gt; GET /api/nous/learn/metrics &gt; should handle database connection failure" time="0.0026345">
        </testcase>
        <testcase classname="src/app/api/nous/learn/metrics/metrics.route.test.ts" name="Learning Metrics Route Handler &gt; GET /api/nous/learn/metrics &gt; should handle database query failure" time="0.0019611">
        </testcase>
        <testcase classname="src/app/api/nous/learn/metrics/metrics.route.test.ts" name="Learning Metrics Route Handler &gt; GET /api/nous/learn/metrics &gt; should handle empty results" time="0.003814">
        </testcase>
        <testcase classname="src/app/api/nous/learn/metrics/metrics.route.test.ts" name="Learning Metrics Route Handler &gt; GET /api/nous/learn/metrics &gt; should handle multiple metrics and timeframes" time="0.0022718">
        </testcase>
    </testsuite>
    <testsuite name="src/app/api/nous/learn/models/models.route.test.ts" timestamp="2025-01-07T19:39:54.087Z" hostname="sophra" tests="5" failures="0" errors="0" skipped="0" time="0.063963">
        <testcase classname="src/app/api/nous/learn/models/models.route.test.ts" name="Models Route Handler &gt; GET /api/nous/learn/models &gt; should fetch models with their latest versions" time="0.0461716">
        </testcase>
        <testcase classname="src/app/api/nous/learn/models/models.route.test.ts" name="Models Route Handler &gt; GET /api/nous/learn/models &gt; should handle database errors gracefully" time="0.0077119">
        </testcase>
        <testcase classname="src/app/api/nous/learn/models/models.route.test.ts" name="Models Route Handler &gt; POST /api/nous/learn/models &gt; should create a new model with valid data" time="0.0031832">
        </testcase>
        <testcase classname="src/app/api/nous/learn/models/models.route.test.ts" name="Models Route Handler &gt; POST /api/nous/learn/models &gt; should reject invalid model data" time="0.0027381">
        </testcase>
        <testcase classname="src/app/api/nous/learn/models/models.route.test.ts" name="Models Route Handler &gt; POST /api/nous/learn/models &gt; should handle database errors during creation" time="0.0012329">
        </testcase>
    </testsuite>
    <testsuite name="src/app/api/nous/learn/search-patterns/search-patterns.route.test.ts" timestamp="2025-01-07T19:39:54.088Z" hostname="sophra" tests="5" failures="0" errors="0" skipped="0" time="0.0769832">
        <testcase classname="src/app/api/nous/learn/search-patterns/search-patterns.route.test.ts" name="Search Patterns Route Handler &gt; GET /api/nous/learn/search-patterns &gt; should fetch patterns with default parameters" time="0.0496647">
        </testcase>
        <testcase classname="src/app/api/nous/learn/search-patterns/search-patterns.route.test.ts" name="Search Patterns Route Handler &gt; GET /api/nous/learn/search-patterns &gt; should handle query filtering" time="0.001626">
        </testcase>
        <testcase classname="src/app/api/nous/learn/search-patterns/search-patterns.route.test.ts" name="Search Patterns Route Handler &gt; GET /api/nous/learn/search-patterns &gt; should handle database errors gracefully" time="0.0016576">
        </testcase>
        <testcase classname="src/app/api/nous/learn/search-patterns/search-patterns.route.test.ts" name="Search Patterns Route Handler &gt; POST /api/nous/learn/search-patterns &gt; should create patterns with valid data" time="0.0108525">
        </testcase>
        <testcase classname="src/app/api/nous/learn/search-patterns/search-patterns.route.test.ts" name="Search Patterns Route Handler &gt; POST /api/nous/learn/search-patterns &gt; should reject invalid pattern data" time="0.0097366">
        </testcase>
    </testsuite>
    <testsuite name="src/app/api/nous/signals/observe/observe.route.test.ts" timestamp="2025-01-07T19:39:54.089Z" hostname="sophra" tests="6" failures="0" errors="0" skipped="0" time="0.0521181">
        <testcase classname="src/app/api/nous/signals/observe/observe.route.test.ts" name="Signals Observe Route Handler &gt; GET /api/nous/signals/observe &gt; should fetch signal stats without filters" time="0.0331235">
        </testcase>
        <testcase classname="src/app/api/nous/signals/observe/observe.route.test.ts" name="Signals Observe Route Handler &gt; GET /api/nous/signals/observe &gt; should handle filtering by source and type" time="0.004501">
        </testcase>
        <testcase classname="src/app/api/nous/signals/observe/observe.route.test.ts" name="Signals Observe Route Handler &gt; GET /api/nous/signals/observe &gt; should handle database errors gracefully" time="0.0012871">
        </testcase>
        <testcase classname="src/app/api/nous/signals/observe/observe.route.test.ts" name="Signals Observe Route Handler &gt; POST /api/nous/signals/observe &gt; should fetch detailed signal stats with valid query" time="0.0066617">
        </testcase>
        <testcase classname="src/app/api/nous/signals/observe/observe.route.test.ts" name="Signals Observe Route Handler &gt; POST /api/nous/signals/observe &gt; should reject invalid query format" time="0.0024966">
        </testcase>
        <testcase classname="src/app/api/nous/signals/observe/observe.route.test.ts" name="Signals Observe Route Handler &gt; POST /api/nous/signals/observe &gt; should handle database errors gracefully" time="0.0007994">
        </testcase>
    </testsuite>
    <testsuite name="src/app/api/nous/signals/process/process.route.test.ts" timestamp="2025-01-07T19:39:54.090Z" hostname="sophra" tests="7" failures="0" errors="0" skipped="0" time="0.0848308">
        <testcase classname="src/app/api/nous/signals/process/process.route.test.ts" name="Signals Process Route Handler &gt; GET /api/nous/signals/process &gt; should fetch pending signals with default parameters" time="0.0468625">
        </testcase>
        <testcase classname="src/app/api/nous/signals/process/process.route.test.ts" name="Signals Process Route Handler &gt; GET /api/nous/signals/process &gt; should handle specific status filtering" time="0.0027226">
        </testcase>
        <testcase classname="src/app/api/nous/signals/process/process.route.test.ts" name="Signals Process Route Handler &gt; GET /api/nous/signals/process &gt; should handle database errors gracefully" time="0.0012655">
        </testcase>
        <testcase classname="src/app/api/nous/signals/process/process.route.test.ts" name="Signals Process Route Handler &gt; POST /api/nous/signals/process &gt; should update signal processing status with valid data" time="0.0076068">
        </testcase>
        <testcase classname="src/app/api/nous/signals/process/process.route.test.ts" name="Signals Process Route Handler &gt; POST /api/nous/signals/process &gt; should reject invalid update format" time="0.0072305">
        </testcase>
        <testcase classname="src/app/api/nous/signals/process/process.route.test.ts" name="Signals Process Route Handler &gt; POST /api/nous/signals/process &gt; should handle processing errors gracefully" time="0.0099031">
        </testcase>
        <testcase classname="src/app/api/nous/signals/process/process.route.test.ts" name="Signals Process Route Handler &gt; POST /api/nous/signals/process &gt; should handle complex metadata updates" time="0.0059456">
        </testcase>
    </testsuite>
    <testsuite name="src/app/api/cortex/documents/[id]/vectorize/vectorize.route.test.ts" timestamp="2025-01-07T19:39:54.091Z" hostname="sophra" tests="6" failures="0" errors="0" skipped="0" time="0.0783367">
        <testcase classname="src/app/api/cortex/documents/[id]/vectorize/vectorize.route.test.ts" name="Document vectorization endpoints &gt; GET /api/documents/[id]/vectorize &gt; should return 400 when indexId is missing" time="0.0366002">
        </testcase>
        <testcase classname="src/app/api/cortex/documents/[id]/vectorize/vectorize.route.test.ts" name="Document vectorization endpoints &gt; GET /api/documents/[id]/vectorize &gt; should return 404 when index is not found" time="0.0023385">
        </testcase>
        <testcase classname="src/app/api/cortex/documents/[id]/vectorize/vectorize.route.test.ts" name="Document vectorization endpoints &gt; GET /api/documents/[id]/vectorize &gt; should handle successful vectorization" time="0.0124962">
        </testcase>
        <testcase classname="src/app/api/cortex/documents/[id]/vectorize/vectorize.route.test.ts" name="Document vectorization endpoints &gt; PUT /api/documents/[id]/vectorize &gt; should handle missing required parameters" time="0.0027576">
        </testcase>
        <testcase classname="src/app/api/cortex/documents/[id]/vectorize/vectorize.route.test.ts" name="Document vectorization endpoints &gt; PUT /api/documents/[id]/vectorize &gt; should handle successful document update" time="0.0144892">
        </testcase>
        <testcase classname="src/app/api/cortex/documents/[id]/vectorize/vectorize.route.test.ts" name="Document vectorization endpoints &gt; PUT /api/documents/[id]/vectorize &gt; should handle invalid JSON input" time="0.0056247">
        </testcase>
    </testsuite>
    <testsuite name="src/app/api/cortex/sessions/[sessionId]/analytics/id.analytics.route.test.ts" timestamp="2025-01-07T19:39:54.093Z" hostname="sophra" tests="5" failures="0" errors="0" skipped="0" time="0.0244687">
        <testcase classname="src/app/api/cortex/sessions/[sessionId]/analytics/id.analytics.route.test.ts" name="GET /api/cortex/sessions/[sessionId]/analytics &gt; should return 404 if session is not found" time="0.0170704">
        </testcase>
        <testcase classname="src/app/api/cortex/sessions/[sessionId]/analytics/id.analytics.route.test.ts" name="GET /api/cortex/sessions/[sessionId]/analytics &gt; should return 500 if service initialization fails" time="0.0010579">
        </testcase>
        <testcase classname="src/app/api/cortex/sessions/[sessionId]/analytics/id.analytics.route.test.ts" name="GET /api/cortex/sessions/[sessionId]/analytics &gt; should calculate metrics correctly with search events" time="0.0025018">
        </testcase>
        <testcase classname="src/app/api/cortex/sessions/[sessionId]/analytics/id.analytics.route.test.ts" name="GET /api/cortex/sessions/[sessionId]/analytics &gt; should handle empty search events correctly" time="0.0009538">
        </testcase>
        <testcase classname="src/app/api/cortex/sessions/[sessionId]/analytics/id.analytics.route.test.ts" name="GET /api/cortex/sessions/[sessionId]/analytics &gt; should calculate click-through rate correctly" time="0.0012518">
        </testcase>
    </testsuite>
    <testsuite name="src/app/api/nous/ab-testing/experiments/activate/activate.route.test.ts" timestamp="2025-01-07T19:39:54.094Z" hostname="sophra" tests="5" failures="0" errors="0" skipped="0" time="0.0694457">
        <testcase classname="src/app/api/nous/ab-testing/experiments/activate/activate.route.test.ts" name="Activate Experiment Route Handler &gt; should return 400 when request body is invalid" time="0.0543256">
        </testcase>
        <testcase classname="src/app/api/nous/ab-testing/experiments/activate/activate.route.test.ts" name="Activate Experiment Route Handler &gt; should return 404 when experiment is not found" time="0.0022243">
        </testcase>
        <testcase classname="src/app/api/nous/ab-testing/experiments/activate/activate.route.test.ts" name="Activate Experiment Route Handler &gt; should return 400 when experiment is already active" time="0.0015756">
        </testcase>
        <testcase classname="src/app/api/nous/ab-testing/experiments/activate/activate.route.test.ts" name="Activate Experiment Route Handler &gt; should successfully activate an experiment" time="0.0064651">
        </testcase>
        <testcase classname="src/app/api/nous/ab-testing/experiments/activate/activate.route.test.ts" name="Activate Experiment Route Handler &gt; should return 500 when database operation fails" time="0.0018158">
        </testcase>
    </testsuite>
    <testsuite name="src/app/api/nous/ab-testing/experiments/apply/apply.route.test.ts" timestamp="2025-01-07T19:39:54.096Z" hostname="sophra" tests="6" failures="0" errors="0" skipped="0" time="0.0738505">
        <testcase classname="src/app/api/nous/ab-testing/experiments/apply/apply.route.test.ts" name="Apply Adaptation Route Handler &gt; should return 400 when request body is invalid" time="0.0433008">
        </testcase>
        <testcase classname="src/app/api/nous/ab-testing/experiments/apply/apply.route.test.ts" name="Apply Adaptation Route Handler &gt; should return 404 when experiment is not found" time="0.0055171">
        </testcase>
        <testcase classname="src/app/api/nous/ab-testing/experiments/apply/apply.route.test.ts" name="Apply Adaptation Route Handler &gt; should return 400 when experiment is not active" time="0.0023539">
        </testcase>
        <testcase classname="src/app/api/nous/ab-testing/experiments/apply/apply.route.test.ts" name="Apply Adaptation Route Handler &gt; should successfully apply adaptations" time="0.0038136">
        </testcase>
        <testcase classname="src/app/api/nous/ab-testing/experiments/apply/apply.route.test.ts" name="Apply Adaptation Route Handler &gt; should handle case when no adaptations are needed" time="0.003549">
        </testcase>
        <testcase classname="src/app/api/nous/ab-testing/experiments/apply/apply.route.test.ts" name="Apply Adaptation Route Handler &gt; should handle database errors" time="0.0119872">
        </testcase>
    </testsuite>
    <testsuite name="src/app/api/nous/ab-testing/experiments/deactivate/deactivate.route.test.ts" timestamp="2025-01-07T19:39:54.097Z" hostname="sophra" tests="5" failures="0" errors="0" skipped="0" time="0.0654204">
        <testcase classname="src/app/api/nous/ab-testing/experiments/deactivate/deactivate.route.test.ts" name="Deactivate Experiment Route Handler &gt; should return 400 when request body is invalid" time="0.0499452">
        </testcase>
        <testcase classname="src/app/api/nous/ab-testing/experiments/deactivate/deactivate.route.test.ts" name="Deactivate Experiment Route Handler &gt; should return 404 when experiment is not found" time="0.0045705">
        </testcase>
        <testcase classname="src/app/api/nous/ab-testing/experiments/deactivate/deactivate.route.test.ts" name="Deactivate Experiment Route Handler &gt; should return 400 when experiment is already inactive" time="0.0035636">
        </testcase>
        <testcase classname="src/app/api/nous/ab-testing/experiments/deactivate/deactivate.route.test.ts" name="Deactivate Experiment Route Handler &gt; should successfully deactivate an experiment" time="0.0015889">
        </testcase>
        <testcase classname="src/app/api/nous/ab-testing/experiments/deactivate/deactivate.route.test.ts" name="Deactivate Experiment Route Handler &gt; should return 500 when database operation fails" time="0.0032206">
        </testcase>
    </testsuite>
    <testsuite name="src/app/api/nous/learn/feedback/patterns/patterns.route.test.ts" timestamp="2025-01-07T19:39:54.098Z" hostname="sophra" tests="8" failures="0" errors="0" skipped="0" time="0.079802">
        <testcase classname="src/app/api/nous/learn/feedback/patterns/patterns.route.test.ts" name="Feedback Patterns Route Handler &gt; GET /api/nous/learn/feedback/patterns &gt; should fetch patterns with default parameters" time="0.0488709">
        </testcase>
        <testcase classname="src/app/api/nous/learn/feedback/patterns/patterns.route.test.ts" name="Feedback Patterns Route Handler &gt; GET /api/nous/learn/feedback/patterns &gt; should handle custom timeframe and limit" time="0.006501">
        </testcase>
        <testcase classname="src/app/api/nous/learn/feedback/patterns/patterns.route.test.ts" name="Feedback Patterns Route Handler &gt; GET /api/nous/learn/feedback/patterns &gt; should handle invalid timeframe parameter" time="0.0027418">
        </testcase>
        <testcase classname="src/app/api/nous/learn/feedback/patterns/patterns.route.test.ts" name="Feedback Patterns Route Handler &gt; GET /api/nous/learn/feedback/patterns &gt; should handle invalid limit parameter" time="0.0012371">
        </testcase>
        <testcase classname="src/app/api/nous/learn/feedback/patterns/patterns.route.test.ts" name="Feedback Patterns Route Handler &gt; GET /api/nous/learn/feedback/patterns &gt; should handle limit out of range" time="0.0019458">
        </testcase>
        <testcase classname="src/app/api/nous/learn/feedback/patterns/patterns.route.test.ts" name="Feedback Patterns Route Handler &gt; GET /api/nous/learn/feedback/patterns &gt; should handle database errors gracefully" time="0.0109513">
        </testcase>
        <testcase classname="src/app/api/nous/learn/feedback/patterns/patterns.route.test.ts" name="Feedback Patterns Route Handler &gt; GET /api/nous/learn/feedback/patterns &gt; should calculate confidence and metrics correctly" time="0.0027948">
        </testcase>
        <testcase classname="src/app/api/nous/learn/feedback/patterns/patterns.route.test.ts" name="Feedback Patterns Route Handler &gt; GET /api/nous/learn/feedback/patterns &gt; should handle empty results" time="0.0013797">
        </testcase>
    </testsuite>
    <testsuite name="src/app/api/nous/learn/models/sync/sync.route.test.ts" timestamp="2025-01-07T19:39:54.099Z" hostname="sophra" tests="5" failures="0" errors="0" skipped="0" time="0.085616">
        <testcase classname="src/app/api/nous/learn/models/sync/sync.route.test.ts" name="Model Sync Route Handler &gt; GET /api/nous/learn/models/sync &gt; should fetch model states with metrics" time="0.0464384">
        </testcase>
        <testcase classname="src/app/api/nous/learn/models/sync/sync.route.test.ts" name="Model Sync Route Handler &gt; GET /api/nous/learn/models/sync &gt; should handle database errors gracefully" time="0.0013003">
        </testcase>
        <testcase classname="src/app/api/nous/learn/models/sync/sync.route.test.ts" name="Model Sync Route Handler &gt; POST /api/nous/learn/models/sync &gt; should sync model state with valid data" time="0.0177095">
        </testcase>
        <testcase classname="src/app/api/nous/learn/models/sync/sync.route.test.ts" name="Model Sync Route Handler &gt; POST /api/nous/learn/models/sync &gt; should reject invalid sync data" time="0.0047132">
        </testcase>
        <testcase classname="src/app/api/nous/learn/models/sync/sync.route.test.ts" name="Model Sync Route Handler &gt; POST /api/nous/learn/models/sync &gt; should handle database errors during sync" time="0.0102632">
        </testcase>
    </testsuite>
</testsuites>
