<?xml version="1.0" encoding="UTF-8" ?>
<testsuites name="vitest tests" tests="24" failures="3" errors="0" time="5.091">
    <testsuite name="src/lib/nous/observe/collector.test.ts" timestamp="2025-01-09T17:03:51.103Z" hostname="sophra" tests="24" failures="3" errors="0" skipped="0" time="0.3211036">
        <testcase classname="src/lib/nous/observe/collector.test.ts" name="EventCollector &gt; observer management &gt; should register observer" time="0.0027721">
        </testcase>
        <testcase classname="src/lib/nous/observe/collector.test.ts" name="EventCollector &gt; observer management &gt; should not register duplicate observer" time="0.0020869">
            <system-err>
[default] Observer already registered for event type { eventType: [32m&apos;search&apos;[39m }

            </system-err>
        </testcase>
        <testcase classname="src/lib/nous/observe/collector.test.ts" name="EventCollector &gt; observer management &gt; should remove observer" time="0.0005485">
        </testcase>
        <testcase classname="src/lib/nous/observe/collector.test.ts" name="EventCollector &gt; observer management &gt; should handle removing non-registered observer" time="0.0008522">
        </testcase>
        <testcase classname="src/lib/nous/observe/collector.test.ts" name="EventCollector &gt; observer management &gt; should cleanup empty observer sets" time="0.0032797">
        </testcase>
        <testcase classname="src/lib/nous/observe/collector.test.ts" name="EventCollector &gt; observer management &gt; should handle observer removal during event processing" time="0.0551275">
        </testcase>
        <testcase classname="src/lib/nous/observe/collector.test.ts" name="EventCollector &gt; observer management &gt; should handle observer registration during event processing" time="0.0634387">
            <failure message="expected &quot;spy&quot; to be called 2 times, but got 1 times" type="AssertionError">
AssertionError: expected &quot;spy&quot; to be called 2 times, but got 1 times
 ❯ src/lib/nous/observe/collector.test.ts:102:36
            </failure>
        </testcase>
        <testcase classname="src/lib/nous/observe/collector.test.ts" name="EventCollector &gt; event collection &gt; should notify observer of event" time="0.0013885">
        </testcase>
        <testcase classname="src/lib/nous/observe/collector.test.ts" name="EventCollector &gt; event collection &gt; should notify multiple observers" time="0.0011581">
        </testcase>
        <testcase classname="src/lib/nous/observe/collector.test.ts" name="EventCollector &gt; event collection &gt; should handle observer errors" time="0.0037141">
            <system-err>
[default] Error in observer {
  error: Error: Test error
      at [90mD:\sophra\[39msrc\lib\nous\observe\collector.test.ts:128:21
      at [90mfile:///D:/sophra/[39mnode_modules/[4m@vitest[24m/runner/dist/index.js:146:14
      at [90mfile:///D:/sophra/[39mnode_modules/[4m@vitest[24m/runner/dist/index.js:533:11
      at runWithTimeout [90m(file:///D:/sophra/[39mnode_modules/[4m@vitest[24m/runner/dist/index.js:39:7[90m)[39m
      at runTest [90m(file:///D:/sophra/[39mnode_modules/[4m@vitest[24m/runner/dist/index.js:1056:17[90m)[39m
      at runSuite [90m(file:///D:/sophra/[39mnode_modules/[4m@vitest[24m/runner/dist/index.js:1205:15[90m)[39m
      at runSuite [90m(file:///D:/sophra/[39mnode_modules/[4m@vitest[24m/runner/dist/index.js:1205:15[90m)[39m
      at runSuite [90m(file:///D:/sophra/[39mnode_modules/[4m@vitest[24m/runner/dist/index.js:1205:15[90m)[39m
      at runFiles [90m(file:///D:/sophra/[39mnode_modules/[4m@vitest[24m/runner/dist/index.js:1262:5[90m)[39m
      at startTests [90m(file:///D:/sophra/[39mnode_modules/[4m@vitest[24m/runner/dist/index.js:1271:3[90m)[39m,
  event: {
    type: [32m&apos;search&apos;[39m,
    timestamp: [35m2025-01-09T17:03:47.059Z[39m,
    data: { value: [33m42[39m }
  }
}

            </system-err>
            <failure message="[Function error] is not a spy or a call to a spy!" type="TypeError">
TypeError: [Function error] is not a spy or a call to a spy!
 ❯ src/lib/nous/observe/collector.test.ts:136:28
            </failure>
        </testcase>
        <testcase classname="src/lib/nous/observe/collector.test.ts" name="EventCollector &gt; event filtering &gt; should filter events by type" time="0.0010205">
        </testcase>
        <testcase classname="src/lib/nous/observe/collector.test.ts" name="EventCollector &gt; event filtering &gt; should handle multiple event types" time="0.0015067">
            <system-err>
[default] Error in observer {
  error: Error: Test error
      at [90mD:\sophra\[39msrc\lib\nous\observe\collector.test.ts:128:21
      at [90mfile:///D:/sophra/[39mnode_modules/[4m@vitest[24m/runner/dist/index.js:146:14
      at [90mfile:///D:/sophra/[39mnode_modules/[4m@vitest[24m/runner/dist/index.js:533:11
      at runWithTimeout [90m(file:///D:/sophra/[39mnode_modules/[4m@vitest[24m/runner/dist/index.js:39:7[90m)[39m
      at runTest [90m(file:///D:/sophra/[39mnode_modules/[4m@vitest[24m/runner/dist/index.js:1056:17[90m)[39m
      at runSuite [90m(file:///D:/sophra/[39mnode_modules/[4m@vitest[24m/runner/dist/index.js:1205:15[90m)[39m
      at runSuite [90m(file:///D:/sophra/[39mnode_modules/[4m@vitest[24m/runner/dist/index.js:1205:15[90m)[39m
      at runSuite [90m(file:///D:/sophra/[39mnode_modules/[4m@vitest[24m/runner/dist/index.js:1205:15[90m)[39m
      at runFiles [90m(file:///D:/sophra/[39mnode_modules/[4m@vitest[24m/runner/dist/index.js:1262:5[90m)[39m
      at startTests [90m(file:///D:/sophra/[39mnode_modules/[4m@vitest[24m/runner/dist/index.js:1271:3[90m)[39m,
  event: {
    type: [32m&apos;search&apos;[39m,
    timestamp: [35m2025-01-09T17:03:47.064Z[39m,
    data: { value: [33m3[39m }
  }
}

            </system-err>
        </testcase>
        <testcase classname="src/lib/nous/observe/collector.test.ts" name="EventCollector &gt; event validation &gt; should validate event structure" time="0.0029462">
            <system-err>
[default] Failed to collect event {
  error: Error: Invalid event: must be an object
      at EventCollector.validateEvent [90m(D:\sophra\[39msrc\lib\nous\observe\collector.ts:76:10[90m)[39m
      at EventCollector.collect [90m(D:\sophra\[39msrc\lib\nous\observe\collector.ts:46:11[90m)[39m
      at [90mD:\sophra\[39msrc\lib\nous\observe\collector.test.ts:193:30
      at [90mfile:///D:/sophra/[39mnode_modules/[4m@vitest[24m/runner/dist/index.js:146:14
      at [90mfile:///D:/sophra/[39mnode_modules/[4m@vitest[24m/runner/dist/index.js:533:11
      at runWithTimeout [90m(file:///D:/sophra/[39mnode_modules/[4m@vitest[24m/runner/dist/index.js:39:7[90m)[39m
      at runTest [90m(file:///D:/sophra/[39mnode_modules/[4m@vitest[24m/runner/dist/index.js:1056:17[90m)[39m
      at runSuite [90m(file:///D:/sophra/[39mnode_modules/[4m@vitest[24m/runner/dist/index.js:1205:15[90m)[39m
      at runSuite [90m(file:///D:/sophra/[39mnode_modules/[4m@vitest[24m/runner/dist/index.js:1205:15[90m)[39m
      at runSuite [90m(file:///D:/sophra/[39mnode_modules/[4m@vitest[24m/runner/dist/index.js:1205:15[90m)[39m,
  event: [1mnull[22m
}

            </system-err>
        </testcase>
        <testcase classname="src/lib/nous/observe/collector.test.ts" name="EventCollector &gt; event validation &gt; should validate event timestamp" time="0.0013224">
            <system-err>
[default] Failed to collect event {
  error: Error: Invalid event: missing or invalid timestamp
      at EventCollector.validateEvent [90m(D:\sophra\[39msrc\lib\nous\observe\collector.ts:85:15[90m)[39m
      at EventCollector.collect [90m(D:\sophra\[39msrc\lib\nous\observe\collector.ts:46:11[90m)[39m
      at [90mD:\sophra\[39msrc\lib\nous\observe\collector.test.ts:200:30
      at [90mfile:///D:/sophra/[39mnode_modules/[4m@vitest[24m/runner/dist/index.js:146:14
      at [90mfile:///D:/sophra/[39mnode_modules/[4m@vitest[24m/runner/dist/index.js:533:11
      at runWithTimeout [90m(file:///D:/sophra/[39mnode_modules/[4m@vitest[24m/runner/dist/index.js:39:7[90m)[39m
      at runTest [90m(file:///D:/sophra/[39mnode_modules/[4m@vitest[24m/runner/dist/index.js:1056:17[90m)[39m
      at runSuite [90m(file:///D:/sophra/[39mnode_modules/[4m@vitest[24m/runner/dist/index.js:1205:15[90m)[39m
      at runSuite [90m(file:///D:/sophra/[39mnode_modules/[4m@vitest[24m/runner/dist/index.js:1205:15[90m)[39m
      at runSuite [90m(file:///D:/sophra/[39mnode_modules/[4m@vitest[24m/runner/dist/index.js:1205:15[90m)[39m,
  event: { type: [32m&apos;search&apos;[39m, timestamp: [32m&apos;invalid&apos;[39m, data: { value: [33m42[39m } }
}

            </system-err>
        </testcase>
        <testcase classname="src/lib/nous/observe/collector.test.ts" name="EventCollector &gt; event validation &gt; should validate event type" time="0.0012418">
            <system-err>
[default] Failed to collect event {
  error: Error: Invalid event: missing or invalid type
      at EventCollector.validateEvent [90m(D:\sophra\[39msrc\lib\nous\observe\collector.ts:80:9[90m)[39m
      at EventCollector.collect [90m(D:\sophra\[39msrc\lib\nous\observe\collector.ts:46:11[90m)[39m
      at [90mD:\sophra\[39msrc\lib\nous\observe\collector.test.ts:207:30
      at [90mfile:///D:/sophra/[39mnode_modules/[4m@vitest[24m/runner/dist/index.js:146:14
      at [90mfile:///D:/sophra/[39mnode_modules/[4m@vitest[24m/runner/dist/index.js:533:11
      at runWithTimeout [90m(file:///D:/sophra/[39mnode_modules/[4m@vitest[24m/runner/dist/index.js:39:7[90m)[39m
      at runTest [90m(file:///D:/sophra/[39mnode_modules/[4m@vitest[24m/runner/dist/index.js:1056:17[90m)[39m
      at runSuite [90m(file:///D:/sophra/[39mnode_modules/[4m@vitest[24m/runner/dist/index.js:1205:15[90m)[39m
      at runSuite [90m(file:///D:/sophra/[39mnode_modules/[4m@vitest[24m/runner/dist/index.js:1205:15[90m)[39m
      at runSuite [90m(file:///D:/sophra/[39mnode_modules/[4m@vitest[24m/runner/dist/index.js:1205:15[90m)[39m,
  event: {
    type: [32m&apos;invalid&apos;[39m,
    timestamp: [35m2025-01-09T17:03:47.070Z[39m,
    data: { value: [33m42[39m }
  }
}

            </system-err>
        </testcase>
        <testcase classname="src/lib/nous/observe/collector.test.ts" name="EventCollector &gt; event validation &gt; should validate event data structure" time="0.0015371">
            <system-err>
[default] Failed to collect event {
  error: Error: Invalid event: missing or invalid data
      at EventCollector.validateEvent [90m(D:\sophra\[39msrc\lib\nous\observe\collector.ts:89:12[90m)[39m
      at EventCollector.collect [90m(D:\sophra\[39msrc\lib\nous\observe\collector.ts:46:11[90m)[39m
      at [90mD:\sophra\[39msrc\lib\nous\observe\collector.test.ts:214:30
      at [90mfile:///D:/sophra/[39mnode_modules/[4m@vitest[24m/runner/dist/index.js:146:14
      at [90mfile:///D:/sophra/[39mnode_modules/[4m@vitest[24m/runner/dist/index.js:533:11
      at runWithTimeout [90m(file:///D:/sophra/[39mnode_modules/[4m@vitest[24m/runner/dist/index.js:39:7[90m)[39m
      at runTest [90m(file:///D:/sophra/[39mnode_modules/[4m@vitest[24m/runner/dist/index.js:1056:17[90m)[39m
      at runSuite [90m(file:///D:/sophra/[39mnode_modules/[4m@vitest[24m/runner/dist/index.js:1205:15[90m)[39m
      at runSuite [90m(file:///D:/sophra/[39mnode_modules/[4m@vitest[24m/runner/dist/index.js:1205:15[90m)[39m
      at runSuite [90m(file:///D:/sophra/[39mnode_modules/[4m@vitest[24m/runner/dist/index.js:1205:15[90m)[39m,
  event: {
    type: [32m&apos;search&apos;[39m,
    timestamp: [35m2025-01-09T17:03:47.071Z[39m,
    data: [32m&apos;invalid&apos;[39m
  }
}

            </system-err>
        </testcase>
        <testcase classname="src/lib/nous/observe/collector.test.ts" name="EventCollector &gt; event validation &gt; should validate event data is not an array" time="0.00168">
            <system-err>
[default] Failed to collect event {
  error: Error: Invalid event: missing or invalid data
      at EventCollector.validateEvent [90m(D:\sophra\[39msrc\lib\nous\observe\collector.ts:89:12[90m)[39m
      at EventCollector.collect [90m(D:\sophra\[39msrc\lib\nous\observe\collector.ts:46:11[90m)[39m
      at [90mD:\sophra\[39msrc\lib\nous\observe\collector.test.ts:221:30
      at [90mfile:///D:/sophra/[39mnode_modules/[4m@vitest[24m/runner/dist/index.js:146:14
      at [90mfile:///D:/sophra/[39mnode_modules/[4m@vitest[24m/runner/dist/index.js:533:11
      at runWithTimeout [90m(file:///D:/sophra/[39mnode_modules/[4m@vitest[24m/runner/dist/index.js:39:7[90m)[39m
      at runTest [90m(file:///D:/sophra/[39mnode_modules/[4m@vitest[24m/runner/dist/index.js:1056:17[90m)[39m
      at runSuite [90m(file:///D:/sophra/[39mnode_modules/[4m@vitest[24m/runner/dist/index.js:1205:15[90m)[39m
      at runSuite [90m(file:///D:/sophra/[39mnode_modules/[4m@vitest[24m/runner/dist/index.js:1205:15[90m)[39m
      at runSuite [90m(file:///D:/sophra/[39mnode_modules/[4m@vitest[24m/runner/dist/index.js:1205:15[90m)[39m,
  event: { type: [32m&apos;search&apos;[39m, timestamp: [35m2025-01-09T17:03:47.073Z[39m, data: [] }
}

            </system-err>
        </testcase>
        <testcase classname="src/lib/nous/observe/collector.test.ts" name="EventCollector &gt; event validation &gt; should validate missing fields" time="0.0011314">
            <system-err>
[default] Failed to collect event {
  error: Error: Invalid event: missing or invalid timestamp
      at EventCollector.validateEvent [90m(D:\sophra\[39msrc\lib\nous\observe\collector.ts:85:15[90m)[39m
      at EventCollector.collect [90m(D:\sophra\[39msrc\lib\nous\observe\collector.ts:46:11[90m)[39m
      at [90mD:\sophra\[39msrc\lib\nous\observe\collector.test.ts:228:30
      at [90mfile:///D:/sophra/[39mnode_modules/[4m@vitest[24m/runner/dist/index.js:146:14
      at [90mfile:///D:/sophra/[39mnode_modules/[4m@vitest[24m/runner/dist/index.js:533:11
      at runWithTimeout [90m(file:///D:/sophra/[39mnode_modules/[4m@vitest[24m/runner/dist/index.js:39:7[90m)[39m
      at runTest [90m(file:///D:/sophra/[39mnode_modules/[4m@vitest[24m/runner/dist/index.js:1056:17[90m)[39m
      at runSuite [90m(file:///D:/sophra/[39mnode_modules/[4m@vitest[24m/runner/dist/index.js:1205:15[90m)[39m
      at runSuite [90m(file:///D:/sophra/[39mnode_modules/[4m@vitest[24m/runner/dist/index.js:1205:15[90m)[39m
      at runSuite [90m(file:///D:/sophra/[39mnode_modules/[4m@vitest[24m/runner/dist/index.js:1205:15[90m)[39m,
  event: { type: [32m&apos;search&apos;[39m }
}

            </system-err>
        </testcase>
        <testcase classname="src/lib/nous/observe/collector.test.ts" name="EventCollector &gt; event processing &gt; should process events in order" time="0.0034003">
            <system-err>
[default] Error in observer {
  error: Error: Test error
      at [90mD:\sophra\[39msrc\lib\nous\observe\collector.test.ts:128:21
      at [90mfile:///D:/sophra/[39mnode_modules/[4m@vitest[24m/runner/dist/index.js:146:14
      at [90mfile:///D:/sophra/[39mnode_modules/[4m@vitest[24m/runner/dist/index.js:533:11
      at runWithTimeout [90m(file:///D:/sophra/[39mnode_modules/[4m@vitest[24m/runner/dist/index.js:39:7[90m)[39m
      at runTest [90m(file:///D:/sophra/[39mnode_modules/[4m@vitest[24m/runner/dist/index.js:1056:17[90m)[39m
      at runSuite [90m(file:///D:/sophra/[39mnode_modules/[4m@vitest[24m/runner/dist/index.js:1205:15[90m)[39m
      at runSuite [90m(file:///D:/sophra/[39mnode_modules/[4m@vitest[24m/runner/dist/index.js:1205:15[90m)[39m
      at runSuite [90m(file:///D:/sophra/[39mnode_modules/[4m@vitest[24m/runner/dist/index.js:1205:15[90m)[39m
      at runFiles [90m(file:///D:/sophra/[39mnode_modules/[4m@vitest[24m/runner/dist/index.js:1262:5[90m)[39m
      at startTests [90m(file:///D:/sophra/[39mnode_modules/[4m@vitest[24m/runner/dist/index.js:1271:3[90m)[39m,
  event: {
    type: [32m&apos;search&apos;[39m,
    timestamp: [35m2025-01-09T17:03:47.075Z[39m,
    data: { value: [33m1[39m }
  }
}
[default] Error in observer {
  error: Error: Test error
      at [90mD:\sophra\[39msrc\lib\nous\observe\collector.test.ts:128:21
      at [90mfile:///D:/sophra/[39mnode_modules/[4m@vitest[24m/runner/dist/index.js:146:14
      at [90mfile:///D:/sophra/[39mnode_modules/[4m@vitest[24m/runner/dist/index.js:533:11
      at runWithTimeout [90m(file:///D:/sophra/[39mnode_modules/[4m@vitest[24m/runner/dist/index.js:39:7[90m)[39m
      at runTest [90m(file:///D:/sophra/[39mnode_modules/[4m@vitest[24m/runner/dist/index.js:1056:17[90m)[39m
      at runSuite [90m(file:///D:/sophra/[39mnode_modules/[4m@vitest[24m/runner/dist/index.js:1205:15[90m)[39m
      at runSuite [90m(file:///D:/sophra/[39mnode_modules/[4m@vitest[24m/runner/dist/index.js:1205:15[90m)[39m
      at runSuite [90m(file:///D:/sophra/[39mnode_modules/[4m@vitest[24m/runner/dist/index.js:1205:15[90m)[39m
      at runFiles [90m(file:///D:/sophra/[39mnode_modules/[4m@vitest[24m/runner/dist/index.js:1262:5[90m)[39m
      at startTests [90m(file:///D:/sophra/[39mnode_modules/[4m@vitest[24m/runner/dist/index.js:1271:3[90m)[39m,
  event: {
    type: [32m&apos;search&apos;[39m,
    timestamp: [35m2025-01-09T17:03:47.076Z[39m,
    data: { value: [33m2[39m }
  }
}
[default] Error in observer {
  error: Error: Test error
      at [90mD:\sophra\[39msrc\lib\nous\observe\collector.test.ts:128:21
      at [90mfile:///D:/sophra/[39mnode_modules/[4m@vitest[24m/runner/dist/index.js:146:14
      at [90mfile:///D:/sophra/[39mnode_modules/[4m@vitest[24m/runner/dist/index.js:533:11
      at runWithTimeout [90m(file:///D:/sophra/[39mnode_modules/[4m@vitest[24m/runner/dist/index.js:39:7[90m)[39m
      at runTest [90m(file:///D:/sophra/[39mnode_modules/[4m@vitest[24m/runner/dist/index.js:1056:17[90m)[39m
      at runSuite [90m(file:///D:/sophra/[39mnode_modules/[4m@vitest[24m/runner/dist/index.js:1205:15[90m)[39m
      at runSuite [90m(file:///D:/sophra/[39mnode_modules/[4m@vitest[24m/runner/dist/index.js:1205:15[90m)[39m
      at runSuite [90m(file:///D:/sophra/[39mnode_modules/[4m@vitest[24m/runner/dist/index.js:1205:15[90m)[39m
      at runFiles [90m(file:///D:/sophra/[39mnode_modules/[4m@vitest[24m/runner/dist/index.js:1262:5[90m)[39m
      at startTests [90m(file:///D:/sophra/[39mnode_modules/[4m@vitest[24m/runner/dist/index.js:1271:3[90m)[39m,
  event: {
    type: [32m&apos;search&apos;[39m,
    timestamp: [35m2025-01-09T17:03:47.077Z[39m,
    data: { value: [33m3[39m }
  }
}
[default] Error in observer {
  error: Error: Test error
      at [90mD:\sophra\[39msrc\lib\nous\observe\collector.test.ts:128:21
      at [90mfile:///D:/sophra/[39mnode_modules/[4m@vitest[24m/runner/dist/index.js:146:14
      at [90mfile:///D:/sophra/[39mnode_modules/[4m@vitest[24m/runner/dist/index.js:533:11
      at runWithTimeout [90m(file:///D:/sophra/[39mnode_modules/[4m@vitest[24m/runner/dist/index.js:39:7[90m)[39m
      at runTest [90m(file:///D:/sophra/[39mnode_modules/[4m@vitest[24m/runner/dist/index.js:1056:17[90m)[39m
      at runSuite [90m(file:///D:/sophra/[39mnode_modules/[4m@vitest[24m/runner/dist/index.js:1205:15[90m)[39m
      at runSuite [90m(file:///D:/sophra/[39mnode_modules/[4m@vitest[24m/runner/dist/index.js:1205:15[90m)[39m
      at runSuite [90m(file:///D:/sophra/[39mnode_modules/[4m@vitest[24m/runner/dist/index.js:1205:15[90m)[39m
      at runFiles [90m(file:///D:/sophra/[39mnode_modules/[4m@vitest[24m/runner/dist/index.js:1262:5[90m)[39m
      at startTests [90m(file:///D:/sophra/[39mnode_modules/[4m@vitest[24m/runner/dist/index.js:1271:3[90m)[39m,
  event: {
    type: [32m&apos;search&apos;[39m,
    timestamp: [35m2025-01-09T17:03:47.078Z[39m,
    data: { value: [33m4[39m }
  }
}
[default] Error in observer {
  error: Error: Test error
      at [90mD:\sophra\[39msrc\lib\nous\observe\collector.test.ts:128:21
      at [90mfile:///D:/sophra/[39mnode_modules/[4m@vitest[24m/runner/dist/index.js:146:14
      at [90mfile:///D:/sophra/[39mnode_modules/[4m@vitest[24m/runner/dist/index.js:533:11
      at runWithTimeout [90m(file:///D:/sophra/[39mnode_modules/[4m@vitest[24m/runner/dist/index.js:39:7[90m)[39m
      at runTest [90m(file:///D:/sophra/[39mnode_modules/[4m@vitest[24m/runner/dist/index.js:1056:17[90m)[39m
      at runSuite [90m(file:///D:/sophra/[39mnode_modules/[4m@vitest[24m/runner/dist/index.js:1205:15[90m)[39m
      at runSuite [90m(file:///D:/sophra/[39mnode_modules/[4m@vitest[24m/runner/dist/index.js:1205:15[90m)[39m
      at runSuite [90m(file:///D:/sophra/[39mnode_modules/[4m@vitest[24m/runner/dist/index.js:1205:15[90m)[39m
      at runFiles [90m(file:///D:/sophra/[39mnode_modules/[4m@vitest[24m/runner/dist/index.js:1262:5[90m)[39m
      at startTests [90m(file:///D:/sophra/[39mnode_modules/[4m@vitest[24m/runner/dist/index.js:1271:3[90m)[39m,
  event: {
    type: [32m&apos;search&apos;[39m,
    timestamp: [35m2025-01-09T17:03:47.079Z[39m,
    data: { value: [33m5[39m }
  }
}

            </system-err>
        </testcase>
        <testcase classname="src/lib/nous/observe/collector.test.ts" name="EventCollector &gt; event processing &gt; should handle high event frequency" time="0.0213837">
            <system-err>
[default] Error in observer {
  error: Error: Test error
      at [90mD:\sophra\[39msrc\lib\nous\observe\collector.test.ts:128:21
      at [90mfile:///D:/sophra/[39mnode_modules/[4m@vitest[24m/runner/dist/index.js:146:14
      at [90mfile:///D:/sophra/[39mnode_modules/[4m@vitest[24m/runner/dist/index.js:533:11
      at runWithTimeout [90m(file:///D:/sophra/[39mnode_modules/[4m@vitest[24m/runner/dist/index.js:39:7[90m)[39m
      at runTest [90m(file:///D:/sophra/[39mnode_modules/[4m@vitest[24m/runner/dist/index.js:1056:17[90m)[39m
      at runSuite [90m(file:///D:/sophra/[39mnode_modules/[4m@vitest[24m/runner/dist/index.js:1205:15[90m)[39m
      at runSuite [90m(file:///D:/sophra/[39mnode_modules/[4m@vitest[24m/runner/dist/index.js:1205:15[90m)[39m
      at runSuite [90m(file:///D:/sophra/[39mnode_modules/[4m@vitest[24m/runner/dist/index.js:1205:15[90m)[39m
      at runFiles [90m(file:///D:/sophra/[39mnode_modules/[4m@vitest[24m/runner/dist/index.js:1262:5[90m)[39m
      at startTests [90m(file:///D:/sophra/[39mnode_modules/[4m@vitest[24m/runner/dist/index.js:1271:3[90m)[39m,
  event: {
    type: [32m&apos;search&apos;[39m,
    timestamp: [35m2025-01-09T17:03:47.079Z[39m,
    data: { value: [33m1[39m }
  }
}
[default] Error in observer {
  error: Error: Test error
      at [90mD:\sophra\[39msrc\lib\nous\observe\collector.test.ts:128:21
      at [90mfile:///D:/sophra/[39mnode_modules/[4m@vitest[24m/runner/dist/index.js:146:14
      at [90mfile:///D:/sophra/[39mnode_modules/[4m@vitest[24m/runner/dist/index.js:533:11
      at runWithTimeout [90m(file:///D:/sophra/[39mnode_modules/[4m@vitest[24m/runner/dist/index.js:39:7[90m)[39m
      at runTest [90m(file:///D:/sophra/[39mnode_modules/[4m@vitest[24m/runner/dist/index.js:1056:17[90m)[39m
      at runSuite [90m(file:///D:/sophra/[39mnode_modules/[4m@vitest[24m/runner/dist/index.js:1205:15[90m)[39m
      at runSuite [90m(file:///D:/sophra/[39mnode_modules/[4m@vitest[24m/runner/dist/index.js:1205:15[90m)[39m
      at runSuite [90m(file:///D:/sophra/[39mnode_modules/[4m@vitest[24m/runner/dist/index.js:1205:15[90m)[39m
      at runFiles [90m(file:///D:/sophra/[39mnode_modules/[4m@vitest[24m/runner/dist/index.js:1262:5[90m)[39m
      at startTests [90m(file:///D:/sophra/[39mnode_modules/[4m@vitest[24m/runner/dist/index.js:1271:3[90m)[39m,
  event: {
    type: [32m&apos;search&apos;[39m,
    timestamp: [35m2025-01-09T17:03:47.080Z[39m,
    data: { value: [33m2[39m }
  }
}
[default] Error in observer {
  error: Error: Test error
      at [90mD:\sophra\[39msrc\lib\nous\observe\collector.test.ts:128:21
      at [90mfile:///D:/sophra/[39mnode_modules/[4m@vitest[24m/runner/dist/index.js:146:14
      at [90mfile:///D:/sophra/[39mnode_modules/[4m@vitest[24m/runner/dist/index.js:533:11
      at runWithTimeout [90m(file:///D:/sophra/[39mnode_modules/[4m@vitest[24m/runner/dist/index.js:39:7[90m)[39m
      at runTest [90m(file:///D:/sophra/[39mnode_modules/[4m@vitest[24m/runner/dist/index.js:1056:17[90m)[39m
      at runSuite [90m(file:///D:/sophra/[39mnode_modules/[4m@vitest[24m/runner/dist/index.js:1205:15[90m)[39m
      at runSuite [90m(file:///D:/sophra/[39mnode_modules/[4m@vitest[24m/runner/dist/index.js:1205:15[90m)[39m
      at runSuite [90m(file:///D:/sophra/[39mnode_modules/[4m@vitest[24m/runner/dist/index.js:1205:15[90m)[39m
      at runFiles [90m(file:///D:/sophra/[39mnode_modules/[4m@vitest[24m/runner/dist/index.js:1262:5[90m)[39m
      at startTests [90m(file:///D:/sophra/[39mnode_modules/[4m@vitest[24m/runner/dist/index.js:1271:3[90m)[39m,
  event: {
    type: [32m&apos;search&apos;[39m,
    timestamp: [35m2025-01-09T17:03:47.081Z[39m,
    data: { value: [33m3[39m }
  }
}
[default] Error in observer {
  error: Error: Test error
      at [90mD:\sophra\[39msrc\lib\nous\observe\collector.test.ts:128:21
      at [90mfile:///D:/sophra/[39mnode_modules/[4m@vitest[24m/runner/dist/index.js:146:14
      at [90mfile:///D:/sophra/[39mnode_modules/[4m@vitest[24m/runner/dist/index.js:533:11
      at runWithTimeout [90m(file:///D:/sophra/[39mnode_modules/[4m@vitest[24m/runner/dist/index.js:39:7[90m)[39m
      at runTest [90m(file:///D:/sophra/[39mnode_modules/[4m@vitest[24m/runner/dist/index.js:1056:17[90m)[39m
      at runSuite [90m(file:///D:/sophra/[39mnode_modules/[4m@vitest[24m/runner/dist/index.js:1205:15[90m)[39m
      at runSuite [90m(file:///D:/sophra/[39mnode_modules/[4m@vitest[24m/runner/dist/index.js:1205:15[90m)[39m
      at runSuite [90m(file:///D:/sophra/[39mnode_modules/[4m@vitest[24m/runner/dist/index.js:1205:15[90m)[39m
      at runFiles [90m(file:///D:/sophra/[39mnode_modules/[4m@vitest[24m/runner/dist/index.js:1262:5[90m)[39m
      at startTests [90m(file:///D:/sophra/[39mnode_modules/[4m@vitest[24m/runner/dist/index.js:1271:3[90m)[39m,
  event: {
    type: [32m&apos;search&apos;[39m,
    timestamp: [35m2025-01-09T17:03:47.082Z[39m,
    data: { value: [33m4[39m }
  }
}
[default] Error in observer {
  error: Error: Test error
      at [90mD:\sophra\[39msrc\lib\nous\observe\collector.test.ts:128:21
      at [90mfile:///D:/sophra/[39mnode_modules/[4m@vitest[24m/runner/dist/index.js:146:14
      at [90mfile:///D:/sophra/[39mnode_modules/[4m@vitest[24m/runner/dist/index.js:533:11
      at runWithTimeout [90m(file:///D:/sophra/[39mnode_modules/[4m@vitest[24m/runner/dist/index.js:39:7[90m)[39m
      at runTest [90m(file:///D:/sophra/[39mnode_modules/[4m@vitest[24m/runner/dist/index.js:1056:17[90m)[39m
      at runSuite [90m(file:///D:/sophra/[39mnode_modules/[4m@vitest[24m/runner/dist/index.js:1205:15[90m)[39m
      at runSuite [90m(file:///D:/sophra/[39mnode_modules/[4m@vitest[24m/runner/dist/index.js:1205:15[90m)[39m
      at runSuite [90m(file:///D:/sophra/[39mnode_modules/[4m@vitest[24m/runner/dist/index.js:1205:15[90m)[39m
      at runFiles [90m(file:///D:/sophra/[39mnode_modules/[4m@vitest[24m/runner/dist/index.js:1262:5[90m)[39m
      at startTests [90m(file:///D:/sophra/[39mnode_modules/[4m@vitest[24m/runner/dist/index.js:1271:3[90m)[39m,
  event: {
    type: [32m&apos;search&apos;[39m,
    timestamp: [35m2025-01-09T17:03:47.083Z[39m,
    data: { value: [33m5[39m }
  }
}
[default] Error in observer {
  error: Error: Test error
      at [90mD:\sophra\[39msrc\lib\nous\observe\collector.test.ts:128:21
      at [90mfile:///D:/sophra/[39mnode_modules/[4m@vitest[24m/runner/dist/index.js:146:14
      at [90mfile:///D:/sophra/[39mnode_modules/[4m@vitest[24m/runner/dist/index.js:533:11
      at runWithTimeout [90m(file:///D:/sophra/[39mnode_modules/[4m@vitest[24m/runner/dist/index.js:39:7[90m)[39m
      at runTest [90m(file:///D:/sophra/[39mnode_modules/[4m@vitest[24m/runner/dist/index.js:1056:17[90m)[39m
      at runSuite [90m(file:///D:/sophra/[39mnode_modules/[4m@vitest[24m/runner/dist/index.js:1205:15[90m)[39m
      at runSuite [90m(file:///D:/sophra/[39mnode_modules/[4m@vitest[24m/runner/dist/index.js:1205:15[90m)[39m
      at runSuite [90m(file:///D:/sophra/[39mnode_modules/[4m@vitest[24m/runner/dist/index.js:1205:15[90m)[39m
      at runFiles [90m(file:///D:/sophra/[39mnode_modules/[4m@vitest[24m/runner/dist/index.js:1262:5[90m)[39m
      at startTests [90m(file:///D:/sophra/[39mnode_modules/[4m@vitest[24m/runner/dist/index.js:1271:3[90m)[39m,
  event: {
    type: [32m&apos;search&apos;[39m,
    timestamp: [35m2025-01-09T17:03:47.084Z[39m,
    data: { value: [33m6[39m }
  }
}
[default] Error in observer {
  error: Error: Test error
      at [90mD:\sophra\[39msrc\lib\nous\observe\collector.test.ts:128:21
      at [90mfile:///D:/sophra/[39mnode_modules/[4m@vitest[24m/runner/dist/index.js:146:14
      at [90mfile:///D:/sophra/[39mnode_modules/[4m@vitest[24m/runner/dist/index.js:533:11
      at runWithTimeout [90m(file:///D:/sophra/[39mnode_modules/[4m@vitest[24m/runner/dist/index.js:39:7[90m)[39m
      at runTest [90m(file:///D:/sophra/[39mnode_modules/[4m@vitest[24m/runner/dist/index.js:1056:17[90m)[39m
      at runSuite [90m(file:///D:/sophra/[39mnode_modules/[4m@vitest[24m/runner/dist/index.js:1205:15[90m)[39m
      at runSuite [90m(file:///D:/sophra/[39mnode_modules/[4m@vitest[24m/runner/dist/index.js:1205:15[90m)[39m
      at runSuite [90m(file:///D:/sophra/[39mnode_modules/[4m@vitest[24m/runner/dist/index.js:1205:15[90m)[39m
      at runFiles [90m(file:///D:/sophra/[39mnode_modules/[4m@vitest[24m/runner/dist/index.js:1262:5[90m)[39m
      at startTests [90m(file:///D:/sophra/[39mnode_modules/[4m@vitest[24m/runner/dist/index.js:1271:3[90m)[39m,
  event: {
    type: [32m&apos;search&apos;[39m,
    timestamp: [35m2025-01-09T17:03:47.085Z[39m,
    data: { value: [33m7[39m }
  }
}
[default] Error in observer {
  error: Error: Test error
      at [90mD:\sophra\[39msrc\lib\nous\observe\collector.test.ts:128:21
      at [90mfile:///D:/sophra/[39mnode_modules/[4m@vitest[24m/runner/dist/index.js:146:14
      at [90mfile:///D:/sophra/[39mnode_modules/[4m@vitest[24m/runner/dist/index.js:533:11
      at runWithTimeout [90m(file:///D:/sophra/[39mnode_modules/[4m@vitest[24m/runner/dist/index.js:39:7[90m)[39m
      at runTest [90m(file:///D:/sophra/[39mnode_modules/[4m@vitest[24m/runner/dist/index.js:1056:17[90m)[39m
      at runSuite [90m(file:///D:/sophra/[39mnode_modules/[4m@vitest[24m/runner/dist/index.js:1205:15[90m)[39m
      at runSuite [90m(file:///D:/sophra/[39mnode_modules/[4m@vitest[24m/runner/dist/index.js:1205:15[90m)[39m
      at runSuite [90m(file:///D:/sophra/[39mnode_modules/[4m@vitest[24m/runner/dist/index.js:1205:15[90m)[39m
      at runFiles [90m(file:///D:/sophra/[39mnode_modules/[4m@vitest[24m/runner/dist/index.js:1262:5[90m)[39m
      at startTests [90m(file:///D:/sophra/[39mnode_modules/[4m@vitest[24m/runner/dist/index.js:1271:3[90m)[39m,
  event: {
    type: [32m&apos;search&apos;[39m,
    timestamp: [35m2025-01-09T17:03:47.086Z[39m,
    data: { value: [33m8[39m }
  }
}
[default] Error in observer {
  error: Error: Test error
      at [90mD:\sophra\[39msrc\lib\nous\observe\collector.test.ts:128:21
      at [90mfile:///D:/sophra/[39mnode_modules/[4m@vitest[24m/runner/dist/index.js:146:14
      at [90mfile:///D:/sophra/[39mnode_modules/[4m@vitest[24m/runner/dist/index.js:533:11
      at runWithTimeout [90m(file:///D:/sophra/[39mnode_modules/[4m@vitest[24m/runner/dist/index.js:39:7[90m)[39m
      at runTest [90m(file:///D:/sophra/[39mnode_modules/[4m@vitest[24m/runner/dist/index.js:1056:17[90m)[39m
      at runSuite [90m(file:///D:/sophra/[39mnode_modules/[4m@vitest[24m/runner/dist/index.js:1205:15[90m)[39m
      at runSuite [90m(file:///D:/sophra/[39mnode_modules/[4m@vitest[24m/runner/dist/index.js:1205:15[90m)[39m
      at runSuite [90m(file:///D:/sophra/[39mnode_modules/[4m@vitest[24m/runner/dist/index.js:1205:15[90m)[39m
      at runFiles [90m(file:///D:/sophra/[39mnode_modules/[4m@vitest[24m/runner/dist/index.js:1262:5[90m)[39m
      at startTests [90m(file:///D:/sophra/[39mnode_modules/[4m@vitest[24m/runner/dist/index.js:1271:3[90m)[39m,
  event: {
    type: [32m&apos;search&apos;[39m,
    timestamp: [35m2025-01-09T17:03:47.087Z[39m,
    data: { value: [33m9[39m }
  }
}
[default] Error in observer {
  error: Error: Test error
      at [90mD:\sophra\[39msrc\lib\nous\observe\collector.test.ts:128:21
      at [90mfile:///D:/sophra/[39mnode_modules/[4m@vitest[24m/runner/dist/index.js:146:14
      at [90mfile:///D:/sophra/[39mnode_modules/[4m@vitest[24m/runner/dist/index.js:533:11
      at runWithTimeout [90m(file:///D:/sophra/[39mnode_modules/[4m@vitest[24m/runner/dist/index.js:39:7[90m)[39m
      at runTest [90m(file:///D:/sophra/[39mnode_modules/[4m@vitest[24m/runner/dist/index.js:1056:17[90m)[39m
      at runSuite [90m(file:///D:/sophra/[39mnode_modules/[4m@vitest[24m/runner/dist/index.js:1205:15[90m)[39m
      at runSuite [90m(file:///D:/sophra/[39mnode_modules/[4m@vitest[24m/runner/dist/index.js:1205:15[90m)[39m
      at runSuite [90m(file:///D:/sophra/[39mnode_modules/[4m@vitest[24m/runner/dist/index.js:1205:15[90m)[39m
      at runFiles [90m(file:///D:/sophra/[39mnode_modules/[4m@vitest[24m/runner/dist/index.js:1262:5[90m)[39m
      at startTests [90m(file:///D:/sophra/[39mnode_modules/[4m@vitest[24m/runner/dist/index.js:1271:3[90m)[39m,
  event: {
    type: [32m&apos;search&apos;[39m,
    timestamp: [35m2025-01-09T17:03:47.088Z[39m,
    data: { value: [33m10[39m }
  }
}
[default] Error in observer {
  error: Error: Test error
      at [90mD:\sophra\[39msrc\lib\nous\observe\collector.test.ts:128:21
      at [90mfile:///D:/sophra/[39mnode_modules/[4m@vitest[24m/runner/dist/index.js:146:14
      at [90mfile:///D:/sophra/[39mnode_modules/[4m@vitest[24m/runner/dist/index.js:533:11
      at runWithTimeout [90m(file:///D:/sophra/[39mnode_modules/[4m@vitest[24m/runner/dist/index.js:39:7[90m)[39m
      at runTest [90m(file:///D:/sophra/[39mnode_modules/[4m@vitest[24m/runner/dist/index.js:1056:17[90m)[39m
      at runSuite [90m(file:///D:/sophra/[39mnode_modules/[4m@vitest[24m/runner/dist/index.js:1205:15[90m)[39m
      at runSuite [90m(file:///D:/sophra/[39mnode_modules/[4m@vitest[24m/runner/dist/index.js:1205:15[90m)[39m
      at runSuite [90m(file:///D:/sophra/[39mnode_modules/[4m@vitest[24m/runner/dist/index.js:1205:15[90m)[39m
      at runFiles [90m(file:///D:/sophra/[39mnode_modules/[4m@vitest[24m/runner/dist/index.js:1262:5[90m)[39m
      at startTests [90m(file:///D:/sophra/[39mnode_modules/[4m@vitest[24m/runner/dist/index.js:1271:3[90m)[39m,
  event: {
    type: [32m&apos;search&apos;[39m,
    timestamp: [35m2025-01-09T17:03:47.089Z[39m,
    data: { value: [33m11[39m }
  }
}
[default] Error in observer {
  error: Error: Test error
      at [90mD:\sophra\[39msrc\lib\nous\observe\collector.test.ts:128:21
      at [90mfile:///D:/sophra/[39mnode_modules/[4m@vitest[24m/runner/dist/index.js:146:14
      at [90mfile:///D:/sophra/[39mnode_modules/[4m@vitest[24m/runner/dist/index.js:533:11
      at runWithTimeout [90m(file:///D:/sophra/[39mnode_modules/[4m@vitest[24m/runner/dist/index.js:39:7[90m)[39m
      at runTest [90m(file:///D:/sophra/[39mnode_modules/[4m@vitest[24m/runner/dist/index.js:1056:17[90m)[39m
      at runSuite [90m(file:///D:/sophra/[39mnode_modules/[4m@vitest[24m/runner/dist/index.js:1205:15[90m)[39m
      at runSuite [90m(file:///D:/sophra/[39mnode_modules/[4m@vitest[24m/runner/dist/index.js:1205:15[90m)[39m
      at runSuite [90m(file:///D:/sophra/[39mnode_modules/[4m@vitest[24m/runner/dist/index.js:1205:15[90m)[39m
      at runFiles [90m(file:///D:/sophra/[39mnode_modules/[4m@vitest[24m/runner/dist/index.js:1262:5[90m)[39m
      at startTests [90m(file:///D:/sophra/[39mnode_modules/[4m@vitest[24m/runner/dist/index.js:1271:3[90m)[39m,
  event: {
    type: [32m&apos;search&apos;[39m,
    timestamp: [35m2025-01-09T17:03:47.090Z[39m,
    data: { value: [33m12[39m }
  }
}
[default] Error in observer {
  error: Error: Test error
      at [90mD:\sophra\[39msrc\lib\nous\observe\collector.test.ts:128:21
      at [90mfile:///D:/sophra/[39mnode_modules/[4m@vitest[24m/runner/dist/index.js:146:14
      at [90mfile:///D:/sophra/[39mnode_modules/[4m@vitest[24m/runner/dist/index.js:533:11
      at runWithTimeout [90m(file:///D:/sophra/[39mnode_modules/[4m@vitest[24m/runner/dist/index.js:39:7[90m)[39m
      at runTest [90m(file:///D:/sophra/[39mnode_modules/[4m@vitest[24m/runner/dist/index.js:1056:17[90m)[39m
      at runSuite [90m(file:///D:/sophra/[39mnode_modules/[4m@vitest[24m/runner/dist/index.js:1205:15[90m)[39m
      at runSuite [90m(file:///D:/sophra/[39mnode_modules/[4m@vitest[24m/runner/dist/index.js:1205:15[90m)[39m
      at runSuite [90m(file:///D:/sophra/[39mnode_modules/[4m@vitest[24m/runner/dist/index.js:1205:15[90m)[39m
      at runFiles [90m(file:///D:/sophra/[39mnode_modules/[4m@vitest[24m/runner/dist/index.js:1262:5[90m)[39m
      at startTests [90m(file:///D:/sophra/[39mnode_modules/[4m@vitest[24m/runner/dist/index.js:1271:3[90m)[39m,
  event: {
    type: [32m&apos;search&apos;[39m,
    timestamp: [35m2025-01-09T17:03:47.091Z[39m,
    data: { value: [33m13[39m }
  }
}
[default] Error in observer {
  error: Error: Test error
      at [90mD:\sophra\[39msrc\lib\nous\observe\collector.test.ts:128:21
      at [90mfile:///D:/sophra/[39mnode_modules/[4m@vitest[24m/runner/dist/index.js:146:14
      at [90mfile:///D:/sophra/[39mnode_modules/[4m@vitest[24m/runner/dist/index.js:533:11
      at runWithTimeout [90m(file:///D:/sophra/[39mnode_modules/[4m@vitest[24m/runner/dist/index.js:39:7[90m)[39m
      at runTest [90m(file:///D:/sophra/[39mnode_modules/[4m@vitest[24m/runner/dist/index.js:1056:17[90m)[39m
      at runSuite [90m(file:///D:/sophra/[39mnode_modules/[4m@vitest[24m/runner/dist/index.js:1205:15[90m)[39m
      at runSuite [90m(file:///D:/sophra/[39mnode_modules/[4m@vitest[24m/runner/dist/index.js:1205:15[90m)[39m
      at runSuite [90m(file:///D:/sophra/[39mnode_modules/[4m@vitest[24m/runner/dist/index.js:1205:15[90m)[39m
      at runFiles [90m(file:///D:/sophra/[39mnode_modules/[4m@vitest[24m/runner/dist/index.js:1262:5[90m)[39m
      at startTests [90m(file:///D:/sophra/[39mnode_modules/[4m@vitest[24m/runner/dist/index.js:1271:3[90m)[39m,
  event: {
    type: [32m&apos;search&apos;[39m,
    timestamp: [35m2025-01-09T17:03:47.092Z[39m,
    data: { value: [33m14[39m }
  }
}
[default] Error in observer {
  error: Error: Test error
      at [90mD:\sophra\[39msrc\lib\nous\observe\collector.test.ts:128:21
      at [90mfile:///D:/sophra/[39mnode_modules/[4m@vitest[24m/runner/dist/index.js:146:14
      at [90mfile:///D:/sophra/[39mnode_modules/[4m@vitest[24m/runner/dist/index.js:533:11
      at runWithTimeout [90m(file:///D:/sophra/[39mnode_modules/[4m@vitest[24m/runner/dist/index.js:39:7[90m)[39m
      at runTest [90m(file:///D:/sophra/[39mnode_modules/[4m@vitest[24m/runner/dist/index.js:1056:17[90m)[39m
      at runSuite [90m(file:///D:/sophra/[39mnode_modules/[4m@vitest[24m/runner/dist/index.js:1205:15[90m)[39m
      at runSuite [90m(file:///D:/sophra/[39mnode_modules/[4m@vitest[24m/runner/dist/index.js:1205:15[90m)[39m
      at runSuite [90m(file:///D:/sophra/[39mnode_modules/[4m@vitest[24m/runner/dist/index.js:1205:15[90m)[39m
      at runFiles [90m(file:///D:/sophra/[39mnode_modules/[4m@vitest[24m/runner/dist/index.js:1262:5[90m)[39m
      at startTests [90m(file:///D:/sophra/[39mnode_modules/[4m@vitest[24m/runner/dist/index.js:1271:3[90m)[39m,
  event: {
    type: [32m&apos;search&apos;[39m,
    timestamp: [35m2025-01-09T17:03:47.093Z[39m,
    data: { value: [33m15[39m }
  }
}
[default] Error in observer {
  error: Error: Test error
      at [90mD:\sophra\[39msrc\lib\nous\observe\collector.test.ts:128:21
      at [90mfile:///D:/sophra/[39mnode_modules/[4m@vitest[24m/runner/dist/index.js:146:14
      at [90mfile:///D:/sophra/[39mnode_modules/[4m@vitest[24m/runner/dist/index.js:533:11
      at runWithTimeout [90m(file:///D:/sophra/[39mnode_modules/[4m@vitest[24m/runner/dist/index.js:39:7[90m)[39m
      at runTest [90m(file:///D:/sophra/[39mnode_modules/[4m@vitest[24m/runner/dist/index.js:1056:17[90m)[39m
      at runSuite [90m(file:///D:/sophra/[39mnode_modules/[4m@vitest[24m/runner/dist/index.js:1205:15[90m)[39m
      at runSuite [90m(file:///D:/sophra/[39mnode_modules/[4m@vitest[24m/runner/dist/index.js:1205:15[90m)[39m
      at runSuite [90m(file:///D:/sophra/[39mnode_modules/[4m@vitest[24m/runner/dist/index.js:1205:15[90m)[39m
      at runFiles [90m(file:///D:/sophra/[39mnode_modules/[4m@vitest[24m/runner/dist/index.js:1262:5[90m)[39m
      at startTests [90m(file:///D:/sophra/[39mnode_modules/[4m@vitest[24m/runner/dist/index.js:1271:3[90m)[39m,
  event: {
    type: [32m&apos;search&apos;[39m,
    timestamp: [35m2025-01-09T17:03:47.094Z[39m,
    data: { value: [33m16[39m }
  }
}
[default] Error in observer {
  error: Error: Test error
      at [90mD:\sophra\[39msrc\lib\nous\observe\collector.test.ts:128:21
      at [90mfile:///D:/sophra/[39mnode_modules/[4m@vitest[24m/runner/dist/index.js:146:14
      at [90mfile:///D:/sophra/[39mnode_modules/[4m@vitest[24m/runner/dist/index.js:533:11
      at runWithTimeout [90m(file:///D:/sophra/[39mnode_modules/[4m@vitest[24m/runner/dist/index.js:39:7[90m)[39m
      at runTest [90m(file:///D:/sophra/[39mnode_modules/[4m@vitest[24m/runner/dist/index.js:1056:17[90m)[39m
      at runSuite [90m(file:///D:/sophra/[39mnode_modules/[4m@vitest[24m/runner/dist/index.js:1205:15[90m)[39m
      at runSuite [90m(file:///D:/sophra/[39mnode_modules/[4m@vitest[24m/runner/dist/index.js:1205:15[90m)[39m
      at runSuite [90m(file:///D:/sophra/[39mnode_modules/[4m@vitest[24m/runner/dist/index.js:1205:15[90m)[39m
      at runFiles [90m(file:///D:/sophra/[39mnode_modules/[4m@vitest[24m/runner/dist/index.js:1262:5[90m)[39m
      at startTests [90m(file:///D:/sophra/[39mnode_modules/[4m@vitest[24m/runner/dist/index.js:1271:3[90m)[39m,
  event: {
    type: [32m&apos;search&apos;[39m,
    timestamp: [35m2025-01-09T17:03:47.095Z[39m,
    data: { value: [33m17[39m }
  }
}
[default] Error in observer {
  error: Error: Test error
      at [90mD:\sophra\[39msrc\lib\nous\observe\collector.test.ts:128:21
      at [90mfile:///D:/sophra/[39mnode_modules/[4m@vitest[24m/runner/dist/index.js:146:14
      at [90mfile:///D:/sophra/[39mnode_modules/[4m@vitest[24m/runner/dist/index.js:533:11
      at runWithTimeout [90m(file:///D:/sophra/[39mnode_modules/[4m@vitest[24m/runner/dist/index.js:39:7[90m)[39m
      at runTest [90m(file:///D:/sophra/[39mnode_modules/[4m@vitest[24m/runner/dist/index.js:1056:17[90m)[39m
      at runSuite [90m(file:///D:/sophra/[39mnode_modules/[4m@vitest[24m/runner/dist/index.js:1205:15[90m)[39m
      at runSuite [90m(file:///D:/sophra/[39mnode_modules/[4m@vitest[24m/runner/dist/index.js:1205:15[90m)[39m
      at runSuite [90m(file:///D:/sophra/[39mnode_modules/[4m@vitest[24m/runner/dist/index.js:1205:15[90m)[39m
      at runFiles [90m(file:///D:/sophra/[39mnode_modules/[4m@vitest[24m/runner/dist/index.js:1262:5[90m)[39m
      at startTests [90m(file:///D:/sophra/[39mnode_modules/[4m@vitest[24m/runner/dist/index.js:1271:3[90m)[39m,
  event: {
    type: [32m&apos;search&apos;[39m,
    timestamp: [35m2025-01-09T17:03:47.096Z[39m,
    data: { value: [33m18[39m }
  }
}
[default] Error in observer {
  error: Error: Test error
      at [90mD:\sophra\[39msrc\lib\nous\observe\collector.test.ts:128:21
      at [90mfile:///D:/sophra/[39mnode_modules/[4m@vitest[24m/runner/dist/index.js:146:14
      at [90mfile:///D:/sophra/[39mnode_modules/[4m@vitest[24m/runner/dist/index.js:533:11
      at runWithTimeout [90m(file:///D:/sophra/[39mnode_modules/[4m@vitest[24m/runner/dist/index.js:39:7[90m)[39m
      at runTest [90m(file:///D:/sophra/[39mnode_modules/[4m@vitest[24m/runner/dist/index.js:1056:17[90m)[39m
      at runSuite [90m(file:///D:/sophra/[39mnode_modules/[4m@vitest[24m/runner/dist/index.js:1205:15[90m)[39m
      at runSuite [90m(file:///D:/sophra/[39mnode_modules/[4m@vitest[24m/runner/dist/index.js:1205:15[90m)[39m
      at runSuite [90m(file:///D:/sophra/[39mnode_modules/[4m@vitest[24m/runner/dist/index.js:1205:15[90m)[39m
      at runFiles [90m(file:///D:/sophra/[39mnode_modules/[4m@vitest[24m/runner/dist/index.js:1262:5[90m)[39m
      at startTests [90m(file:///D:/sophra/[39mnode_modules/[4m@vitest[24m/runner/dist/index.js:1271:3[90m)[39m,
  event: {
    type: [32m&apos;search&apos;[39m,
    timestamp: [35m2025-01-09T17:03:47.097Z[39m,
    data: { value: [33m19[39m }
  }
}
[default] Error in observer {
  error: Error: Test error
      at [90mD:\sophra\[39msrc\lib\nous\observe\collector.test.ts:128:21
      at [90mfile:///D:/sophra/[39mnode_modules/[4m@vitest[24m/runner/dist/index.js:146:14
      at [90mfile:///D:/sophra/[39mnode_modules/[4m@vitest[24m/runner/dist/index.js:533:11
      at runWithTimeout [90m(file:///D:/sophra/[39mnode_modules/[4m@vitest[24m/runner/dist/index.js:39:7[90m)[39m
      at runTest [90m(file:///D:/sophra/[39mnode_modules/[4m@vitest[24m/runner/dist/index.js:1056:17[90m)[39m
      at runSuite [90m(file:///D:/sophra/[39mnode_modules/[4m@vitest[24m/runner/dist/index.js:1205:15[90m)[39m
      at runSuite [90m(file:///D:/sophra/[39mnode_modules/[4m@vitest[24m/runner/dist/index.js:1205:15[90m)[39m
      at runSuite [90m(file:///D:/sophra/[39mnode_modules/[4m@vitest[24m/runner/dist/index.js:1205:15[90m)[39m
      at runFiles [90m(file:///D:/sophra/[39mnode_modules/[4m@vitest[24m/runner/dist/index.js:1262:5[90m)[39m
      at startTests [90m(file:///D:/sophra/[39mnode_modules/[4m@vitest[24m/runner/dist/index.js:1271:3[90m)[39m,
  event: {
    type: [32m&apos;search&apos;[39m,
    timestamp: [35m2025-01-09T17:03:47.098Z[39m,
    data: { value: [33m20[39m }
  }
}
[default] Error in observer {
  error: Error: Test error
      at [90mD:\sophra\[39msrc\lib\nous\observe\collector.test.ts:128:21
      at [90mfile:///D:/sophra/[39mnode_modules/[4m@vitest[24m/runner/dist/index.js:146:14
      at [90mfile:///D:/sophra/[39mnode_modules/[4m@vitest[24m/runner/dist/index.js:533:11
      at runWithTimeout [90m(file:///D:/sophra/[39mnode_modules/[4m@vitest[24m/runner/dist/index.js:39:7[90m)[39m
      at runTest [90m(file:///D:/sophra/[39mnode_modules/[4m@vitest[24m/runner/dist/index.js:1056:17[90m)[39m
      at runSuite [90m(file:///D:/sophra/[39mnode_modules/[4m@vitest[24m/runner/dist/index.js:1205:15[90m)[39m
      at runSuite [90m(file:///D:/sophra/[39mnode_modules/[4m@vitest[24m/runner/dist/index.js:1205:15[90m)[39m
      at runSuite [90m(file:///D:/sophra/[39mnode_modules/[4m@vitest[24m/runner/dist/index.js:1205:15[90m)[39m
      at runFiles [90m(file:///D:/sophra/[39mnode_modules/[4m@vitest[24m/runner/dist/index.js:1262:5[90m)[39m
      at startTests [90m(file:///D:/sophra/[39mnode_modules/[4m@vitest[24m/runner/dist/index.js:1271:3[90m)[39m,
  event: {
    type: [32m&apos;search&apos;[39m,
    timestamp: [35m2025-01-09T17:03:47.099Z[39m,
    data: { value: [33m21[39m }
  }
}
[default] Error in observer {
  error: Error: Test error
      at [90mD:\sophra\[39msrc\lib\nous\observe\collector.test.ts:128:21
      at [90mfile:///D:/sophra/[39mnode_modules/[4m@vitest[24m/runner/dist/index.js:146:14
      at [90mfile:///D:/sophra/[39mnode_modules/[4m@vitest[24m/runner/dist/index.js:533:11
      at runWithTimeout [90m(file:///D:/sophra/[39mnode_modules/[4m@vitest[24m/runner/dist/index.js:39:7[90m)[39m
      at runTest [90m(file:///D:/sophra/[39mnode_modules/[4m@vitest[24m/runner/dist/index.js:1056:17[90m)[39m
      at runSuite [90m(file:///D:/sophra/[39mnode_modules/[4m@vitest[24m/runner/dist/index.js:1205:15[90m)[39m
      at runSuite [90m(file:///D:/sophra/[39mnode_modules/[4m@vitest[24m/runner/dist/index.js:1205:15[90m)[39m
      at runSuite [90m(file:///D:/sophra/[39mnode_modules/[4m@vitest[24m/runner/dist/index.js:1205:15[90m)[39m
      at runFiles [90m(file:///D:/sophra/[39mnode_modules/[4m@vitest[24m/runner/dist/index.js:1262:5[90m)[39m
      at startTests [90m(file:///D:/sophra/[39mnode_modules/[4m@vitest[24m/runner/dist/index.js:1271:3[90m)[39m,
  event: {
    type: [32m&apos;search&apos;[39m,
    timestamp: [35m2025-01-09T17:03:47.100Z[39m,
    data: { value: [33m22[39m }
  }
}
[default] Error in observer {
  error: Error: Test error
      at [90mD:\sophra\[39msrc\lib\nous\observe\collector.test.ts:128:21
      at [90mfile:///D:/sophra/[39mnode_modules/[4m@vitest[24m/runner/dist/index.js:146:14
      at [90mfile:///D:/sophra/[39mnode_modules/[4m@vitest[24m/runner/dist/index.js:533:11
      at runWithTimeout [90m(file:///D:/sophra/[39mnode_modules/[4m@vitest[24m/runner/dist/index.js:39:7[90m)[39m
      at runTest [90m(file:///D:/sophra/[39mnode_modules/[4m@vitest[24m/runner/dist/index.js:1056:17[90m)[39m
      at runSuite [90m(file:///D:/sophra/[39mnode_modules/[4m@vitest[24m/runner/dist/index.js:1205:15[90m)[39m
      at runSuite [90m(file:///D:/sophra/[39mnode_modules/[4m@vitest[24m/runner/dist/index.js:1205:15[90m)[39m
      at runSuite [90m(file:///D:/sophra/[39mnode_modules/[4m@vitest[24m/runner/dist/index.js:1205:15[90m)[39m
      at runFiles [90m(file:///D:/sophra/[39mnode_modules/[4m@vitest[24m/runner/dist/index.js:1262:5[90m)[39m
      at startTests [90m(file:///D:/sophra/[39mnode_modules/[4m@vitest[24m/runner/dist/index.js:1271:3[90m)[39m,
  event: {
    type: [32m&apos;search&apos;[39m,
    timestamp: [35m2025-01-09T17:03:47.101Z[39m,
    data: { value: [33m23[39m }
  }
}
[default] Error in observer {
  error: Error: Test error
      at [90mD:\sophra\[39msrc\lib\nous\observe\collector.test.ts:128:21
      at [90mfile:///D:/sophra/[39mnode_modules/[4m@vitest[24m/runner/dist/index.js:146:14
      at [90mfile:///D:/sophra/[39mnode_modules/[4m@vitest[24m/runner/dist/index.js:533:11
      at runWithTimeout [90m(file:///D:/sophra/[39mnode_modules/[4m@vitest[24m/runner/dist/index.js:39:7[90m)[39m
      at runTest [90m(file:///D:/sophra/[39mnode_modules/[4m@vitest[24m/runner/dist/index.js:1056:17[90m)[39m
      at runSuite [90m(file:///D:/sophra/[39mnode_modules/[4m@vitest[24m/runner/dist/index.js:1205:15[90m)[39m
      at runSuite [90m(file:///D:/sophra/[39mnode_modules/[4m@vitest[24m/runner/dist/index.js:1205:15[90m)[39m
      at runSuite [90m(file:///D:/sophra/[39mnode_modules/[4m@vitest[24m/runner/dist/index.js:1205:15[90m)[39m
      at runFiles [90m(file:///D:/sophra/[39mnode_modules/[4m@vitest[24m/runner/dist/index.js:1262:5[90m)[39m
      at startTests [90m(file:///D:/sophra/[39mnode_modules/[4m@vitest[24m/runner/dist/index.js:1271:3[90m)[39m,
  event: {
    type: [32m&apos;search&apos;[39m,
    timestamp: [35m2025-01-09T17:03:47.102Z[39m,
    data: { value: [33m24[39m }
  }
}
[default] Error in observer {
  error: Error: Test error
      at [90mD:\sophra\[39msrc\lib\nous\observe\collector.test.ts:128:21
      at [90mfile:///D:/sophra/[39mnode_modules/[4m@vitest[24m/runner/dist/index.js:146:14
      at [90mfile:///D:/sophra/[39mnode_modules/[4m@vitest[24m/runner/dist/index.js:533:11
      at runWithTimeout [90m(file:///D:/sophra/[39mnode_modules/[4m@vitest[24m/runner/dist/index.js:39:7[90m)[39m
      at runTest [90m(file:///D:/sophra/[39mnode_modules/[4m@vitest[24m/runner/dist/index.js:1056:17[90m)[39m
      at runSuite [90m(file:///D:/sophra/[39mnode_modules/[4m@vitest[24m/runner/dist/index.js:1205:15[90m)[39m
      at runSuite [90m(file:///D:/sophra/[39mnode_modules/[4m@vitest[24m/runner/dist/index.js:1205:15[90m)[39m
      at runSuite [90m(file:///D:/sophra/[39mnode_modules/[4m@vitest[24m/runner/dist/index.js:1205:15[90m)[39m
      at runFiles [90m(file:///D:/sophra/[39mnode_modules/[4m@vitest[24m/runner/dist/index.js:1262:5[90m)[39m
      at startTests [90m(file:///D:/sophra/[39mnode_modules/[4m@vitest[24m/runner/dist/index.js:1271:3[90m)[39m,
  event: {
    type: [32m&apos;search&apos;[39m,
    timestamp: [35m2025-01-09T17:03:47.103Z[39m,
    data: { value: [33m25[39m }
  }
}
[default] Error in observer {
  error: Error: Test error
      at [90mD:\sophra\[39msrc\lib\nous\observe\collector.test.ts:128:21
      at [90mfile:///D:/sophra/[39mnode_modules/[4m@vitest[24m/runner/dist/index.js:146:14
      at [90mfile:///D:/sophra/[39mnode_modules/[4m@vitest[24m/runner/dist/index.js:533:11
      at runWithTimeout [90m(file:///D:/sophra/[39mnode_modules/[4m@vitest[24m/runner/dist/index.js:39:7[90m)[39m
      at runTest [90m(file:///D:/sophra/[39mnode_modules/[4m@vitest[24m/runner/dist/index.js:1056:17[90m)[39m
      at runSuite [90m(file:///D:/sophra/[39mnode_modules/[4m@vitest[24m/runner/dist/index.js:1205:15[90m)[39m
      at runSuite [90m(file:///D:/sophra/[39mnode_modules/[4m@vitest[24m/runner/dist/index.js:1205:15[90m)[39m
      at runSuite [90m(file:///D:/sophra/[39mnode_modules/[4m@vitest[24m/runner/dist/index.js:1205:15[90m)[39m
      at runFiles [90m(file:///D:/sophra/[39mnode_modules/[4m@vitest[24m/runner/dist/index.js:1262:5[90m)[39m
      at startTests [90m(file:///D:/sophra/[39mnode_modules/[4m@vitest[24m/runner/dist/index.js:1271:3[90m)[39m,
  event: {
    type: [32m&apos;search&apos;[39m,
    timestamp: [35m2025-01-09T17:03:47.104Z[39m,
    data: { value: [33m26[39m }
  }
}
[default] Error in observer {
  error: Error: Test error
      at [90mD:\sophra\[39msrc\lib\nous\observe\collector.test.ts:128:21
      at [90mfile:///D:/sophra/[39mnode_modules/[4m@vitest[24m/runner/dist/index.js:146:14
      at [90mfile:///D:/sophra/[39mnode_modules/[4m@vitest[24m/runner/dist/index.js:533:11
      at runWithTimeout [90m(file:///D:/sophra/[39mnode_modules/[4m@vitest[24m/runner/dist/index.js:39:7[90m)[39m
      at runTest [90m(file:///D:/sophra/[39mnode_modules/[4m@vitest[24m/runner/dist/index.js:1056:17[90m)[39m
      at runSuite [90m(file:///D:/sophra/[39mnode_modules/[4m@vitest[24m/runner/dist/index.js:1205:15[90m)[39m
      at runSuite [90m(file:///D:/sophra/[39mnode_modules/[4m@vitest[24m/runner/dist/index.js:1205:15[90m)[39m
      at runSuite [90m(file:///D:/sophra/[39mnode_modules/[4m@vitest[24m/runner/dist/index.js:1205:15[90m)[39m
      at runFiles [90m(file:///D:/sophra/[39mnode_modules/[4m@vitest[24m/runner/dist/index.js:1262:5[90m)[39m
      at startTests [90m(file:///D:/sophra/[39mnode_modules/[4m@vitest[24m/runner/dist/index.js:1271:3[90m)[39m,
  event: {
    type: [32m&apos;search&apos;[39m,
    timestamp: [35m2025-01-09T17:03:47.105Z[39m,
    data: { value: [33m27[39m }
  }
}
[default] Error in observer {
  error: Error: Test error
      at [90mD:\sophra\[39msrc\lib\nous\observe\collector.test.ts:128:21
      at [90mfile:///D:/sophra/[39mnode_modules/[4m@vitest[24m/runner/dist/index.js:146:14
      at [90mfile:///D:/sophra/[39mnode_modules/[4m@vitest[24m/runner/dist/index.js:533:11
      at runWithTimeout [90m(file:///D:/sophra/[39mnode_modules/[4m@vitest[24m/runner/dist/index.js:39:7[90m)[39m
      at runTest [90m(file:///D:/sophra/[39mnode_modules/[4m@vitest[24m/runner/dist/index.js:1056:17[90m)[39m
      at runSuite [90m(file:///D:/sophra/[39mnode_modules/[4m@vitest[24m/runner/dist/index.js:1205:15[90m)[39m
      at runSuite [90m(file:///D:/sophra/[39mnode_modules/[4m@vitest[24m/runner/dist/index.js:1205:15[90m)[39m
      at runSuite [90m(file:///D:/sophra/[39mnode_modules/[4m@vitest[24m/runner/dist/index.js:1205:15[90m)[39m
      at runFiles [90m(file:///D:/sophra/[39mnode_modules/[4m@vitest[24m/runner/dist/index.js:1262:5[90m)[39m
      at startTests [90m(file:///D:/sophra/[39mnode_modules/[4m@vitest[24m/runner/dist/index.js:1271:3[90m)[39m,
  event: {
    type: [32m&apos;search&apos;[39m,
    timestamp: [35m2025-01-09T17:03:47.106Z[39m,
    data: { value: [33m28[39m }
  }
}
[default] Error in observer {
  error: Error: Test error
      at [90mD:\sophra\[39msrc\lib\nous\observe\collector.test.ts:128:21
      at [90mfile:///D:/sophra/[39mnode_modules/[4m@vitest[24m/runner/dist/index.js:146:14
      at [90mfile:///D:/sophra/[39mnode_modules/[4m@vitest[24m/runner/dist/index.js:533:11
      at runWithTimeout [90m(file:///D:/sophra/[39mnode_modules/[4m@vitest[24m/runner/dist/index.js:39:7[90m)[39m
      at runTest [90m(file:///D:/sophra/[39mnode_modules/[4m@vitest[24m/runner/dist/index.js:1056:17[90m)[39m
      at runSuite [90m(file:///D:/sophra/[39mnode_modules/[4m@vitest[24m/runner/dist/index.js:1205:15[90m)[39m
      at runSuite [90m(file:///D:/sophra/[39mnode_modules/[4m@vitest[24m/runner/dist/index.js:1205:15[90m)[39m
      at runSuite [90m(file:///D:/sophra/[39mnode_modules/[4m@vitest[24m/runner/dist/index.js:1205:15[90m)[39m
      at runFiles [90m(file:///D:/sophra/[39mnode_modules/[4m@vitest[24m/runner/dist/index.js:1262:5[90m)[39m
      at startTests [90m(file:///D:/sophra/[39mnode_modules/[4m@vitest[24m/runner/dist/index.js:1271:3[90m)[39m,
  event: {
    type: [32m&apos;search&apos;[39m,
    timestamp: [35m2025-01-09T17:03:47.107Z[39m,
    data: { value: [33m29[39m }
  }
}
[default] Error in observer {
  error: Error: Test error
      at [90mD:\sophra\[39msrc\lib\nous\observe\collector.test.ts:128:21
      at [90mfile:///D:/sophra/[39mnode_modules/[4m@vitest[24m/runner/dist/index.js:146:14
      at [90mfile:///D:/sophra/[39mnode_modules/[4m@vitest[24m/runner/dist/index.js:533:11
      at runWithTimeout [90m(file:///D:/sophra/[39mnode_modules/[4m@vitest[24m/runner/dist/index.js:39:7[90m)[39m
      at runTest [90m(file:///D:/sophra/[39mnode_modules/[4m@vitest[24m/runner/dist/index.js:1056:17[90m)[39m
      at runSuite [90m(file:///D:/sophra/[39mnode_modules/[4m@vitest[24m/runner/dist/index.js:1205:15[90m)[39m
      at runSuite [90m(file:///D:/sophra/[39mnode_modules/[4m@vitest[24m/runner/dist/index.js:1205:15[90m)[39m
      at runSuite [90m(file:///D:/sophra/[39mnode_modules/[4m@vitest[24m/runner/dist/index.js:1205:15[90m)[39m
      at runFiles [90m(file:///D:/sophra/[39mnode_modules/[4m@vitest[24m/runner/dist/index.js:1262:5[90m)[39m
      at startTests [90m(file:///D:/sophra/[39mnode_modules/[4m@vitest[24m/runner/dist/index.js:1271:3[90m)[39m,
  event: {
    type: [32m&apos;search&apos;[39m,
    timestamp: [35m2025-01-09T17:03:47.108Z[39m,
    data: { value: [33m30[39m }
  }
}
[default] Error in observer {
  error: Error: Test error
      at [90mD:\sophra\[39msrc\lib\nous\observe\collector.test.ts:128:21
      at [90mfile:///D:/sophra/[39mnode_modules/[4m@vitest[24m/runner/dist/index.js:146:14
      at [90mfile:///D:/sophra/[39mnode_modules/[4m@vitest[24m/runner/dist/index.js:533:11
      at runWithTimeout [90m(file:///D:/sophra/[39mnode_modules/[4m@vitest[24m/runner/dist/index.js:39:7[90m)[39m
      at runTest [90m(file:///D:/sophra/[39mnode_modules/[4m@vitest[24m/runner/dist/index.js:1056:17[90m)[39m
      at runSuite [90m(file:///D:/sophra/[39mnode_modules/[4m@vitest[24m/runner/dist/index.js:1205:15[90m)[39m
      at runSuite [90m(file:///D:/sophra/[39mnode_modules/[4m@vitest[24m/runner/dist/index.js:1205:15[90m)[39m
      at runSuite [90m(file:///D:/sophra/[39mnode_modules/[4m@vitest[24m/runner/dist/index.js:1205:15[90m)[39m
      at runFiles [90m(file:///D:/sophra/[39mnode_modules/[4m@vitest[24m/runner/dist/index.js:1262:5[90m)[39m
      at startTests [90m(file:///D:/sophra/[39mnode_modules/[4m@vitest[24m/runner/dist/index.js:1271:3[90m)[39m,
  event: {
    type: [32m&apos;search&apos;[39m,
    timestamp: [35m2025-01-09T17:03:47.109Z[39m,
    data: { value: [33m31[39m }
  }
}
[default] Error in observer {
  error: Error: Test error
      at [90mD:\sophra\[39msrc\lib\nous\observe\collector.test.ts:128:21
      at [90mfile:///D:/sophra/[39mnode_modules/[4m@vitest[24m/runner/dist/index.js:146:14
      at [90mfile:///D:/sophra/[39mnode_modules/[4m@vitest[24m/runner/dist/index.js:533:11
      at runWithTimeout [90m(file:///D:/sophra/[39mnode_modules/[4m@vitest[24m/runner/dist/index.js:39:7[90m)[39m
      at runTest [90m(file:///D:/sophra/[39mnode_modules/[4m@vitest[24m/runner/dist/index.js:1056:17[90m)[39m
      at runSuite [90m(file:///D:/sophra/[39mnode_modules/[4m@vitest[24m/runner/dist/index.js:1205:15[90m)[39m
      at runSuite [90m(file:///D:/sophra/[39mnode_modules/[4m@vitest[24m/runner/dist/index.js:1205:15[90m)[39m
      at runSuite [90m(file:///D:/sophra/[39mnode_modules/[4m@vitest[24m/runner/dist/index.js:1205:15[90m)[39m
      at runFiles [90m(file:///D:/sophra/[39mnode_modules/[4m@vitest[24m/runner/dist/index.js:1262:5[90m)[39m
      at startTests [90m(file:///D:/sophra/[39mnode_modules/[4m@vitest[24m/runner/dist/index.js:1271:3[90m)[39m,
  event: {
    type: [32m&apos;search&apos;[39m,
    timestamp: [35m2025-01-09T17:03:47.110Z[39m,
    data: { value: [33m32[39m }
  }
}
[default] Error in observer {
  error: Error: Test error
      at [90mD:\sophra\[39msrc\lib\nous\observe\collector.test.ts:128:21
      at [90mfile:///D:/sophra/[39mnode_modules/[4m@vitest[24m/runner/dist/index.js:146:14
      at [90mfile:///D:/sophra/[39mnode_modules/[4m@vitest[24m/runner/dist/index.js:533:11
      at runWithTimeout [90m(file:///D:/sophra/[39mnode_modules/[4m@vitest[24m/runner/dist/index.js:39:7[90m)[39m
      at runTest [90m(file:///D:/sophra/[39mnode_modules/[4m@vitest[24m/runner/dist/index.js:1056:17[90m)[39m
      at runSuite [90m(file:///D:/sophra/[39mnode_modules/[4m@vitest[24m/runner/dist/index.js:1205:15[90m)[39m
      at runSuite [90m(file:///D:/sophra/[39mnode_modules/[4m@vitest[24m/runner/dist/index.js:1205:15[90m)[39m
      at runSuite [90m(file:///D:/sophra/[39mnode_modules/[4m@vitest[24m/runner/dist/index.js:1205:15[90m)[39m
      at runFiles [90m(file:///D:/sophra/[39mnode_modules/[4m@vitest[24m/runner/dist/index.js:1262:5[90m)[39m
      at startTests [90m(file:///D:/sophra/[39mnode_modules/[4m@vitest[24m/runner/dist/index.js:1271:3[90m)[39m,
  event: {
    type: [32m&apos;search&apos;[39m,
    timestamp: [35m2025-01-09T17:03:47.111Z[39m,
    data: { value: [33m33[39m }
  }
}
[default] Error in observer {
  error: Error: Test error
      at [90mD:\sophra\[39msrc\lib\nous\observe\collector.test.ts:128:21
      at [90mfile:///D:/sophra/[39mnode_modules/[4m@vitest[24m/runner/dist/index.js:146:14
      at [90mfile:///D:/sophra/[39mnode_modules/[4m@vitest[24m/runner/dist/index.js:533:11
      at runWithTimeout [90m(file:///D:/sophra/[39mnode_modules/[4m@vitest[24m/runner/dist/index.js:39:7[90m)[39m
      at runTest [90m(file:///D:/sophra/[39mnode_modules/[4m@vitest[24m/runner/dist/index.js:1056:17[90m)[39m
      at runSuite [90m(file:///D:/sophra/[39mnode_modules/[4m@vitest[24m/runner/dist/index.js:1205:15[90m)[39m
      at runSuite [90m(file:///D:/sophra/[39mnode_modules/[4m@vitest[24m/runner/dist/index.js:1205:15[90m)[39m
      at runSuite [90m(file:///D:/sophra/[39mnode_modules/[4m@vitest[24m/runner/dist/index.js:1205:15[90m)[39m
      at runFiles [90m(file:///D:/sophra/[39mnode_modules/[4m@vitest[24m/runner/dist/index.js:1262:5[90m)[39m
      at startTests [90m(file:///D:/sophra/[39mnode_modules/[4m@vitest[24m/runner/dist/index.js:1271:3[90m)[39m,
  event: {
    type: [32m&apos;search&apos;[39m,
    timestamp: [35m2025-01-09T17:03:47.112Z[39m,
    data: { value: [33m34[39m }
  }
}
[default] Error in observer {
  error: Error: Test error
      at [90mD:\sophra\[39msrc\lib\nous\observe\collector.test.ts:128:21
      at [90mfile:///D:/sophra/[39mnode_modules/[4m@vitest[24m/runner/dist/index.js:146:14
      at [90mfile:///D:/sophra/[39mnode_modules/[4m@vitest[24m/runner/dist/index.js:533:11
      at runWithTimeout [90m(file:///D:/sophra/[39mnode_modules/[4m@vitest[24m/runner/dist/index.js:39:7[90m)[39m
      at runTest [90m(file:///D:/sophra/[39mnode_modules/[4m@vitest[24m/runner/dist/index.js:1056:17[90m)[39m
      at runSuite [90m(file:///D:/sophra/[39mnode_modules/[4m@vitest[24m/runner/dist/index.js:1205:15[90m)[39m
      at runSuite [90m(file:///D:/sophra/[39mnode_modules/[4m@vitest[24m/runner/dist/index.js:1205:15[90m)[39m
      at runSuite [90m(file:///D:/sophra/[39mnode_modules/[4m@vitest[24m/runner/dist/index.js:1205:15[90m)[39m
      at runFiles [90m(file:///D:/sophra/[39mnode_modules/[4m@vitest[24m/runner/dist/index.js:1262:5[90m)[39m
      at startTests [90m(file:///D:/sophra/[39mnode_modules/[4m@vitest[24m/runner/dist/index.js:1271:3[90m)[39m,
  event: {
    type: [32m&apos;search&apos;[39m,
    timestamp: [35m2025-01-09T17:03:47.113Z[39m,
    data: { value: [33m35[39m }
  }
}
[default] Error in observer {
  error: Error: Test error
      at [90mD:\sophra\[39msrc\lib\nous\observe\collector.test.ts:128:21
      at [90mfile:///D:/sophra/[39mnode_modules/[4m@vitest[24m/runner/dist/index.js:146:14
      at [90mfile:///D:/sophra/[39mnode_modules/[4m@vitest[24m/runner/dist/index.js:533:11
      at runWithTimeout [90m(file:///D:/sophra/[39mnode_modules/[4m@vitest[24m/runner/dist/index.js:39:7[90m)[39m
      at runTest [90m(file:///D:/sophra/[39mnode_modules/[4m@vitest[24m/runner/dist/index.js:1056:17[90m)[39m
      at runSuite [90m(file:///D:/sophra/[39mnode_modules/[4m@vitest[24m/runner/dist/index.js:1205:15[90m)[39m
      at runSuite [90m(file:///D:/sophra/[39mnode_modules/[4m@vitest[24m/runner/dist/index.js:1205:15[90m)[39m
      at runSuite [90m(file:///D:/sophra/[39mnode_modules/[4m@vitest[24m/runner/dist/index.js:1205:15[90m)[39m
      at runFiles [90m(file:///D:/sophra/[39mnode_modules/[4m@vitest[24m/runner/dist/index.js:1262:5[90m)[39m
      at startTests [90m(file:///D:/sophra/[39mnode_modules/[4m@vitest[24m/runner/dist/index.js:1271:3[90m)[39m,
  event: {
    type: [32m&apos;search&apos;[39m,
    timestamp: [35m2025-01-09T17:03:47.114Z[39m,
    data: { value: [33m36[39m }
  }
}
[default] Error in observer {
  error: Error: Test error
      at [90mD:\sophra\[39msrc\lib\nous\observe\collector.test.ts:128:21
      at [90mfile:///D:/sophra/[39mnode_modules/[4m@vitest[24m/runner/dist/index.js:146:14
      at [90mfile:///D:/sophra/[39mnode_modules/[4m@vitest[24m/runner/dist/index.js:533:11
      at runWithTimeout [90m(file:///D:/sophra/[39mnode_modules/[4m@vitest[24m/runner/dist/index.js:39:7[90m)[39m
      at runTest [90m(file:///D:/sophra/[39mnode_modules/[4m@vitest[24m/runner/dist/index.js:1056:17[90m)[39m
      at runSuite [90m(file:///D:/sophra/[39mnode_modules/[4m@vitest[24m/runner/dist/index.js:1205:15[90m)[39m
      at runSuite [90m(file:///D:/sophra/[39mnode_modules/[4m@vitest[24m/runner/dist/index.js:1205:15[90m)[39m
      at runSuite [90m(file:///D:/sophra/[39mnode_modules/[4m@vitest[24m/runner/dist/index.js:1205:15[90m)[39m
      at runFiles [90m(file:///D:/sophra/[39mnode_modules/[4m@vitest[24m/runner/dist/index.js:1262:5[90m)[39m
      at startTests [90m(file:///D:/sophra/[39mnode_modules/[4m@vitest[24m/runner/dist/index.js:1271:3[90m)[39m,
  event: {
    type: [32m&apos;search&apos;[39m,
    timestamp: [35m2025-01-09T17:03:47.115Z[39m,
    data: { value: [33m37[39m }
  }
}
[default] Error in observer {
  error: Error: Test error
      at [90mD:\sophra\[39msrc\lib\nous\observe\collector.test.ts:128:21
      at [90mfile:///D:/sophra/[39mnode_modules/[4m@vitest[24m/runner/dist/index.js:146:14
      at [90mfile:///D:/sophra/[39mnode_modules/[4m@vitest[24m/runner/dist/index.js:533:11
      at runWithTimeout [90m(file:///D:/sophra/[39mnode_modules/[4m@vitest[24m/runner/dist/index.js:39:7[90m)[39m
      at runTest [90m(file:///D:/sophra/[39mnode_modules/[4m@vitest[24m/runner/dist/index.js:1056:17[90m)[39m
      at runSuite [90m(file:///D:/sophra/[39mnode_modules/[4m@vitest[24m/runner/dist/index.js:1205:15[90m)[39m
      at runSuite [90m(file:///D:/sophra/[39mnode_modules/[4m@vitest[24m/runner/dist/index.js:1205:15[90m)[39m
      at runSuite [90m(file:///D:/sophra/[39mnode_modules/[4m@vitest[24m/runner/dist/index.js:1205:15[90m)[39m
      at runFiles [90m(file:///D:/sophra/[39mnode_modules/[4m@vitest[24m/runner/dist/index.js:1262:5[90m)[39m
      at startTests [90m(file:///D:/sophra/[39mnode_modules/[4m@vitest[24m/runner/dist/index.js:1271:3[90m)[39m,
  event: {
    type: [32m&apos;search&apos;[39m,
    timestamp: [35m2025-01-09T17:03:47.116Z[39m,
    data: { value: [33m38[39m }
  }
}
[default] Error in observer {
  error: Error: Test error
      at [90mD:\sophra\[39msrc\lib\nous\observe\collector.test.ts:128:21
      at [90mfile:///D:/sophra/[39mnode_modules/[4m@vitest[24m/runner/dist/index.js:146:14
      at [90mfile:///D:/sophra/[39mnode_modules/[4m@vitest[24m/runner/dist/index.js:533:11
      at runWithTimeout [90m(file:///D:/sophra/[39mnode_modules/[4m@vitest[24m/runner/dist/index.js:39:7[90m)[39m
      at runTest [90m(file:///D:/sophra/[39mnode_modules/[4m@vitest[24m/runner/dist/index.js:1056:17[90m)[39m
      at runSuite [90m(file:///D:/sophra/[39mnode_modules/[4m@vitest[24m/runner/dist/index.js:1205:15[90m)[39m
      at runSuite [90m(file:///D:/sophra/[39mnode_modules/[4m@vitest[24m/runner/dist/index.js:1205:15[90m)[39m
      at runSuite [90m(file:///D:/sophra/[39mnode_modules/[4m@vitest[24m/runner/dist/index.js:1205:15[90m)[39m
      at runFiles [90m(file:///D:/sophra/[39mnode_modules/[4m@vitest[24m/runner/dist/index.js:1262:5[90m)[39m
      at startTests [90m(file:///D:/sophra/[39mnode_modules/[4m@vitest[24m/runner/dist/index.js:1271:3[90m)[39m,
  event: {
    type: [32m&apos;search&apos;[39m,
    timestamp: [35m2025-01-09T17:03:47.117Z[39m,
    data: { value: [33m39[39m }
  }
}
[default] Error in observer {
  error: Error: Test error
      at [90mD:\sophra\[39msrc\lib\nous\observe\collector.test.ts:128:21
      at [90mfile:///D:/sophra/[39mnode_modules/[4m@vitest[24m/runner/dist/index.js:146:14
      at [90mfile:///D:/sophra/[39mnode_modules/[4m@vitest[24m/runner/dist/index.js:533:11
      at runWithTimeout [90m(file:///D:/sophra/[39mnode_modules/[4m@vitest[24m/runner/dist/index.js:39:7[90m)[39m
      at runTest [90m(file:///D:/sophra/[39mnode_modules/[4m@vitest[24m/runner/dist/index.js:1056:17[90m)[39m
      at runSuite [90m(file:///D:/sophra/[39mnode_modules/[4m@vitest[24m/runner/dist/index.js:1205:15[90m)[39m
      at runSuite [90m(file:///D:/sophra/[39mnode_modules/[4m@vitest[24m/runner/dist/index.js:1205:15[90m)[39m
      at runSuite [90m(file:///D:/sophra/[39mnode_modules/[4m@vitest[24m/runner/dist/index.js:1205:15[90m)[39m
      at runFiles [90m(file:///D:/sophra/[39mnode_modules/[4m@vitest[24m/runner/dist/index.js:1262:5[90m)[39m
      at startTests [90m(file:///D:/sophra/[39mnode_modules/[4m@vitest[24m/runner/dist/index.js:1271:3[90m)[39m,
  event: {
    type: [32m&apos;search&apos;[39m,
    timestamp: [35m2025-01-09T17:03:47.118Z[39m,
    data: { value: [33m40[39m }
  }
}
[default] Error in observer {
  error: Error: Test error
      at [90mD:\sophra\[39msrc\lib\nous\observe\collector.test.ts:128:21
      at [90mfile:///D:/sophra/[39mnode_modules/[4m@vitest[24m/runner/dist/index.js:146:14
      at [90mfile:///D:/sophra/[39mnode_modules/[4m@vitest[24m/runner/dist/index.js:533:11
      at runWithTimeout [90m(file:///D:/sophra/[39mnode_modules/[4m@vitest[24m/runner/dist/index.js:39:7[90m)[39m
      at runTest [90m(file:///D:/sophra/[39mnode_modules/[4m@vitest[24m/runner/dist/index.js:1056:17[90m)[39m
      at runSuite [90m(file:///D:/sophra/[39mnode_modules/[4m@vitest[24m/runner/dist/index.js:1205:15[90m)[39m
      at runSuite [90m(file:///D:/sophra/[39mnode_modules/[4m@vitest[24m/runner/dist/index.js:1205:15[90m)[39m
      at runSuite [90m(file:///D:/sophra/[39mnode_modules/[4m@vitest[24m/runner/dist/index.js:1205:15[90m)[39m
      at runFiles [90m(file:///D:/sophra/[39mnode_modules/[4m@vitest[24m/runner/dist/index.js:1262:5[90m)[39m
      at startTests [90m(file:///D:/sophra/[39mnode_modules/[4m@vitest[24m/runner/dist/index.js:1271:3[90m)[39m,
  event: {
    type: [32m&apos;search&apos;[39m,
    timestamp: [35m2025-01-09T17:03:47.119Z[39m,
    data: { value: [33m41[39m }
  }
}
[default] Error in observer {
  error: Error: Test error
      at [90mD:\sophra\[39msrc\lib\nous\observe\collector.test.ts:128:21
      at [90mfile:///D:/sophra/[39mnode_modules/[4m@vitest[24m/runner/dist/index.js:146:14
      at [90mfile:///D:/sophra/[39mnode_modules/[4m@vitest[24m/runner/dist/index.js:533:11
      at runWithTimeout [90m(file:///D:/sophra/[39mnode_modules/[4m@vitest[24m/runner/dist/index.js:39:7[90m)[39m
      at runTest [90m(file:///D:/sophra/[39mnode_modules/[4m@vitest[24m/runner/dist/index.js:1056:17[90m)[39m
      at runSuite [90m(file:///D:/sophra/[39mnode_modules/[4m@vitest[24m/runner/dist/index.js:1205:15[90m)[39m
      at runSuite [90m(file:///D:/sophra/[39mnode_modules/[4m@vitest[24m/runner/dist/index.js:1205:15[90m)[39m
      at runSuite [90m(file:///D:/sophra/[39mnode_modules/[4m@vitest[24m/runner/dist/index.js:1205:15[90m)[39m
      at runFiles [90m(file:///D:/sophra/[39mnode_modules/[4m@vitest[24m/runner/dist/index.js:1262:5[90m)[39m
      at startTests [90m(file:///D:/sophra/[39mnode_modules/[4m@vitest[24m/runner/dist/index.js:1271:3[90m)[39m,
  event: {
    type: [32m&apos;search&apos;[39m,
    timestamp: [35m2025-01-09T17:03:47.120Z[39m,
    data: { value: [33m42[39m }
  }
}
[default] Error in observer {
  error: Error: Test error
      at [90mD:\sophra\[39msrc\lib\nous\observe\collector.test.ts:128:21
      at [90mfile:///D:/sophra/[39mnode_modules/[4m@vitest[24m/runner/dist/index.js:146:14
      at [90mfile:///D:/sophra/[39mnode_modules/[4m@vitest[24m/runner/dist/index.js:533:11
      at runWithTimeout [90m(file:///D:/sophra/[39mnode_modules/[4m@vitest[24m/runner/dist/index.js:39:7[90m)[39m
      at runTest [90m(file:///D:/sophra/[39mnode_modules/[4m@vitest[24m/runner/dist/index.js:1056:17[90m)[39m
      at runSuite [90m(file:///D:/sophra/[39mnode_modules/[4m@vitest[24m/runner/dist/index.js:1205:15[90m)[39m
      at runSuite [90m(file:///D:/sophra/[39mnode_modules/[4m@vitest[24m/runner/dist/index.js:1205:15[90m)[39m
      at runSuite [90m(file:///D:/sophra/[39mnode_modules/[4m@vitest[24m/runner/dist/index.js:1205:15[90m)[39m
      at runFiles [90m(file:///D:/sophra/[39mnode_modules/[4m@vitest[24m/runner/dist/index.js:1262:5[90m)[39m
      at startTests [90m(file:///D:/sophra/[39mnode_modules/[4m@vitest[24m/runner/dist/index.js:1271:3[90m)[39m,
  event: {
    type: [32m&apos;search&apos;[39m,
    timestamp: [35m2025-01-09T17:03:47.121Z[39m,
    data: { value: [33m43[39m }
  }
}
[default] Error in observer {
  error: Error: Test error
      at [90mD:\sophra\[39msrc\lib\nous\observe\collector.test.ts:128:21
      at [90mfile:///D:/sophra/[39mnode_modules/[4m@vitest[24m/runner/dist/index.js:146:14
      at [90mfile:///D:/sophra/[39mnode_modules/[4m@vitest[24m/runner/dist/index.js:533:11
      at runWithTimeout [90m(file:///D:/sophra/[39mnode_modules/[4m@vitest[24m/runner/dist/index.js:39:7[90m)[39m
      at runTest [90m(file:///D:/sophra/[39mnode_modules/[4m@vitest[24m/runner/dist/index.js:1056:17[90m)[39m
      at runSuite [90m(file:///D:/sophra/[39mnode_modules/[4m@vitest[24m/runner/dist/index.js:1205:15[90m)[39m
      at runSuite [90m(file:///D:/sophra/[39mnode_modules/[4m@vitest[24m/runner/dist/index.js:1205:15[90m)[39m
      at runSuite [90m(file:///D:/sophra/[39mnode_modules/[4m@vitest[24m/runner/dist/index.js:1205:15[90m)[39m
      at runFiles [90m(file:///D:/sophra/[39mnode_modules/[4m@vitest[24m/runner/dist/index.js:1262:5[90m)[39m
      at startTests [90m(file:///D:/sophra/[39mnode_modules/[4m@vitest[24m/runner/dist/index.js:1271:3[90m)[39m,
  event: {
    type: [32m&apos;search&apos;[39m,
    timestamp: [35m2025-01-09T17:03:47.122Z[39m,
    data: { value: [33m44[39m }
  }
}
[default] Error in observer {
  error: Error: Test error
      at [90mD:\sophra\[39msrc\lib\nous\observe\collector.test.ts:128:21
      at [90mfile:///D:/sophra/[39mnode_modules/[4m@vitest[24m/runner/dist/index.js:146:14
      at [90mfile:///D:/sophra/[39mnode_modules/[4m@vitest[24m/runner/dist/index.js:533:11
      at runWithTimeout [90m(file:///D:/sophra/[39mnode_modules/[4m@vitest[24m/runner/dist/index.js:39:7[90m)[39m
      at runTest [90m(file:///D:/sophra/[39mnode_modules/[4m@vitest[24m/runner/dist/index.js:1056:17[90m)[39m
      at runSuite [90m(file:///D:/sophra/[39mnode_modules/[4m@vitest[24m/runner/dist/index.js:1205:15[90m)[39m
      at runSuite [90m(file:///D:/sophra/[39mnode_modules/[4m@vitest[24m/runner/dist/index.js:1205:15[90m)[39m
      at runSuite [90m(file:///D:/sophra/[39mnode_modules/[4m@vitest[24m/runner/dist/index.js:1205:15[90m)[39m
      at runFiles [90m(file:///D:/sophra/[39mnode_modules/[4m@vitest[24m/runner/dist/index.js:1262:5[90m)[39m
      at startTests [90m(file:///D:/sophra/[39mnode_modules/[4m@vitest[24m/runner/dist/index.js:1271:3[90m)[39m,
  event: {
    type: [32m&apos;search&apos;[39m,
    timestamp: [35m2025-01-09T17:03:47.123Z[39m,
    data: { value: [33m45[39m }
  }
}
[default] Error in observer {
  error: Error: Test error
      at [90mD:\sophra\[39msrc\lib\nous\observe\collector.test.ts:128:21
      at [90mfile:///D:/sophra/[39mnode_modules/[4m@vitest[24m/runner/dist/index.js:146:14
      at [90mfile:///D:/sophra/[39mnode_modules/[4m@vitest[24m/runner/dist/index.js:533:11
      at runWithTimeout [90m(file:///D:/sophra/[39mnode_modules/[4m@vitest[24m/runner/dist/index.js:39:7[90m)[39m
      at runTest [90m(file:///D:/sophra/[39mnode_modules/[4m@vitest[24m/runner/dist/index.js:1056:17[90m)[39m
      at runSuite [90m(file:///D:/sophra/[39mnode_modules/[4m@vitest[24m/runner/dist/index.js:1205:15[90m)[39m
      at runSuite [90m(file:///D:/sophra/[39mnode_modules/[4m@vitest[24m/runner/dist/index.js:1205:15[90m)[39m
      at runSuite [90m(file:///D:/sophra/[39mnode_modules/[4m@vitest[24m/runner/dist/index.js:1205:15[90m)[39m
      at runFiles [90m(file:///D:/sophra/[39mnode_modules/[4m@vitest[24m/runner/dist/index.js:1262:5[90m)[39m
      at startTests [90m(file:///D:/sophra/[39mnode_modules/[4m@vitest[24m/runner/dist/index.js:1271:3[90m)[39m,
  event: {
    type: [32m&apos;search&apos;[39m,
    timestamp: [35m2025-01-09T17:03:47.124Z[39m,
    data: { value: [33m46[39m }
  }
}
[default] Error in observer {
  error: Error: Test error
      at [90mD:\sophra\[39msrc\lib\nous\observe\collector.test.ts:128:21
      at [90mfile:///D:/sophra/[39mnode_modules/[4m@vitest[24m/runner/dist/index.js:146:14
      at [90mfile:///D:/sophra/[39mnode_modules/[4m@vitest[24m/runner/dist/index.js:533:11
      at runWithTimeout [90m(file:///D:/sophra/[39mnode_modules/[4m@vitest[24m/runner/dist/index.js:39:7[90m)[39m
      at runTest [90m(file:///D:/sophra/[39mnode_modules/[4m@vitest[24m/runner/dist/index.js:1056:17[90m)[39m
      at runSuite [90m(file:///D:/sophra/[39mnode_modules/[4m@vitest[24m/runner/dist/index.js:1205:15[90m)[39m
      at runSuite [90m(file:///D:/sophra/[39mnode_modules/[4m@vitest[24m/runner/dist/index.js:1205:15[90m)[39m
      at runSuite [90m(file:///D:/sophra/[39mnode_modules/[4m@vitest[24m/runner/dist/index.js:1205:15[90m)[39m
      at runFiles [90m(file:///D:/sophra/[39mnode_modules/[4m@vitest[24m/runner/dist/index.js:1262:5[90m)[39m
      at startTests [90m(file:///D:/sophra/[39mnode_modules/[4m@vitest[24m/runner/dist/index.js:1271:3[90m)[39m,
  event: {
    type: [32m&apos;search&apos;[39m,
    timestamp: [35m2025-01-09T17:03:47.125Z[39m,
    data: { value: [33m47[39m }
  }
}
[default] Error in observer {
  error: Error: Test error
      at [90mD:\sophra\[39msrc\lib\nous\observe\collector.test.ts:128:21
      at [90mfile:///D:/sophra/[39mnode_modules/[4m@vitest[24m/runner/dist/index.js:146:14
      at [90mfile:///D:/sophra/[39mnode_modules/[4m@vitest[24m/runner/dist/index.js:533:11
      at runWithTimeout [90m(file:///D:/sophra/[39mnode_modules/[4m@vitest[24m/runner/dist/index.js:39:7[90m)[39m
      at runTest [90m(file:///D:/sophra/[39mnode_modules/[4m@vitest[24m/runner/dist/index.js:1056:17[90m)[39m
      at runSuite [90m(file:///D:/sophra/[39mnode_modules/[4m@vitest[24m/runner/dist/index.js:1205:15[90m)[39m
      at runSuite [90m(file:///D:/sophra/[39mnode_modules/[4m@vitest[24m/runner/dist/index.js:1205:15[90m)[39m
      at runSuite [90m(file:///D:/sophra/[39mnode_modules/[4m@vitest[24m/runner/dist/index.js:1205:15[90m)[39m
      at runFiles [90m(file:///D:/sophra/[39mnode_modules/[4m@vitest[24m/runner/dist/index.js:1262:5[90m)[39m
      at startTests [90m(file:///D:/sophra/[39mnode_modules/[4m@vitest[24m/runner/dist/index.js:1271:3[90m)[39m,
  event: {
    type: [32m&apos;search&apos;[39m,
    timestamp: [35m2025-01-09T17:03:47.126Z[39m,
[...]
      at runFiles [90m(file:///D:/sophra/[39mnode_modules/[4m@vitest[24m/runner/dist/index.js:1262:5[90m)[39m
      at startTests [90m(file:///D:/sophra/[39mnode_modules/[4m@vitest[24m/runner/dist/index.js:1271:3[90m)[39m,
  event: {
    type: [32m&apos;search&apos;[39m,
    timestamp: [35m2025-01-09T17:03:47.172Z[39m,
    data: { value: [33m94[39m }
  }
}
[default] Error in observer {
  error: Error: Test error
      at [90mD:\sophra\[39msrc\lib\nous\observe\collector.test.ts:128:21
      at [90mfile:///D:/sophra/[39mnode_modules/[4m@vitest[24m/runner/dist/index.js:146:14
      at [90mfile:///D:/sophra/[39mnode_modules/[4m@vitest[24m/runner/dist/index.js:533:11
      at runWithTimeout [90m(file:///D:/sophra/[39mnode_modules/[4m@vitest[24m/runner/dist/index.js:39:7[90m)[39m
      at runTest [90m(file:///D:/sophra/[39mnode_modules/[4m@vitest[24m/runner/dist/index.js:1056:17[90m)[39m
      at runSuite [90m(file:///D:/sophra/[39mnode_modules/[4m@vitest[24m/runner/dist/index.js:1205:15[90m)[39m
      at runSuite [90m(file:///D:/sophra/[39mnode_modules/[4m@vitest[24m/runner/dist/index.js:1205:15[90m)[39m
      at runSuite [90m(file:///D:/sophra/[39mnode_modules/[4m@vitest[24m/runner/dist/index.js:1205:15[90m)[39m
      at runFiles [90m(file:///D:/sophra/[39mnode_modules/[4m@vitest[24m/runner/dist/index.js:1262:5[90m)[39m
      at startTests [90m(file:///D:/sophra/[39mnode_modules/[4m@vitest[24m/runner/dist/index.js:1271:3[90m)[39m,
  event: {
    type: [32m&apos;search&apos;[39m,
    timestamp: [35m2025-01-09T17:03:47.173Z[39m,
    data: { value: [33m95[39m }
  }
}
[default] Error in observer {
  error: Error: Test error
      at [90mD:\sophra\[39msrc\lib\nous\observe\collector.test.ts:128:21
      at [90mfile:///D:/sophra/[39mnode_modules/[4m@vitest[24m/runner/dist/index.js:146:14
      at [90mfile:///D:/sophra/[39mnode_modules/[4m@vitest[24m/runner/dist/index.js:533:11
      at runWithTimeout [90m(file:///D:/sophra/[39mnode_modules/[4m@vitest[24m/runner/dist/index.js:39:7[90m)[39m
      at runTest [90m(file:///D:/sophra/[39mnode_modules/[4m@vitest[24m/runner/dist/index.js:1056:17[90m)[39m
      at runSuite [90m(file:///D:/sophra/[39mnode_modules/[4m@vitest[24m/runner/dist/index.js:1205:15[90m)[39m
      at runSuite [90m(file:///D:/sophra/[39mnode_modules/[4m@vitest[24m/runner/dist/index.js:1205:15[90m)[39m
      at runSuite [90m(file:///D:/sophra/[39mnode_modules/[4m@vitest[24m/runner/dist/index.js:1205:15[90m)[39m
      at runFiles [90m(file:///D:/sophra/[39mnode_modules/[4m@vitest[24m/runner/dist/index.js:1262:5[90m)[39m
      at startTests [90m(file:///D:/sophra/[39mnode_modules/[4m@vitest[24m/runner/dist/index.js:1271:3[90m)[39m,
  event: {
    type: [32m&apos;search&apos;[39m,
    timestamp: [35m2025-01-09T17:03:47.174Z[39m,
    data: { value: [33m96[39m }
  }
}
[default] Error in observer {
  error: Error: Test error
      at [90mD:\sophra\[39msrc\lib\nous\observe\collector.test.ts:128:21
      at [90mfile:///D:/sophra/[39mnode_modules/[4m@vitest[24m/runner/dist/index.js:146:14
      at [90mfile:///D:/sophra/[39mnode_modules/[4m@vitest[24m/runner/dist/index.js:533:11
      at runWithTimeout [90m(file:///D:/sophra/[39mnode_modules/[4m@vitest[24m/runner/dist/index.js:39:7[90m)[39m
      at runTest [90m(file:///D:/sophra/[39mnode_modules/[4m@vitest[24m/runner/dist/index.js:1056:17[90m)[39m
      at runSuite [90m(file:///D:/sophra/[39mnode_modules/[4m@vitest[24m/runner/dist/index.js:1205:15[90m)[39m
      at runSuite [90m(file:///D:/sophra/[39mnode_modules/[4m@vitest[24m/runner/dist/index.js:1205:15[90m)[39m
      at runSuite [90m(file:///D:/sophra/[39mnode_modules/[4m@vitest[24m/runner/dist/index.js:1205:15[90m)[39m
      at runFiles [90m(file:///D:/sophra/[39mnode_modules/[4m@vitest[24m/runner/dist/index.js:1262:5[90m)[39m
      at startTests [90m(file:///D:/sophra/[39mnode_modules/[4m@vitest[24m/runner/dist/index.js:1271:3[90m)[39m,
  event: {
    type: [32m&apos;search&apos;[39m,
    timestamp: [35m2025-01-09T17:03:47.175Z[39m,
    data: { value: [33m97[39m }
  }
}
[default] Error in observer {
  error: Error: Test error
      at [90mD:\sophra\[39msrc\lib\nous\observe\collector.test.ts:128:21
      at [90mfile:///D:/sophra/[39mnode_modules/[4m@vitest[24m/runner/dist/index.js:146:14
      at [90mfile:///D:/sophra/[39mnode_modules/[4m@vitest[24m/runner/dist/index.js:533:11
      at runWithTimeout [90m(file:///D:/sophra/[39mnode_modules/[4m@vitest[24m/runner/dist/index.js:39:7[90m)[39m
      at runTest [90m(file:///D:/sophra/[39mnode_modules/[4m@vitest[24m/runner/dist/index.js:1056:17[90m)[39m
      at runSuite [90m(file:///D:/sophra/[39mnode_modules/[4m@vitest[24m/runner/dist/index.js:1205:15[90m)[39m
      at runSuite [90m(file:///D:/sophra/[39mnode_modules/[4m@vitest[24m/runner/dist/index.js:1205:15[90m)[39m
      at runSuite [90m(file:///D:/sophra/[39mnode_modules/[4m@vitest[24m/runner/dist/index.js:1205:15[90m)[39m
      at runFiles [90m(file:///D:/sophra/[39mnode_modules/[4m@vitest[24m/runner/dist/index.js:1262:5[90m)[39m
      at startTests [90m(file:///D:/sophra/[39mnode_modules/[4m@vitest[24m/runner/dist/index.js:1271:3[90m)[39m,
  event: {
    type: [32m&apos;search&apos;[39m,
    timestamp: [35m2025-01-09T17:03:47.176Z[39m,
    data: { value: [33m98[39m }
  }
}
[default] Error in observer {
  error: Error: Test error
      at [90mD:\sophra\[39msrc\lib\nous\observe\collector.test.ts:128:21
      at [90mfile:///D:/sophra/[39mnode_modules/[4m@vitest[24m/runner/dist/index.js:146:14
      at [90mfile:///D:/sophra/[39mnode_modules/[4m@vitest[24m/runner/dist/index.js:533:11
      at runWithTimeout [90m(file:///D:/sophra/[39mnode_modules/[4m@vitest[24m/runner/dist/index.js:39:7[90m)[39m
      at runTest [90m(file:///D:/sophra/[39mnode_modules/[4m@vitest[24m/runner/dist/index.js:1056:17[90m)[39m
      at runSuite [90m(file:///D:/sophra/[39mnode_modules/[4m@vitest[24m/runner/dist/index.js:1205:15[90m)[39m
      at runSuite [90m(file:///D:/sophra/[39mnode_modules/[4m@vitest[24m/runner/dist/index.js:1205:15[90m)[39m
      at runSuite [90m(file:///D:/sophra/[39mnode_modules/[4m@vitest[24m/runner/dist/index.js:1205:15[90m)[39m
      at runFiles [90m(file:///D:/sophra/[39mnode_modules/[4m@vitest[24m/runner/dist/index.js:1262:5[90m)[39m
      at startTests [90m(file:///D:/sophra/[39mnode_modules/[4m@vitest[24m/runner/dist/index.js:1271:3[90m)[39m,
  event: {
    type: [32m&apos;search&apos;[39m,
    timestamp: [35m2025-01-09T17:03:47.177Z[39m,
    data: { value: [33m99[39m }
  }
}
[default] Error in observer {
  error: Error: Test error
      at [90mD:\sophra\[39msrc\lib\nous\observe\collector.test.ts:128:21
      at [90mfile:///D:/sophra/[39mnode_modules/[4m@vitest[24m/runner/dist/index.js:146:14
      at [90mfile:///D:/sophra/[39mnode_modules/[4m@vitest[24m/runner/dist/index.js:533:11
      at runWithTimeout [90m(file:///D:/sophra/[39mnode_modules/[4m@vitest[24m/runner/dist/index.js:39:7[90m)[39m
      at runTest [90m(file:///D:/sophra/[39mnode_modules/[4m@vitest[24m/runner/dist/index.js:1056:17[90m)[39m
      at runSuite [90m(file:///D:/sophra/[39mnode_modules/[4m@vitest[24m/runner/dist/index.js:1205:15[90m)[39m
      at runSuite [90m(file:///D:/sophra/[39mnode_modules/[4m@vitest[24m/runner/dist/index.js:1205:15[90m)[39m
      at runSuite [90m(file:///D:/sophra/[39mnode_modules/[4m@vitest[24m/runner/dist/index.js:1205:15[90m)[39m
      at runFiles [90m(file:///D:/sophra/[39mnode_modules/[4m@vitest[24m/runner/dist/index.js:1262:5[90m)[39m
      at startTests [90m(file:///D:/sophra/[39mnode_modules/[4m@vitest[24m/runner/dist/index.js:1271:3[90m)[39m,
  event: {
    type: [32m&apos;search&apos;[39m,
    timestamp: [35m2025-01-09T17:03:47.178Z[39m,
    data: { value: [33m100[39m }
  }
}

            </system-err>
        </testcase>
        <testcase classname="src/lib/nous/observe/collector.test.ts" name="EventCollector &gt; event processing &gt; should maintain event order with async observers" time="0.0771023">
            <system-err>
[default] Error in observer {
  error: Error: Test error
      at [90mD:\sophra\[39msrc\lib\nous\observe\collector.test.ts:128:21
      at [90mfile:///D:/sophra/[39mnode_modules/[4m@vitest[24m/runner/dist/index.js:146:14
      at [90mfile:///D:/sophra/[39mnode_modules/[4m@vitest[24m/runner/dist/index.js:533:11
      at runWithTimeout [90m(file:///D:/sophra/[39mnode_modules/[4m@vitest[24m/runner/dist/index.js:39:7[90m)[39m
      at runTest [90m(file:///D:/sophra/[39mnode_modules/[4m@vitest[24m/runner/dist/index.js:1056:17[90m)[39m
      at runSuite [90m(file:///D:/sophra/[39mnode_modules/[4m@vitest[24m/runner/dist/index.js:1205:15[90m)[39m
      at runSuite [90m(file:///D:/sophra/[39mnode_modules/[4m@vitest[24m/runner/dist/index.js:1205:15[90m)[39m
      at runSuite [90m(file:///D:/sophra/[39mnode_modules/[4m@vitest[24m/runner/dist/index.js:1205:15[90m)[39m
      at runFiles [90m(file:///D:/sophra/[39mnode_modules/[4m@vitest[24m/runner/dist/index.js:1262:5[90m)[39m
      at startTests [90m(file:///D:/sophra/[39mnode_modules/[4m@vitest[24m/runner/dist/index.js:1271:3[90m)[39m,
  event: {
    type: [32m&apos;search&apos;[39m,
    timestamp: [35m2025-01-09T17:03:47.100Z[39m,
    data: { value: [33m1[39m }
  }
}

[default] Error in observer {
  error: Error: Test error
      at [90mD:\sophra\[39msrc\lib\nous\observe\collector.test.ts:128:21
      at [90mfile:///D:/sophra/[39mnode_modules/[4m@vitest[24m/runner/dist/index.js:146:14
      at [90mfile:///D:/sophra/[39mnode_modules/[4m@vitest[24m/runner/dist/index.js:533:11
      at runWithTimeout [90m(file:///D:/sophra/[39mnode_modules/[4m@vitest[24m/runner/dist/index.js:39:7[90m)[39m
      at runTest [90m(file:///D:/sophra/[39mnode_modules/[4m@vitest[24m/runner/dist/index.js:1056:17[90m)[39m
      at runSuite [90m(file:///D:/sophra/[39mnode_modules/[4m@vitest[24m/runner/dist/index.js:1205:15[90m)[39m
      at runSuite [90m(file:///D:/sophra/[39mnode_modules/[4m@vitest[24m/runner/dist/index.js:1205:15[90m)[39m
      at runSuite [90m(file:///D:/sophra/[39mnode_modules/[4m@vitest[24m/runner/dist/index.js:1205:15[90m)[39m
      at runFiles [90m(file:///D:/sophra/[39mnode_modules/[4m@vitest[24m/runner/dist/index.js:1262:5[90m)[39m
      at startTests [90m(file:///D:/sophra/[39mnode_modules/[4m@vitest[24m/runner/dist/index.js:1271:3[90m)[39m,
  event: {
    type: [32m&apos;search&apos;[39m,
    timestamp: [35m2025-01-09T17:03:47.101Z[39m,
    data: { value: [33m2[39m }
  }
}

[default] Error in observer {
  error: Error: Test error
      at [90mD:\sophra\[39msrc\lib\nous\observe\collector.test.ts:128:21
      at [90mfile:///D:/sophra/[39mnode_modules/[4m@vitest[24m/runner/dist/index.js:146:14
      at [90mfile:///D:/sophra/[39mnode_modules/[4m@vitest[24m/runner/dist/index.js:533:11
      at runWithTimeout [90m(file:///D:/sophra/[39mnode_modules/[4m@vitest[24m/runner/dist/index.js:39:7[90m)[39m
      at runTest [90m(file:///D:/sophra/[39mnode_modules/[4m@vitest[24m/runner/dist/index.js:1056:17[90m)[39m
      at runSuite [90m(file:///D:/sophra/[39mnode_modules/[4m@vitest[24m/runner/dist/index.js:1205:15[90m)[39m
      at runSuite [90m(file:///D:/sophra/[39mnode_modules/[4m@vitest[24m/runner/dist/index.js:1205:15[90m)[39m
      at runSuite [90m(file:///D:/sophra/[39mnode_modules/[4m@vitest[24m/runner/dist/index.js:1205:15[90m)[39m
      at runFiles [90m(file:///D:/sophra/[39mnode_modules/[4m@vitest[24m/runner/dist/index.js:1262:5[90m)[39m
      at startTests [90m(file:///D:/sophra/[39mnode_modules/[4m@vitest[24m/runner/dist/index.js:1271:3[90m)[39m,
  event: {
    type: [32m&apos;search&apos;[39m,
    timestamp: [35m2025-01-09T17:03:47.103Z[39m,
    data: { value: [33m3[39m }
  }
}

[default] Error in observer {
  error: Error: Test error
      at [90mD:\sophra\[39msrc\lib\nous\observe\collector.test.ts:128:21
      at [90mfile:///D:/sophra/[39mnode_modules/[4m@vitest[24m/runner/dist/index.js:146:14
      at [90mfile:///D:/sophra/[39mnode_modules/[4m@vitest[24m/runner/dist/index.js:533:11
      at runWithTimeout [90m(file:///D:/sophra/[39mnode_modules/[4m@vitest[24m/runner/dist/index.js:39:7[90m)[39m
      at runTest [90m(file:///D:/sophra/[39mnode_modules/[4m@vitest[24m/runner/dist/index.js:1056:17[90m)[39m
      at runSuite [90m(file:///D:/sophra/[39mnode_modules/[4m@vitest[24m/runner/dist/index.js:1205:15[90m)[39m
      at runSuite [90m(file:///D:/sophra/[39mnode_modules/[4m@vitest[24m/runner/dist/index.js:1205:15[90m)[39m
      at runSuite [90m(file:///D:/sophra/[39mnode_modules/[4m@vitest[24m/runner/dist/index.js:1205:15[90m)[39m
      at runFiles [90m(file:///D:/sophra/[39mnode_modules/[4m@vitest[24m/runner/dist/index.js:1262:5[90m)[39m
      at startTests [90m(file:///D:/sophra/[39mnode_modules/[4m@vitest[24m/runner/dist/index.js:1271:3[90m)[39m,
  event: {
    type: [32m&apos;search&apos;[39m,
    timestamp: [35m2025-01-09T17:03:47.104Z[39m,
    data: { value: [33m4[39m }
  }
}

[default] Error in observer {
  error: Error: Test error
      at [90mD:\sophra\[39msrc\lib\nous\observe\collector.test.ts:128:21
      at [90mfile:///D:/sophra/[39mnode_modules/[4m@vitest[24m/runner/dist/index.js:146:14
      at [90mfile:///D:/sophra/[39mnode_modules/[4m@vitest[24m/runner/dist/index.js:533:11
      at runWithTimeout [90m(file:///D:/sophra/[39mnode_modules/[4m@vitest[24m/runner/dist/index.js:39:7[90m)[39m
      at runTest [90m(file:///D:/sophra/[39mnode_modules/[4m@vitest[24m/runner/dist/index.js:1056:17[90m)[39m
      at runSuite [90m(file:///D:/sophra/[39mnode_modules/[4m@vitest[24m/runner/dist/index.js:1205:15[90m)[39m
      at runSuite [90m(file:///D:/sophra/[39mnode_modules/[4m@vitest[24m/runner/dist/index.js:1205:15[90m)[39m
      at runSuite [90m(file:///D:/sophra/[39mnode_modules/[4m@vitest[24m/runner/dist/index.js:1205:15[90m)[39m
      at runFiles [90m(file:///D:/sophra/[39mnode_modules/[4m@vitest[24m/runner/dist/index.js:1262:5[90m)[39m
      at startTests [90m(file:///D:/sophra/[39mnode_modules/[4m@vitest[24m/runner/dist/index.js:1271:3[90m)[39m,
  event: {
    type: [32m&apos;search&apos;[39m,
    timestamp: [35m2025-01-09T17:03:47.105Z[39m,
    data: { value: [33m5[39m }
  }
}

            </system-err>
        </testcase>
        <testcase classname="src/lib/nous/observe/collector.test.ts" name="EventCollector &gt; event processing &gt; should handle concurrent event processing" time="0.0624616">
            <system-err>
[default] Error in observer {
  error: Error: Test error
      at [90mD:\sophra\[39msrc\lib\nous\observe\collector.test.ts:128:21
      at [90mfile:///D:/sophra/[39mnode_modules/[4m@vitest[24m/runner/dist/index.js:146:14
      at [90mfile:///D:/sophra/[39mnode_modules/[4m@vitest[24m/runner/dist/index.js:533:11
      at runWithTimeout [90m(file:///D:/sophra/[39mnode_modules/[4m@vitest[24m/runner/dist/index.js:39:7[90m)[39m
      at runTest [90m(file:///D:/sophra/[39mnode_modules/[4m@vitest[24m/runner/dist/index.js:1056:17[90m)[39m
      at runSuite [90m(file:///D:/sophra/[39mnode_modules/[4m@vitest[24m/runner/dist/index.js:1205:15[90m)[39m
      at runSuite [90m(file:///D:/sophra/[39mnode_modules/[4m@vitest[24m/runner/dist/index.js:1205:15[90m)[39m
      at runSuite [90m(file:///D:/sophra/[39mnode_modules/[4m@vitest[24m/runner/dist/index.js:1205:15[90m)[39m
      at runFiles [90m(file:///D:/sophra/[39mnode_modules/[4m@vitest[24m/runner/dist/index.js:1262:5[90m)[39m
      at startTests [90m(file:///D:/sophra/[39mnode_modules/[4m@vitest[24m/runner/dist/index.js:1271:3[90m)[39m,
  event: {
    type: [32m&apos;search&apos;[39m,
    timestamp: [35m2025-01-09T17:03:47.178Z[39m,
    data: { value: [33m1[39m }
  }
}

[default] Error in observer {
  error: Error: Test error
      at [90mD:\sophra\[39msrc\lib\nous\observe\collector.test.ts:128:21
      at [90mfile:///D:/sophra/[39mnode_modules/[4m@vitest[24m/runner/dist/index.js:146:14
      at [90mfile:///D:/sophra/[39mnode_modules/[4m@vitest[24m/runner/dist/index.js:533:11
      at runWithTimeout [90m(file:///D:/sophra/[39mnode_modules/[4m@vitest[24m/runner/dist/index.js:39:7[90m)[39m
      at runTest [90m(file:///D:/sophra/[39mnode_modules/[4m@vitest[24m/runner/dist/index.js:1056:17[90m)[39m
      at runSuite [90m(file:///D:/sophra/[39mnode_modules/[4m@vitest[24m/runner/dist/index.js:1205:15[90m)[39m
      at runSuite [90m(file:///D:/sophra/[39mnode_modules/[4m@vitest[24m/runner/dist/index.js:1205:15[90m)[39m
      at runSuite [90m(file:///D:/sophra/[39mnode_modules/[4m@vitest[24m/runner/dist/index.js:1205:15[90m)[39m
      at runFiles [90m(file:///D:/sophra/[39mnode_modules/[4m@vitest[24m/runner/dist/index.js:1262:5[90m)[39m
      at startTests [90m(file:///D:/sophra/[39mnode_modules/[4m@vitest[24m/runner/dist/index.js:1271:3[90m)[39m,
  event: {
    type: [32m&apos;search&apos;[39m,
    timestamp: [35m2025-01-09T17:03:47.178Z[39m,
    data: { value: [33m2[39m }
  }
}

            </system-err>
        </testcase>
        <testcase classname="src/lib/nous/observe/collector.test.ts" name="EventCollector &gt; event processing &gt; should handle errors during event processing" time="0.005589">
            <failure message="expected &quot;error&quot; to be called with arguments: [ &apos;Error in observer&apos;, { …(3) } ][90m

Received: 

[1m  1st error call:

[22m[2m  Array [[22m
[2m    &quot;Error in observer&quot;,[22m
[2m    Object {[22m
[32m-     &quot;error&quot;: [Error: Processing error],[90m
[31m+     &quot;error&quot;: [Error: Test error],[90m
[2m      &quot;event&quot;: Object {[22m
[2m        &quot;data&quot;: Object {[22m
[2m          &quot;value&quot;: 42,[22m
[2m        },[22m
[2m        &quot;timestamp&quot;: 2025-01-09T17:03:47.240Z,[22m
[2m        &quot;type&quot;: &quot;search&quot;,[22m
[32m-     },[90m
[32m-     &quot;observer&quot;: Object {[90m
[32m-       &quot;on_event&quot;: [Function spy],[90m
[2m      },[22m
[2m    },[22m
[2m  ][22m

[1m  2nd error call:

[22m[2m  Array [[22m
[2m    &quot;Error in observer&quot;,[22m
[2m    Object {[22m
[2m      &quot;error&quot;: [Error: Processing error],[22m
[2m      &quot;event&quot;: Object {[22m
[2m        &quot;data&quot;: Object {[22m
[2m          &quot;value&quot;: 42,[22m
[2m        },[22m
[2m        &quot;timestamp&quot;: 2025-01-09T17:03:47.240Z,[22m
[2m        &quot;type&quot;: &quot;search&quot;,[22m
[2m      },[22m
[32m-     &quot;observer&quot;: Object {[90m
[32m-       &quot;on_event&quot;: [Function spy],[90m
[32m-     },[90m
[2m    },[22m
[2m  ][22m
[39m[90m

Number of calls: [1m2[22m
[39m" type="AssertionError">
AssertionError: expected &quot;error&quot; to be called with arguments: [ &apos;Error in observer&apos;, { …(3) } ]

Received: 

  1st error call:

  Array [
    &quot;Error in observer&quot;,
    Object {
-     &quot;error&quot;: [Error: Processing error],
+     &quot;error&quot;: [Error: Test error],
      &quot;event&quot;: Object {
        &quot;data&quot;: Object {
          &quot;value&quot;: 42,
        },
        &quot;timestamp&quot;: 2025-01-09T17:03:47.240Z,
        &quot;type&quot;: &quot;search&quot;,
-     },
-     &quot;observer&quot;: Object {
-       &quot;on_event&quot;: [Function spy],
      },
    },
  ]

  2nd error call:

  Array [
    &quot;Error in observer&quot;,
    Object {
      &quot;error&quot;: [Error: Processing error],
      &quot;event&quot;: Object {
        &quot;data&quot;: Object {
          &quot;value&quot;: 42,
        },
        &quot;timestamp&quot;: 2025-01-09T17:03:47.240Z,
        &quot;type&quot;: &quot;search&quot;,
      },
-     &quot;observer&quot;: Object {
-       &quot;on_event&quot;: [Function spy],
-     },
    },
  ]


Number of calls: 2

 ❯ src/lib/nous/observe/collector.test.ts:325:28
            </failure>
        </testcase>
        <testcase classname="src/lib/nous/observe/collector.test.ts" name="EventCollector &gt; event processing &gt; should continue processing after observer error" time="0.0010801">
        </testcase>
    </testsuite>
</testsuites>
