<?xml version="1.0" encoding="UTF-8" ?>
<testsuites name="vitest tests" tests="117" failures="117" errors="0" time="4813.494">
    <testsuite name="src/lib/nous/engine/service.test.ts" timestamp="2025-01-08T10:30:04.591Z" hostname="sophra" tests="1" failures="1" errors="0" skipped="0" time="0">
        <testcase classname="src/lib/nous/engine/service.test.ts" name="src/lib/nous/engine/service.test.ts" time="0">
            <failure message="No test suite found in file D:/sophra/src/lib/nous/engine/service.test.ts" type="Error">
Error: No test suite found in file D:/sophra/src/lib/nous/engine/service.test.ts
            </failure>
        </testcase>
    </testsuite>
    <testsuite name="src/lib/nous/learn/pipeline.test.ts" timestamp="2025-01-08T10:30:04.598Z" hostname="sophra" tests="1" failures="1" errors="0" skipped="0" time="0">
        <testcase classname="src/lib/nous/learn/pipeline.test.ts" name="src/lib/nous/learn/pipeline.test.ts" time="0">
            <failure message="Failed to load url ~/vitest.setup (resolved id: ~/vitest.setup) in D:/sophra/src/lib/nous/learn/pipeline.test.ts. Does the file exist?" type="Error">
Error: Failed to load url ~/vitest.setup (resolved id: ~/vitest.setup) in D:/sophra/src/lib/nous/learn/pipeline.test.ts. Does the file exist?
 ❯ loadAndTransform node_modules/vitest/node_modules/vite/dist/node/chunks/dep-CB_7IfJ-.js:51920:17
            </failure>
        </testcase>
    </testsuite>
    <testsuite name="src/lib/cortex/elasticsearch/services.test.ts" timestamp="2025-01-08T10:30:04.604Z" hostname="sophra" tests="1" failures="1" errors="0" skipped="0" time="0">
        <testcase classname="src/lib/cortex/elasticsearch/services.test.ts" name="src/lib/cortex/elasticsearch/services.test.ts" time="0">
            <failure message="No test suite found in file D:/sophra/src/lib/cortex/elasticsearch/services.test.ts" type="Error">
Error: No test suite found in file D:/sophra/src/lib/cortex/elasticsearch/services.test.ts
            </failure>
        </testcase>
    </testsuite>
    <testsuite name="src/lib/cortex/core/sync-service.test.ts" timestamp="2025-01-08T10:30:04.610Z" hostname="sophra" tests="1" failures="1" errors="0" skipped="0" time="0">
        <testcase classname="src/lib/cortex/core/sync-service.test.ts" name="src/lib/cortex/core/sync-service.test.ts" time="0">
            <failure message="No test suite found in file D:/sophra/src/lib/cortex/core/sync-service.test.ts" type="Error">
Error: No test suite found in file D:/sophra/src/lib/cortex/core/sync-service.test.ts
            </failure>
        </testcase>
    </testsuite>
    <testsuite name="src/lib/cortex/core/client.test.ts" timestamp="2025-01-08T10:30:04.617Z" hostname="sophra" tests="1" failures="1" errors="0" skipped="0" time="0">
        <testcase classname="src/lib/cortex/core/client.test.ts" name="src/lib/cortex/core/client.test.ts" time="0">
            <failure message="No test suite found in file D:/sophra/src/lib/cortex/core/client.test.ts" type="Error">
Error: No test suite found in file D:/sophra/src/lib/cortex/core/client.test.ts
            </failure>
        </testcase>
    </testsuite>
    <testsuite name="src/lib/nous/observe/signals.test.ts" timestamp="2025-01-08T10:30:04.622Z" hostname="sophra" tests="1" failures="1" errors="0" skipped="0" time="0">
        <testcase classname="src/lib/nous/observe/signals.test.ts" name="src/lib/nous/observe/signals.test.ts" time="0">
            <failure message="No test suite found in file D:/sophra/src/lib/nous/observe/signals.test.ts" type="Error">
Error: No test suite found in file D:/sophra/src/lib/nous/observe/signals.test.ts
            </failure>
        </testcase>
    </testsuite>
    <testsuite name="src/lib/cortex/analytics/service.test.ts" timestamp="2025-01-08T10:30:04.630Z" hostname="sophra" tests="1" failures="1" errors="0" skipped="0" time="0">
        <testcase classname="src/lib/cortex/analytics/service.test.ts" name="src/lib/cortex/analytics/service.test.ts" time="0">
            <failure message="No test suite found in file D:/sophra/src/lib/cortex/analytics/service.test.ts" type="Error">
Error: No test suite found in file D:/sophra/src/lib/cortex/analytics/service.test.ts
            </failure>
        </testcase>
    </testsuite>
    <testsuite name="src/lib/nous/monitoring/metrics.test.ts" timestamp="2025-01-08T10:30:04.636Z" hostname="sophra" tests="1" failures="1" errors="0" skipped="0" time="0">
        <testcase classname="src/lib/nous/monitoring/metrics.test.ts" name="src/lib/nous/monitoring/metrics.test.ts" time="0">
            <failure message="No test suite found in file D:/sophra/src/lib/nous/monitoring/metrics.test.ts" type="Error">
Error: No test suite found in file D:/sophra/src/lib/nous/monitoring/metrics.test.ts
            </failure>
        </testcase>
    </testsuite>
    <testsuite name="src/app/api/nous/signals/process/process.route.test.ts" timestamp="2025-01-08T10:30:04.642Z" hostname="sophra" tests="1" failures="1" errors="0" skipped="0" time="0">
        <testcase classname="src/app/api/nous/signals/process/process.route.test.ts" name="src/app/api/nous/signals/process/process.route.test.ts" time="0">
            <failure message="No test suite found in file D:/sophra/src/app/api/nous/signals/process/process.route.test.ts" type="Error">
Error: No test suite found in file D:/sophra/src/app/api/nous/signals/process/process.route.test.ts
            </failure>
        </testcase>
    </testsuite>
    <testsuite name="src/app/api/nous/ab-testing/experiments/apply/apply.route.test.ts" timestamp="2025-01-08T10:30:04.647Z" hostname="sophra" tests="1" failures="1" errors="0" skipped="0" time="0">
        <testcase classname="src/app/api/nous/ab-testing/experiments/apply/apply.route.test.ts" name="src/app/api/nous/ab-testing/experiments/apply/apply.route.test.ts" time="0">
            <failure message="No test suite found in file D:/sophra/src/app/api/nous/ab-testing/experiments/apply/apply.route.test.ts" type="Error">
Error: No test suite found in file D:/sophra/src/app/api/nous/ab-testing/experiments/apply/apply.route.test.ts
            </failure>
        </testcase>
    </testsuite>
    <testsuite name="src/lib/cortex/redis/services.test.ts" timestamp="2025-01-08T10:30:04.653Z" hostname="sophra" tests="1" failures="1" errors="0" skipped="0" time="0">
        <testcase classname="src/lib/cortex/redis/services.test.ts" name="src/lib/cortex/redis/services.test.ts" time="0">
            <failure message="No test suite found in file D:/sophra/src/lib/cortex/redis/services.test.ts" type="Error">
Error: No test suite found in file D:/sophra/src/lib/cortex/redis/services.test.ts
            </failure>
        </testcase>
    </testsuite>
    <testsuite name="src/lib/cortex/types/search.types.test.ts" timestamp="2025-01-08T10:30:04.658Z" hostname="sophra" tests="1" failures="1" errors="0" skipped="0" time="0">
        <testcase classname="src/lib/cortex/types/search.types.test.ts" name="src/lib/cortex/types/search.types.test.ts" time="0">
            <failure message="No test suite found in file D:/sophra/src/lib/cortex/types/search.types.test.ts" type="Error">
Error: No test suite found in file D:/sophra/src/lib/cortex/types/search.types.test.ts
            </failure>
        </testcase>
    </testsuite>
    <testsuite name="src/lib/shared/engine/processors/strategy-processor.test.ts" timestamp="2025-01-08T10:30:04.664Z" hostname="sophra" tests="1" failures="1" errors="0" skipped="0" time="0">
        <testcase classname="src/lib/shared/engine/processors/strategy-processor.test.ts" name="src/lib/shared/engine/processors/strategy-processor.test.ts" time="0">
            <failure message="No test suite found in file D:/sophra/src/lib/shared/engine/processors/strategy-processor.test.ts" type="Error">
Error: No test suite found in file D:/sophra/src/lib/shared/engine/processors/strategy-processor.test.ts
            </failure>
        </testcase>
    </testsuite>
    <testsuite name="src/app/api/cortex/engine/health/engine.health.route.test.ts" timestamp="2025-01-08T10:30:04.669Z" hostname="sophra" tests="1" failures="1" errors="0" skipped="0" time="0">
        <testcase classname="src/app/api/cortex/engine/health/engine.health.route.test.ts" name="src/app/api/cortex/engine/health/engine.health.route.test.ts" time="0">
            <failure message="No test suite found in file D:/sophra/src/app/api/cortex/engine/health/engine.health.route.test.ts" type="Error">
Error: No test suite found in file D:/sophra/src/app/api/cortex/engine/health/engine.health.route.test.ts
            </failure>
        </testcase>
    </testsuite>
    <testsuite name="src/app/api/nous/ab-testing/experiments/experiments.route.test.ts" timestamp="2025-01-08T10:30:04.674Z" hostname="sophra" tests="1" failures="1" errors="0" skipped="0" time="0">
        <testcase classname="src/app/api/nous/ab-testing/experiments/experiments.route.test.ts" name="src/app/api/nous/ab-testing/experiments/experiments.route.test.ts" time="0">
            <failure message="No test suite found in file D:/sophra/src/app/api/nous/ab-testing/experiments/experiments.route.test.ts" type="Error">
Error: No test suite found in file D:/sophra/src/app/api/nous/ab-testing/experiments/experiments.route.test.ts
            </failure>
        </testcase>
    </testsuite>
    <testsuite name="src/app/api/nous/signals/observe/observe.route.test.ts" timestamp="2025-01-08T10:30:04.681Z" hostname="sophra" tests="1" failures="1" errors="0" skipped="0" time="0">
        <testcase classname="src/app/api/nous/signals/observe/observe.route.test.ts" name="src/app/api/nous/signals/observe/observe.route.test.ts" time="0">
            <failure message="No test suite found in file D:/sophra/src/app/api/nous/signals/observe/observe.route.test.ts" type="Error">
Error: No test suite found in file D:/sophra/src/app/api/nous/signals/observe/observe.route.test.ts
            </failure>
        </testcase>
    </testsuite>
    <testsuite name="src/lib/cortex/elasticsearch/client.test.ts" timestamp="2025-01-08T10:30:04.686Z" hostname="sophra" tests="1" failures="1" errors="0" skipped="0" time="0">
        <testcase classname="src/lib/cortex/elasticsearch/client.test.ts" name="src/lib/cortex/elasticsearch/client.test.ts" time="0">
            <failure message="No test suite found in file D:/sophra/src/lib/cortex/elasticsearch/client.test.ts" type="Error">
Error: No test suite found in file D:/sophra/src/lib/cortex/elasticsearch/client.test.ts
            </failure>
        </testcase>
    </testsuite>
    <testsuite name="src/lib/cortex/feedback/service.test.ts" timestamp="2025-01-08T10:30:04.691Z" hostname="sophra" tests="1" failures="1" errors="0" skipped="0" time="0">
        <testcase classname="src/lib/cortex/feedback/service.test.ts" name="src/lib/cortex/feedback/service.test.ts" time="0">
            <failure message="No test suite found in file D:/sophra/src/lib/cortex/feedback/service.test.ts" type="Error">
Error: No test suite found in file D:/sophra/src/lib/cortex/feedback/service.test.ts
            </failure>
        </testcase>
    </testsuite>
    <testsuite name="src/app/api/nous/signals/route.test.ts" timestamp="2025-01-08T10:30:04.697Z" hostname="sophra" tests="1" failures="1" errors="0" skipped="0" time="0">
        <testcase classname="src/app/api/nous/signals/route.test.ts" name="src/app/api/nous/signals/route.test.ts" time="0">
            <failure message="No test suite found in file D:/sophra/src/app/api/nous/signals/route.test.ts" type="Error">
Error: No test suite found in file D:/sophra/src/app/api/nous/signals/route.test.ts
            </failure>
        </testcase>
    </testsuite>
    <testsuite name="src/app/api/cortex/documents/[id]/vectorize/vectorize.route.test.ts" timestamp="2025-01-08T10:30:04.703Z" hostname="sophra" tests="1" failures="1" errors="0" skipped="0" time="0">
        <testcase classname="src/app/api/cortex/documents/[id]/vectorize/vectorize.route.test.ts" name="src/app/api/cortex/documents/[id]/vectorize/vectorize.route.test.ts" time="0">
            <failure message="Failed to load url ~/vitest.setup (resolved id: ~/vitest.setup) in D:/sophra/src/lib/nous/learn/pipeline.test.ts. Does the file exist?" type="Error">
Error: Failed to load url ~/vitest.setup (resolved id: ~/vitest.setup) in D:/sophra/src/lib/nous/learn/pipeline.test.ts. Does the file exist?
 ❯ loadAndTransform node_modules/vitest/node_modules/vite/dist/node/chunks/dep-CB_7IfJ-.js:51920:17
            </failure>
        </testcase>
    </testsuite>
    <testsuite name="src/lib/nous/engine/real-time-learner.test.ts" timestamp="2025-01-08T10:30:04.710Z" hostname="sophra" tests="1" failures="1" errors="0" skipped="0" time="0">
        <testcase classname="src/lib/nous/engine/real-time-learner.test.ts" name="src/lib/nous/engine/real-time-learner.test.ts" time="0">
            <failure message="No test suite found in file D:/sophra/src/lib/nous/engine/real-time-learner.test.ts" type="Error">
Error: No test suite found in file D:/sophra/src/lib/nous/engine/real-time-learner.test.ts
            </failure>
        </testcase>
    </testsuite>
    <testsuite name="src/lib/nous/observe/processors.test.ts" timestamp="2025-01-08T10:30:04.716Z" hostname="sophra" tests="1" failures="1" errors="0" skipped="0" time="0">
        <testcase classname="src/lib/nous/observe/processors.test.ts" name="src/lib/nous/observe/processors.test.ts" time="0">
            <failure message="No test suite found in file D:/sophra/src/lib/nous/observe/processors.test.ts" type="Error">
Error: No test suite found in file D:/sophra/src/lib/nous/observe/processors.test.ts
            </failure>
        </testcase>
    </testsuite>
    <testsuite name="src/app/api/cortex/feedback/feedback.route.test.ts" timestamp="2025-01-08T10:30:04.722Z" hostname="sophra" tests="1" failures="1" errors="0" skipped="0" time="0">
        <testcase classname="src/app/api/cortex/feedback/feedback.route.test.ts" name="src/app/api/cortex/feedback/feedback.route.test.ts" time="0">
            <failure message="No test suite found in file D:/sophra/src/app/api/cortex/feedback/feedback.route.test.ts" type="Error">
Error: No test suite found in file D:/sophra/src/app/api/cortex/feedback/feedback.route.test.ts
            </failure>
        </testcase>
    </testsuite>
    <testsuite name="src/app/api/cortex/sessions/sessions.route.test.ts" timestamp="2025-01-08T10:30:04.729Z" hostname="sophra" tests="1" failures="1" errors="0" skipped="0" time="0">
        <testcase classname="src/app/api/cortex/sessions/sessions.route.test.ts" name="src/app/api/cortex/sessions/sessions.route.test.ts" time="0">
            <failure message="No test suite found in file D:/sophra/src/app/api/cortex/sessions/sessions.route.test.ts" type="Error">
Error: No test suite found in file D:/sophra/src/app/api/cortex/sessions/sessions.route.test.ts
            </failure>
        </testcase>
    </testsuite>
    <testsuite name="src/app/health/health.route.test.ts" timestamp="2025-01-08T10:30:04.737Z" hostname="sophra" tests="1" failures="1" errors="0" skipped="0" time="0">
        <testcase classname="src/app/health/health.route.test.ts" name="src/app/health/health.route.test.ts" time="0">
            <failure message="No test suite found in file D:/sophra/src/app/health/health.route.test.ts" type="Error">
Error: No test suite found in file D:/sophra/src/app/health/health.route.test.ts
            </failure>
        </testcase>
    </testsuite>
    <testsuite name="src/app/api/nous/ab-testing/results/results.route.test.ts" timestamp="2025-01-08T10:30:04.743Z" hostname="sophra" tests="1" failures="1" errors="0" skipped="0" time="0">
        <testcase classname="src/app/api/nous/ab-testing/results/results.route.test.ts" name="src/app/api/nous/ab-testing/results/results.route.test.ts" time="0">
            <failure message="No test suite found in file D:/sophra/src/app/api/nous/ab-testing/results/results.route.test.ts" type="Error">
Error: No test suite found in file D:/sophra/src/app/api/nous/ab-testing/results/results.route.test.ts
            </failure>
        </testcase>
    </testsuite>
    <testsuite name="src/lib/shared/engine/processors/time-based-processor.test.ts" timestamp="2025-01-08T10:30:04.750Z" hostname="sophra" tests="1" failures="1" errors="0" skipped="0" time="0">
        <testcase classname="src/lib/shared/engine/processors/time-based-processor.test.ts" name="src/lib/shared/engine/processors/time-based-processor.test.ts" time="0">
            <failure message="No test suite found in file D:/sophra/src/lib/shared/engine/processors/time-based-processor.test.ts" type="Error">
Error: No test suite found in file D:/sophra/src/lib/shared/engine/processors/time-based-processor.test.ts
            </failure>
        </testcase>
    </testsuite>
    <testsuite name="src/lib/shared/database/client.test.ts" timestamp="2025-01-08T10:30:04.755Z" hostname="sophra" tests="1" failures="1" errors="0" skipped="0" time="0">
        <testcase classname="src/lib/shared/database/client.test.ts" name="src/lib/shared/database/client.test.ts" time="0">
            <failure message="No test suite found in file D:/sophra/src/lib/shared/database/client.test.ts" type="Error">
Error: No test suite found in file D:/sophra/src/lib/shared/database/client.test.ts
            </failure>
        </testcase>
    </testsuite>
    <testsuite name="src/app/api/api.admin.middleware.test.ts" timestamp="2025-01-08T10:30:04.760Z" hostname="sophra" tests="1" failures="1" errors="0" skipped="0" time="0">
        <testcase classname="src/app/api/api.admin.middleware.test.ts" name="src/app/api/api.admin.middleware.test.ts" time="0">
            <failure message="No test suite found in file D:/sophra/src/app/api/api.admin.middleware.test.ts" type="Error">
Error: No test suite found in file D:/sophra/src/app/api/api.admin.middleware.test.ts
            </failure>
        </testcase>
    </testsuite>
    <testsuite name="src/app/api/cortex/documents/[id]/id.route.test.ts" timestamp="2025-01-08T10:30:04.766Z" hostname="sophra" tests="1" failures="1" errors="0" skipped="0" time="0">
        <testcase classname="src/app/api/cortex/documents/[id]/id.route.test.ts" name="src/app/api/cortex/documents/[id]/id.route.test.ts" time="0">
            <failure message="Failed to load url ~/vitest.setup (resolved id: ~/vitest.setup) in D:/sophra/src/lib/nous/learn/pipeline.test.ts. Does the file exist?" type="Error">
Error: Failed to load url ~/vitest.setup (resolved id: ~/vitest.setup) in D:/sophra/src/lib/nous/learn/pipeline.test.ts. Does the file exist?
 ❯ loadAndTransform node_modules/vitest/node_modules/vite/dist/node/chunks/dep-CB_7IfJ-.js:51920:17
            </failure>
        </testcase>
    </testsuite>
    <testsuite name="src/lib/nous/registry/metadata.test.ts" timestamp="2025-01-08T10:30:04.771Z" hostname="sophra" tests="1" failures="1" errors="0" skipped="0" time="0">
        <testcase classname="src/lib/nous/registry/metadata.test.ts" name="src/lib/nous/registry/metadata.test.ts" time="0">
            <failure message="No test suite found in file D:/sophra/src/lib/nous/registry/metadata.test.ts" type="Error">
Error: No test suite found in file D:/sophra/src/lib/nous/registry/metadata.test.ts
            </failure>
        </testcase>
    </testsuite>
    <testsuite name="src/app/api/keys/keys.route.test.ts" timestamp="2025-01-08T10:30:04.776Z" hostname="sophra" tests="1" failures="1" errors="0" skipped="0" time="0">
        <testcase classname="src/app/api/keys/keys.route.test.ts" name="src/app/api/keys/keys.route.test.ts" time="0">
            <failure message="[vitest] There was an error when mocking a module. If you are using &quot;vi.mock&quot; factory, make sure there are no top level variables inside, since this call is hoisted to top of the file. Read more: https://vitest.dev/api/vi.html#vi-mock" type="Error">
Error: [vitest] There was an error when mocking a module. If you are using &quot;vi.mock&quot; factory, make sure there are no top level variables inside, since this call is hoisted to top of the file. Read more: https://vitest.dev/api/vi.html#vi-mock
 ❯ src/app/api/keys/route.ts:1:1

Caused by: Caused by: ReferenceError: Cannot access &apos;mockCreate&apos; before initialization
 ❯ src/app/api/keys/keys.route.test.ts:5:15
 ❯ src/app/api/keys/route.ts:1:1
            </failure>
        </testcase>
    </testsuite>
    <testsuite name="src/app/api/nous/learn/feedback/feedback.route.test.ts" timestamp="2025-01-08T10:30:04.782Z" hostname="sophra" tests="1" failures="1" errors="0" skipped="0" time="0">
        <testcase classname="src/app/api/nous/learn/feedback/feedback.route.test.ts" name="src/app/api/nous/learn/feedback/feedback.route.test.ts" time="0">
            <failure message="No test suite found in file D:/sophra/src/app/api/nous/learn/feedback/feedback.route.test.ts" type="Error">
Error: No test suite found in file D:/sophra/src/app/api/nous/learn/feedback/feedback.route.test.ts
            </failure>
        </testcase>
    </testsuite>
    <testsuite name="src/lib/shared/engine/learning-engine.test.ts" timestamp="2025-01-08T10:30:04.789Z" hostname="sophra" tests="1" failures="1" errors="0" skipped="0" time="0">
        <testcase classname="src/lib/shared/engine/learning-engine.test.ts" name="src/lib/shared/engine/learning-engine.test.ts" time="0">
            <failure message="Failed to load url ~/vitest.setup (resolved id: ~/vitest.setup) in D:/sophra/src/lib/nous/learn/pipeline.test.ts. Does the file exist?" type="Error">
Error: Failed to load url ~/vitest.setup (resolved id: ~/vitest.setup) in D:/sophra/src/lib/nous/learn/pipeline.test.ts. Does the file exist?
 ❯ loadAndTransform node_modules/vitest/node_modules/vite/dist/node/chunks/dep-CB_7IfJ-.js:51920:17
            </failure>
        </testcase>
    </testsuite>
    <testsuite name="src/app/api/nous/learn/feedback/patterns/patterns.route.test.ts" timestamp="2025-01-08T10:30:04.795Z" hostname="sophra" tests="1" failures="1" errors="0" skipped="0" time="0">
        <testcase classname="src/app/api/nous/learn/feedback/patterns/patterns.route.test.ts" name="src/app/api/nous/learn/feedback/patterns/patterns.route.test.ts" time="0">
            <failure message="No test suite found in file D:/sophra/src/app/api/nous/learn/feedback/patterns/patterns.route.test.ts" type="Error">
Error: No test suite found in file D:/sophra/src/app/api/nous/learn/feedback/patterns/patterns.route.test.ts
            </failure>
        </testcase>
    </testsuite>
    <testsuite name="src/app/api/cortex/indices/indices.route.test.ts" timestamp="2025-01-08T10:30:04.801Z" hostname="sophra" tests="1" failures="1" errors="0" skipped="0" time="0">
        <testcase classname="src/app/api/cortex/indices/indices.route.test.ts" name="src/app/api/cortex/indices/indices.route.test.ts" time="0">
            <failure message="Failed to load url ~/vitest.setup (resolved id: ~/vitest.setup) in D:/sophra/src/lib/nous/learn/pipeline.test.ts. Does the file exist?" type="Error">
Error: Failed to load url ~/vitest.setup (resolved id: ~/vitest.setup) in D:/sophra/src/lib/nous/learn/pipeline.test.ts. Does the file exist?
 ❯ loadAndTransform node_modules/vitest/node_modules/vite/dist/node/chunks/dep-CB_7IfJ-.js:51920:17
            </failure>
        </testcase>
    </testsuite>
    <testsuite name="src/lib/nous/observe/coordinator.test.ts" timestamp="2025-01-08T10:30:04.807Z" hostname="sophra" tests="1" failures="1" errors="0" skipped="0" time="0">
        <testcase classname="src/lib/nous/observe/coordinator.test.ts" name="src/lib/nous/observe/coordinator.test.ts" time="0">
            <failure message="No test suite found in file D:/sophra/src/lib/nous/observe/coordinator.test.ts" type="Error">
Error: No test suite found in file D:/sophra/src/lib/nous/observe/coordinator.test.ts
            </failure>
        </testcase>
    </testsuite>
    <testsuite name="src/lib/nous/observe/collector.test.ts" timestamp="2025-01-08T10:30:04.812Z" hostname="sophra" tests="1" failures="1" errors="0" skipped="0" time="0">
        <testcase classname="src/lib/nous/observe/collector.test.ts" name="src/lib/nous/observe/collector.test.ts" time="0">
            <failure message="No test suite found in file D:/sophra/src/lib/nous/observe/collector.test.ts" type="Error">
Error: No test suite found in file D:/sophra/src/lib/nous/observe/collector.test.ts
            </failure>
        </testcase>
    </testsuite>
    <testsuite name="src/app/api/cortex/documents/documents.route.test.ts" timestamp="2025-01-08T10:30:04.817Z" hostname="sophra" tests="1" failures="1" errors="0" skipped="0" time="0">
        <testcase classname="src/app/api/cortex/documents/documents.route.test.ts" name="src/app/api/cortex/documents/documents.route.test.ts" time="0">
            <failure message="No test suite found in file D:/sophra/src/app/api/cortex/documents/documents.route.test.ts" type="Error">
Error: No test suite found in file D:/sophra/src/app/api/cortex/documents/documents.route.test.ts
            </failure>
        </testcase>
    </testsuite>
    <testsuite name="src/app/api/cortex/search/search.route.test.ts" timestamp="2025-01-08T10:30:04.823Z" hostname="sophra" tests="1" failures="1" errors="0" skipped="0" time="0">
        <testcase classname="src/app/api/cortex/search/search.route.test.ts" name="src/app/api/cortex/search/search.route.test.ts" time="0">
            <failure message="Failed to load url ~/vitest.setup (resolved id: ~/vitest.setup) in D:/sophra/src/lib/nous/learn/pipeline.test.ts. Does the file exist?" type="Error">
Error: Failed to load url ~/vitest.setup (resolved id: ~/vitest.setup) in D:/sophra/src/lib/nous/learn/pipeline.test.ts. Does the file exist?
 ❯ loadAndTransform node_modules/vitest/node_modules/vite/dist/node/chunks/dep-CB_7IfJ-.js:51920:17
            </failure>
        </testcase>
    </testsuite>
    <testsuite name="src/app/api/nous/learn/events/events.route.test.ts" timestamp="2025-01-08T10:30:04.829Z" hostname="sophra" tests="1" failures="1" errors="0" skipped="0" time="0">
        <testcase classname="src/app/api/nous/learn/events/events.route.test.ts" name="src/app/api/nous/learn/events/events.route.test.ts" time="0">
            <failure message="[vitest] There was an error when mocking a module. If you are using &quot;vi.mock&quot; factory, make sure there are no top level variables inside, since this call is hoisted to top of the file. Read more: https://vitest.dev/api/vi.html#vi-mock" type="Error">
Error: [vitest] There was an error when mocking a module. If you are using &quot;vi.mock&quot; factory, make sure there are no top level variables inside, since this call is hoisted to top of the file. Read more: https://vitest.dev/api/vi.html#vi-mock
 ❯ src/app/api/nous/learn/events/events.route.test.ts:28:25

Caused by: Caused by: ReferenceError: Cannot access &apos;mockPrisma&apos; before initialization
 ❯ src/app/api/nous/learn/events/events.route.test.ts:25:11
 ❯ src/app/api/nous/learn/events/events.route.test.ts:28:25
            </failure>
        </testcase>
    </testsuite>
    <testsuite name="src/lib/cortex/documents/service.test.ts" timestamp="2025-01-08T10:30:04.835Z" hostname="sophra" tests="1" failures="1" errors="0" skipped="0" time="0">
        <testcase classname="src/lib/cortex/documents/service.test.ts" name="src/lib/cortex/documents/service.test.ts" time="0">
            <failure message="No test suite found in file D:/sophra/src/lib/cortex/documents/service.test.ts" type="Error">
Error: No test suite found in file D:/sophra/src/lib/cortex/documents/service.test.ts
            </failure>
        </testcase>
    </testsuite>
    <testsuite name="src/lib/nous/registry/version.test.ts" timestamp="2025-01-08T10:30:04.842Z" hostname="sophra" tests="1" failures="1" errors="0" skipped="0" time="0">
        <testcase classname="src/lib/nous/registry/version.test.ts" name="src/lib/nous/registry/version.test.ts" time="0">
            <failure message="No test suite found in file D:/sophra/src/lib/nous/registry/version.test.ts" type="Error">
Error: No test suite found in file D:/sophra/src/lib/nous/registry/version.test.ts
            </failure>
        </testcase>
    </testsuite>
    <testsuite name="src/app/api/cortex/documents/verify/verify.route.test.ts" timestamp="2025-01-08T10:30:04.848Z" hostname="sophra" tests="1" failures="1" errors="0" skipped="0" time="0">
        <testcase classname="src/app/api/cortex/documents/verify/verify.route.test.ts" name="src/app/api/cortex/documents/verify/verify.route.test.ts" time="0">
            <failure message="No test suite found in file D:/sophra/src/app/api/cortex/documents/verify/verify.route.test.ts" type="Error">
Error: No test suite found in file D:/sophra/src/app/api/cortex/documents/verify/verify.route.test.ts
            </failure>
        </testcase>
    </testsuite>
    <testsuite name="src/app/api/cortex/analytics/search/search.route.test.ts" timestamp="2025-01-08T10:30:04.855Z" hostname="sophra" tests="1" failures="1" errors="0" skipped="0" time="0">
        <testcase classname="src/app/api/cortex/analytics/search/search.route.test.ts" name="src/app/api/cortex/analytics/search/search.route.test.ts" time="0">
            <failure message="No test suite found in file D:/sophra/src/app/api/cortex/analytics/search/search.route.test.ts" type="Error">
Error: No test suite found in file D:/sophra/src/app/api/cortex/analytics/search/search.route.test.ts
            </failure>
        </testcase>
    </testsuite>
    <testsuite name="src/app/api/cortex/documents/bulk/bulk.route.test.ts" timestamp="2025-01-08T10:30:04.859Z" hostname="sophra" tests="1" failures="1" errors="0" skipped="0" time="0">
        <testcase classname="src/app/api/cortex/documents/bulk/bulk.route.test.ts" name="src/app/api/cortex/documents/bulk/bulk.route.test.ts" time="0">
            <failure message="No test suite found in file D:/sophra/src/app/api/cortex/documents/bulk/bulk.route.test.ts" type="Error">
Error: No test suite found in file D:/sophra/src/app/api/cortex/documents/bulk/bulk.route.test.ts
            </failure>
        </testcase>
    </testsuite>
    <testsuite name="src/lib/nous/config/types.test.ts" timestamp="2025-01-08T10:30:04.866Z" hostname="sophra" tests="1" failures="1" errors="0" skipped="0" time="0">
        <testcase classname="src/lib/nous/config/types.test.ts" name="src/lib/nous/config/types.test.ts" time="0">
            <failure message="No test suite found in file D:/sophra/src/lib/nous/config/types.test.ts" type="Error">
Error: No test suite found in file D:/sophra/src/lib/nous/config/types.test.ts
            </failure>
        </testcase>
    </testsuite>
    <testsuite name="src/app/api/nous/adapt/apply/apply.route.test.ts" timestamp="2025-01-08T10:30:04.871Z" hostname="sophra" tests="1" failures="1" errors="0" skipped="0" time="0">
        <testcase classname="src/app/api/nous/adapt/apply/apply.route.test.ts" name="src/app/api/nous/adapt/apply/apply.route.test.ts" time="0">
            <failure message="No test suite found in file D:/sophra/src/app/api/nous/adapt/apply/apply.route.test.ts" type="Error">
Error: No test suite found in file D:/sophra/src/app/api/nous/adapt/apply/apply.route.test.ts
            </failure>
        </testcase>
    </testsuite>
    <testsuite name="src/lib/cortex/types/api.types.test.ts" timestamp="2025-01-08T10:30:04.877Z" hostname="sophra" tests="1" failures="1" errors="0" skipped="0" time="0">
        <testcase classname="src/lib/cortex/types/api.types.test.ts" name="src/lib/cortex/types/api.types.test.ts" time="0">
            <failure message="No test suite found in file D:/sophra/src/lib/cortex/types/api.types.test.ts" type="Error">
Error: No test suite found in file D:/sophra/src/lib/cortex/types/api.types.test.ts
            </failure>
        </testcase>
    </testsuite>
    <testsuite name="src/lib/nous/types/core.test.ts" timestamp="2025-01-08T10:30:04.882Z" hostname="sophra" tests="1" failures="1" errors="0" skipped="0" time="0">
        <testcase classname="src/lib/nous/types/core.test.ts" name="src/lib/nous/types/core.test.ts" time="0">
            <failure message="No test suite found in file D:/sophra/src/lib/nous/types/core.test.ts" type="Error">
Error: No test suite found in file D:/sophra/src/lib/nous/types/core.test.ts
            </failure>
        </testcase>
    </testsuite>
    <testsuite name="src/lib/shared/engine/processors/base-processor.test.ts" timestamp="2025-01-08T10:30:04.888Z" hostname="sophra" tests="1" failures="1" errors="0" skipped="0" time="0">
        <testcase classname="src/lib/shared/engine/processors/base-processor.test.ts" name="src/lib/shared/engine/processors/base-processor.test.ts" time="0">
            <failure message="No test suite found in file D:/sophra/src/lib/shared/engine/processors/base-processor.test.ts" type="Error">
Error: No test suite found in file D:/sophra/src/lib/shared/engine/processors/base-processor.test.ts
            </failure>
        </testcase>
    </testsuite>
    <testsuite name="src/app/api/nous/learn/search-patterns/search-patterns.route.test.ts" timestamp="2025-01-08T10:30:04.895Z" hostname="sophra" tests="1" failures="1" errors="0" skipped="0" time="0">
        <testcase classname="src/app/api/nous/learn/search-patterns/search-patterns.route.test.ts" name="src/app/api/nous/learn/search-patterns/search-patterns.route.test.ts" time="0">
            <failure message="No test suite found in file D:/sophra/src/app/api/nous/learn/search-patterns/search-patterns.route.test.ts" type="Error">
Error: No test suite found in file D:/sophra/src/app/api/nous/learn/search-patterns/search-patterns.route.test.ts
            </failure>
        </testcase>
    </testsuite>
    <testsuite name="src/lib/nous/engine/types.test.ts" timestamp="2025-01-08T10:30:04.901Z" hostname="sophra" tests="1" failures="1" errors="0" skipped="0" time="0">
        <testcase classname="src/lib/nous/engine/types.test.ts" name="src/lib/nous/engine/types.test.ts" time="0">
            <failure message="No test suite found in file D:/sophra/src/lib/nous/engine/types.test.ts" type="Error">
Error: No test suite found in file D:/sophra/src/lib/nous/engine/types.test.ts
            </failure>
        </testcase>
    </testsuite>
    <testsuite name="src/lib/nous/config/settings.test.ts" timestamp="2025-01-08T10:30:04.906Z" hostname="sophra" tests="1" failures="1" errors="0" skipped="0" time="0">
        <testcase classname="src/lib/nous/config/settings.test.ts" name="src/lib/nous/config/settings.test.ts" time="0">
            <failure message="No test suite found in file D:/sophra/src/lib/nous/config/settings.test.ts" type="Error">
Error: No test suite found in file D:/sophra/src/lib/nous/config/settings.test.ts
            </failure>
        </testcase>
    </testsuite>
    <testsuite name="src/lib/shared/engine/adapters/metrics-adapter.test.ts" timestamp="2025-01-08T10:30:04.911Z" hostname="sophra" tests="1" failures="1" errors="0" skipped="0" time="0">
        <testcase classname="src/lib/shared/engine/adapters/metrics-adapter.test.ts" name="src/lib/shared/engine/adapters/metrics-adapter.test.ts" time="0">
            <failure message="No test suite found in file D:/sophra/src/lib/shared/engine/adapters/metrics-adapter.test.ts" type="Error">
Error: No test suite found in file D:/sophra/src/lib/shared/engine/adapters/metrics-adapter.test.ts
            </failure>
        </testcase>
    </testsuite>
    <testsuite name="src/app/api/nous/learn/metrics/metrics.route.test.ts" timestamp="2025-01-08T10:30:04.918Z" hostname="sophra" tests="1" failures="1" errors="0" skipped="0" time="0">
        <testcase classname="src/app/api/nous/learn/metrics/metrics.route.test.ts" name="src/app/api/nous/learn/metrics/metrics.route.test.ts" time="0">
            <failure message="Failed to load url ~/vitest.setup (resolved id: ~/vitest.setup) in D:/sophra/src/lib/nous/learn/pipeline.test.ts. Does the file exist?" type="Error">
Error: Failed to load url ~/vitest.setup (resolved id: ~/vitest.setup) in D:/sophra/src/lib/nous/learn/pipeline.test.ts. Does the file exist?
 ❯ loadAndTransform node_modules/vitest/node_modules/vite/dist/node/chunks/dep-CB_7IfJ-.js:51920:17
            </failure>
        </testcase>
    </testsuite>
    <testsuite name="src/lib/shared/engine/adaptation-engine.test.ts" timestamp="2025-01-08T10:30:04.924Z" hostname="sophra" tests="1" failures="1" errors="0" skipped="0" time="0">
        <testcase classname="src/lib/shared/engine/adaptation-engine.test.ts" name="src/lib/shared/engine/adaptation-engine.test.ts" time="0">
            <failure message="No test suite found in file D:/sophra/src/lib/shared/engine/adaptation-engine.test.ts" type="Error">
Error: No test suite found in file D:/sophra/src/lib/shared/engine/adaptation-engine.test.ts
            </failure>
        </testcase>
    </testsuite>
    <testsuite name="src/lib/shared/engine/adapters/redis-adapter.test.ts" timestamp="2025-01-08T10:30:04.931Z" hostname="sophra" tests="1" failures="1" errors="0" skipped="0" time="0">
        <testcase classname="src/lib/shared/engine/adapters/redis-adapter.test.ts" name="src/lib/shared/engine/adapters/redis-adapter.test.ts" time="0">
            <failure message="No test suite found in file D:/sophra/src/lib/shared/engine/adapters/redis-adapter.test.ts" type="Error">
Error: No test suite found in file D:/sophra/src/lib/shared/engine/adapters/redis-adapter.test.ts
            </failure>
        </testcase>
    </testsuite>
    <testsuite name="src/lib/test/next-server.mock.test.ts" timestamp="2025-01-08T10:30:04.939Z" hostname="sophra" tests="1" failures="1" errors="0" skipped="0" time="0">
        <testcase classname="src/lib/test/next-server.mock.test.ts" name="src/lib/test/next-server.mock.test.ts" time="0">
            <failure message="No test suite found in file D:/sophra/src/lib/test/next-server.mock.test.ts" type="Error">
Error: No test suite found in file D:/sophra/src/lib/test/next-server.mock.test.ts
            </failure>
        </testcase>
    </testsuite>
    <testsuite name="src/lib/cortex/utils/service-manager.test.ts" timestamp="2025-01-08T10:30:04.946Z" hostname="sophra" tests="1" failures="1" errors="0" skipped="0" time="0">
        <testcase classname="src/lib/cortex/utils/service-manager.test.ts" name="src/lib/cortex/utils/service-manager.test.ts" time="0">
            <failure message="No test suite found in file D:/sophra/src/lib/cortex/utils/service-manager.test.ts" type="Error">
Error: No test suite found in file D:/sophra/src/lib/cortex/utils/service-manager.test.ts
            </failure>
        </testcase>
    </testsuite>
    <testsuite name="src/lib/nous/types/events.test.ts" timestamp="2025-01-08T10:30:04.953Z" hostname="sophra" tests="1" failures="1" errors="0" skipped="0" time="0">
        <testcase classname="src/lib/nous/types/events.test.ts" name="src/lib/nous/types/events.test.ts" time="0">
            <failure message="No test suite found in file D:/sophra/src/lib/nous/types/events.test.ts" type="Error">
Error: No test suite found in file D:/sophra/src/lib/nous/types/events.test.ts
            </failure>
        </testcase>
    </testsuite>
    <testsuite name="src/lib/cortex/reporting/alert-thresholds.test.ts" timestamp="2025-01-08T10:30:04.960Z" hostname="sophra" tests="1" failures="1" errors="0" skipped="0" time="0">
        <testcase classname="src/lib/cortex/reporting/alert-thresholds.test.ts" name="src/lib/cortex/reporting/alert-thresholds.test.ts" time="0">
            <failure message="No test suite found in file D:/sophra/src/lib/cortex/reporting/alert-thresholds.test.ts" type="Error">
Error: No test suite found in file D:/sophra/src/lib/cortex/reporting/alert-thresholds.test.ts
            </failure>
        </testcase>
    </testsuite>
    <testsuite name="src/lib/cortex/reporting/distribution.test.ts" timestamp="2025-01-08T10:30:04.968Z" hostname="sophra" tests="1" failures="1" errors="0" skipped="0" time="0">
        <testcase classname="src/lib/cortex/reporting/distribution.test.ts" name="src/lib/cortex/reporting/distribution.test.ts" time="0">
            <failure message="No test suite found in file D:/sophra/src/lib/cortex/reporting/distribution.test.ts" type="Error">
Error: No test suite found in file D:/sophra/src/lib/cortex/reporting/distribution.test.ts
            </failure>
        </testcase>
    </testsuite>
    <testsuite name="src/lib/cortex/events/emitter.test.ts" timestamp="2025-01-08T10:30:04.974Z" hostname="sophra" tests="1" failures="1" errors="0" skipped="0" time="0">
        <testcase classname="src/lib/cortex/events/emitter.test.ts" name="src/lib/cortex/events/emitter.test.ts" time="0">
            <failure message="No test suite found in file D:/sophra/src/lib/cortex/events/emitter.test.ts" type="Error">
Error: No test suite found in file D:/sophra/src/lib/cortex/events/emitter.test.ts
            </failure>
        </testcase>
    </testsuite>
    <testsuite name="src/app/api/nous/learn/models/models.route.test.ts" timestamp="2025-01-08T10:30:04.979Z" hostname="sophra" tests="1" failures="1" errors="0" skipped="0" time="0">
        <testcase classname="src/app/api/nous/learn/models/models.route.test.ts" name="src/app/api/nous/learn/models/models.route.test.ts" time="0">
            <failure message="No test suite found in file D:/sophra/src/app/api/nous/learn/models/models.route.test.ts" type="Error">
Error: No test suite found in file D:/sophra/src/app/api/nous/learn/models/models.route.test.ts
            </failure>
        </testcase>
    </testsuite>
    <testsuite name="src/lib/cortex/redis/client.test.ts" timestamp="2025-01-08T10:30:04.987Z" hostname="sophra" tests="1" failures="1" errors="0" skipped="0" time="0">
        <testcase classname="src/lib/cortex/redis/client.test.ts" name="src/lib/cortex/redis/client.test.ts" time="0">
            <failure message="No test suite found in file D:/sophra/src/lib/cortex/redis/client.test.ts" type="Error">
Error: No test suite found in file D:/sophra/src/lib/cortex/redis/client.test.ts
            </failure>
        </testcase>
    </testsuite>
    <testsuite name="src/lib/cortex/utils/rate-limit.test.ts" timestamp="2025-01-08T10:30:04.993Z" hostname="sophra" tests="1" failures="1" errors="0" skipped="0" time="0">
        <testcase classname="src/lib/cortex/utils/rate-limit.test.ts" name="src/lib/cortex/utils/rate-limit.test.ts" time="0">
            <failure message="No test suite found in file D:/sophra/src/lib/cortex/utils/rate-limit.test.ts" type="Error">
Error: No test suite found in file D:/sophra/src/lib/cortex/utils/rate-limit.test.ts
            </failure>
        </testcase>
    </testsuite>
    <testsuite name="src/lib/cortex/sessions/service.test.ts" timestamp="2025-01-08T10:30:04.999Z" hostname="sophra" tests="1" failures="1" errors="0" skipped="0" time="0">
        <testcase classname="src/lib/cortex/sessions/service.test.ts" name="src/lib/cortex/sessions/service.test.ts" time="0">
            <failure message="No test suite found in file D:/sophra/src/lib/cortex/sessions/service.test.ts" type="Error">
Error: No test suite found in file D:/sophra/src/lib/cortex/sessions/service.test.ts
            </failure>
        </testcase>
    </testsuite>
    <testsuite name="src/lib/nous/learn/training.test.ts" timestamp="2025-01-08T10:30:05.005Z" hostname="sophra" tests="1" failures="1" errors="0" skipped="0" time="0">
        <testcase classname="src/lib/nous/learn/training.test.ts" name="src/lib/nous/learn/training.test.ts" time="0">
            <failure message="No test suite found in file D:/sophra/src/lib/nous/learn/training.test.ts" type="Error">
Error: No test suite found in file D:/sophra/src/lib/nous/learn/training.test.ts
            </failure>
        </testcase>
    </testsuite>
    <testsuite name="src/lib/cortex/utils/request-queue.test.ts" timestamp="2025-01-08T10:30:05.012Z" hostname="sophra" tests="1" failures="1" errors="0" skipped="0" time="0">
        <testcase classname="src/lib/cortex/utils/request-queue.test.ts" name="src/lib/cortex/utils/request-queue.test.ts" time="0">
            <failure message="No test suite found in file D:/sophra/src/lib/cortex/utils/request-queue.test.ts" type="Error">
Error: No test suite found in file D:/sophra/src/lib/cortex/utils/request-queue.test.ts
            </failure>
        </testcase>
    </testsuite>
    <testsuite name="src/app/api/nous/ab-testing/experiments/deactivate/deactivate.route.test.ts" timestamp="2025-01-08T10:30:05.019Z" hostname="sophra" tests="1" failures="1" errors="0" skipped="0" time="0">
        <testcase classname="src/app/api/nous/ab-testing/experiments/deactivate/deactivate.route.test.ts" name="src/app/api/nous/ab-testing/experiments/deactivate/deactivate.route.test.ts" time="0">
            <failure message="No test suite found in file D:/sophra/src/app/api/nous/ab-testing/experiments/deactivate/deactivate.route.test.ts" type="Error">
Error: No test suite found in file D:/sophra/src/app/api/nous/ab-testing/experiments/deactivate/deactivate.route.test.ts
            </failure>
        </testcase>
    </testsuite>
    <testsuite name="src/lib/cortex/monitoring/metrics.test.ts" timestamp="2025-01-08T10:30:05.024Z" hostname="sophra" tests="1" failures="1" errors="0" skipped="0" time="0">
        <testcase classname="src/lib/cortex/monitoring/metrics.test.ts" name="src/lib/cortex/monitoring/metrics.test.ts" time="0">
            <failure message="No test suite found in file D:/sophra/src/lib/cortex/monitoring/metrics.test.ts" type="Error">
Error: No test suite found in file D:/sophra/src/lib/cortex/monitoring/metrics.test.ts
            </failure>
        </testcase>
    </testsuite>
    <testsuite name="src/lib/shared/types/index.test.ts" timestamp="2025-01-08T10:30:05.031Z" hostname="sophra" tests="1" failures="1" errors="0" skipped="0" time="0">
        <testcase classname="src/lib/shared/types/index.test.ts" name="src/lib/shared/types/index.test.ts" time="0">
            <failure message="No test suite found in file D:/sophra/src/lib/shared/types/index.test.ts" type="Error">
Error: No test suite found in file D:/sophra/src/lib/shared/types/index.test.ts
            </failure>
        </testcase>
    </testsuite>
    <testsuite name="src/lib/cortex/reporting/service.test.ts" timestamp="2025-01-08T10:30:05.037Z" hostname="sophra" tests="1" failures="1" errors="0" skipped="0" time="0">
        <testcase classname="src/lib/cortex/reporting/service.test.ts" name="src/lib/cortex/reporting/service.test.ts" time="0">
            <failure message="No test suite found in file D:/sophra/src/lib/cortex/reporting/service.test.ts" type="Error">
Error: No test suite found in file D:/sophra/src/lib/cortex/reporting/service.test.ts
            </failure>
        </testcase>
    </testsuite>
    <testsuite name="src/lib/shared/engine/processors/performance-processor.test.ts" timestamp="2025-01-08T10:30:05.043Z" hostname="sophra" tests="1" failures="1" errors="0" skipped="0" time="0">
        <testcase classname="src/lib/shared/engine/processors/performance-processor.test.ts" name="src/lib/shared/engine/processors/performance-processor.test.ts" time="0">
            <failure message="No test suite found in file D:/sophra/src/lib/shared/engine/processors/performance-processor.test.ts" type="Error">
Error: No test suite found in file D:/sophra/src/lib/shared/engine/processors/performance-processor.test.ts
            </failure>
        </testcase>
    </testsuite>
    <testsuite name="src/app/api/nous/adapt/rules/rules.route.test.ts" timestamp="2025-01-08T10:30:05.048Z" hostname="sophra" tests="1" failures="1" errors="0" skipped="0" time="0">
        <testcase classname="src/app/api/nous/adapt/rules/rules.route.test.ts" name="src/app/api/nous/adapt/rules/rules.route.test.ts" time="0">
            <failure message="No test suite found in file D:/sophra/src/app/api/nous/adapt/rules/rules.route.test.ts" type="Error">
Error: No test suite found in file D:/sophra/src/app/api/nous/adapt/rules/rules.route.test.ts
            </failure>
        </testcase>
    </testsuite>
    <testsuite name="src/lib/nous/models/base.test.ts" timestamp="2025-01-08T10:30:05.053Z" hostname="sophra" tests="1" failures="1" errors="0" skipped="0" time="0">
        <testcase classname="src/lib/nous/models/base.test.ts" name="src/lib/nous/models/base.test.ts" time="0">
            <failure message="No test suite found in file D:/sophra/src/lib/nous/models/base.test.ts" type="Error">
Error: No test suite found in file D:/sophra/src/lib/nous/models/base.test.ts
            </failure>
        </testcase>
    </testsuite>
    <testsuite name="src/lib/cortex/middleware/auth.test.ts" timestamp="2025-01-08T10:30:05.058Z" hostname="sophra" tests="1" failures="1" errors="0" skipped="0" time="0">
        <testcase classname="src/lib/cortex/middleware/auth.test.ts" name="src/lib/cortex/middleware/auth.test.ts" time="0">
            <failure message="No test suite found in file D:/sophra/src/lib/cortex/middleware/auth.test.ts" type="Error">
Error: No test suite found in file D:/sophra/src/lib/cortex/middleware/auth.test.ts
            </failure>
        </testcase>
    </testsuite>
    <testsuite name="src/lib/shared/engine/processors/feedback-processor.test.ts" timestamp="2025-01-08T10:30:05.063Z" hostname="sophra" tests="1" failures="1" errors="0" skipped="0" time="0">
        <testcase classname="src/lib/shared/engine/processors/feedback-processor.test.ts" name="src/lib/shared/engine/processors/feedback-processor.test.ts" time="0">
            <failure message="No test suite found in file D:/sophra/src/lib/shared/engine/processors/feedback-processor.test.ts" type="Error">
Error: No test suite found in file D:/sophra/src/lib/shared/engine/processors/feedback-processor.test.ts
            </failure>
        </testcase>
    </testsuite>
    <testsuite name="src/app/api/nous/ab-testing/experiments/activate/activate.route.test.ts" timestamp="2025-01-08T10:30:05.070Z" hostname="sophra" tests="1" failures="1" errors="0" skipped="0" time="0">
        <testcase classname="src/app/api/nous/ab-testing/experiments/activate/activate.route.test.ts" name="src/app/api/nous/ab-testing/experiments/activate/activate.route.test.ts" time="0">
            <failure message="No test suite found in file D:/sophra/src/app/api/nous/ab-testing/experiments/activate/activate.route.test.ts" type="Error">
Error: No test suite found in file D:/sophra/src/app/api/nous/ab-testing/experiments/activate/activate.route.test.ts
            </failure>
        </testcase>
    </testsuite>
    <testsuite name="src/lib/cortex/utils/validation.test.ts" timestamp="2025-01-08T10:30:05.075Z" hostname="sophra" tests="1" failures="1" errors="0" skipped="0" time="0">
        <testcase classname="src/lib/cortex/utils/validation.test.ts" name="src/lib/cortex/utils/validation.test.ts" time="0">
            <failure message="No test suite found in file D:/sophra/src/lib/cortex/utils/validation.test.ts" type="Error">
Error: No test suite found in file D:/sophra/src/lib/cortex/utils/validation.test.ts
            </failure>
        </testcase>
    </testsuite>
    <testsuite name="src/lib/nous/adapt/rules/index.test.ts" timestamp="2025-01-08T10:30:05.081Z" hostname="sophra" tests="1" failures="1" errors="0" skipped="0" time="0">
        <testcase classname="src/lib/nous/adapt/rules/index.test.ts" name="src/lib/nous/adapt/rules/index.test.ts" time="0">
            <failure message="No test suite found in file D:/sophra/src/lib/nous/adapt/rules/index.test.ts" type="Error">
Error: No test suite found in file D:/sophra/src/lib/nous/adapt/rules/index.test.ts
            </failure>
        </testcase>
    </testsuite>
    <testsuite name="src/app/api/nous/learn/models/sync/sync.route.test.ts" timestamp="2025-01-08T10:30:05.087Z" hostname="sophra" tests="1" failures="1" errors="0" skipped="0" time="0">
        <testcase classname="src/app/api/nous/learn/models/sync/sync.route.test.ts" name="src/app/api/nous/learn/models/sync/sync.route.test.ts" time="0">
            <failure message="No test suite found in file D:/sophra/src/app/api/nous/learn/models/sync/sync.route.test.ts" type="Error">
Error: No test suite found in file D:/sophra/src/app/api/nous/learn/models/sync/sync.route.test.ts
            </failure>
        </testcase>
    </testsuite>
    <testsuite name="src/lib/cortex/types/services.types.test.ts" timestamp="2025-01-08T10:30:05.092Z" hostname="sophra" tests="1" failures="1" errors="0" skipped="0" time="0">
        <testcase classname="src/lib/cortex/types/services.types.test.ts" name="src/lib/cortex/types/services.types.test.ts" time="0">
            <failure message="No test suite found in file D:/sophra/src/lib/cortex/types/services.types.test.ts" type="Error">
Error: No test suite found in file D:/sophra/src/lib/cortex/types/services.types.test.ts
            </failure>
        </testcase>
    </testsuite>
    <testsuite name="src/app/api/cortex/ab-test/assign/assign.route.test.ts" timestamp="2025-01-08T10:30:05.098Z" hostname="sophra" tests="1" failures="1" errors="0" skipped="0" time="0">
        <testcase classname="src/app/api/cortex/ab-test/assign/assign.route.test.ts" name="src/app/api/cortex/ab-test/assign/assign.route.test.ts" time="0">
            <failure message="No test suite found in file D:/sophra/src/app/api/cortex/ab-test/assign/assign.route.test.ts" type="Error">
Error: No test suite found in file D:/sophra/src/app/api/cortex/ab-test/assign/assign.route.test.ts
            </failure>
        </testcase>
    </testsuite>
    <testsuite name="src/lib/nous/adapt/actions/index.test.ts" timestamp="2025-01-08T10:30:05.103Z" hostname="sophra" tests="1" failures="1" errors="0" skipped="0" time="0">
        <testcase classname="src/lib/nous/adapt/actions/index.test.ts" name="src/lib/nous/adapt/actions/index.test.ts" time="0">
            <failure message="No test suite found in file D:/sophra/src/lib/nous/adapt/actions/index.test.ts" type="Error">
Error: No test suite found in file D:/sophra/src/lib/nous/adapt/actions/index.test.ts
            </failure>
        </testcase>
    </testsuite>
    <testsuite name="src/app/api/cortex/ab-test/create/create.route.test.ts" timestamp="2025-01-08T10:30:05.108Z" hostname="sophra" tests="1" failures="1" errors="0" skipped="0" time="0">
        <testcase classname="src/app/api/cortex/ab-test/create/create.route.test.ts" name="src/app/api/cortex/ab-test/create/create.route.test.ts" time="0">
            <failure message="No test suite found in file D:/sophra/src/app/api/cortex/ab-test/create/create.route.test.ts" type="Error">
Error: No test suite found in file D:/sophra/src/app/api/cortex/ab-test/create/create.route.test.ts
            </failure>
        </testcase>
    </testsuite>
    <testsuite name="src/lib/nous/clients/openai.test.ts" timestamp="2025-01-08T10:30:05.113Z" hostname="sophra" tests="1" failures="1" errors="0" skipped="0" time="0">
        <testcase classname="src/lib/nous/clients/openai.test.ts" name="src/lib/nous/clients/openai.test.ts" time="0">
            <failure message="No test suite found in file D:/sophra/src/lib/nous/clients/openai.test.ts" type="Error">
Error: No test suite found in file D:/sophra/src/lib/nous/clients/openai.test.ts
            </failure>
        </testcase>
    </testsuite>
    <testsuite name="src/lib/cortex/types/session.types.test.ts" timestamp="2025-01-08T10:30:05.121Z" hostname="sophra" tests="1" failures="1" errors="0" skipped="0" time="0">
        <testcase classname="src/lib/cortex/types/session.types.test.ts" name="src/lib/cortex/types/session.types.test.ts" time="0">
            <failure message="No test suite found in file D:/sophra/src/lib/cortex/types/session.types.test.ts" type="Error">
Error: No test suite found in file D:/sophra/src/lib/cortex/types/session.types.test.ts
            </failure>
        </testcase>
    </testsuite>
    <testsuite name="src/types/services.test.ts" timestamp="2025-01-08T10:30:05.128Z" hostname="sophra" tests="1" failures="1" errors="0" skipped="0" time="0">
        <testcase classname="src/types/services.test.ts" name="src/types/services.test.ts" time="0">
            <failure message="No test suite found in file D:/sophra/src/types/services.test.ts" type="Error">
Error: No test suite found in file D:/sophra/src/types/services.test.ts
            </failure>
        </testcase>
    </testsuite>
    <testsuite name="src/lib/cortex/elasticsearch/init.test.ts" timestamp="2025-01-08T10:30:05.134Z" hostname="sophra" tests="1" failures="1" errors="0" skipped="0" time="0">
        <testcase classname="src/lib/cortex/elasticsearch/init.test.ts" name="src/lib/cortex/elasticsearch/init.test.ts" time="0">
            <failure message="No test suite found in file D:/sophra/src/lib/cortex/elasticsearch/init.test.ts" type="Error">
Error: No test suite found in file D:/sophra/src/lib/cortex/elasticsearch/init.test.ts
            </failure>
        </testcase>
    </testsuite>
    <testsuite name="src/app/api/cortex/sessions/[sessionId]/analytics/id.analytics.route.test.ts" timestamp="2025-01-08T10:30:05.141Z" hostname="sophra" tests="1" failures="1" errors="0" skipped="0" time="0">
        <testcase classname="src/app/api/cortex/sessions/[sessionId]/analytics/id.analytics.route.test.ts" name="src/app/api/cortex/sessions/[sessionId]/analytics/id.analytics.route.test.ts" time="0">
            <failure message="No test suite found in file D:/sophra/src/app/api/cortex/sessions/[sessionId]/analytics/id.analytics.route.test.ts" type="Error">
Error: No test suite found in file D:/sophra/src/app/api/cortex/sessions/[sessionId]/analytics/id.analytics.route.test.ts
            </failure>
        </testcase>
    </testsuite>
    <testsuite name="src/lib/shared/engine/base-engine.test.ts" timestamp="2025-01-08T10:30:05.147Z" hostname="sophra" tests="1" failures="1" errors="0" skipped="0" time="0">
        <testcase classname="src/lib/shared/engine/base-engine.test.ts" name="src/lib/shared/engine/base-engine.test.ts" time="0">
            <failure message="No test suite found in file D:/sophra/src/lib/shared/engine/base-engine.test.ts" type="Error">
Error: No test suite found in file D:/sophra/src/lib/shared/engine/base-engine.test.ts
            </failure>
        </testcase>
    </testsuite>
    <testsuite name="src/app/api/cortex/api.cortex.types.test.ts" timestamp="2025-01-08T10:30:05.155Z" hostname="sophra" tests="1" failures="1" errors="0" skipped="0" time="0">
        <testcase classname="src/app/api/cortex/api.cortex.types.test.ts" name="src/app/api/cortex/api.cortex.types.test.ts" time="0">
            <failure message="No test suite found in file D:/sophra/src/app/api/cortex/api.cortex.types.test.ts" type="Error">
Error: No test suite found in file D:/sophra/src/app/api/cortex/api.cortex.types.test.ts
            </failure>
        </testcase>
    </testsuite>
    <testsuite name="src/app/api/cortex/metrics/metrics.route.test.ts" timestamp="2025-01-08T10:30:05.164Z" hostname="sophra" tests="1" failures="1" errors="0" skipped="0" time="0">
        <testcase classname="src/app/api/cortex/metrics/metrics.route.test.ts" name="src/app/api/cortex/metrics/metrics.route.test.ts" time="0">
            <failure message="No test suite found in file D:/sophra/src/app/api/cortex/metrics/metrics.route.test.ts" type="Error">
Error: No test suite found in file D:/sophra/src/app/api/cortex/metrics/metrics.route.test.ts
            </failure>
        </testcase>
    </testsuite>
    <testsuite name="src/lib/cortex/reporting/recommendations.test.ts" timestamp="2025-01-08T10:30:05.171Z" hostname="sophra" tests="1" failures="1" errors="0" skipped="0" time="0">
        <testcase classname="src/lib/cortex/reporting/recommendations.test.ts" name="src/lib/cortex/reporting/recommendations.test.ts" time="0">
            <failure message="No test suite found in file D:/sophra/src/lib/cortex/reporting/recommendations.test.ts" type="Error">
Error: No test suite found in file D:/sophra/src/lib/cortex/reporting/recommendations.test.ts
            </failure>
        </testcase>
    </testsuite>
    <testsuite name="src/app/api/keys/admin.middleware.test.ts" timestamp="2025-01-08T10:30:05.177Z" hostname="sophra" tests="1" failures="1" errors="0" skipped="0" time="0">
        <testcase classname="src/app/api/keys/admin.middleware.test.ts" name="src/app/api/keys/admin.middleware.test.ts" time="0">
            <failure message="No test suite found in file D:/sophra/src/app/api/keys/admin.middleware.test.ts" type="Error">
Error: No test suite found in file D:/sophra/src/app/api/keys/admin.middleware.test.ts
            </failure>
        </testcase>
    </testsuite>
    <testsuite name="src/lib/cortex/core/validation-service.test.ts" timestamp="2025-01-08T10:30:05.185Z" hostname="sophra" tests="1" failures="1" errors="0" skipped="0" time="0">
        <testcase classname="src/lib/cortex/core/validation-service.test.ts" name="src/lib/cortex/core/validation-service.test.ts" time="0">
            <failure message="No test suite found in file D:/sophra/src/lib/cortex/core/validation-service.test.ts" type="Error">
Error: No test suite found in file D:/sophra/src/lib/cortex/core/validation-service.test.ts
            </failure>
        </testcase>
    </testsuite>
    <testsuite name="src/lib/shared/logger/src/logger.test.ts" timestamp="2025-01-08T10:30:05.192Z" hostname="sophra" tests="1" failures="1" errors="0" skipped="0" time="0">
        <testcase classname="src/lib/shared/logger/src/logger.test.ts" name="src/lib/shared/logger/src/logger.test.ts" time="0">
            <failure message="No test suite found in file D:/sophra/src/lib/shared/logger/src/logger.test.ts" type="Error">
Error: No test suite found in file D:/sophra/src/lib/shared/logger/src/logger.test.ts
            </failure>
        </testcase>
    </testsuite>
    <testsuite name="src/app/api/cortex/analytics/reports/report.route.test.ts" timestamp="2025-01-08T10:30:05.200Z" hostname="sophra" tests="1" failures="1" errors="0" skipped="0" time="0">
        <testcase classname="src/app/api/cortex/analytics/reports/report.route.test.ts" name="src/app/api/cortex/analytics/reports/report.route.test.ts" time="0">
            <failure message="No test suite found in file D:/sophra/src/app/api/cortex/analytics/reports/report.route.test.ts" type="Error">
Error: No test suite found in file D:/sophra/src/app/api/cortex/analytics/reports/report.route.test.ts
            </failure>
        </testcase>
    </testsuite>
    <testsuite name="src/app/api/nous/adapt/suggest/suggest.route.test.ts" timestamp="2025-01-08T10:30:05.208Z" hostname="sophra" tests="1" failures="1" errors="0" skipped="0" time="0">
        <testcase classname="src/app/api/nous/adapt/suggest/suggest.route.test.ts" name="src/app/api/nous/adapt/suggest/suggest.route.test.ts" time="0">
            <failure message="Expression expected" type="Error">
Error: Expression expected
 ❯ getRollupError node_modules/rollup/dist/es/shared/parseAst.js:396:41
 ❯ convertProgram node_modules/rollup/dist/es/shared/parseAst.js:1084:26
 ❯ parseAstAsync node_modules/rollup/dist/es/shared/parseAst.js:2070:106
 ❯ ssrTransformScript node_modules/vitest/node_modules/vite/dist/node/chunks/dep-CB_7IfJ-.js:52381:11
 ❯ loadAndTransform node_modules/vitest/node_modules/vite/dist/node/chunks/dep-CB_7IfJ-.js:51979:72
            </failure>
        </testcase>
    </testsuite>
    <testsuite name="src/lib/cortex/elasticsearch/mappings.test.ts" timestamp="2025-01-08T10:30:05.216Z" hostname="sophra" tests="1" failures="1" errors="0" skipped="0" time="0">
        <testcase classname="src/lib/cortex/elasticsearch/mappings.test.ts" name="src/lib/cortex/elasticsearch/mappings.test.ts" time="0">
            <failure message="No test suite found in file D:/sophra/src/lib/cortex/elasticsearch/mappings.test.ts" type="Error">
Error: No test suite found in file D:/sophra/src/lib/cortex/elasticsearch/mappings.test.ts
            </failure>
        </testcase>
    </testsuite>
    <testsuite name="src/lib/nous/registry/store.test.ts" timestamp="2025-01-08T10:30:05.224Z" hostname="sophra" tests="1" failures="1" errors="0" skipped="0" time="0">
        <testcase classname="src/lib/nous/registry/store.test.ts" name="src/lib/nous/registry/store.test.ts" time="0">
            <failure message="No test suite found in file D:/sophra/src/lib/nous/registry/store.test.ts" type="Error">
Error: No test suite found in file D:/sophra/src/lib/nous/registry/store.test.ts
            </failure>
        </testcase>
    </testsuite>
    <testsuite name="src/lib/nous/registry/index.test.ts" timestamp="2025-01-08T10:30:05.234Z" hostname="sophra" tests="1" failures="1" errors="0" skipped="0" time="0">
        <testcase classname="src/lib/nous/registry/index.test.ts" name="src/lib/nous/registry/index.test.ts" time="0">
            <failure message="No test suite found in file D:/sophra/src/lib/nous/registry/index.test.ts" type="Error">
Error: No test suite found in file D:/sophra/src/lib/nous/registry/index.test.ts
            </failure>
        </testcase>
    </testsuite>
    <testsuite name="src/lib/cortex/utils/circuit-breaker.test.ts" timestamp="2025-01-08T10:30:05.241Z" hostname="sophra" tests="1" failures="1" errors="0" skipped="0" time="0">
        <testcase classname="src/lib/cortex/utils/circuit-breaker.test.ts" name="src/lib/cortex/utils/circuit-breaker.test.ts" time="0">
            <failure message="No test suite found in file D:/sophra/src/lib/cortex/utils/circuit-breaker.test.ts" type="Error">
Error: No test suite found in file D:/sophra/src/lib/cortex/utils/circuit-breaker.test.ts
            </failure>
        </testcase>
    </testsuite>
    <testsuite name="src/lib/nous/utils/threading.test.ts" timestamp="2025-01-08T10:30:05.249Z" hostname="sophra" tests="1" failures="1" errors="0" skipped="0" time="0">
        <testcase classname="src/lib/nous/utils/threading.test.ts" name="src/lib/nous/utils/threading.test.ts" time="0">
            <failure message="No test suite found in file D:/sophra/src/lib/nous/utils/threading.test.ts" type="Error">
Error: No test suite found in file D:/sophra/src/lib/nous/utils/threading.test.ts
            </failure>
        </testcase>
    </testsuite>
    <testsuite name="src/lib/cortex/postgres/services.test.ts" timestamp="2025-01-08T10:30:05.259Z" hostname="sophra" tests="1" failures="1" errors="0" skipped="0" time="0">
        <testcase classname="src/lib/cortex/postgres/services.test.ts" name="src/lib/cortex/postgres/services.test.ts" time="0">
            <failure message="No test suite found in file D:/sophra/src/lib/cortex/postgres/services.test.ts" type="Error">
Error: No test suite found in file D:/sophra/src/lib/cortex/postgres/services.test.ts
            </failure>
        </testcase>
    </testsuite>
    <testsuite name="src/app/api/admin/permissions.test.ts" timestamp="2025-01-08T10:30:05.266Z" hostname="sophra" tests="1" failures="1" errors="0" skipped="0" time="0">
        <testcase classname="src/app/api/admin/permissions.test.ts" name="src/app/api/admin/permissions.test.ts" time="0">
            <failure message="No test suite found in file D:/sophra/src/app/api/admin/permissions.test.ts" type="Error">
Error: No test suite found in file D:/sophra/src/app/api/admin/permissions.test.ts
            </failure>
        </testcase>
    </testsuite>
    <testsuite name="src/lib/nous/utils/service-manager.test.ts" timestamp="2025-01-08T10:30:05.274Z" hostname="sophra" tests="1" failures="1" errors="0" skipped="0" time="0">
        <testcase classname="src/lib/nous/utils/service-manager.test.ts" name="src/lib/nous/utils/service-manager.test.ts" time="0">
            <failure message="[vitest] No &quot;prisma&quot; export is defined on the &quot;@/lib/shared/database/client&quot; mock. Did you forget to return it from &quot;vi.mock&quot;?
If you need to partially mock a module, you can use &quot;importOriginal&quot; helper inside:
" type="Error">
Error: [vitest] No &quot;prisma&quot; export is defined on the &quot;@/lib/shared/database/client&quot; mock. Did you forget to return it from &quot;vi.mock&quot;?
If you need to partially mock a module, you can use &quot;importOriginal&quot; helper inside:

vi.mock(import(&quot;@/lib/shared/database/client&quot;), async (importOriginal) =&gt; {
  const actual = await importOriginal()
  return {
    ...actual,
    // your mocked methods
  }
})

 ❯ new ServiceManager src/lib/nous/utils/service-manager.ts:38:16
 ❯ Function.getInstance src/lib/nous/utils/service-manager.ts:76:17
 ❯ src/lib/nous/utils/service-manager.ts:1216:66
            </failure>
        </testcase>
    </testsuite>
    <testsuite name="src/lib/cortex/core/services.test.ts" timestamp="2025-01-08T10:30:05.283Z" hostname="sophra" tests="1" failures="1" errors="0" skipped="0" time="0">
        <testcase classname="src/lib/cortex/core/services.test.ts" name="src/lib/cortex/core/services.test.ts" time="0">
            <failure message="No test suite found in file D:/sophra/src/lib/cortex/core/services.test.ts" type="Error">
Error: No test suite found in file D:/sophra/src/lib/cortex/core/services.test.ts
            </failure>
        </testcase>
    </testsuite>
    <testsuite name="src/lib/nous/adapt/types/index.test.ts" timestamp="2025-01-08T10:30:05.290Z" hostname="sophra" tests="1" failures="1" errors="0" skipped="0" time="0">
        <testcase classname="src/lib/nous/adapt/types/index.test.ts" name="src/lib/nous/adapt/types/index.test.ts" time="0">
            <failure message="No test suite found in file D:/sophra/src/lib/nous/adapt/types/index.test.ts" type="Error">
Error: No test suite found in file D:/sophra/src/lib/nous/adapt/types/index.test.ts
            </failure>
        </testcase>
    </testsuite>
    <testsuite name="src/lib/cortex/ab-testing/services.test.ts" timestamp="2025-01-08T10:30:05.299Z" hostname="sophra" tests="1" failures="1" errors="0" skipped="0" time="0">
        <testcase classname="src/lib/cortex/ab-testing/services.test.ts" name="src/lib/cortex/ab-testing/services.test.ts" time="0">
            <failure message="No test suite found in file D:/sophra/src/lib/cortex/ab-testing/services.test.ts" type="Error">
Error: No test suite found in file D:/sophra/src/lib/cortex/ab-testing/services.test.ts
            </failure>
        </testcase>
    </testsuite>
    <testsuite name="src/lib/nous/utils/signal-response.test.ts" timestamp="2025-01-08T10:30:05.308Z" hostname="sophra" tests="1" failures="1" errors="0" skipped="0" time="0">
        <testcase classname="src/lib/nous/utils/signal-response.test.ts" name="src/lib/nous/utils/signal-response.test.ts" time="0">
            <failure message="No test suite found in file D:/sophra/src/lib/nous/utils/signal-response.test.ts" type="Error">
Error: No test suite found in file D:/sophra/src/lib/nous/utils/signal-response.test.ts
            </failure>
        </testcase>
    </testsuite>
    <testsuite name="src/lib/cortex/elasticsearch/core.test.ts" timestamp="2025-01-08T10:30:05.318Z" hostname="sophra" tests="1" failures="1" errors="0" skipped="0" time="0">
        <testcase classname="src/lib/cortex/elasticsearch/core.test.ts" name="src/lib/cortex/elasticsearch/core.test.ts" time="0">
            <failure message="No test suite found in file D:/sophra/src/lib/cortex/elasticsearch/core.test.ts" type="Error">
Error: No test suite found in file D:/sophra/src/lib/cortex/elasticsearch/core.test.ts
            </failure>
        </testcase>
    </testsuite>
    <testsuite name="src/lib/cortex/services/vectorization.test.ts" timestamp="2025-01-08T10:30:05.327Z" hostname="sophra" tests="1" failures="1" errors="0" skipped="0" time="0">
        <testcase classname="src/lib/cortex/services/vectorization.test.ts" name="src/lib/cortex/services/vectorization.test.ts" time="0">
            <failure message="No test suite found in file D:/sophra/src/lib/cortex/services/vectorization.test.ts" type="Error">
Error: No test suite found in file D:/sophra/src/lib/cortex/services/vectorization.test.ts
            </failure>
        </testcase>
    </testsuite>
    <testsuite name="src/lib/cortex/elasticsearch/query-builders.test.ts" timestamp="2025-01-08T10:30:05.335Z" hostname="sophra" tests="1" failures="1" errors="0" skipped="0" time="0">
        <testcase classname="src/lib/cortex/elasticsearch/query-builders.test.ts" name="src/lib/cortex/elasticsearch/query-builders.test.ts" time="0">
            <failure message="No test suite found in file D:/sophra/src/lib/cortex/elasticsearch/query-builders.test.ts" type="Error">
Error: No test suite found in file D:/sophra/src/lib/cortex/elasticsearch/query-builders.test.ts
            </failure>
        </testcase>
    </testsuite>
    <testsuite name="src/lib/nous/learn/models.test.ts" timestamp="2025-01-08T10:30:05.342Z" hostname="sophra" tests="1" failures="1" errors="0" skipped="0" time="0">
        <testcase classname="src/lib/nous/learn/models.test.ts" name="src/lib/nous/learn/models.test.ts" time="0">
            <failure message="No test suite found in file D:/sophra/src/lib/nous/learn/models.test.ts" type="Error">
Error: No test suite found in file D:/sophra/src/lib/nous/learn/models.test.ts
            </failure>
        </testcase>
    </testsuite>
</testsuites>
