<?xml version="1.0" encoding="UTF-8" ?>
<testsuites name="vitest tests" tests="924" failures="7" errors="0" time="31.084">
    <testsuite name="src/types/services.test.ts" timestamp="2025-01-07T18:51:34.810Z" hostname="sophra" tests="9" failures="0" errors="0" skipped="0" time="0.029296">
        <testcase classname="src/types/services.test.ts" name="Services &gt; getUsers &gt; should fetch users successfully" time="0.0083641">
        </testcase>
        <testcase classname="src/types/services.test.ts" name="Services &gt; getUsers &gt; should handle empty users list" time="0.0016783">
        </testcase>
        <testcase classname="src/types/services.test.ts" name="Services &gt; getUsers &gt; should handle network errors" time="0.0044426">
        </testcase>
        <testcase classname="src/types/services.test.ts" name="Services &gt; createUser &gt; should create user successfully" time="0.0022302">
        </testcase>
        <testcase classname="src/types/services.test.ts" name="Services &gt; createUser &gt; should handle validation errors" time="0.0017974">
        </testcase>
        <testcase classname="src/types/services.test.ts" name="Services &gt; updateUser &gt; should update user successfully" time="0.0010248">
        </testcase>
        <testcase classname="src/types/services.test.ts" name="Services &gt; updateUser &gt; should handle non-existent user" time="0.0017162">
        </testcase>
        <testcase classname="src/types/services.test.ts" name="Services &gt; deleteUser &gt; should delete user successfully" time="0.0011882">
        </testcase>
        <testcase classname="src/types/services.test.ts" name="Services &gt; deleteUser &gt; should handle deletion of non-existent user" time="0.0026153">
        </testcase>
    </testsuite>
    <testsuite name="src/app/api/api.admin.middleware.test.ts" timestamp="2025-01-07T18:51:34.818Z" hostname="sophra" tests="7" failures="0" errors="0" skipped="0" time="0.0532544">
        <testcase classname="src/app/api/api.admin.middleware.test.ts" name="Admin Middleware Additional Tests &gt; should return 401 when JWT token is invalid format" time="0.017459">
        </testcase>
        <testcase classname="src/app/api/api.admin.middleware.test.ts" name="Admin Middleware Additional Tests &gt; should return 403 when user lacks permission for endpoint" time="0.002768">
        </testcase>
        <testcase classname="src/app/api/api.admin.middleware.test.ts" name="Admin Middleware Additional Tests &gt; should allow access when user is super admin regardless of endpoint" time="0.0031677">
        </testcase>
        <testcase classname="src/app/api/api.admin.middleware.test.ts" name="Admin Middleware Additional Tests &gt; should handle string JWT decode result as invalid" time="0.0023658">
        </testcase>
        <testcase classname="src/app/api/api.admin.middleware.test.ts" name="Admin Middleware Additional Tests &gt; should handle invalid tokens gracefully" time="0.0026086">
        </testcase>
        <testcase classname="src/app/api/api.admin.middleware.test.ts" name="Admin Middleware Additional Tests &gt; should update lastUsedAt timestamp on successful validation" time="0.0070204">
        </testcase>
        <testcase classname="src/app/api/api.admin.middleware.test.ts" name="Admin Middleware Additional Tests &gt; should handle missing JWT_SECRET" time="0.014794">
            <system-err>
Error validating admin token: Error: JWT_SECRET is not configured
    at Module.adminMiddleware [90m(D:\sophra\[39msrc\app\api\admin.middleware.ts:37:5[90m)[39m
    at [90mD:\sophra\[39msrc\app\api\api.admin.middleware.test.ts:215:32
    at [90mfile:///D:/sophra/[39mnode_modules/[4m@vitest[24m/runner/dist/index.js:146:14
    at [90mfile:///D:/sophra/[39mnode_modules/[4m@vitest[24m/runner/dist/index.js:533:11
    at runWithTimeout [90m(file:///D:/sophra/[39mnode_modules/[4m@vitest[24m/runner/dist/index.js:39:7[90m)[39m
    at runTest [90m(file:///D:/sophra/[39mnode_modules/[4m@vitest[24m/runner/dist/index.js:1056:17[90m)[39m
[90m    at processTicksAndRejections (node:internal/process/task_queues:105:5)[39m
    at runSuite [90m(file:///D:/sophra/[39mnode_modules/[4m@vitest[24m/runner/dist/index.js:1205:15[90m)[39m
    at runSuite [90m(file:///D:/sophra/[39mnode_modules/[4m@vitest[24m/runner/dist/index.js:1205:15[90m)[39m
    at runFiles [90m(file:///D:/sophra/[39mnode_modules/[4m@vitest[24m/runner/dist/index.js:1262:5[90m)[39m

            </system-err>
        </testcase>
    </testsuite>
    <testsuite name="src/app/health/health.route.test.ts" timestamp="2025-01-07T18:51:34.820Z" hostname="sophra" tests="4" failures="0" errors="0" skipped="0" time="0.1194731">
        <testcase classname="src/app/health/health.route.test.ts" name="Health Check Route Handler &gt; should return healthy status when all services are connected" time="0.1082345">
        </testcase>
        <testcase classname="src/app/health/health.route.test.ts" name="Health Check Route Handler &gt; should return unhealthy status when any service is disconnected" time="0.002753">
        </testcase>
        <testcase classname="src/app/health/health.route.test.ts" name="Health Check Route Handler &gt; should handle errors during health check" time="0.0032256">
        </testcase>
        <testcase classname="src/app/health/health.route.test.ts" name="Health Check Route Handler &gt; should mask sensitive information in service URLs" time="0.0025154">
        </testcase>
    </testsuite>
    <testsuite name="src/lib/test/next-server.mock.test.ts" timestamp="2025-01-07T18:51:34.822Z" hostname="sophra" tests="11" failures="0" errors="0" skipped="0" time="0.0881401">
        <testcase classname="src/lib/test/next-server.mock.test.ts" name="NextServer Mock &gt; NextResponse &gt; json &gt; should create JSON response successfully" time="0.0477403">
        </testcase>
        <testcase classname="src/lib/test/next-server.mock.test.ts" name="NextServer Mock &gt; NextResponse &gt; json &gt; should handle complex data structures" time="0.020022">
            <system-err>
Promise returned by `expect(actual).resolves.toEqual(expected)` was not awaited. Vitest currently auto-awaits hanging assertions at the end of the test, but this will cause the test to fail in Vitest 3. Please remember to await the assertion.
    at D:/sophra/src/lib/test/next-server.mock.test.ts:49:31

            </system-err>
        </testcase>
        <testcase classname="src/lib/test/next-server.mock.test.ts" name="NextServer Mock &gt; NextResponse &gt; redirect &gt; should create redirect response" time="0.0013685">
        </testcase>
        <testcase classname="src/lib/test/next-server.mock.test.ts" name="NextServer Mock &gt; NextResponse &gt; next &gt; should create next response with init options" time="0.0010955">
        </testcase>
        <testcase classname="src/lib/test/next-server.mock.test.ts" name="NextServer Mock &gt; NextResponse &gt; rewrite &gt; should create rewrite response" time="0.0013065">
        </testcase>
        <testcase classname="src/lib/test/next-server.mock.test.ts" name="NextServer Mock &gt; NextRequest &gt; should create request with URL and searchParams" time="0.0017207">
        </testcase>
        <testcase classname="src/lib/test/next-server.mock.test.ts" name="NextServer Mock &gt; NextRequest &gt; should handle request headers" time="0.00264">
        </testcase>
        <testcase classname="src/lib/test/next-server.mock.test.ts" name="NextServer Mock &gt; NextRequest &gt; should handle request body as JSON" time="0.0017071">
        </testcase>
        <testcase classname="src/lib/test/next-server.mock.test.ts" name="NextServer Mock &gt; NextRequest &gt; should handle request body as text" time="0.001865">
        </testcase>
        <testcase classname="src/lib/test/next-server.mock.test.ts" name="NextServer Mock &gt; NextRequest &gt; should handle empty body" time="0.0017194">
        </testcase>
        <testcase classname="src/lib/test/next-server.mock.test.ts" name="NextServer Mock &gt; Response Cloning &gt; should clone response with all properties" time="0.0017527">
        </testcase>
    </testsuite>
    <testsuite name="src/app/api/admin/permissions.test.ts" timestamp="2025-01-07T18:51:34.824Z" hostname="sophra" tests="10" failures="0" errors="0" skipped="0" time="0.0167128">
        <testcase classname="src/app/api/admin/permissions.test.ts" name="permissions &gt; hasPermission &gt; should return true for valid token with required purpose" time="0.0040412">
        </testcase>
        <testcase classname="src/app/api/admin/permissions.test.ts" name="permissions &gt; hasPermission &gt; should return false for valid token without required purpose" time="0.0007326">
        </testcase>
        <testcase classname="src/app/api/admin/permissions.test.ts" name="permissions &gt; hasPermission &gt; should return false for invalid token name format" time="0.0006467">
        </testcase>
        <testcase classname="src/app/api/admin/permissions.test.ts" name="permissions &gt; hasPermission &gt; should return false for endpoint not in permissions map" time="0.0004824">
        </testcase>
        <testcase classname="src/app/api/admin/permissions.test.ts" name="permissions &gt; getAccessibleEndpoints &gt; should return all endpoints for a valid token with &apos;api&apos; purpose" time="0.0022766">
        </testcase>
        <testcase classname="src/app/api/admin/permissions.test.ts" name="permissions &gt; getAccessibleEndpoints &gt; should return empty array for invalid token name format" time="0.0008424">
        </testcase>
        <testcase classname="src/app/api/admin/permissions.test.ts" name="permissions &gt; getAccessibleEndpoints &gt; should return correct endpoints for a valid token with &apos;monitoring&apos; purpose" time="0.0010396">
        </testcase>
        <testcase classname="src/app/api/admin/permissions.test.ts" name="permissions &gt; isSuperAdmin &gt; should return true for a token with &apos;api&apos; purpose" time="0.0007937">
        </testcase>
        <testcase classname="src/app/api/admin/permissions.test.ts" name="permissions &gt; isSuperAdmin &gt; should return false for a token without &apos;api&apos; purpose" time="0.0010892">
        </testcase>
        <testcase classname="src/app/api/admin/permissions.test.ts" name="permissions &gt; isSuperAdmin &gt; should return false for invalid token name format" time="0.0004996">
        </testcase>
    </testsuite>
    <testsuite name="src/app/api/cortex/api.cortex.types.test.ts" timestamp="2025-01-07T18:51:34.826Z" hostname="sophra" tests="9" failures="0" errors="0" skipped="0" time="0.018267">
        <testcase classname="src/app/api/cortex/api.cortex.types.test.ts" name="APIResponse &gt; should create a successful response" time="0.0036428">
        </testcase>
        <testcase classname="src/app/api/cortex/api.cortex.types.test.ts" name="APIResponse &gt; should create an error response" time="0.0021423">
        </testcase>
        <testcase classname="src/app/api/cortex/api.cortex.types.test.ts" name="Document Requests &gt; should validate CreateDocumentRequest structure" time="0.0010688">
        </testcase>
        <testcase classname="src/app/api/cortex/api.cortex.types.test.ts" name="Document Requests &gt; should validate UpdateDocumentRequest structure" time="0.0006481">
        </testcase>
        <testcase classname="src/app/api/cortex/api.cortex.types.test.ts" name="Document Requests &gt; should validate DeleteDocumentRequest structure" time="0.0005967">
        </testcase>
        <testcase classname="src/app/api/cortex/api.cortex.types.test.ts" name="SearchRequest &gt; should validate SearchRequest with minimal properties" time="0.000582">
        </testcase>
        <testcase classname="src/app/api/cortex/api.cortex.types.test.ts" name="SearchRequest &gt; should validate SearchRequest with all properties" time="0.0020727">
        </testcase>
        <testcase classname="src/app/api/cortex/api.cortex.types.test.ts" name="HealthStatus &gt; should validate HealthStatus structure without error" time="0.0029461">
        </testcase>
        <testcase classname="src/app/api/cortex/api.cortex.types.test.ts" name="HealthStatus &gt; should validate HealthStatus structure with error" time="0.0009306">
        </testcase>
    </testsuite>
    <testsuite name="src/app/api/keys/admin.middleware.test.ts" timestamp="2025-01-07T18:51:34.828Z" hostname="sophra" tests="5" failures="0" errors="0" skipped="0" time="0.0400131">
        <testcase classname="src/app/api/keys/admin.middleware.test.ts" name="Admin Middleware &gt; should return 401 when admin token header is missing" time="0.0121827">
        </testcase>
        <testcase classname="src/app/api/keys/admin.middleware.test.ts" name="Admin Middleware &gt; should return 401 when admin token is invalid" time="0.0024517">
        </testcase>
        <testcase classname="src/app/api/keys/admin.middleware.test.ts" name="Admin Middleware &gt; should update lastUsedAt and proceed when token is valid" time="0.0087413">
        </testcase>
        <testcase classname="src/app/api/keys/admin.middleware.test.ts" name="Admin Middleware &gt; should return 500 when database error occurs" time="0.0112193">
            <system-err>
Error validating admin token: Error: Database error
    at [90mD:\sophra\[39msrc\app\api\keys\admin.middleware.test.ts:93:66
    at [90mfile:///D:/sophra/[39mnode_modules/[4m@vitest[24m/runner/dist/index.js:146:14
    at [90mfile:///D:/sophra/[39mnode_modules/[4m@vitest[24m/runner/dist/index.js:533:11
    at runWithTimeout [90m(file:///D:/sophra/[39mnode_modules/[4m@vitest[24m/runner/dist/index.js:39:7[90m)[39m
    at runTest [90m(file:///D:/sophra/[39mnode_modules/[4m@vitest[24m/runner/dist/index.js:1056:17[90m)[39m
[90m    at processTicksAndRejections (node:internal/process/task_queues:105:5)[39m
    at runSuite [90m(file:///D:/sophra/[39mnode_modules/[4m@vitest[24m/runner/dist/index.js:1205:15[90m)[39m
    at runSuite [90m(file:///D:/sophra/[39mnode_modules/[4m@vitest[24m/runner/dist/index.js:1205:15[90m)[39m
    at runFiles [90m(file:///D:/sophra/[39mnode_modules/[4m@vitest[24m/runner/dist/index.js:1262:5[90m)[39m
    at startTests [90m(file:///D:/sophra/[39mnode_modules/[4m@vitest[24m/runner/dist/index.js:1271:3[90m)[39m

            </system-err>
        </testcase>
        <testcase classname="src/app/api/keys/admin.middleware.test.ts" name="Admin Middleware &gt; should check for active tokens only" time="0.0024902">
            <system-err>
Error validating admin token: Error: Database error
    at [90mD:\sophra\[39msrc\app\api\keys\admin.middleware.test.ts:93:66
    at [90mfile:///D:/sophra/[39mnode_modules/[4m@vitest[24m/runner/dist/index.js:146:14
    at [90mfile:///D:/sophra/[39mnode_modules/[4m@vitest[24m/runner/dist/index.js:533:11
    at runWithTimeout [90m(file:///D:/sophra/[39mnode_modules/[4m@vitest[24m/runner/dist/index.js:39:7[90m)[39m
    at runTest [90m(file:///D:/sophra/[39mnode_modules/[4m@vitest[24m/runner/dist/index.js:1056:17[90m)[39m
[90m    at processTicksAndRejections (node:internal/process/task_queues:105:5)[39m
    at runSuite [90m(file:///D:/sophra/[39mnode_modules/[4m@vitest[24m/runner/dist/index.js:1205:15[90m)[39m
    at runSuite [90m(file:///D:/sophra/[39mnode_modules/[4m@vitest[24m/runner/dist/index.js:1205:15[90m)[39m
    at runFiles [90m(file:///D:/sophra/[39mnode_modules/[4m@vitest[24m/runner/dist/index.js:1262:5[90m)[39m
    at startTests [90m(file:///D:/sophra/[39mnode_modules/[4m@vitest[24m/runner/dist/index.js:1271:3[90m)[39m

            </system-err>
        </testcase>
    </testsuite>
    <testsuite name="src/app/api/keys/keys.route.test.ts" timestamp="2025-01-07T18:51:34.833Z" hostname="sophra" tests="7" failures="0" errors="0" skipped="0" time="0.1398427">
        <testcase classname="src/app/api/keys/keys.route.test.ts" name="API Keys Route Handlers &gt; POST /api/keys &gt; should create a new API key with valid input" time="0.1125433">
        </testcase>
        <testcase classname="src/app/api/keys/keys.route.test.ts" name="API Keys Route Handlers &gt; POST /api/keys &gt; should handle database errors during creation" time="0.0126624">
            <system-err>
Error creating API key: Error: Database error
    at [90mD:\sophra\[39msrc\app\api\keys\keys.route.test.ts:96:63
    at [90mfile:///D:/sophra/[39mnode_modules/[4m@vitest[24m/runner/dist/index.js:146:14
    at [90mfile:///D:/sophra/[39mnode_modules/[4m@vitest[24m/runner/dist/index.js:533:11
    at runWithTimeout [90m(file:///D:/sophra/[39mnode_modules/[4m@vitest[24m/runner/dist/index.js:39:7[90m)[39m
    at runTest [90m(file:///D:/sophra/[39mnode_modules/[4m@vitest[24m/runner/dist/index.js:1056:17[90m)[39m
[90m    at processTicksAndRejections (node:internal/process/task_queues:105:5)[39m
    at runSuite [90m(file:///D:/sophra/[39mnode_modules/[4m@vitest[24m/runner/dist/index.js:1205:15[90m)[39m
    at runSuite [90m(file:///D:/sophra/[39mnode_modules/[4m@vitest[24m/runner/dist/index.js:1205:15[90m)[39m
    at runSuite [90m(file:///D:/sophra/[39mnode_modules/[4m@vitest[24m/runner/dist/index.js:1205:15[90m)[39m
    at runFiles [90m(file:///D:/sophra/[39mnode_modules/[4m@vitest[24m/runner/dist/index.js:1262:5[90m)[39m

            </system-err>
        </testcase>
        <testcase classname="src/app/api/keys/keys.route.test.ts" name="API Keys Route Handlers &gt; GET /api/keys &gt; should return list of API keys without exposing actual keys" time="0.0023384">
        </testcase>
        <testcase classname="src/app/api/keys/keys.route.test.ts" name="API Keys Route Handlers &gt; PUT /api/keys &gt; should update API key with regenerated key" time="0.003227">
        </testcase>
        <testcase classname="src/app/api/keys/keys.route.test.ts" name="API Keys Route Handlers &gt; PUT /api/keys &gt; should reject updates without ID" time="0.0023534">
        </testcase>
        <testcase classname="src/app/api/keys/keys.route.test.ts" name="API Keys Route Handlers &gt; DELETE /api/keys &gt; should successfully delete an API key" time="0.002024">
        </testcase>
        <testcase classname="src/app/api/keys/keys.route.test.ts" name="API Keys Route Handlers &gt; DELETE /api/keys &gt; should handle missing ID parameter" time="0.0010089">
        </testcase>
    </testsuite>
    <testsuite name="src/lib/cortex/ab-testing/services.test.ts" timestamp="2025-01-07T18:51:34.835Z" hostname="sophra" tests="7" failures="0" errors="0" skipped="0" time="0.0239223">
        <testcase classname="src/lib/cortex/ab-testing/services.test.ts" name="ABTestingService &gt; healthCheck &gt; should return true when database is healthy" time="0.0046747">
        </testcase>
        <testcase classname="src/lib/cortex/ab-testing/services.test.ts" name="ABTestingService &gt; healthCheck &gt; should return false when database check fails" time="0.0010264">
        </testcase>
        <testcase classname="src/lib/cortex/ab-testing/services.test.ts" name="ABTestingService &gt; createTest &gt; should create a new AB test" time="0.0052835">
        </testcase>
        <testcase classname="src/lib/cortex/ab-testing/services.test.ts" name="ABTestingService &gt; createTest &gt; should throw error if variant allocations do not sum to 1" time="0.0030523">
        </testcase>
        <testcase classname="src/lib/cortex/ab-testing/services.test.ts" name="ABTestingService &gt; assignVariant &gt; should assign variant based on allocation" time="0.0031237">
        </testcase>
        <testcase classname="src/lib/cortex/ab-testing/services.test.ts" name="ABTestingService &gt; assignVariant &gt; should return existing assignment if one exists" time="0.0014464">
        </testcase>
        <testcase classname="src/lib/cortex/ab-testing/services.test.ts" name="ABTestingService &gt; trackConversion &gt; should track conversion event" time="0.0015873">
        </testcase>
    </testsuite>
    <testsuite name="src/lib/cortex/analytics/service.test.ts" timestamp="2025-01-07T18:51:34.837Z" hostname="sophra" tests="13" failures="0" errors="0" skipped="0" time="0.0622592">
        <testcase classname="src/lib/cortex/analytics/service.test.ts" name="AnalyticsService &gt; createSearchEvent &gt; should successfully create a search event" time="0.0142691">
        </testcase>
        <testcase classname="src/lib/cortex/analytics/service.test.ts" name="AnalyticsService &gt; createSearchEvent &gt; should handle optional fields" time="0.0035396">
        </testcase>
        <testcase classname="src/lib/cortex/analytics/service.test.ts" name="AnalyticsService &gt; createSearchEvent &gt; should handle database errors" time="0.0052154">
        </testcase>
        <testcase classname="src/lib/cortex/analytics/service.test.ts" name="AnalyticsService &gt; getSearchEvents &gt; should retrieve search events with default parameters" time="0.0053734">
        </testcase>
        <testcase classname="src/lib/cortex/analytics/service.test.ts" name="AnalyticsService &gt; getSearchEvents &gt; should apply filters correctly" time="0.0070533">
        </testcase>
        <testcase classname="src/lib/cortex/analytics/service.test.ts" name="AnalyticsService &gt; getSearchEvents &gt; should handle pagination" time="0.0028399">
        </testcase>
        <testcase classname="src/lib/cortex/analytics/service.test.ts" name="AnalyticsService &gt; generateReport &gt; should generate a complete analytics report" time="0.0046511">
        </testcase>
        <testcase classname="src/lib/cortex/analytics/service.test.ts" name="AnalyticsService &gt; generateReport &gt; should handle invalid time window" time="0.0021921">
        </testcase>
        <testcase classname="src/lib/cortex/analytics/service.test.ts" name="AnalyticsService &gt; generateReport &gt; should calculate trends correctly" time="0.0027201">
        </testcase>
        <testcase classname="src/lib/cortex/analytics/service.test.ts" name="AnalyticsService &gt; time window calculations &gt; should calculate correct time window start" time="0.0038702">
        </testcase>
        <testcase classname="src/lib/cortex/analytics/service.test.ts" name="AnalyticsService &gt; time window calculations &gt; should default to 24h for invalid time window" time="0.001813">
        </testcase>
        <testcase classname="src/lib/cortex/analytics/service.test.ts" name="AnalyticsService &gt; metrics integration &gt; should use provided metrics service" time="0.001949">
        </testcase>
        <testcase classname="src/lib/cortex/analytics/service.test.ts" name="AnalyticsService &gt; metrics integration &gt; should create default metrics service if not provided" time="0.0026183">
        </testcase>
    </testsuite>
    <testsuite name="src/lib/cortex/core/client.test.ts" timestamp="2025-01-07T18:51:34.840Z" hostname="sophra" tests="16" failures="0" errors="0" skipped="0" time="0.0849056">
        <testcase classname="src/lib/cortex/core/client.test.ts" name="SophraClient &gt; constructor &gt; should create a client instance with valid config" time="0.0055764">
        </testcase>
        <testcase classname="src/lib/cortex/core/client.test.ts" name="SophraClient &gt; constructor &gt; should throw error if environment is missing" time="0.0053144">
        </testcase>
        <testcase classname="src/lib/cortex/core/client.test.ts" name="SophraClient &gt; constructor &gt; should throw error if ELASTICSEARCH_URL is missing" time="0.0033046">
        </testcase>
        <testcase classname="src/lib/cortex/core/client.test.ts" name="SophraClient &gt; constructor &gt; should throw error if DATABASE_URL is missing" time="0.0029633">
        </testcase>
        <testcase classname="src/lib/cortex/core/client.test.ts" name="SophraClient &gt; constructor &gt; should throw error if both ES API keys are missing" time="0.0053738">
        </testcase>
        <testcase classname="src/lib/cortex/core/client.test.ts" name="SophraClient &gt; initialize &gt; should initialize all services successfully" time="0.0050376">
        </testcase>
        <testcase classname="src/lib/cortex/core/client.test.ts" name="SophraClient &gt; initialize &gt; should initialize without Redis if SOPHRA_REDIS_URL is not set" time="0.0034679">
        </testcase>
        <testcase classname="src/lib/cortex/core/client.test.ts" name="SophraClient &gt; initialize &gt; should handle initialization errors and cleanup" time="0.0061967">
        </testcase>
        <testcase classname="src/lib/cortex/core/client.test.ts" name="SophraClient &gt; shutdown &gt; should disconnect all services successfully" time="0.0050383">
        </testcase>
        <testcase classname="src/lib/cortex/core/client.test.ts" name="SophraClient &gt; shutdown &gt; should handle shutdown errors" time="0.0043841">
        </testcase>
        <testcase classname="src/lib/cortex/core/client.test.ts" name="SophraClient &gt; healthCheck &gt; should return health status for all services" time="0.0046408">
        </testcase>
        <testcase classname="src/lib/cortex/core/client.test.ts" name="SophraClient &gt; healthCheck &gt; should handle service failures" time="0.0072098">
        </testcase>
        <testcase classname="src/lib/cortex/core/client.test.ts" name="SophraClient &gt; getElasticClient &gt; should return initialized elastic client" time="0.0054038">
        </testcase>
        <testcase classname="src/lib/cortex/core/client.test.ts" name="SophraClient &gt; getElasticClient &gt; should throw error if client is not initialized" time="0.0035202">
        </testcase>
        <testcase classname="src/lib/cortex/core/client.test.ts" name="SophraClient &gt; getRedisClient &gt; should return initialized redis client" time="0.0054754">
        </testcase>
        <testcase classname="src/lib/cortex/core/client.test.ts" name="SophraClient &gt; getRedisClient &gt; should throw error if client is not initialized" time="0.0057758">
        </testcase>
    </testsuite>
    <testsuite name="src/lib/cortex/core/services.test.ts" timestamp="2025-01-07T18:51:34.843Z" hostname="sophra" tests="5" failures="0" errors="0" skipped="0" time="0.0138329">
        <testcase classname="src/lib/cortex/core/services.test.ts" name="BaseService &gt; constructor &gt; should create service instance with valid config" time="0.0054203">
        </testcase>
        <testcase classname="src/lib/cortex/core/services.test.ts" name="BaseService &gt; constructor &gt; should initialize logger and environment" time="0.0015273">
        </testcase>
        <testcase classname="src/lib/cortex/core/services.test.ts" name="BaseService &gt; constructor &gt; should accept different environment values" time="0.0010348">
        </testcase>
        <testcase classname="src/lib/cortex/core/services.test.ts" name="BaseService &gt; healthCheck &gt; should return health status" time="0.000789">
        </testcase>
        <testcase classname="src/lib/cortex/core/services.test.ts" name="BaseService &gt; disconnect &gt; should call disconnect method if implemented" time="0.0018752">
        </testcase>
    </testsuite>
    <testsuite name="src/lib/cortex/core/sync-service.test.ts" timestamp="2025-01-07T18:51:34.844Z" hostname="sophra" tests="11" failures="0" errors="0" skipped="0" time="0.0305628">
        <testcase classname="src/lib/cortex/core/sync-service.test.ts" name="DataSyncService &gt; constructor &gt; should initialize with default searchCacheTTL if not provided" time="0.0024326">
        </testcase>
        <testcase classname="src/lib/cortex/core/sync-service.test.ts" name="DataSyncService &gt; constructor &gt; should use provided searchCacheTTL" time="0.0008438">
        </testcase>
        <testcase classname="src/lib/cortex/core/sync-service.test.ts" name="DataSyncService &gt; upsertDocument &gt; should create index if it does not exist" time="0.0033536">
        </testcase>
        <testcase classname="src/lib/cortex/core/sync-service.test.ts" name="DataSyncService &gt; upsertDocument &gt; should store document in Elasticsearch, Postgres, and Redis" time="0.0015848">
        </testcase>
        <testcase classname="src/lib/cortex/core/sync-service.test.ts" name="DataSyncService &gt; upsertDocument &gt; should handle errors during document upsert" time="0.003324">
        </testcase>
        <testcase classname="src/lib/cortex/core/sync-service.test.ts" name="DataSyncService &gt; upsertDocument &gt; should handle Redis cache failure gracefully" time="0.0041721">
        </testcase>
        <testcase classname="src/lib/cortex/core/sync-service.test.ts" name="DataSyncService &gt; search &gt; should return cached results if available" time="0.0035146">
        </testcase>
        <testcase classname="src/lib/cortex/core/sync-service.test.ts" name="DataSyncService &gt; search &gt; should fetch from Elasticsearch if cache miss" time="0.0014553">
        </testcase>
        <testcase classname="src/lib/cortex/core/sync-service.test.ts" name="DataSyncService &gt; search &gt; should handle search errors" time="0.0021411">
        </testcase>
        <testcase classname="src/lib/cortex/core/sync-service.test.ts" name="DataSyncService &gt; deleteDocument &gt; should delete document from all stores" time="0.0032393">
        </testcase>
        <testcase classname="src/lib/cortex/core/sync-service.test.ts" name="DataSyncService &gt; deleteDocument &gt; should handle delete errors" time="0.0022764">
        </testcase>
    </testsuite>
    <testsuite name="src/lib/cortex/core/validation-service.test.ts" timestamp="2025-01-07T18:51:34.847Z" hostname="sophra" tests="7" failures="0" errors="0" skipped="0" time="0.0165355">
        <testcase classname="src/lib/cortex/core/validation-service.test.ts" name="ValidationService &gt; validateSearchResults &gt; should validate valid search results" time="0.0051206">
        </testcase>
        <testcase classname="src/lib/cortex/core/validation-service.test.ts" name="ValidationService &gt; validateSearchResults &gt; should invalidate results with missing required fields" time="0.0016114">
        </testcase>
        <testcase classname="src/lib/cortex/core/validation-service.test.ts" name="ValidationService &gt; validateSearchResults &gt; should handle empty results array" time="0.0011054">
        </testcase>
        <testcase classname="src/lib/cortex/core/validation-service.test.ts" name="ValidationService &gt; validateVectorization &gt; should validate correctly vectorized document" time="0.0019819">
        </testcase>
        <testcase classname="src/lib/cortex/core/validation-service.test.ts" name="ValidationService &gt; validateVectorization &gt; should invalidate document without embeddings" time="0.0010186">
        </testcase>
        <testcase classname="src/lib/cortex/core/validation-service.test.ts" name="ValidationService &gt; validateVectorization &gt; should invalidate document with wrong embeddings length" time="0.0011651">
        </testcase>
        <testcase classname="src/lib/cortex/core/validation-service.test.ts" name="ValidationService &gt; validateVectorization &gt; should invalidate document with non-numeric embeddings" time="0.001137">
        </testcase>
    </testsuite>
    <testsuite name="src/lib/cortex/documents/service.test.ts" timestamp="2025-01-07T18:51:34.850Z" hostname="sophra" tests="11" failures="0" errors="0" skipped="0" time="0.0363118">
        <testcase classname="src/lib/cortex/documents/service.test.ts" name="ElasticsearchDocumentService &gt; createDocument &gt; should create a document successfully" time="0.0118124">
        </testcase>
        <testcase classname="src/lib/cortex/documents/service.test.ts" name="ElasticsearchDocumentService &gt; createDocument &gt; should handle document creation errors" time="0.0041597">
        </testcase>
        <testcase classname="src/lib/cortex/documents/service.test.ts" name="ElasticsearchDocumentService &gt; getDocument &gt; should retrieve a document successfully" time="0.0022864">
        </testcase>
        <testcase classname="src/lib/cortex/documents/service.test.ts" name="ElasticsearchDocumentService &gt; getDocument &gt; should handle document not found" time="0.0015791">
        </testcase>
        <testcase classname="src/lib/cortex/documents/service.test.ts" name="ElasticsearchDocumentService &gt; updateDocument &gt; should update a document successfully" time="0.0015059">
        </testcase>
        <testcase classname="src/lib/cortex/documents/service.test.ts" name="ElasticsearchDocumentService &gt; updateDocument &gt; should handle update errors" time="0.0010582">
        </testcase>
        <testcase classname="src/lib/cortex/documents/service.test.ts" name="ElasticsearchDocumentService &gt; deleteDocument &gt; should delete a document successfully" time="0.001045">
        </testcase>
        <testcase classname="src/lib/cortex/documents/service.test.ts" name="ElasticsearchDocumentService &gt; deleteDocument &gt; should handle deletion errors" time="0.001173">
        </testcase>
        <testcase classname="src/lib/cortex/documents/service.test.ts" name="ElasticsearchDocumentService &gt; ensureTable &gt; should create table if it does not exist" time="0.001405">
        </testcase>
        <testcase classname="src/lib/cortex/documents/service.test.ts" name="ElasticsearchDocumentService &gt; ensureTable &gt; should not create table if it already exists" time="0.0037794">
        </testcase>
        <testcase classname="src/lib/cortex/documents/service.test.ts" name="ElasticsearchDocumentService &gt; ensureTable &gt; should handle table creation errors" time="0.0021155">
        </testcase>
    </testsuite>
    <testsuite name="src/lib/cortex/elasticsearch/client.test.ts" timestamp="2025-01-07T18:51:34.853Z" hostname="sophra" tests="13" failures="0" errors="0" skipped="0" time="0.045747">
        <testcase classname="src/lib/cortex/elasticsearch/client.test.ts" name="ElasticClient &gt; constructor &gt; should create client instance with API key when provided" time="0.008721">
        </testcase>
        <testcase classname="src/lib/cortex/elasticsearch/client.test.ts" name="ElasticClient &gt; constructor &gt; should create client instance without auth when no API key provided" time="0.0031697">
        </testcase>
        <testcase classname="src/lib/cortex/elasticsearch/client.test.ts" name="ElasticClient &gt; constructor &gt; should use default URL when ELASTICSEARCH_URL is not provided" time="0.0032801">
        </testcase>
        <testcase classname="src/lib/cortex/elasticsearch/client.test.ts" name="ElasticClient &gt; constructor &gt; should handle initialization errors" time="0.0029544">
        </testcase>
        <testcase classname="src/lib/cortex/elasticsearch/client.test.ts" name="ElasticClient &gt; ping &gt; should return true when ping succeeds" time="0.0019313">
        </testcase>
        <testcase classname="src/lib/cortex/elasticsearch/client.test.ts" name="ElasticClient &gt; ping &gt; should return false and log error when ping fails" time="0.0027005">
        </testcase>
        <testcase classname="src/lib/cortex/elasticsearch/client.test.ts" name="ElasticClient &gt; createIndex &gt; should create index when it does not exist" time="0.0037571">
        </testcase>
        <testcase classname="src/lib/cortex/elasticsearch/client.test.ts" name="ElasticClient &gt; createIndex &gt; should skip creation when index already exists" time="0.0033494">
        </testcase>
        <testcase classname="src/lib/cortex/elasticsearch/client.test.ts" name="ElasticClient &gt; createIndex &gt; should handle creation errors" time="0.0032139">
        </testcase>
        <testcase classname="src/lib/cortex/elasticsearch/client.test.ts" name="ElasticClient &gt; deleteIndex &gt; should delete index when it exists" time="0.0022368">
        </testcase>
        <testcase classname="src/lib/cortex/elasticsearch/client.test.ts" name="ElasticClient &gt; deleteIndex &gt; should skip deletion when index does not exist" time="0.0021045">
        </testcase>
        <testcase classname="src/lib/cortex/elasticsearch/client.test.ts" name="ElasticClient &gt; deleteIndex &gt; should handle deletion errors" time="0.0024337">
        </testcase>
        <testcase classname="src/lib/cortex/elasticsearch/client.test.ts" name="ElasticClient &gt; getClient &gt; should return the elasticsearch client instance" time="0.0022039">
        </testcase>
    </testsuite>
    <testsuite name="src/lib/cortex/elasticsearch/core.test.ts" timestamp="2025-01-07T18:51:34.856Z" hostname="sophra" tests="4" failures="0" errors="0" skipped="0" time="0.0191619">
        <testcase classname="src/lib/cortex/elasticsearch/core.test.ts" name="Elasticsearch Core &gt; createElasticsearchConfig &gt; should create config with URL only when no API key provided" time="0.0069768">
        </testcase>
        <testcase classname="src/lib/cortex/elasticsearch/core.test.ts" name="Elasticsearch Core &gt; createElasticsearchConfig &gt; should create config with base64 encoded API key when key contains colon" time="0.0025391">
        </testcase>
        <testcase classname="src/lib/cortex/elasticsearch/core.test.ts" name="Elasticsearch Core &gt; createElasticsearchConfig &gt; should create config with raw API key when key does not contain colon" time="0.0025971">
        </testcase>
        <testcase classname="src/lib/cortex/elasticsearch/core.test.ts" name="Elasticsearch Core &gt; createElasticsearchConfig &gt; should throw error when ELASTICSEARCH_URL is missing" time="0.0035945">
        </testcase>
    </testsuite>
    <testsuite name="src/lib/cortex/elasticsearch/init.test.ts" timestamp="2025-01-07T18:51:34.858Z" hostname="sophra" tests="5" failures="0" errors="0" skipped="0" time="0.0332683">
        <testcase classname="src/lib/cortex/elasticsearch/init.test.ts" name="Elasticsearch Initialization &gt; initializeIndices &gt; should create indices that do not exist" time="0.011962">
        </testcase>
        <testcase classname="src/lib/cortex/elasticsearch/init.test.ts" name="Elasticsearch Initialization &gt; initializeIndices &gt; should skip creation for indices that already exist" time="0.0054774">
        </testcase>
        <testcase classname="src/lib/cortex/elasticsearch/init.test.ts" name="Elasticsearch Initialization &gt; initializeIndices &gt; should handle initialization errors" time="0.0065102">
        </testcase>
        <testcase classname="src/lib/cortex/elasticsearch/init.test.ts" name="Elasticsearch Initialization &gt; initializeIndices &gt; should handle mixed index states" time="0.0034283">
        </testcase>
        <testcase classname="src/lib/cortex/elasticsearch/init.test.ts" name="Elasticsearch Initialization &gt; initializeIndices &gt; should handle creation errors for specific indices" time="0.0024381">
        </testcase>
    </testsuite>
    <testsuite name="src/lib/cortex/elasticsearch/mappings.test.ts" timestamp="2025-01-07T18:51:34.859Z" hostname="sophra" tests="8" failures="0" errors="0" skipped="0" time="0.0166109">
        <testcase classname="src/lib/cortex/elasticsearch/mappings.test.ts" name="Elasticsearch Mappings &gt; BaseMapping &gt; should define required fields with correct types" time="0.0055526">
        </testcase>
        <testcase classname="src/lib/cortex/elasticsearch/mappings.test.ts" name="Elasticsearch Mappings &gt; BaseMapping &gt; should define embeddings field with correct vector configuration" time="0.0012609">
        </testcase>
        <testcase classname="src/lib/cortex/elasticsearch/mappings.test.ts" name="Elasticsearch Mappings &gt; BaseMapping &gt; should define evaluation score fields with correct structure" time="0.0007837">
        </testcase>
        <testcase classname="src/lib/cortex/elasticsearch/mappings.test.ts" name="Elasticsearch Mappings &gt; BaseMapping &gt; should define metadata field with correct structure" time="0.0006118">
        </testcase>
        <testcase classname="src/lib/cortex/elasticsearch/mappings.test.ts" name="Elasticsearch Mappings &gt; BaseMapping &gt; should define array fields with correct text and keyword mappings" time="0.0008483">
        </testcase>
        <testcase classname="src/lib/cortex/elasticsearch/mappings.test.ts" name="Elasticsearch Mappings &gt; BaseMapping &gt; should define count fields with correct type" time="0.0008727">
        </testcase>
        <testcase classname="src/lib/cortex/elasticsearch/mappings.test.ts" name="Elasticsearch Mappings &gt; BaseMapping &gt; should define year fields with correct type" time="0.0005972">
        </testcase>
        <testcase classname="src/lib/cortex/elasticsearch/mappings.test.ts" name="Elasticsearch Mappings &gt; BaseMapping &gt; should include all required fields" time="0.0018442">
        </testcase>
    </testsuite>
    <testsuite name="src/lib/cortex/elasticsearch/query-builders.test.ts" timestamp="2025-01-07T18:51:34.861Z" hostname="sophra" tests="2" failures="0" errors="0" skipped="0" time="0.0067341">
        <testcase classname="src/lib/cortex/elasticsearch/query-builders.test.ts" name="Elasticsearch Query Builders &gt; buildTextQuery &gt; should build basic text query with defaults" time="0.003921">
        </testcase>
        <testcase classname="src/lib/cortex/elasticsearch/query-builders.test.ts" name="Elasticsearch Query Builders &gt; buildTextQuery &gt; should build text query with custom fields and settings" time="0.0006554">
        </testcase>
    </testsuite>
    <testsuite name="src/lib/cortex/elasticsearch/services.test.ts" timestamp="2025-01-07T18:51:34.862Z" hostname="sophra" tests="12" failures="0" errors="0" skipped="0" time="0.0573351">
        <testcase classname="src/lib/cortex/elasticsearch/services.test.ts" name="ElasticsearchService &gt; error handling &gt; should handle connection errors" time="0.0096375">
        </testcase>
        <testcase classname="src/lib/cortex/elasticsearch/services.test.ts" name="ElasticsearchService &gt; error handling &gt; should handle index creation errors" time="0.0075628">
            <system-out>
Attempting to create index: test-index
Checking if index exists: test-index
Index test-index exists check result (from statusCode): [33mfalse[39m
Creating index test-index with options: { index: [32m&apos;test-index&apos;[39m, body: {} }

            </system-out>
            <system-err>
Failed to create index test-index: Error: Creation failed
    at [90mD:\sophra\[39msrc\lib\cortex\elasticsearch\services.test.ts:150:64
    at [90mfile:///D:/sophra/[39mnode_modules/[4m@vitest[24m/runner/dist/index.js:146:14
    at [90mfile:///D:/sophra/[39mnode_modules/[4m@vitest[24m/runner/dist/index.js:533:11
    at runWithTimeout [90m(file:///D:/sophra/[39mnode_modules/[4m@vitest[24m/runner/dist/index.js:39:7[90m)[39m
    at runTest [90m(file:///D:/sophra/[39mnode_modules/[4m@vitest[24m/runner/dist/index.js:1056:17[90m)[39m
[90m    at processTicksAndRejections (node:internal/process/task_queues:105:5)[39m
    at runSuite [90m(file:///D:/sophra/[39mnode_modules/[4m@vitest[24m/runner/dist/index.js:1205:15[90m)[39m
    at runSuite [90m(file:///D:/sophra/[39mnode_modules/[4m@vitest[24m/runner/dist/index.js:1205:15[90m)[39m
    at runSuite [90m(file:///D:/sophra/[39mnode_modules/[4m@vitest[24m/runner/dist/index.js:1205:15[90m)[39m
    at runFiles [90m(file:///D:/sophra/[39mnode_modules/[4m@vitest[24m/runner/dist/index.js:1262:5[90m)[39m

            </system-err>
        </testcase>
        <testcase classname="src/lib/cortex/elasticsearch/services.test.ts" name="ElasticsearchService &gt; index operations &gt; should check if index exists" time="0.0014784">
            <system-out>
Checking if index exists: test-index
Index test-index exists check result (from statusCode): [33mtrue[39m

            </system-out>
        </testcase>
        <testcase classname="src/lib/cortex/elasticsearch/services.test.ts" name="ElasticsearchService &gt; index operations &gt; should create index with mappings" time="0.0052858">
            <system-out>
Attempting to create index: test-index
Checking if index exists: test-index
Index test-index exists check result (from statusCode): [33mfalse[39m
Creating index test-index with options: { index: [32m&apos;test-index&apos;[39m, body: { mappings: { properties: [36m[Object][39m } } }
Successfully created index: test-index

            </system-out>
        </testcase>
        <testcase classname="src/lib/cortex/elasticsearch/services.test.ts" name="ElasticsearchService &gt; index operations &gt; should delete index" time="0.0030448">
        </testcase>
        <testcase classname="src/lib/cortex/elasticsearch/services.test.ts" name="ElasticsearchService &gt; document operations &gt; should index document" time="0.0033863">
        </testcase>
        <testcase classname="src/lib/cortex/elasticsearch/services.test.ts" name="ElasticsearchService &gt; document operations &gt; should update document" time="0.0027605">
        </testcase>
        <testcase classname="src/lib/cortex/elasticsearch/services.test.ts" name="ElasticsearchService &gt; document operations &gt; should delete document" time="0.0054577">
        </testcase>
        <testcase classname="src/lib/cortex/elasticsearch/services.test.ts" name="ElasticsearchService &gt; search operations &gt; should perform basic search" time="0.0040823">
        </testcase>
        <testcase classname="src/lib/cortex/elasticsearch/services.test.ts" name="ElasticsearchService &gt; search operations &gt; should perform search with aggregations" time="0.0038703">
        </testcase>
        <testcase classname="src/lib/cortex/elasticsearch/services.test.ts" name="ElasticsearchService &gt; health checks &gt; should return cluster health" time="0.0034659">
        </testcase>
        <testcase classname="src/lib/cortex/elasticsearch/services.test.ts" name="ElasticsearchService &gt; health checks &gt; should return node stats" time="0.0036038">
        </testcase>
    </testsuite>
    <testsuite name="src/lib/cortex/feedback/service.test.ts" timestamp="2025-01-07T18:51:34.867Z" hostname="sophra" tests="10" failures="0" errors="0" skipped="0" time="0.0756158">
        <testcase classname="src/lib/cortex/feedback/service.test.ts" name="FeedbackService &gt; recordFeedback &gt; should record feedback successfully" time="0.0198307">
        </testcase>
        <testcase classname="src/lib/cortex/feedback/service.test.ts" name="FeedbackService &gt; recordFeedback &gt; should handle feedback recording errors" time="0.0124229">
        </testcase>
        <testcase classname="src/lib/cortex/feedback/service.test.ts" name="FeedbackService &gt; recordFeedback &gt; should validate feedback data format" time="0.0031817">
        </testcase>
        <testcase classname="src/lib/cortex/feedback/service.test.ts" name="FeedbackService &gt; recordFeedback &gt; should handle database connection errors" time="0.0042176">
        </testcase>
        <testcase classname="src/lib/cortex/feedback/service.test.ts" name="FeedbackService &gt; recordFeedback &gt; should handle elasticsearch integration errors" time="0.0048512">
        </testcase>
        <testcase classname="src/lib/cortex/feedback/service.test.ts" name="FeedbackService &gt; recordFeedbackWithOptimization &gt; should record feedback and trigger optimization" time="0.0040195">
        </testcase>
        <testcase classname="src/lib/cortex/feedback/service.test.ts" name="FeedbackService &gt; recordFeedbackWithOptimization &gt; should handle optimization errors" time="0.0039829">
        </testcase>
        <testcase classname="src/lib/cortex/feedback/service.test.ts" name="FeedbackService &gt; recordFeedbackWithOptimization &gt; should track A/B test metrics when test data is present" time="0.0034049">
        </testcase>
        <testcase classname="src/lib/cortex/feedback/service.test.ts" name="FeedbackService &gt; recordFeedbackWithOptimization &gt; should validate test data format when present" time="0.0067387">
        </testcase>
        <testcase classname="src/lib/cortex/feedback/service.test.ts" name="FeedbackService &gt; recordFeedbackWithOptimization &gt; should handle optimization service errors" time="0.0060619">
        </testcase>
    </testsuite>
    <testsuite name="src/lib/cortex/events/emitter.test.ts" timestamp="2025-01-07T18:51:34.869Z" hostname="sophra" tests="8" failures="0" errors="0" skipped="0" time="0.0325905">
        <testcase classname="src/lib/cortex/events/emitter.test.ts" name="EventEmitter &gt; emit &gt; should emit events to registered listeners" time="0.0106324">
        </testcase>
        <testcase classname="src/lib/cortex/events/emitter.test.ts" name="EventEmitter &gt; emit &gt; should return false when no listeners are registered" time="0.0021404">
        </testcase>
        <testcase classname="src/lib/cortex/events/emitter.test.ts" name="EventEmitter &gt; emit &gt; should handle multiple event types" time="0.0025601">
        </testcase>
        <testcase classname="src/lib/cortex/events/emitter.test.ts" name="EventEmitter &gt; emit &gt; should handle events without document data" time="0.0014567">
        </testcase>
        <testcase classname="src/lib/cortex/events/emitter.test.ts" name="EventEmitter &gt; on &gt; should register event listeners" time="0.0023744">
        </testcase>
        <testcase classname="src/lib/cortex/events/emitter.test.ts" name="EventEmitter &gt; on &gt; should handle multiple listeners for the same event" time="0.0026117">
        </testcase>
        <testcase classname="src/lib/cortex/events/emitter.test.ts" name="EventEmitter &gt; on &gt; should maintain separate listeners for different event types" time="0.0040336">
        </testcase>
        <testcase classname="src/lib/cortex/events/emitter.test.ts" name="EventEmitter &gt; on &gt; should handle schema update events" time="0.0026122">
        </testcase>
    </testsuite>
    <testsuite name="src/lib/cortex/middleware/auth.test.ts" timestamp="2025-01-07T18:51:34.871Z" hostname="sophra" tests="6" failures="0" errors="0" skipped="0" time="0.0248813">
        <testcase classname="src/lib/cortex/middleware/auth.test.ts" name="Auth Middleware &gt; validateToken &gt; should successfully validate a valid token" time="0.0079063">
        </testcase>
        <testcase classname="src/lib/cortex/middleware/auth.test.ts" name="Auth Middleware &gt; validateToken &gt; should handle missing token" time="0.0034029">
        </testcase>
        <testcase classname="src/lib/cortex/middleware/auth.test.ts" name="Auth Middleware &gt; validateToken &gt; should handle missing JWT_SECRET" time="0.0028625">
        </testcase>
        <testcase classname="src/lib/cortex/middleware/auth.test.ts" name="Auth Middleware &gt; validateToken &gt; should handle invalid tokens" time="0.0020709">
        </testcase>
        <testcase classname="src/lib/cortex/middleware/auth.test.ts" name="Auth Middleware &gt; validateToken &gt; should handle expired tokens" time="0.0028594">
        </testcase>
        <testcase classname="src/lib/cortex/middleware/auth.test.ts" name="Auth Middleware &gt; validateToken &gt; should handle malformed authorization header" time="0.0017823">
        </testcase>
    </testsuite>
    <testsuite name="src/lib/cortex/monitoring/metrics.test.ts" timestamp="2025-01-07T18:51:34.873Z" hostname="sophra" tests="9" failures="0" errors="0" skipped="0" time="0.0477575">
        <testcase classname="src/lib/cortex/monitoring/metrics.test.ts" name="MetricsService &gt; recordEngineMetric &gt; should record engine metrics correctly" time="0.0146968">
        </testcase>
        <testcase classname="src/lib/cortex/monitoring/metrics.test.ts" name="MetricsService &gt; recordEngineMetric &gt; should handle errors gracefully" time="0.0062765">
        </testcase>
        <testcase classname="src/lib/cortex/monitoring/metrics.test.ts" name="MetricsService &gt; recordLatency &gt; should record operation latency" time="0.0029258">
        </testcase>
        <testcase classname="src/lib/cortex/monitoring/metrics.test.ts" name="MetricsService &gt; incrementError &gt; should increment error counter" time="0.0027584">
        </testcase>
        <testcase classname="src/lib/cortex/monitoring/metrics.test.ts" name="MetricsService &gt; updateResourceUsage &gt; should update resource metrics" time="0.0025827">
        </testcase>
        <testcase classname="src/lib/cortex/monitoring/metrics.test.ts" name="MetricsService &gt; updateSearchQuality &gt; should update search quality metrics" time="0.0033554">
        </testcase>
        <testcase classname="src/lib/cortex/monitoring/metrics.test.ts" name="MetricsService &gt; recordAlert &gt; should record metric alerts" time="0.0036174">
        </testcase>
        <testcase classname="src/lib/cortex/monitoring/metrics.test.ts" name="MetricsService &gt; updateCacheHitRatio &gt; should update cache hit ratio metrics" time="0.0026596">
        </testcase>
        <testcase classname="src/lib/cortex/monitoring/metrics.test.ts" name="MetricsService &gt; recordReportDistribution &gt; should record report distribution metrics" time="0.0036057">
        </testcase>
    </testsuite>
    <testsuite name="src/lib/cortex/postgres/services.test.ts" timestamp="2025-01-07T18:51:34.875Z" hostname="sophra" tests="6" failures="0" errors="0" skipped="0" time="0.0248871">
        <testcase classname="src/lib/cortex/postgres/services.test.ts" name="PostgresDataService &gt; initialize &gt; should initialize successfully" time="0.0075575">
        </testcase>
        <testcase classname="src/lib/cortex/postgres/services.test.ts" name="PostgresDataService &gt; initialize &gt; should handle initialization errors" time="0.0062132">
        </testcase>
        <testcase classname="src/lib/cortex/postgres/services.test.ts" name="PostgresDataService &gt; healthCheck &gt; should return true when healthy" time="0.0017179">
        </testcase>
        <testcase classname="src/lib/cortex/postgres/services.test.ts" name="PostgresDataService &gt; healthCheck &gt; should return false and log error when unhealthy" time="0.0020101">
        </testcase>
        <testcase classname="src/lib/cortex/postgres/services.test.ts" name="PostgresDataService &gt; disconnect &gt; should disconnect successfully" time="0.0015988">
        </testcase>
        <testcase classname="src/lib/cortex/postgres/services.test.ts" name="PostgresDataService &gt; disconnect &gt; should handle disconnect when not initialized" time="0.0016257">
        </testcase>
    </testsuite>
    <testsuite name="src/lib/cortex/reporting/alert-thresholds.test.ts" timestamp="2025-01-07T18:51:34.876Z" hostname="sophra" tests="4" failures="0" errors="0" skipped="0" time="0.022412">
        <testcase classname="src/lib/cortex/reporting/alert-thresholds.test.ts" name="AlertService &gt; checkThresholds &gt; should trigger alert when threshold is exceeded" time="0.0130223">
        </testcase>
        <testcase classname="src/lib/cortex/reporting/alert-thresholds.test.ts" name="AlertService &gt; checkThresholds &gt; should handle multiple thresholds for same metric" time="0.002314">
        </testcase>
        <testcase classname="src/lib/cortex/reporting/alert-thresholds.test.ts" name="AlertService &gt; checkThresholds &gt; should not trigger alert when threshold is not violated" time="0.002043">
        </testcase>
        <testcase classname="src/lib/cortex/reporting/alert-thresholds.test.ts" name="AlertService &gt; checkThresholds &gt; should handle different comparison operators" time="0.0017817">
        </testcase>
    </testsuite>
    <testsuite name="src/lib/cortex/reporting/distribution.test.ts" timestamp="2025-01-07T18:51:34.877Z" hostname="sophra" tests="5" failures="0" errors="0" skipped="0" time="0.0277221">
        <testcase classname="src/lib/cortex/reporting/distribution.test.ts" name="ReportDistributionService &gt; distributeReport &gt; should distribute report via email" time="0.0106646">
        </testcase>
        <testcase classname="src/lib/cortex/reporting/distribution.test.ts" name="ReportDistributionService &gt; distributeReport &gt; should distribute report via Slack" time="0.0021862">
        </testcase>
        <testcase classname="src/lib/cortex/reporting/distribution.test.ts" name="ReportDistributionService &gt; distributeReport &gt; should store report in specified storage" time="0.0016095">
        </testcase>
        <testcase classname="src/lib/cortex/reporting/distribution.test.ts" name="ReportDistributionService &gt; distributeReport &gt; should handle multiple distribution methods" time="0.0020174">
        </testcase>
        <testcase classname="src/lib/cortex/reporting/distribution.test.ts" name="ReportDistributionService &gt; distributeReport &gt; should handle distribution errors gracefully" time="0.0076598">
        </testcase>
    </testsuite>
    <testsuite name="src/lib/cortex/reporting/recommendations.test.ts" timestamp="2025-01-07T18:51:34.879Z" hostname="sophra" tests="4" failures="0" errors="0" skipped="0" time="0.0169806">
        <testcase classname="src/lib/cortex/reporting/recommendations.test.ts" name="RecommendationService &gt; generateRecommendations &gt; should generate recommendations based on latency trend" time="0.0088785">
        </testcase>
        <testcase classname="src/lib/cortex/reporting/recommendations.test.ts" name="RecommendationService &gt; generateRecommendations &gt; should generate cache recommendations" time="0.002065">
        </testcase>
        <testcase classname="src/lib/cortex/reporting/recommendations.test.ts" name="RecommendationService &gt; generateRecommendations &gt; should handle empty metrics" time="0.0015931">
        </testcase>
        <testcase classname="src/lib/cortex/reporting/recommendations.test.ts" name="RecommendationService &gt; generateRecommendations &gt; should handle no recommendations needed" time="0.0014637">
        </testcase>
    </testsuite>
    <testsuite name="src/lib/cortex/reporting/service.test.ts" timestamp="2025-01-07T18:51:34.881Z" hostname="sophra" tests="4" failures="0" errors="0" skipped="0" time="0.028431">
        <testcase classname="src/lib/cortex/reporting/service.test.ts" name="ReportingService &gt; generateScheduledReport &gt; should generate scheduled report successfully" time="0.0108539">
        </testcase>
        <testcase classname="src/lib/cortex/reporting/service.test.ts" name="ReportingService &gt; generateScheduledReport &gt; should handle analytics service errors" time="0.007365">
        </testcase>
        <testcase classname="src/lib/cortex/reporting/service.test.ts" name="ReportingService &gt; checkAlertThresholds &gt; should generate alerts for threshold violations" time="0.0026184">
        </testcase>
        <testcase classname="src/lib/cortex/reporting/service.test.ts" name="ReportingService &gt; generateRecommendations &gt; should generate recommendations for performance issues" time="0.0025045">
        </testcase>
    </testsuite>
    <testsuite name="src/lib/cortex/redis/client.test.ts" timestamp="2025-01-07T18:51:34.883Z" hostname="sophra" tests="17" failures="0" errors="0" skipped="0" time="0.0265558">
        <testcase classname="src/lib/cortex/redis/client.test.ts" name="RedisClient &gt; setEx &gt; should set value with expiration" time="0.0064124">
        </testcase>
        <testcase classname="src/lib/cortex/redis/client.test.ts" name="RedisClient &gt; setEx &gt; should use default TTL when not provided" time="0.0010506">
        </testcase>
        <testcase classname="src/lib/cortex/redis/client.test.ts" name="RedisClient &gt; setEx &gt; should handle Redis errors" time="0.0035015">
        </testcase>
        <testcase classname="src/lib/cortex/redis/client.test.ts" name="RedisClient &gt; getEx &gt; should get value" time="0.0014127">
        </testcase>
        <testcase classname="src/lib/cortex/redis/client.test.ts" name="RedisClient &gt; getEx &gt; should handle null values" time="0.0006501">
        </testcase>
        <testcase classname="src/lib/cortex/redis/client.test.ts" name="RedisClient &gt; getEx &gt; should handle Redis errors" time="0.0008157">
        </testcase>
        <testcase classname="src/lib/cortex/redis/client.test.ts" name="RedisClient &gt; del &gt; should delete key" time="0.0008782">
        </testcase>
        <testcase classname="src/lib/cortex/redis/client.test.ts" name="RedisClient &gt; del &gt; should handle Redis errors" time="0.0009081">
        </testcase>
        <testcase classname="src/lib/cortex/redis/client.test.ts" name="RedisClient &gt; exists &gt; should check if key exists" time="0.0009372">
        </testcase>
        <testcase classname="src/lib/cortex/redis/client.test.ts" name="RedisClient &gt; exists &gt; should return false for non-existent keys" time="0.0003894">
        </testcase>
        <testcase classname="src/lib/cortex/redis/client.test.ts" name="RedisClient &gt; exists &gt; should handle Redis errors" time="0.0010697">
        </testcase>
        <testcase classname="src/lib/cortex/redis/client.test.ts" name="RedisClient &gt; ping &gt; should check connection" time="0.0005587">
        </testcase>
        <testcase classname="src/lib/cortex/redis/client.test.ts" name="RedisClient &gt; ping &gt; should return false for failed ping" time="0.0003292">
        </testcase>
        <testcase classname="src/lib/cortex/redis/client.test.ts" name="RedisClient &gt; ping &gt; should handle Redis errors" time="0.0006844">
        </testcase>
        <testcase classname="src/lib/cortex/redis/client.test.ts" name="RedisClient &gt; disconnect &gt; should close connection" time="0.0008262">
        </testcase>
        <testcase classname="src/lib/cortex/redis/client.test.ts" name="RedisClient &gt; disconnect &gt; should handle Redis errors" time="0.0007026">
        </testcase>
        <testcase classname="src/lib/cortex/redis/client.test.ts" name="RedisClient &gt; getClient &gt; should return Redis client" time="0.0005236">
        </testcase>
    </testsuite>
    <testsuite name="src/lib/cortex/redis/services.test.ts" timestamp="2025-01-07T18:51:34.886Z" hostname="sophra" tests="12" failures="0" errors="0" skipped="0" time="0.3857875">
        <testcase classname="src/lib/cortex/redis/services.test.ts" name="RedisCacheService &gt; ping &gt; should return true when Redis is available" time="0.0081626">
        </testcase>
        <testcase classname="src/lib/cortex/redis/services.test.ts" name="RedisCacheService &gt; ping &gt; should return false when Redis is unavailable" time="0.002462">
        </testcase>
        <testcase classname="src/lib/cortex/redis/services.test.ts" name="RedisCacheService &gt; set &gt; should set cache value with TTL" time="0.0043145">
        </testcase>
        <testcase classname="src/lib/cortex/redis/services.test.ts" name="RedisCacheService &gt; set &gt; should handle set errors" time="0.335804">
        </testcase>
        <testcase classname="src/lib/cortex/redis/services.test.ts" name="RedisCacheService &gt; get &gt; should get cached value" time="0.0048382">
        </testcase>
        <testcase classname="src/lib/cortex/redis/services.test.ts" name="RedisCacheService &gt; get &gt; should return default value when key not found" time="0.0025172">
        </testcase>
        <testcase classname="src/lib/cortex/redis/services.test.ts" name="RedisCacheService &gt; cacheSearchResults &gt; should cache search results with query hash" time="0.0057127">
        </testcase>
        <testcase classname="src/lib/cortex/redis/services.test.ts" name="RedisCacheService &gt; getSearchResults &gt; should retrieve cached search results" time="0.005063">
        </testcase>
        <testcase classname="src/lib/cortex/redis/services.test.ts" name="RedisCacheService &gt; getSearchResults &gt; should return null for cache miss" time="0.0037603">
        </testcase>
        <testcase classname="src/lib/cortex/redis/services.test.ts" name="RedisCacheService &gt; disconnect &gt; should disconnect Redis client" time="0.0028278">
        </testcase>
        <testcase classname="src/lib/cortex/redis/services.test.ts" name="RedisCacheService &gt; healthCheck &gt; should return true when Redis is healthy" time="0.003095">
        </testcase>
        <testcase classname="src/lib/cortex/redis/services.test.ts" name="RedisCacheService &gt; healthCheck &gt; should return false when Redis is unhealthy" time="0.0024897">
        </testcase>
    </testsuite>
    <testsuite name="src/lib/cortex/services/vectorization.test.ts" timestamp="2025-01-07T18:51:34.888Z" hostname="sophra" tests="4" failures="0" errors="0" skipped="0" time="0.0058377">
        <testcase classname="src/lib/cortex/services/vectorization.test.ts" name="VectorizationService &gt; vectorize &gt; should successfully vectorize valid input" time="0.0019953">
        </testcase>
        <testcase classname="src/lib/cortex/services/vectorization.test.ts" name="VectorizationService &gt; vectorize &gt; should handle invalid input gracefully" time="0.0003995">
        </testcase>
        <testcase classname="src/lib/cortex/services/vectorization.test.ts" name="VectorizationService &gt; processVectors &gt; should process vectors correctly" time="0.0003786">
        </testcase>
        <testcase classname="src/lib/cortex/services/vectorization.test.ts" name="VectorizationService &gt; processVectors &gt; should handle processing errors appropriately" time="0.0005592">
        </testcase>
    </testsuite>
    <testsuite name="src/lib/cortex/sessions/service.test.ts" timestamp="2025-01-07T18:51:34.889Z" hostname="sophra" tests="8" failures="0" errors="0" skipped="0" time="0.0387961">
        <testcase classname="src/lib/cortex/sessions/service.test.ts" name="SessionService &gt; createSession &gt; should create a new session" time="0.011903">
        </testcase>
        <testcase classname="src/lib/cortex/sessions/service.test.ts" name="SessionService &gt; createSession &gt; should handle session creation errors" time="0.0044719">
        </testcase>
        <testcase classname="src/lib/cortex/sessions/service.test.ts" name="SessionService &gt; getSession &gt; should retrieve an existing session" time="0.0043484">
        </testcase>
        <testcase classname="src/lib/cortex/sessions/service.test.ts" name="SessionService &gt; getSession &gt; should return null for non-existent session" time="0.0015084">
        </testcase>
        <testcase classname="src/lib/cortex/sessions/service.test.ts" name="SessionService &gt; validateSession &gt; should validate active session" time="0.0016144">
        </testcase>
        <testcase classname="src/lib/cortex/sessions/service.test.ts" name="SessionService &gt; validateSession &gt; should invalidate expired session" time="0.0033621">
        </testcase>
        <testcase classname="src/lib/cortex/sessions/service.test.ts" name="SessionService &gt; extendSession &gt; should extend session expiration" time="0.004168">
        </testcase>
        <testcase classname="src/lib/cortex/sessions/service.test.ts" name="SessionService &gt; extendSession &gt; should handle extension errors" time="0.0021259">
        </testcase>
    </testsuite>
    <testsuite name="src/lib/cortex/types/api.types.test.ts" timestamp="2025-01-07T18:51:34.891Z" hostname="sophra" tests="6" failures="0" errors="0" skipped="0" time="0.00967">
        <testcase classname="src/lib/cortex/types/api.types.test.ts" name="API Types &gt; APIResponse &gt; should validate APIResponse structure" time="0.0020529">
        </testcase>
        <testcase classname="src/lib/cortex/types/api.types.test.ts" name="API Types &gt; APIResponse &gt; should work with different data types" time="0.0004129">
        </testcase>
        <testcase classname="src/lib/cortex/types/api.types.test.ts" name="API Types &gt; HealthStatus &gt; should validate HealthStatus structure" time="0.000273">
        </testcase>
        <testcase classname="src/lib/cortex/types/api.types.test.ts" name="API Types &gt; HealthStatus &gt; should allow service stats with any key" time="0.0024453">
        </testcase>
        <testcase classname="src/lib/cortex/types/api.types.test.ts" name="API Types &gt; EnhancedHealthStatus &gt; should validate EnhancedHealthStatus structure" time="0.0005545">
        </testcase>
        <testcase classname="src/lib/cortex/types/api.types.test.ts" name="API Types &gt; EnhancedHealthStatus &gt; should validate that EnhancedHealthStatus extends HealthStatus" time="0.0008713">
        </testcase>
    </testsuite>
    <testsuite name="src/lib/cortex/types/search.types.test.ts" timestamp="2025-01-07T18:51:34.892Z" hostname="sophra" tests="14" failures="0" errors="0" skipped="0" time="0.0079423">
        <testcase classname="src/lib/cortex/types/search.types.test.ts" name="Search Types &gt; TextQuery &gt; should validate TextQuery structure" time="0.001149">
        </testcase>
        <testcase classname="src/lib/cortex/types/search.types.test.ts" name="Search Types &gt; TextQuery &gt; should validate text query with all options" time="0.000258">
        </testcase>
        <testcase classname="src/lib/cortex/types/search.types.test.ts" name="Search Types &gt; TextQuery &gt; should validate text query with minimal options" time="0.0001669">
        </testcase>
        <testcase classname="src/lib/cortex/types/search.types.test.ts" name="Search Types &gt; VectorQuery &gt; should validate VectorQuery structure" time="0.0002061">
        </testcase>
        <testcase classname="src/lib/cortex/types/search.types.test.ts" name="Search Types &gt; VectorQuery &gt; should validate vector query with all options" time="0.0001933">
        </testcase>
        <testcase classname="src/lib/cortex/types/search.types.test.ts" name="Search Types &gt; VectorQuery &gt; should validate vector query with minimal options" time="0.0002214">
        </testcase>
        <testcase classname="src/lib/cortex/types/search.types.test.ts" name="Search Types &gt; AdvancedSearchRequest &gt; should validate AdvancedSearchRequest structure" time="0.0002122">
        </testcase>
        <testcase classname="src/lib/cortex/types/search.types.test.ts" name="Search Types &gt; AdvancedSearchRequest &gt; should validate text search request" time="0.000201">
        </testcase>
        <testcase classname="src/lib/cortex/types/search.types.test.ts" name="Search Types &gt; AdvancedSearchRequest &gt; should validate vector search request" time="0.0003841">
        </testcase>
        <testcase classname="src/lib/cortex/types/search.types.test.ts" name="Search Types &gt; AdvancedSearchRequest &gt; should validate hybrid search request" time="0.0002051">
        </testcase>
        <testcase classname="src/lib/cortex/types/search.types.test.ts" name="Search Types &gt; SearchResult &gt; should validate SearchResult structure" time="0.00014">
        </testcase>
        <testcase classname="src/lib/cortex/types/search.types.test.ts" name="Search Types &gt; SearchResult &gt; should validate search result with facets" time="0.0016534">
        </testcase>
        <testcase classname="src/lib/cortex/types/search.types.test.ts" name="Search Types &gt; CachedSearchResult &gt; should validate CachedSearchResult structure" time="0.0001743">
        </testcase>
        <testcase classname="src/lib/cortex/types/search.types.test.ts" name="Search Types &gt; CachedSearchResult &gt; should validate cached search result" time="0.0003872">
        </testcase>
    </testsuite>
    <testsuite name="src/lib/cortex/types/services.types.test.ts" timestamp="2025-01-07T18:51:34.895Z" hostname="sophra" tests="7" failures="0" errors="0" skipped="0" time="0.0068927">
        <testcase classname="src/lib/cortex/types/services.types.test.ts" name="Services Types &gt; Services &gt; should validate Services structure" time="0.0018872">
        </testcase>
        <testcase classname="src/lib/cortex/types/services.types.test.ts" name="Services Types &gt; Services &gt; Engine Service &gt; should validate engine service structure" time="0.0002874">
        </testcase>
        <testcase classname="src/lib/cortex/types/services.types.test.ts" name="Services Types &gt; Services &gt; Sync Service &gt; should validate sync service structure" time="0.0002224">
        </testcase>
        <testcase classname="src/lib/cortex/types/services.types.test.ts" name="Services Types &gt; Services &gt; Documents Service &gt; should validate documents service structure" time="0.0002222">
        </testcase>
        <testcase classname="src/lib/cortex/types/services.types.test.ts" name="Services Types &gt; Services &gt; Health Service &gt; should validate health service structure" time="0.0003899">
        </testcase>
        <testcase classname="src/lib/cortex/types/services.types.test.ts" name="Services Types &gt; Services &gt; Health Service &gt; should validate health check response" time="0.0002909">
        </testcase>
        <testcase classname="src/lib/cortex/types/services.types.test.ts" name="Services Types &gt; Services &gt; Observe Service &gt; should validate observe service structure" time="0.0003189">
        </testcase>
    </testsuite>
    <testsuite name="src/lib/cortex/types/session.types.test.ts" timestamp="2025-01-07T18:51:34.897Z" hostname="sophra" tests="8" failures="0" errors="0" skipped="0" time="0.0107338">
        <testcase classname="src/lib/cortex/types/session.types.test.ts" name="Session Types &gt; Session &gt; should validate Session structure" time="0.0025767">
        </testcase>
        <testcase classname="src/lib/cortex/types/session.types.test.ts" name="Session Types &gt; Session &gt; should allow metadata with any value type" time="0.0007204">
        </testcase>
        <testcase classname="src/lib/cortex/types/session.types.test.ts" name="Session Types &gt; Conversation &gt; should validate Conversation structure" time="0.0003593">
        </testcase>
        <testcase classname="src/lib/cortex/types/session.types.test.ts" name="Session Types &gt; Conversation &gt; should allow optional fields to be undefined" time="0.0004898">
        </testcase>
        <testcase classname="src/lib/cortex/types/session.types.test.ts" name="Session Types &gt; Conversation &gt; should validate conversation with all fields" time="0.0006552">
        </testcase>
        <testcase classname="src/lib/cortex/types/session.types.test.ts" name="Session Types &gt; Message &gt; should validate Message structure" time="0.0004977">
        </testcase>
        <testcase classname="src/lib/cortex/types/session.types.test.ts" name="Session Types &gt; Message &gt; should validate message role values" time="0.0006676">
        </testcase>
        <testcase classname="src/lib/cortex/types/session.types.test.ts" name="Session Types &gt; Message &gt; should validate message with metadata" time="0.0005596">
        </testcase>
    </testsuite>
    <testsuite name="src/lib/cortex/utils/circuit-breaker.test.ts" timestamp="2025-01-07T18:51:34.899Z" hostname="sophra" tests="7" failures="0" errors="0" skipped="0" time="0.0262496">
        <testcase classname="src/lib/cortex/utils/circuit-breaker.test.ts" name="CircuitBreaker &gt; initialization &gt; should initialize with circuit closed" time="0.0056579">
        </testcase>
        <testcase classname="src/lib/cortex/utils/circuit-breaker.test.ts" name="CircuitBreaker &gt; error handling &gt; should open circuit after reaching failure threshold" time="0.0017473">
        </testcase>
        <testcase classname="src/lib/cortex/utils/circuit-breaker.test.ts" name="CircuitBreaker &gt; error handling &gt; should reset after timeout period" time="0.0046844">
        </testcase>
        <testcase classname="src/lib/cortex/utils/circuit-breaker.test.ts" name="CircuitBreaker &gt; success handling &gt; should reset failure count after success" time="0.0015444">
        </testcase>
        <testcase classname="src/lib/cortex/utils/circuit-breaker.test.ts" name="CircuitBreaker &gt; circuit state transitions &gt; should transition from closed to open on failures" time="0.0012775">
        </testcase>
        <testcase classname="src/lib/cortex/utils/circuit-breaker.test.ts" name="CircuitBreaker &gt; circuit state transitions &gt; should allow reset after timeout" time="0.0031825">
        </testcase>
        <testcase classname="src/lib/cortex/utils/circuit-breaker.test.ts" name="CircuitBreaker &gt; circuit state transitions &gt; should maintain open state within timeout period" time="0.0029982">
        </testcase>
    </testsuite>
    <testsuite name="src/lib/cortex/utils/rate-limit.test.ts" timestamp="2025-01-07T18:51:34.900Z" hostname="sophra" tests="8" failures="0" errors="0" skipped="0" time="0.0344399">
        <testcase classname="src/lib/cortex/utils/rate-limit.test.ts" name="Rate Limiter &gt; rate limiting &gt; should allow requests within rate limit" time="0.0106345">
        </testcase>
        <testcase classname="src/lib/cortex/utils/rate-limit.test.ts" name="Rate Limiter &gt; rate limiting &gt; should block requests exceeding rate limit" time="0.0050237">
        </testcase>
        <testcase classname="src/lib/cortex/utils/rate-limit.test.ts" name="Rate Limiter &gt; rate limiting &gt; should replenish tokens after interval" time="0.0030932">
        </testcase>
        <testcase classname="src/lib/cortex/utils/rate-limit.test.ts" name="Rate Limiter &gt; identifier handling &gt; should track limits separately for different identifiers" time="0.0013607">
        </testcase>
        <testcase classname="src/lib/cortex/utils/rate-limit.test.ts" name="Rate Limiter &gt; identifier handling &gt; should clean up old identifiers when exceeding uniqueTokenPerInterval" time="0.0018249">
        </testcase>
        <testcase classname="src/lib/cortex/utils/rate-limit.test.ts" name="Rate Limiter &gt; token replenishment &gt; should handle token replenishment correctly" time="0.0025366">
        </testcase>
        <testcase classname="src/lib/cortex/utils/rate-limit.test.ts" name="Rate Limiter &gt; concurrent requests &gt; should handle concurrent requests correctly" time="0.0037459">
        </testcase>
        <testcase classname="src/lib/cortex/utils/rate-limit.test.ts" name="Rate Limiter &gt; concurrent requests &gt; should handle concurrent requests from different clients" time="0.0019286">
        </testcase>
    </testsuite>
    <testsuite name="src/lib/cortex/utils/request-queue.test.ts" timestamp="2025-01-07T18:51:34.902Z" hostname="sophra" tests="6" failures="0" errors="0" skipped="0" time="0.6624665">
        <testcase classname="src/lib/cortex/utils/request-queue.test.ts" name="RequestQueue &gt; request processing &gt; should process requests concurrently within limit" time="0.2191425">
        </testcase>
        <testcase classname="src/lib/cortex/utils/request-queue.test.ts" name="RequestQueue &gt; request processing &gt; should handle errors in requests" time="0.0044805">
        </testcase>
        <testcase classname="src/lib/cortex/utils/request-queue.test.ts" name="RequestQueue &gt; request processing &gt; should process queued requests after errors" time="0.0010734">
        </testcase>
        <testcase classname="src/lib/cortex/utils/request-queue.test.ts" name="RequestQueue &gt; concurrent processing &gt; should respect concurrent request limit" time="0.2518417">
        </testcase>
        <testcase classname="src/lib/cortex/utils/request-queue.test.ts" name="RequestQueue &gt; concurrent processing &gt; should queue requests when at concurrent limit" time="0.1713272">
        </testcase>
        <testcase classname="src/lib/cortex/utils/request-queue.test.ts" name="RequestQueue &gt; error recovery &gt; should continue processing after failed requests" time="0.0021132">
        </testcase>
    </testsuite>
[...]
        </testcase>
    </testsuite>
    <testsuite name="src/app/api/nous/learn/metrics/metrics.route.test.ts" timestamp="2025-01-07T18:51:35.052Z" hostname="sophra" tests="8" failures="0" errors="0" skipped="0" time="0.0700171">
        <testcase classname="src/app/api/nous/learn/metrics/metrics.route.test.ts" name="Learning Metrics Route Handler &gt; GET /api/nous/learn/metrics &gt; should fetch metrics with valid parameters" time="0.0457197">
        </testcase>
        <testcase classname="src/app/api/nous/learn/metrics/metrics.route.test.ts" name="Learning Metrics Route Handler &gt; GET /api/nous/learn/metrics &gt; should handle invalid metric types" time="0.0032844">
        </testcase>
        <testcase classname="src/app/api/nous/learn/metrics/metrics.route.test.ts" name="Learning Metrics Route Handler &gt; GET /api/nous/learn/metrics &gt; should handle invalid timeframe parameter" time="0.002694">
        </testcase>
        <testcase classname="src/app/api/nous/learn/metrics/metrics.route.test.ts" name="Learning Metrics Route Handler &gt; GET /api/nous/learn/metrics &gt; should handle invalid interval parameter" time="0.0017405">
        </testcase>
        <testcase classname="src/app/api/nous/learn/metrics/metrics.route.test.ts" name="Learning Metrics Route Handler &gt; GET /api/nous/learn/metrics &gt; should handle database connection failure" time="0.0054977">
        </testcase>
        <testcase classname="src/app/api/nous/learn/metrics/metrics.route.test.ts" name="Learning Metrics Route Handler &gt; GET /api/nous/learn/metrics &gt; should handle database query failure" time="0.0037528">
        </testcase>
        <testcase classname="src/app/api/nous/learn/metrics/metrics.route.test.ts" name="Learning Metrics Route Handler &gt; GET /api/nous/learn/metrics &gt; should handle empty results" time="0.0016577">
        </testcase>
        <testcase classname="src/app/api/nous/learn/metrics/metrics.route.test.ts" name="Learning Metrics Route Handler &gt; GET /api/nous/learn/metrics &gt; should handle multiple metrics and timeframes" time="0.003421">
        </testcase>
    </testsuite>
    <testsuite name="src/app/api/nous/learn/models/models.route.test.ts" timestamp="2025-01-07T18:51:35.055Z" hostname="sophra" tests="5" failures="0" errors="0" skipped="0" time="0.0750187">
        <testcase classname="src/app/api/nous/learn/models/models.route.test.ts" name="Models Route Handler &gt; GET /api/nous/learn/models &gt; should fetch models with their latest versions" time="0.0549598">
        </testcase>
        <testcase classname="src/app/api/nous/learn/models/models.route.test.ts" name="Models Route Handler &gt; GET /api/nous/learn/models &gt; should handle database errors gracefully" time="0.008139">
        </testcase>
        <testcase classname="src/app/api/nous/learn/models/models.route.test.ts" name="Models Route Handler &gt; POST /api/nous/learn/models &gt; should create a new model with valid data" time="0.004631">
        </testcase>
        <testcase classname="src/app/api/nous/learn/models/models.route.test.ts" name="Models Route Handler &gt; POST /api/nous/learn/models &gt; should reject invalid model data" time="0.0024038">
        </testcase>
        <testcase classname="src/app/api/nous/learn/models/models.route.test.ts" name="Models Route Handler &gt; POST /api/nous/learn/models &gt; should handle database errors during creation" time="0.001967">
        </testcase>
    </testsuite>
    <testsuite name="src/app/api/nous/learn/search-patterns/search-patterns.route.test.ts" timestamp="2025-01-07T18:51:35.059Z" hostname="sophra" tests="5" failures="0" errors="0" skipped="0" time="0.0702468">
        <testcase classname="src/app/api/nous/learn/search-patterns/search-patterns.route.test.ts" name="Search Patterns Route Handler &gt; GET /api/nous/learn/search-patterns &gt; should fetch patterns with default parameters" time="0.0502394">
        </testcase>
        <testcase classname="src/app/api/nous/learn/search-patterns/search-patterns.route.test.ts" name="Search Patterns Route Handler &gt; GET /api/nous/learn/search-patterns &gt; should handle query filtering" time="0.0017547">
        </testcase>
        <testcase classname="src/app/api/nous/learn/search-patterns/search-patterns.route.test.ts" name="Search Patterns Route Handler &gt; GET /api/nous/learn/search-patterns &gt; should handle database errors gracefully" time="0.0016761">
        </testcase>
        <testcase classname="src/app/api/nous/learn/search-patterns/search-patterns.route.test.ts" name="Search Patterns Route Handler &gt; POST /api/nous/learn/search-patterns &gt; should create patterns with valid data" time="0.0089643">
        </testcase>
        <testcase classname="src/app/api/nous/learn/search-patterns/search-patterns.route.test.ts" name="Search Patterns Route Handler &gt; POST /api/nous/learn/search-patterns &gt; should reject invalid pattern data" time="0.0041268">
        </testcase>
    </testsuite>
    <testsuite name="src/app/api/nous/signals/observe/observe.route.test.ts" timestamp="2025-01-07T18:51:35.060Z" hostname="sophra" tests="6" failures="0" errors="0" skipped="0" time="0.0494751">
        <testcase classname="src/app/api/nous/signals/observe/observe.route.test.ts" name="Signals Observe Route Handler &gt; GET /api/nous/signals/observe &gt; should fetch signal stats without filters" time="0.0336898">
        </testcase>
        <testcase classname="src/app/api/nous/signals/observe/observe.route.test.ts" name="Signals Observe Route Handler &gt; GET /api/nous/signals/observe &gt; should handle filtering by source and type" time="0.0034019">
        </testcase>
        <testcase classname="src/app/api/nous/signals/observe/observe.route.test.ts" name="Signals Observe Route Handler &gt; GET /api/nous/signals/observe &gt; should handle database errors gracefully" time="0.0008271">
        </testcase>
        <testcase classname="src/app/api/nous/signals/observe/observe.route.test.ts" name="Signals Observe Route Handler &gt; POST /api/nous/signals/observe &gt; should fetch detailed signal stats with valid query" time="0.0049965">
        </testcase>
        <testcase classname="src/app/api/nous/signals/observe/observe.route.test.ts" name="Signals Observe Route Handler &gt; POST /api/nous/signals/observe &gt; should reject invalid query format" time="0.0022642">
        </testcase>
        <testcase classname="src/app/api/nous/signals/observe/observe.route.test.ts" name="Signals Observe Route Handler &gt; POST /api/nous/signals/observe &gt; should handle database errors gracefully" time="0.0011405">
        </testcase>
    </testsuite>
    <testsuite name="src/app/api/nous/signals/process/process.route.test.ts" timestamp="2025-01-07T18:51:35.062Z" hostname="sophra" tests="7" failures="0" errors="0" skipped="0" time="0.0885935">
        <testcase classname="src/app/api/nous/signals/process/process.route.test.ts" name="Signals Process Route Handler &gt; GET /api/nous/signals/process &gt; should fetch pending signals with default parameters" time="0.0501617">
        </testcase>
        <testcase classname="src/app/api/nous/signals/process/process.route.test.ts" name="Signals Process Route Handler &gt; GET /api/nous/signals/process &gt; should handle specific status filtering" time="0.0021588">
        </testcase>
        <testcase classname="src/app/api/nous/signals/process/process.route.test.ts" name="Signals Process Route Handler &gt; GET /api/nous/signals/process &gt; should handle database errors gracefully" time="0.0013116">
        </testcase>
        <testcase classname="src/app/api/nous/signals/process/process.route.test.ts" name="Signals Process Route Handler &gt; POST /api/nous/signals/process &gt; should update signal processing status with valid data" time="0.0071095">
        </testcase>
        <testcase classname="src/app/api/nous/signals/process/process.route.test.ts" name="Signals Process Route Handler &gt; POST /api/nous/signals/process &gt; should reject invalid update format" time="0.0048623">
        </testcase>
        <testcase classname="src/app/api/nous/signals/process/process.route.test.ts" name="Signals Process Route Handler &gt; POST /api/nous/signals/process &gt; should handle processing errors gracefully" time="0.0144117">
        </testcase>
        <testcase classname="src/app/api/nous/signals/process/process.route.test.ts" name="Signals Process Route Handler &gt; POST /api/nous/signals/process &gt; should handle complex metadata updates" time="0.0054951">
        </testcase>
    </testsuite>
    <testsuite name="src/app/api/cortex/documents/[id]/vectorize/vectorize.route.test.ts" timestamp="2025-01-07T18:51:35.066Z" hostname="sophra" tests="6" failures="0" errors="0" skipped="0" time="0.0622387">
        <testcase classname="src/app/api/cortex/documents/[id]/vectorize/vectorize.route.test.ts" name="Document vectorization endpoints &gt; GET /api/documents/[id]/vectorize &gt; should return 400 when indexId is missing" time="0.0337515">
        </testcase>
        <testcase classname="src/app/api/cortex/documents/[id]/vectorize/vectorize.route.test.ts" name="Document vectorization endpoints &gt; GET /api/documents/[id]/vectorize &gt; should return 404 when index is not found" time="0.0046939">
        </testcase>
        <testcase classname="src/app/api/cortex/documents/[id]/vectorize/vectorize.route.test.ts" name="Document vectorization endpoints &gt; GET /api/documents/[id]/vectorize &gt; should handle successful vectorization" time="0.0064311">
        </testcase>
        <testcase classname="src/app/api/cortex/documents/[id]/vectorize/vectorize.route.test.ts" name="Document vectorization endpoints &gt; PUT /api/documents/[id]/vectorize &gt; should handle missing required parameters" time="0.0023937">
        </testcase>
        <testcase classname="src/app/api/cortex/documents/[id]/vectorize/vectorize.route.test.ts" name="Document vectorization endpoints &gt; PUT /api/documents/[id]/vectorize &gt; should handle successful document update" time="0.0086219">
        </testcase>
        <testcase classname="src/app/api/cortex/documents/[id]/vectorize/vectorize.route.test.ts" name="Document vectorization endpoints &gt; PUT /api/documents/[id]/vectorize &gt; should handle invalid JSON input" time="0.0029508">
        </testcase>
    </testsuite>
    <testsuite name="src/app/api/cortex/sessions/[sessionId]/analytics/id.analytics.route.test.ts" timestamp="2025-01-07T18:51:35.067Z" hostname="sophra" tests="5" failures="0" errors="0" skipped="0" time="0.0226489">
        <testcase classname="src/app/api/cortex/sessions/[sessionId]/analytics/id.analytics.route.test.ts" name="GET /api/cortex/sessions/[sessionId]/analytics &gt; should return 404 if session is not found" time="0.0155847">
        </testcase>
        <testcase classname="src/app/api/cortex/sessions/[sessionId]/analytics/id.analytics.route.test.ts" name="GET /api/cortex/sessions/[sessionId]/analytics &gt; should return 500 if service initialization fails" time="0.0011166">
        </testcase>
        <testcase classname="src/app/api/cortex/sessions/[sessionId]/analytics/id.analytics.route.test.ts" name="GET /api/cortex/sessions/[sessionId]/analytics &gt; should calculate metrics correctly with search events" time="0.0027186">
        </testcase>
        <testcase classname="src/app/api/cortex/sessions/[sessionId]/analytics/id.analytics.route.test.ts" name="GET /api/cortex/sessions/[sessionId]/analytics &gt; should handle empty search events correctly" time="0.0009402">
        </testcase>
        <testcase classname="src/app/api/cortex/sessions/[sessionId]/analytics/id.analytics.route.test.ts" name="GET /api/cortex/sessions/[sessionId]/analytics &gt; should calculate click-through rate correctly" time="0.000877">
        </testcase>
    </testsuite>
    <testsuite name="src/app/api/nous/ab-testing/experiments/activate/activate.route.test.ts" timestamp="2025-01-07T18:51:35.069Z" hostname="sophra" tests="5" failures="0" errors="0" skipped="0" time="0.0642279">
        <testcase classname="src/app/api/nous/ab-testing/experiments/activate/activate.route.test.ts" name="Activate Experiment Route Handler &gt; should return 400 when request body is invalid" time="0.0471571">
        </testcase>
        <testcase classname="src/app/api/nous/ab-testing/experiments/activate/activate.route.test.ts" name="Activate Experiment Route Handler &gt; should return 404 when experiment is not found" time="0.0021614">
        </testcase>
        <testcase classname="src/app/api/nous/ab-testing/experiments/activate/activate.route.test.ts" name="Activate Experiment Route Handler &gt; should return 400 when experiment is already active" time="0.0043443">
        </testcase>
        <testcase classname="src/app/api/nous/ab-testing/experiments/activate/activate.route.test.ts" name="Activate Experiment Route Handler &gt; should successfully activate an experiment" time="0.0058259">
        </testcase>
        <testcase classname="src/app/api/nous/ab-testing/experiments/activate/activate.route.test.ts" name="Activate Experiment Route Handler &gt; should return 500 when database operation fails" time="0.001895">
        </testcase>
    </testsuite>
    <testsuite name="src/app/api/nous/ab-testing/experiments/apply/apply.route.test.ts" timestamp="2025-01-07T18:51:35.071Z" hostname="sophra" tests="6" failures="0" errors="0" skipped="0" time="0.0621693">
        <testcase classname="src/app/api/nous/ab-testing/experiments/apply/apply.route.test.ts" name="Apply Adaptation Route Handler &gt; should return 400 when request body is invalid" time="0.0407316">
        </testcase>
        <testcase classname="src/app/api/nous/ab-testing/experiments/apply/apply.route.test.ts" name="Apply Adaptation Route Handler &gt; should return 404 when experiment is not found" time="0.0054741">
        </testcase>
        <testcase classname="src/app/api/nous/ab-testing/experiments/apply/apply.route.test.ts" name="Apply Adaptation Route Handler &gt; should return 400 when experiment is not active" time="0.002376">
        </testcase>
        <testcase classname="src/app/api/nous/ab-testing/experiments/apply/apply.route.test.ts" name="Apply Adaptation Route Handler &gt; should successfully apply adaptations" time="0.0041391">
        </testcase>
        <testcase classname="src/app/api/nous/ab-testing/experiments/apply/apply.route.test.ts" name="Apply Adaptation Route Handler &gt; should handle case when no adaptations are needed" time="0.0023622">
        </testcase>
        <testcase classname="src/app/api/nous/ab-testing/experiments/apply/apply.route.test.ts" name="Apply Adaptation Route Handler &gt; should handle database errors" time="0.0043057">
        </testcase>
    </testsuite>
    <testsuite name="src/app/api/nous/ab-testing/experiments/deactivate/deactivate.route.test.ts" timestamp="2025-01-07T18:51:35.073Z" hostname="sophra" tests="5" failures="0" errors="0" skipped="0" time="0.061873">
        <testcase classname="src/app/api/nous/ab-testing/experiments/deactivate/deactivate.route.test.ts" name="Deactivate Experiment Route Handler &gt; should return 400 when request body is invalid" time="0.041118">
        </testcase>
        <testcase classname="src/app/api/nous/ab-testing/experiments/deactivate/deactivate.route.test.ts" name="Deactivate Experiment Route Handler &gt; should return 404 when experiment is not found" time="0.0052482">
        </testcase>
        <testcase classname="src/app/api/nous/ab-testing/experiments/deactivate/deactivate.route.test.ts" name="Deactivate Experiment Route Handler &gt; should return 400 when experiment is already inactive" time="0.0063285">
        </testcase>
        <testcase classname="src/app/api/nous/ab-testing/experiments/deactivate/deactivate.route.test.ts" name="Deactivate Experiment Route Handler &gt; should successfully deactivate an experiment" time="0.0019592">
        </testcase>
        <testcase classname="src/app/api/nous/ab-testing/experiments/deactivate/deactivate.route.test.ts" name="Deactivate Experiment Route Handler &gt; should return 500 when database operation fails" time="0.0043695">
        </testcase>
    </testsuite>
    <testsuite name="src/app/api/nous/learn/feedback/patterns/patterns.route.test.ts" timestamp="2025-01-07T18:51:35.075Z" hostname="sophra" tests="8" failures="0" errors="0" skipped="0" time="0.0834937">
        <testcase classname="src/app/api/nous/learn/feedback/patterns/patterns.route.test.ts" name="Feedback Patterns Route Handler &gt; GET /api/nous/learn/feedback/patterns &gt; should fetch patterns with default parameters" time="0.0520483">
        </testcase>
        <testcase classname="src/app/api/nous/learn/feedback/patterns/patterns.route.test.ts" name="Feedback Patterns Route Handler &gt; GET /api/nous/learn/feedback/patterns &gt; should handle custom timeframe and limit" time="0.0053461">
        </testcase>
        <testcase classname="src/app/api/nous/learn/feedback/patterns/patterns.route.test.ts" name="Feedback Patterns Route Handler &gt; GET /api/nous/learn/feedback/patterns &gt; should handle invalid timeframe parameter" time="0.003119">
        </testcase>
        <testcase classname="src/app/api/nous/learn/feedback/patterns/patterns.route.test.ts" name="Feedback Patterns Route Handler &gt; GET /api/nous/learn/feedback/patterns &gt; should handle invalid limit parameter" time="0.0018565">
        </testcase>
        <testcase classname="src/app/api/nous/learn/feedback/patterns/patterns.route.test.ts" name="Feedback Patterns Route Handler &gt; GET /api/nous/learn/feedback/patterns &gt; should handle limit out of range" time="0.0021077">
        </testcase>
        <testcase classname="src/app/api/nous/learn/feedback/patterns/patterns.route.test.ts" name="Feedback Patterns Route Handler &gt; GET /api/nous/learn/feedback/patterns &gt; should handle database errors gracefully" time="0.0093011">
        </testcase>
        <testcase classname="src/app/api/nous/learn/feedback/patterns/patterns.route.test.ts" name="Feedback Patterns Route Handler &gt; GET /api/nous/learn/feedback/patterns &gt; should calculate confidence and metrics correctly" time="0.0031275">
        </testcase>
        <testcase classname="src/app/api/nous/learn/feedback/patterns/patterns.route.test.ts" name="Feedback Patterns Route Handler &gt; GET /api/nous/learn/feedback/patterns &gt; should handle empty results" time="0.0027159">
        </testcase>
    </testsuite>
    <testsuite name="src/app/api/nous/learn/models/sync/sync.route.test.ts" timestamp="2025-01-07T18:51:35.077Z" hostname="sophra" tests="5" failures="0" errors="0" skipped="0" time="0.0929803">
        <testcase classname="src/app/api/nous/learn/models/sync/sync.route.test.ts" name="Model Sync Route Handler &gt; GET /api/nous/learn/models/sync &gt; should fetch model states with metrics" time="0.0469075">
        </testcase>
        <testcase classname="src/app/api/nous/learn/models/sync/sync.route.test.ts" name="Model Sync Route Handler &gt; GET /api/nous/learn/models/sync &gt; should handle database errors gracefully" time="0.0012204">
        </testcase>
        <testcase classname="src/app/api/nous/learn/models/sync/sync.route.test.ts" name="Model Sync Route Handler &gt; POST /api/nous/learn/models/sync &gt; should sync model state with valid data" time="0.0139684">
        </testcase>
        <testcase classname="src/app/api/nous/learn/models/sync/sync.route.test.ts" name="Model Sync Route Handler &gt; POST /api/nous/learn/models/sync &gt; should reject invalid sync data" time="0.0111657">
        </testcase>
        <testcase classname="src/app/api/nous/learn/models/sync/sync.route.test.ts" name="Model Sync Route Handler &gt; POST /api/nous/learn/models/sync &gt; should handle database errors during sync" time="0.016518">
        </testcase>
    </testsuite>
</testsuites>
