<?xml version="1.0" encoding="UTF-8" ?>
<testsuites name="vitest tests" tests="922" failures="5" errors="0" time="28.821">
    <testsuite name="src/types/services.test.ts" timestamp="2025-01-07T17:34:02.795Z" hostname="sophra" tests="9" failures="0" errors="0" skipped="0" time="0.0261341">
        <testcase classname="src/types/services.test.ts" name="Services &gt; getUsers &gt; should fetch users successfully" time="0.0066321">
        </testcase>
        <testcase classname="src/types/services.test.ts" name="Services &gt; getUsers &gt; should handle empty users list" time="0.0015926">
        </testcase>
        <testcase classname="src/types/services.test.ts" name="Services &gt; getUsers &gt; should handle network errors" time="0.0049943">
        </testcase>
        <testcase classname="src/types/services.test.ts" name="Services &gt; createUser &gt; should create user successfully" time="0.0020238">
        </testcase>
        <testcase classname="src/types/services.test.ts" name="Services &gt; createUser &gt; should handle validation errors" time="0.001217">
        </testcase>
        <testcase classname="src/types/services.test.ts" name="Services &gt; updateUser &gt; should update user successfully" time="0.0008403">
        </testcase>
        <testcase classname="src/types/services.test.ts" name="Services &gt; updateUser &gt; should handle non-existent user" time="0.001448">
        </testcase>
        <testcase classname="src/types/services.test.ts" name="Services &gt; deleteUser &gt; should delete user successfully" time="0.0011609">
        </testcase>
        <testcase classname="src/types/services.test.ts" name="Services &gt; deleteUser &gt; should handle deletion of non-existent user" time="0.0023604">
        </testcase>
    </testsuite>
    <testsuite name="src/app/api/api.admin.middleware.test.ts" timestamp="2025-01-07T17:34:02.800Z" hostname="sophra" tests="7" failures="0" errors="0" skipped="0" time="0.0429715">
        <testcase classname="src/app/api/api.admin.middleware.test.ts" name="Admin Middleware Additional Tests &gt; should return 401 when JWT token is invalid format" time="0.013739">
        </testcase>
        <testcase classname="src/app/api/api.admin.middleware.test.ts" name="Admin Middleware Additional Tests &gt; should return 403 when user lacks permission for endpoint" time="0.0021225">
        </testcase>
        <testcase classname="src/app/api/api.admin.middleware.test.ts" name="Admin Middleware Additional Tests &gt; should allow access when user is super admin regardless of endpoint" time="0.002707">
        </testcase>
        <testcase classname="src/app/api/api.admin.middleware.test.ts" name="Admin Middleware Additional Tests &gt; should handle string JWT decode result as invalid" time="0.0021028">
        </testcase>
        <testcase classname="src/app/api/api.admin.middleware.test.ts" name="Admin Middleware Additional Tests &gt; should handle invalid tokens gracefully" time="0.0023602">
        </testcase>
        <testcase classname="src/app/api/api.admin.middleware.test.ts" name="Admin Middleware Additional Tests &gt; should update lastUsedAt timestamp on successful validation" time="0.00633">
        </testcase>
        <testcase classname="src/app/api/api.admin.middleware.test.ts" name="Admin Middleware Additional Tests &gt; should handle missing JWT_SECRET" time="0.0112554">
            <system-err>
Error validating admin token: Error: JWT_SECRET is not configured
    at Module.adminMiddleware [90m(D:\sophra\[39msrc\app\api\admin.middleware.ts:37:5[90m)[39m
    at [90mD:\sophra\[39msrc\app\api\api.admin.middleware.test.ts:215:32
    at [90mfile:///D:/sophra/[39mnode_modules/[4m@vitest[24m/runner/dist/index.js:146:14
    at [90mfile:///D:/sophra/[39mnode_modules/[4m@vitest[24m/runner/dist/index.js:533:11
    at runWithTimeout [90m(file:///D:/sophra/[39mnode_modules/[4m@vitest[24m/runner/dist/index.js:39:7[90m)[39m
    at runTest [90m(file:///D:/sophra/[39mnode_modules/[4m@vitest[24m/runner/dist/index.js:1056:17[90m)[39m
[90m    at processTicksAndRejections (node:internal/process/task_queues:105:5)[39m
    at runSuite [90m(file:///D:/sophra/[39mnode_modules/[4m@vitest[24m/runner/dist/index.js:1205:15[90m)[39m
    at runSuite [90m(file:///D:/sophra/[39mnode_modules/[4m@vitest[24m/runner/dist/index.js:1205:15[90m)[39m
    at runFiles [90m(file:///D:/sophra/[39mnode_modules/[4m@vitest[24m/runner/dist/index.js:1262:5[90m)[39m

            </system-err>
        </testcase>
    </testsuite>
    <testsuite name="src/app/health/health.route.test.ts" timestamp="2025-01-07T17:34:02.802Z" hostname="sophra" tests="4" failures="0" errors="0" skipped="0" time="0.0929609">
        <testcase classname="src/app/health/health.route.test.ts" name="Health Check Route Handler &gt; should return healthy status when all services are connected" time="0.0853191">
        </testcase>
        <testcase classname="src/app/health/health.route.test.ts" name="Health Check Route Handler &gt; should return unhealthy status when any service is disconnected" time="0.0024951">
        </testcase>
        <testcase classname="src/app/health/health.route.test.ts" name="Health Check Route Handler &gt; should handle errors during health check" time="0.0020126">
        </testcase>
        <testcase classname="src/app/health/health.route.test.ts" name="Health Check Route Handler &gt; should mask sensitive information in service URLs" time="0.0013889">
        </testcase>
    </testsuite>
    <testsuite name="src/lib/test/next-server.mock.test.ts" timestamp="2025-01-07T17:34:02.803Z" hostname="sophra" tests="11" failures="0" errors="0" skipped="0" time="0.0717012">
        <testcase classname="src/lib/test/next-server.mock.test.ts" name="NextServer Mock &gt; NextResponse &gt; json &gt; should create JSON response successfully" time="0.03903">
        </testcase>
        <testcase classname="src/lib/test/next-server.mock.test.ts" name="NextServer Mock &gt; NextResponse &gt; json &gt; should handle complex data structures" time="0.0152523">
            <system-err>
Promise returned by `expect(actual).resolves.toEqual(expected)` was not awaited. Vitest currently auto-awaits hanging assertions at the end of the test, but this will cause the test to fail in Vitest 3. Please remember to await the assertion.
    at D:/sophra/src/lib/test/next-server.mock.test.ts:49:31

            </system-err>
        </testcase>
        <testcase classname="src/lib/test/next-server.mock.test.ts" name="NextServer Mock &gt; NextResponse &gt; redirect &gt; should create redirect response" time="0.0013201">
        </testcase>
        <testcase classname="src/lib/test/next-server.mock.test.ts" name="NextServer Mock &gt; NextResponse &gt; next &gt; should create next response with init options" time="0.0009298">
        </testcase>
        <testcase classname="src/lib/test/next-server.mock.test.ts" name="NextServer Mock &gt; NextResponse &gt; rewrite &gt; should create rewrite response" time="0.0011435">
        </testcase>
        <testcase classname="src/lib/test/next-server.mock.test.ts" name="NextServer Mock &gt; NextRequest &gt; should create request with URL and searchParams" time="0.0016234">
        </testcase>
        <testcase classname="src/lib/test/next-server.mock.test.ts" name="NextServer Mock &gt; NextRequest &gt; should handle request headers" time="0.0013935">
        </testcase>
        <testcase classname="src/lib/test/next-server.mock.test.ts" name="NextServer Mock &gt; NextRequest &gt; should handle request body as JSON" time="0.0014275">
        </testcase>
        <testcase classname="src/lib/test/next-server.mock.test.ts" name="NextServer Mock &gt; NextRequest &gt; should handle request body as text" time="0.0017671">
        </testcase>
        <testcase classname="src/lib/test/next-server.mock.test.ts" name="NextServer Mock &gt; NextRequest &gt; should handle empty body" time="0.0014463">
        </testcase>
        <testcase classname="src/lib/test/next-server.mock.test.ts" name="NextServer Mock &gt; Response Cloning &gt; should clone response with all properties" time="0.0016791">
        </testcase>
    </testsuite>
    <testsuite name="src/app/api/admin/permissions.test.ts" timestamp="2025-01-07T17:34:02.805Z" hostname="sophra" tests="10" failures="0" errors="0" skipped="0" time="0.0086125">
        <testcase classname="src/app/api/admin/permissions.test.ts" name="permissions &gt; hasPermission &gt; should return true for valid token with required purpose" time="0.0020382">
        </testcase>
        <testcase classname="src/app/api/admin/permissions.test.ts" name="permissions &gt; hasPermission &gt; should return false for valid token without required purpose" time="0.0003837">
        </testcase>
        <testcase classname="src/app/api/admin/permissions.test.ts" name="permissions &gt; hasPermission &gt; should return false for invalid token name format" time="0.0002457">
        </testcase>
        <testcase classname="src/app/api/admin/permissions.test.ts" name="permissions &gt; hasPermission &gt; should return false for endpoint not in permissions map" time="0.0002203">
        </testcase>
        <testcase classname="src/app/api/admin/permissions.test.ts" name="permissions &gt; getAccessibleEndpoints &gt; should return all endpoints for a valid token with &apos;api&apos; purpose" time="0.0012075">
        </testcase>
        <testcase classname="src/app/api/admin/permissions.test.ts" name="permissions &gt; getAccessibleEndpoints &gt; should return empty array for invalid token name format" time="0.0004294">
        </testcase>
        <testcase classname="src/app/api/admin/permissions.test.ts" name="permissions &gt; getAccessibleEndpoints &gt; should return correct endpoints for a valid token with &apos;monitoring&apos; purpose" time="0.000365">
        </testcase>
        <testcase classname="src/app/api/admin/permissions.test.ts" name="permissions &gt; isSuperAdmin &gt; should return true for a token with &apos;api&apos; purpose" time="0.0004735">
        </testcase>
        <testcase classname="src/app/api/admin/permissions.test.ts" name="permissions &gt; isSuperAdmin &gt; should return false for a token without &apos;api&apos; purpose" time="0.0007224">
        </testcase>
        <testcase classname="src/app/api/admin/permissions.test.ts" name="permissions &gt; isSuperAdmin &gt; should return false for invalid token name format" time="0.0003305">
        </testcase>
    </testsuite>
    <testsuite name="src/app/api/cortex/api.cortex.types.test.ts" timestamp="2025-01-07T17:34:02.808Z" hostname="sophra" tests="9" failures="0" errors="0" skipped="0" time="0.0162115">
        <testcase classname="src/app/api/cortex/api.cortex.types.test.ts" name="APIResponse &gt; should create a successful response" time="0.0033904">
        </testcase>
        <testcase classname="src/app/api/cortex/api.cortex.types.test.ts" name="APIResponse &gt; should create an error response" time="0.0017665">
        </testcase>
        <testcase classname="src/app/api/cortex/api.cortex.types.test.ts" name="Document Requests &gt; should validate CreateDocumentRequest structure" time="0.0009465">
        </testcase>
        <testcase classname="src/app/api/cortex/api.cortex.types.test.ts" name="Document Requests &gt; should validate UpdateDocumentRequest structure" time="0.0005553">
        </testcase>
        <testcase classname="src/app/api/cortex/api.cortex.types.test.ts" name="Document Requests &gt; should validate DeleteDocumentRequest structure" time="0.0005367">
        </testcase>
        <testcase classname="src/app/api/cortex/api.cortex.types.test.ts" name="SearchRequest &gt; should validate SearchRequest with minimal properties" time="0.0006075">
        </testcase>
        <testcase classname="src/app/api/cortex/api.cortex.types.test.ts" name="SearchRequest &gt; should validate SearchRequest with all properties" time="0.0023629">
        </testcase>
        <testcase classname="src/app/api/cortex/api.cortex.types.test.ts" name="HealthStatus &gt; should validate HealthStatus structure without error" time="0.0016574">
        </testcase>
        <testcase classname="src/app/api/cortex/api.cortex.types.test.ts" name="HealthStatus &gt; should validate HealthStatus structure with error" time="0.0009497">
        </testcase>
    </testsuite>
    <testsuite name="src/app/api/keys/admin.middleware.test.ts" timestamp="2025-01-07T17:34:02.810Z" hostname="sophra" tests="5" failures="0" errors="0" skipped="0" time="0.0390763">
        <testcase classname="src/app/api/keys/admin.middleware.test.ts" name="Admin Middleware &gt; should return 401 when admin token header is missing" time="0.0114122">
        </testcase>
        <testcase classname="src/app/api/keys/admin.middleware.test.ts" name="Admin Middleware &gt; should return 401 when admin token is invalid" time="0.0024984">
        </testcase>
        <testcase classname="src/app/api/keys/admin.middleware.test.ts" name="Admin Middleware &gt; should update lastUsedAt and proceed when token is valid" time="0.0082242">
        </testcase>
        <testcase classname="src/app/api/keys/admin.middleware.test.ts" name="Admin Middleware &gt; should return 500 when database error occurs" time="0.0109535">
            <system-err>
Error validating admin token: Error: Database error
    at [90mD:\sophra\[39msrc\app\api\keys\admin.middleware.test.ts:93:66
    at [90mfile:///D:/sophra/[39mnode_modules/[4m@vitest[24m/runner/dist/index.js:146:14
    at [90mfile:///D:/sophra/[39mnode_modules/[4m@vitest[24m/runner/dist/index.js:533:11
    at runWithTimeout [90m(file:///D:/sophra/[39mnode_modules/[4m@vitest[24m/runner/dist/index.js:39:7[90m)[39m
    at runTest [90m(file:///D:/sophra/[39mnode_modules/[4m@vitest[24m/runner/dist/index.js:1056:17[90m)[39m
[90m    at processTicksAndRejections (node:internal/process/task_queues:105:5)[39m
    at runSuite [90m(file:///D:/sophra/[39mnode_modules/[4m@vitest[24m/runner/dist/index.js:1205:15[90m)[39m
    at runSuite [90m(file:///D:/sophra/[39mnode_modules/[4m@vitest[24m/runner/dist/index.js:1205:15[90m)[39m
    at runFiles [90m(file:///D:/sophra/[39mnode_modules/[4m@vitest[24m/runner/dist/index.js:1262:5[90m)[39m
    at startTests [90m(file:///D:/sophra/[39mnode_modules/[4m@vitest[24m/runner/dist/index.js:1271:3[90m)[39m

            </system-err>
        </testcase>
        <testcase classname="src/app/api/keys/admin.middleware.test.ts" name="Admin Middleware &gt; should check for active tokens only" time="0.0025955">
            <system-err>
Error validating admin token: Error: Database error
    at [90mD:\sophra\[39msrc\app\api\keys\admin.middleware.test.ts:93:66
    at [90mfile:///D:/sophra/[39mnode_modules/[4m@vitest[24m/runner/dist/index.js:146:14
    at [90mfile:///D:/sophra/[39mnode_modules/[4m@vitest[24m/runner/dist/index.js:533:11
    at runWithTimeout [90m(file:///D:/sophra/[39mnode_modules/[4m@vitest[24m/runner/dist/index.js:39:7[90m)[39m
    at runTest [90m(file:///D:/sophra/[39mnode_modules/[4m@vitest[24m/runner/dist/index.js:1056:17[90m)[39m
[90m    at processTicksAndRejections (node:internal/process/task_queues:105:5)[39m
    at runSuite [90m(file:///D:/sophra/[39mnode_modules/[4m@vitest[24m/runner/dist/index.js:1205:15[90m)[39m
    at runSuite [90m(file:///D:/sophra/[39mnode_modules/[4m@vitest[24m/runner/dist/index.js:1205:15[90m)[39m
    at runFiles [90m(file:///D:/sophra/[39mnode_modules/[4m@vitest[24m/runner/dist/index.js:1262:5[90m)[39m
    at startTests [90m(file:///D:/sophra/[39mnode_modules/[4m@vitest[24m/runner/dist/index.js:1271:3[90m)[39m

            </system-err>
        </testcase>
    </testsuite>
    <testsuite name="src/app/api/keys/keys.route.test.ts" timestamp="2025-01-07T17:34:02.812Z" hostname="sophra" tests="7" failures="0" errors="0" skipped="0" time="0.1236825">
        <testcase classname="src/app/api/keys/keys.route.test.ts" name="API Keys Route Handlers &gt; POST /api/keys &gt; should create a new API key with valid input" time="0.1034467">
        </testcase>
        <testcase classname="src/app/api/keys/keys.route.test.ts" name="API Keys Route Handlers &gt; POST /api/keys &gt; should handle database errors during creation" time="0.009518">
            <system-err>
Error creating API key: Error: Database error
    at [90mD:\sophra\[39msrc\app\api\keys\keys.route.test.ts:96:63
    at [90mfile:///D:/sophra/[39mnode_modules/[4m@vitest[24m/runner/dist/index.js:146:14
    at [90mfile:///D:/sophra/[39mnode_modules/[4m@vitest[24m/runner/dist/index.js:533:11
    at runWithTimeout [90m(file:///D:/sophra/[39mnode_modules/[4m@vitest[24m/runner/dist/index.js:39:7[90m)[39m
    at runTest [90m(file:///D:/sophra/[39mnode_modules/[4m@vitest[24m/runner/dist/index.js:1056:17[90m)[39m
[90m    at processTicksAndRejections (node:internal/process/task_queues:105:5)[39m
    at runSuite [90m(file:///D:/sophra/[39mnode_modules/[4m@vitest[24m/runner/dist/index.js:1205:15[90m)[39m
    at runSuite [90m(file:///D:/sophra/[39mnode_modules/[4m@vitest[24m/runner/dist/index.js:1205:15[90m)[39m
    at runSuite [90m(file:///D:/sophra/[39mnode_modules/[4m@vitest[24m/runner/dist/index.js:1205:15[90m)[39m
    at runFiles [90m(file:///D:/sophra/[39mnode_modules/[4m@vitest[24m/runner/dist/index.js:1262:5[90m)[39m

            </system-err>
        </testcase>
        <testcase classname="src/app/api/keys/keys.route.test.ts" name="API Keys Route Handlers &gt; GET /api/keys &gt; should return list of API keys without exposing actual keys" time="0.0016988">
        </testcase>
        <testcase classname="src/app/api/keys/keys.route.test.ts" name="API Keys Route Handlers &gt; PUT /api/keys &gt; should update API key with regenerated key" time="0.0019534">
        </testcase>
        <testcase classname="src/app/api/keys/keys.route.test.ts" name="API Keys Route Handlers &gt; PUT /api/keys &gt; should reject updates without ID" time="0.001627">
        </testcase>
        <testcase classname="src/app/api/keys/keys.route.test.ts" name="API Keys Route Handlers &gt; DELETE /api/keys &gt; should successfully delete an API key" time="0.001344">
        </testcase>
        <testcase classname="src/app/api/keys/keys.route.test.ts" name="API Keys Route Handlers &gt; DELETE /api/keys &gt; should handle missing ID parameter" time="0.0007716">
        </testcase>
    </testsuite>
    <testsuite name="src/lib/cortex/core/client.test.ts" timestamp="2025-01-07T17:34:02.813Z" hostname="sophra" tests="16" failures="0" errors="0" skipped="0" time="0.0486764">
        <testcase classname="src/lib/cortex/core/client.test.ts" name="SophraClient &gt; constructor &gt; should create a client instance with valid config" time="0.0034103">
        </testcase>
        <testcase classname="src/lib/cortex/core/client.test.ts" name="SophraClient &gt; constructor &gt; should throw error if environment is missing" time="0.0029008">
        </testcase>
        <testcase classname="src/lib/cortex/core/client.test.ts" name="SophraClient &gt; constructor &gt; should throw error if ELASTICSEARCH_URL is missing" time="0.0022222">
        </testcase>
        <testcase classname="src/lib/cortex/core/client.test.ts" name="SophraClient &gt; constructor &gt; should throw error if DATABASE_URL is missing" time="0.0019759">
        </testcase>
        <testcase classname="src/lib/cortex/core/client.test.ts" name="SophraClient &gt; constructor &gt; should throw error if both ES API keys are missing" time="0.002814">
        </testcase>
        <testcase classname="src/lib/cortex/core/client.test.ts" name="SophraClient &gt; initialize &gt; should initialize all services successfully" time="0.0028198">
        </testcase>
        <testcase classname="src/lib/cortex/core/client.test.ts" name="SophraClient &gt; initialize &gt; should initialize without Redis if SOPHRA_REDIS_URL is not set" time="0.0015324">
        </testcase>
        <testcase classname="src/lib/cortex/core/client.test.ts" name="SophraClient &gt; initialize &gt; should handle initialization errors and cleanup" time="0.0021633">
        </testcase>
        <testcase classname="src/lib/cortex/core/client.test.ts" name="SophraClient &gt; shutdown &gt; should disconnect all services successfully" time="0.0020867">
        </testcase>
        <testcase classname="src/lib/cortex/core/client.test.ts" name="SophraClient &gt; shutdown &gt; should handle shutdown errors" time="0.002773">
        </testcase>
        <testcase classname="src/lib/cortex/core/client.test.ts" name="SophraClient &gt; healthCheck &gt; should return health status for all services" time="0.0033511">
        </testcase>
        <testcase classname="src/lib/cortex/core/client.test.ts" name="SophraClient &gt; healthCheck &gt; should handle service failures" time="0.0065918">
        </testcase>
        <testcase classname="src/lib/cortex/core/client.test.ts" name="SophraClient &gt; getElasticClient &gt; should return initialized elastic client" time="0.0024534">
        </testcase>
        <testcase classname="src/lib/cortex/core/client.test.ts" name="SophraClient &gt; getElasticClient &gt; should throw error if client is not initialized" time="0.0028858">
        </testcase>
        <testcase classname="src/lib/cortex/core/client.test.ts" name="SophraClient &gt; getRedisClient &gt; should return initialized redis client" time="0.0042043">
        </testcase>
        <testcase classname="src/lib/cortex/core/client.test.ts" name="SophraClient &gt; getRedisClient &gt; should throw error if client is not initialized" time="0.0018339">
        </testcase>
    </testsuite>
    <testsuite name="src/lib/cortex/core/services.test.ts" timestamp="2025-01-07T17:34:02.816Z" hostname="sophra" tests="5" failures="0" errors="0" skipped="0" time="0.0135083">
        <testcase classname="src/lib/cortex/core/services.test.ts" name="BaseService &gt; constructor &gt; should create service instance with valid config" time="0.0043772">
        </testcase>
        <testcase classname="src/lib/cortex/core/services.test.ts" name="BaseService &gt; constructor &gt; should initialize logger and environment" time="0.0019486">
        </testcase>
        <testcase classname="src/lib/cortex/core/services.test.ts" name="BaseService &gt; constructor &gt; should accept different environment values" time="0.0012401">
        </testcase>
        <testcase classname="src/lib/cortex/core/services.test.ts" name="BaseService &gt; healthCheck &gt; should return health status" time="0.0007761">
        </testcase>
        <testcase classname="src/lib/cortex/core/services.test.ts" name="BaseService &gt; disconnect &gt; should call disconnect method if implemented" time="0.0021846">
        </testcase>
    </testsuite>
    <testsuite name="src/lib/cortex/core/sync-service.test.ts" timestamp="2025-01-07T17:34:02.817Z" hostname="sophra" tests="11" failures="0" errors="0" skipped="0" time="0.0299644">
        <testcase classname="src/lib/cortex/core/sync-service.test.ts" name="DataSyncService &gt; constructor &gt; should initialize with default searchCacheTTL if not provided" time="0.002541">
        </testcase>
        <testcase classname="src/lib/cortex/core/sync-service.test.ts" name="DataSyncService &gt; constructor &gt; should use provided searchCacheTTL" time="0.0009008">
        </testcase>
        <testcase classname="src/lib/cortex/core/sync-service.test.ts" name="DataSyncService &gt; upsertDocument &gt; should create index if it does not exist" time="0.0031705">
        </testcase>
        <testcase classname="src/lib/cortex/core/sync-service.test.ts" name="DataSyncService &gt; upsertDocument &gt; should store document in Elasticsearch, Postgres, and Redis" time="0.0033917">
        </testcase>
        <testcase classname="src/lib/cortex/core/sync-service.test.ts" name="DataSyncService &gt; upsertDocument &gt; should handle errors during document upsert" time="0.0042844">
        </testcase>
        <testcase classname="src/lib/cortex/core/sync-service.test.ts" name="DataSyncService &gt; upsertDocument &gt; should handle Redis cache failure gracefully" time="0.0066024">
        </testcase>
        <testcase classname="src/lib/cortex/core/sync-service.test.ts" name="DataSyncService &gt; search &gt; should return cached results if available" time="0.0015233">
        </testcase>
        <testcase classname="src/lib/cortex/core/sync-service.test.ts" name="DataSyncService &gt; search &gt; should fetch from Elasticsearch if cache miss" time="0.0008966">
        </testcase>
        <testcase classname="src/lib/cortex/core/sync-service.test.ts" name="DataSyncService &gt; search &gt; should handle search errors" time="0.0011065">
        </testcase>
        <testcase classname="src/lib/cortex/core/sync-service.test.ts" name="DataSyncService &gt; deleteDocument &gt; should delete document from all stores" time="0.0018822">
        </testcase>
        <testcase classname="src/lib/cortex/core/sync-service.test.ts" name="DataSyncService &gt; deleteDocument &gt; should handle delete errors" time="0.0016119">
        </testcase>
    </testsuite>
    <testsuite name="src/lib/cortex/core/validation-service.test.ts" timestamp="2025-01-07T17:34:02.819Z" hostname="sophra" tests="7" failures="0" errors="0" skipped="0" time="0.0109488">
        <testcase classname="src/lib/cortex/core/validation-service.test.ts" name="ValidationService &gt; validateSearchResults &gt; should validate valid search results" time="0.0027845">
        </testcase>
        <testcase classname="src/lib/cortex/core/validation-service.test.ts" name="ValidationService &gt; validateSearchResults &gt; should invalidate results with missing required fields" time="0.0008022">
        </testcase>
        <testcase classname="src/lib/cortex/core/validation-service.test.ts" name="ValidationService &gt; validateSearchResults &gt; should handle empty results array" time="0.0005155">
        </testcase>
        <testcase classname="src/lib/cortex/core/validation-service.test.ts" name="ValidationService &gt; validateVectorization &gt; should validate correctly vectorized document" time="0.0019328">
        </testcase>
        <testcase classname="src/lib/cortex/core/validation-service.test.ts" name="ValidationService &gt; validateVectorization &gt; should invalidate document without embeddings" time="0.0009115">
        </testcase>
        <testcase classname="src/lib/cortex/core/validation-service.test.ts" name="ValidationService &gt; validateVectorization &gt; should invalidate document with wrong embeddings length" time="0.0009814">
        </testcase>
        <testcase classname="src/lib/cortex/core/validation-service.test.ts" name="ValidationService &gt; validateVectorization &gt; should invalidate document with non-numeric embeddings" time="0.0009153">
        </testcase>
    </testsuite>
    <testsuite name="src/lib/cortex/analytics/service.test.ts" timestamp="2025-01-07T17:34:02.820Z" hostname="sophra" tests="13" failures="0" errors="0" skipped="0" time="0.0618474">
        <testcase classname="src/lib/cortex/analytics/service.test.ts" name="AnalyticsService &gt; createSearchEvent &gt; should successfully create a search event" time="0.0140795">
        </testcase>
        <testcase classname="src/lib/cortex/analytics/service.test.ts" name="AnalyticsService &gt; createSearchEvent &gt; should handle optional fields" time="0.0030356">
        </testcase>
        <testcase classname="src/lib/cortex/analytics/service.test.ts" name="AnalyticsService &gt; createSearchEvent &gt; should handle database errors" time="0.004867">
        </testcase>
        <testcase classname="src/lib/cortex/analytics/service.test.ts" name="AnalyticsService &gt; getSearchEvents &gt; should retrieve search events with default parameters" time="0.0045502">
        </testcase>
        <testcase classname="src/lib/cortex/analytics/service.test.ts" name="AnalyticsService &gt; getSearchEvents &gt; should apply filters correctly" time="0.0081936">
        </testcase>
        <testcase classname="src/lib/cortex/analytics/service.test.ts" name="AnalyticsService &gt; getSearchEvents &gt; should handle pagination" time="0.0027448">
        </testcase>
        <testcase classname="src/lib/cortex/analytics/service.test.ts" name="AnalyticsService &gt; generateReport &gt; should generate a complete analytics report" time="0.0048391">
        </testcase>
        <testcase classname="src/lib/cortex/analytics/service.test.ts" name="AnalyticsService &gt; generateReport &gt; should handle invalid time window" time="0.0019577">
        </testcase>
        <testcase classname="src/lib/cortex/analytics/service.test.ts" name="AnalyticsService &gt; generateReport &gt; should calculate trends correctly" time="0.0027475">
        </testcase>
        <testcase classname="src/lib/cortex/analytics/service.test.ts" name="AnalyticsService &gt; time window calculations &gt; should calculate correct time window start" time="0.0040977">
        </testcase>
        <testcase classname="src/lib/cortex/analytics/service.test.ts" name="AnalyticsService &gt; time window calculations &gt; should default to 24h for invalid time window" time="0.0016604">
        </testcase>
        <testcase classname="src/lib/cortex/analytics/service.test.ts" name="AnalyticsService &gt; metrics integration &gt; should use provided metrics service" time="0.0016382">
        </testcase>
        <testcase classname="src/lib/cortex/analytics/service.test.ts" name="AnalyticsService &gt; metrics integration &gt; should create default metrics service if not provided" time="0.003">
        </testcase>
    </testsuite>
    <testsuite name="src/lib/cortex/ab-testing/services.test.ts" timestamp="2025-01-07T17:34:02.823Z" hostname="sophra" tests="7" failures="0" errors="0" skipped="0" time="0.0175339">
        <testcase classname="src/lib/cortex/ab-testing/services.test.ts" name="ABTestingService &gt; healthCheck &gt; should return true when database is healthy" time="0.0028713">
        </testcase>
        <testcase classname="src/lib/cortex/ab-testing/services.test.ts" name="ABTestingService &gt; healthCheck &gt; should return false when database check fails" time="0.0008717">
        </testcase>
        <testcase classname="src/lib/cortex/ab-testing/services.test.ts" name="ABTestingService &gt; createTest &gt; should create a new AB test" time="0.00362">
        </testcase>
        <testcase classname="src/lib/cortex/ab-testing/services.test.ts" name="ABTestingService &gt; createTest &gt; should throw error if variant allocations do not sum to 1" time="0.0021595">
        </testcase>
        <testcase classname="src/lib/cortex/ab-testing/services.test.ts" name="ABTestingService &gt; assignVariant &gt; should assign variant based on allocation" time="0.0024769">
        </testcase>
        <testcase classname="src/lib/cortex/ab-testing/services.test.ts" name="ABTestingService &gt; assignVariant &gt; should return existing assignment if one exists" time="0.0013588">
        </testcase>
        <testcase classname="src/lib/cortex/ab-testing/services.test.ts" name="ABTestingService &gt; trackConversion &gt; should track conversion event" time="0.0015265">
        </testcase>
    </testsuite>
    <testsuite name="src/lib/cortex/documents/service.test.ts" timestamp="2025-01-07T17:34:02.824Z" hostname="sophra" tests="11" failures="0" errors="0" skipped="0" time="0.0314923">
        <testcase classname="src/lib/cortex/documents/service.test.ts" name="ElasticsearchDocumentService &gt; createDocument &gt; should create a document successfully" time="0.0085494">
        </testcase>
        <testcase classname="src/lib/cortex/documents/service.test.ts" name="ElasticsearchDocumentService &gt; createDocument &gt; should handle document creation errors" time="0.0037409">
        </testcase>
        <testcase classname="src/lib/cortex/documents/service.test.ts" name="ElasticsearchDocumentService &gt; getDocument &gt; should retrieve a document successfully" time="0.0020602">
        </testcase>
        <testcase classname="src/lib/cortex/documents/service.test.ts" name="ElasticsearchDocumentService &gt; getDocument &gt; should handle document not found" time="0.0012187">
        </testcase>
        <testcase classname="src/lib/cortex/documents/service.test.ts" name="ElasticsearchDocumentService &gt; updateDocument &gt; should update a document successfully" time="0.0017813">
        </testcase>
        <testcase classname="src/lib/cortex/documents/service.test.ts" name="ElasticsearchDocumentService &gt; updateDocument &gt; should handle update errors" time="0.001563">
        </testcase>
        <testcase classname="src/lib/cortex/documents/service.test.ts" name="ElasticsearchDocumentService &gt; deleteDocument &gt; should delete a document successfully" time="0.001316">
        </testcase>
        <testcase classname="src/lib/cortex/documents/service.test.ts" name="ElasticsearchDocumentService &gt; deleteDocument &gt; should handle deletion errors" time="0.0011358">
        </testcase>
        <testcase classname="src/lib/cortex/documents/service.test.ts" name="ElasticsearchDocumentService &gt; ensureTable &gt; should create table if it does not exist" time="0.0018817">
        </testcase>
        <testcase classname="src/lib/cortex/documents/service.test.ts" name="ElasticsearchDocumentService &gt; ensureTable &gt; should not create table if it already exists" time="0.002935">
        </testcase>
        <testcase classname="src/lib/cortex/documents/service.test.ts" name="ElasticsearchDocumentService &gt; ensureTable &gt; should handle table creation errors" time="0.0015988">
        </testcase>
    </testsuite>
    <testsuite name="src/lib/cortex/feedback/service.test.ts" timestamp="2025-01-07T17:34:02.828Z" hostname="sophra" tests="10" failures="0" errors="0" skipped="0" time="0.0405211">
        <testcase classname="src/lib/cortex/feedback/service.test.ts" name="FeedbackService &gt; recordFeedback &gt; should record feedback successfully" time="0.0107641">
        </testcase>
        <testcase classname="src/lib/cortex/feedback/service.test.ts" name="FeedbackService &gt; recordFeedback &gt; should handle feedback recording errors" time="0.0043448">
        </testcase>
        <testcase classname="src/lib/cortex/feedback/service.test.ts" name="FeedbackService &gt; recordFeedback &gt; should validate feedback data format" time="0.0018472">
        </testcase>
        <testcase classname="src/lib/cortex/feedback/service.test.ts" name="FeedbackService &gt; recordFeedback &gt; should handle database connection errors" time="0.0021132">
        </testcase>
        <testcase classname="src/lib/cortex/feedback/service.test.ts" name="FeedbackService &gt; recordFeedback &gt; should handle elasticsearch integration errors" time="0.002369">
        </testcase>
        <testcase classname="src/lib/cortex/feedback/service.test.ts" name="FeedbackService &gt; recordFeedbackWithOptimization &gt; should record feedback and trigger optimization" time="0.0032495">
        </testcase>
        <testcase classname="src/lib/cortex/feedback/service.test.ts" name="FeedbackService &gt; recordFeedbackWithOptimization &gt; should handle optimization errors" time="0.0030445">
        </testcase>
        <testcase classname="src/lib/cortex/feedback/service.test.ts" name="FeedbackService &gt; recordFeedbackWithOptimization &gt; should track A/B test metrics when test data is present" time="0.0026938">
        </testcase>
        <testcase classname="src/lib/cortex/feedback/service.test.ts" name="FeedbackService &gt; recordFeedbackWithOptimization &gt; should validate test data format when present" time="0.0045005">
        </testcase>
        <testcase classname="src/lib/cortex/feedback/service.test.ts" name="FeedbackService &gt; recordFeedbackWithOptimization &gt; should handle optimization service errors" time="0.0026422">
        </testcase>
    </testsuite>
    <testsuite name="src/lib/cortex/elasticsearch/client.test.ts" timestamp="2025-01-07T17:34:02.830Z" hostname="sophra" tests="13" failures="0" errors="0" skipped="0" time="0.0522685">
        <testcase classname="src/lib/cortex/elasticsearch/client.test.ts" name="ElasticClient &gt; constructor &gt; should create client instance with API key when provided" time="0.0063733">
        </testcase>
        <testcase classname="src/lib/cortex/elasticsearch/client.test.ts" name="ElasticClient &gt; constructor &gt; should create client instance without auth when no API key provided" time="0.0028209">
        </testcase>
        <testcase classname="src/lib/cortex/elasticsearch/client.test.ts" name="ElasticClient &gt; constructor &gt; should use default URL when ELASTICSEARCH_URL is not provided" time="0.0039324">
        </testcase>
        <testcase classname="src/lib/cortex/elasticsearch/client.test.ts" name="ElasticClient &gt; constructor &gt; should handle initialization errors" time="0.0052374">
        </testcase>
        <testcase classname="src/lib/cortex/elasticsearch/client.test.ts" name="ElasticClient &gt; ping &gt; should return true when ping succeeds" time="0.0022481">
        </testcase>
        <testcase classname="src/lib/cortex/elasticsearch/client.test.ts" name="ElasticClient &gt; ping &gt; should return false and log error when ping fails" time="0.0032943">
        </testcase>
        <testcase classname="src/lib/cortex/elasticsearch/client.test.ts" name="ElasticClient &gt; createIndex &gt; should create index when it does not exist" time="0.0053989">
        </testcase>
        <testcase classname="src/lib/cortex/elasticsearch/client.test.ts" name="ElasticClient &gt; createIndex &gt; should skip creation when index already exists" time="0.0034009">
        </testcase>
        <testcase classname="src/lib/cortex/elasticsearch/client.test.ts" name="ElasticClient &gt; createIndex &gt; should handle creation errors" time="0.0046268">
        </testcase>
        <testcase classname="src/lib/cortex/elasticsearch/client.test.ts" name="ElasticClient &gt; deleteIndex &gt; should delete index when it exists" time="0.0033554">
        </testcase>
        <testcase classname="src/lib/cortex/elasticsearch/client.test.ts" name="ElasticClient &gt; deleteIndex &gt; should skip deletion when index does not exist" time="0.0026076">
        </testcase>
        <testcase classname="src/lib/cortex/elasticsearch/client.test.ts" name="ElasticClient &gt; deleteIndex &gt; should handle deletion errors" time="0.0027152">
        </testcase>
        <testcase classname="src/lib/cortex/elasticsearch/client.test.ts" name="ElasticClient &gt; getClient &gt; should return the elasticsearch client instance" time="0.0029667">
        </testcase>
    </testsuite>
    <testsuite name="src/lib/cortex/elasticsearch/core.test.ts" timestamp="2025-01-07T17:34:02.832Z" hostname="sophra" tests="4" failures="0" errors="0" skipped="0" time="0.0125144">
        <testcase classname="src/lib/cortex/elasticsearch/core.test.ts" name="Elasticsearch Core &gt; createElasticsearchConfig &gt; should create config with URL only when no API key provided" time="0.0046302">
        </testcase>
        <testcase classname="src/lib/cortex/elasticsearch/core.test.ts" name="Elasticsearch Core &gt; createElasticsearchConfig &gt; should create config with base64 encoded API key when key contains colon" time="0.0017303">
        </testcase>
        <testcase classname="src/lib/cortex/elasticsearch/core.test.ts" name="Elasticsearch Core &gt; createElasticsearchConfig &gt; should create config with raw API key when key does not contain colon" time="0.0017475">
        </testcase>
        <testcase classname="src/lib/cortex/elasticsearch/core.test.ts" name="Elasticsearch Core &gt; createElasticsearchConfig &gt; should throw error when ELASTICSEARCH_URL is missing" time="0.0026006">
        </testcase>
    </testsuite>
    <testsuite name="src/lib/cortex/elasticsearch/init.test.ts" timestamp="2025-01-07T17:34:02.832Z" hostname="sophra" tests="5" failures="0" errors="0" skipped="0" time="0.0231373">
        <testcase classname="src/lib/cortex/elasticsearch/init.test.ts" name="Elasticsearch Initialization &gt; initializeIndices &gt; should create indices that do not exist" time="0.0072138">
        </testcase>
        <testcase classname="src/lib/cortex/elasticsearch/init.test.ts" name="Elasticsearch Initialization &gt; initializeIndices &gt; should skip creation for indices that already exist" time="0.0045461">
        </testcase>
        <testcase classname="src/lib/cortex/elasticsearch/init.test.ts" name="Elasticsearch Initialization &gt; initializeIndices &gt; should handle initialization errors" time="0.0045645">
        </testcase>
        <testcase classname="src/lib/cortex/elasticsearch/init.test.ts" name="Elasticsearch Initialization &gt; initializeIndices &gt; should handle mixed index states" time="0.0023002">
        </testcase>
        <testcase classname="src/lib/cortex/elasticsearch/init.test.ts" name="Elasticsearch Initialization &gt; initializeIndices &gt; should handle creation errors for specific indices" time="0.0021232">
        </testcase>
    </testsuite>
    <testsuite name="src/lib/cortex/elasticsearch/mappings.test.ts" timestamp="2025-01-07T17:34:02.833Z" hostname="sophra" tests="8" failures="0" errors="0" skipped="0" time="0.0107063">
        <testcase classname="src/lib/cortex/elasticsearch/mappings.test.ts" name="Elasticsearch Mappings &gt; BaseMapping &gt; should define required fields with correct types" time="0.0033282">
        </testcase>
        <testcase classname="src/lib/cortex/elasticsearch/mappings.test.ts" name="Elasticsearch Mappings &gt; BaseMapping &gt; should define embeddings field with correct vector configuration" time="0.0008103">
        </testcase>
        <testcase classname="src/lib/cortex/elasticsearch/mappings.test.ts" name="Elasticsearch Mappings &gt; BaseMapping &gt; should define evaluation score fields with correct structure" time="0.0005523">
        </testcase>
        <testcase classname="src/lib/cortex/elasticsearch/mappings.test.ts" name="Elasticsearch Mappings &gt; BaseMapping &gt; should define metadata field with correct structure" time="0.0003712">
        </testcase>
        <testcase classname="src/lib/cortex/elasticsearch/mappings.test.ts" name="Elasticsearch Mappings &gt; BaseMapping &gt; should define array fields with correct text and keyword mappings" time="0.0005853">
        </testcase>
        <testcase classname="src/lib/cortex/elasticsearch/mappings.test.ts" name="Elasticsearch Mappings &gt; BaseMapping &gt; should define count fields with correct type" time="0.0004169">
        </testcase>
        <testcase classname="src/lib/cortex/elasticsearch/mappings.test.ts" name="Elasticsearch Mappings &gt; BaseMapping &gt; should define year fields with correct type" time="0.0003329">
        </testcase>
        <testcase classname="src/lib/cortex/elasticsearch/mappings.test.ts" name="Elasticsearch Mappings &gt; BaseMapping &gt; should include all required fields" time="0.001412">
        </testcase>
    </testsuite>
    <testsuite name="src/lib/cortex/elasticsearch/query-builders.test.ts" timestamp="2025-01-07T17:34:02.835Z" hostname="sophra" tests="2" failures="0" errors="0" skipped="0" time="0.0053776">
        <testcase classname="src/lib/cortex/elasticsearch/query-builders.test.ts" name="Elasticsearch Query Builders &gt; buildTextQuery &gt; should build basic text query with defaults" time="0.0030226">
        </testcase>
        <testcase classname="src/lib/cortex/elasticsearch/query-builders.test.ts" name="Elasticsearch Query Builders &gt; buildTextQuery &gt; should build text query with custom fields and settings" time="0.0006441">
        </testcase>
    </testsuite>
    <testsuite name="src/lib/cortex/elasticsearch/services.test.ts" timestamp="2025-01-07T17:34:02.835Z" hostname="sophra" tests="12" failures="0" errors="0" skipped="0" time="0.0543783">
        <testcase classname="src/lib/cortex/elasticsearch/services.test.ts" name="ElasticsearchService &gt; error handling &gt; should handle connection errors" time="0.0135788">
        </testcase>
        <testcase classname="src/lib/cortex/elasticsearch/services.test.ts" name="ElasticsearchService &gt; error handling &gt; should handle index creation errors" time="0.0085593">
            <system-out>
Attempting to create index: test-index
Checking if index exists: test-index
Index test-index exists check result (from statusCode): [33mfalse[39m
Creating index test-index with options: { index: [32m&apos;test-index&apos;[39m, body: {} }

            </system-out>
            <system-err>
Failed to create index test-index: Error: Creation failed
    at [90mD:\sophra\[39msrc\lib\cortex\elasticsearch\services.test.ts:150:64
    at [90mfile:///D:/sophra/[39mnode_modules/[4m@vitest[24m/runner/dist/index.js:146:14
    at [90mfile:///D:/sophra/[39mnode_modules/[4m@vitest[24m/runner/dist/index.js:533:11
    at runWithTimeout [90m(file:///D:/sophra/[39mnode_modules/[4m@vitest[24m/runner/dist/index.js:39:7[90m)[39m
    at runTest [90m(file:///D:/sophra/[39mnode_modules/[4m@vitest[24m/runner/dist/index.js:1056:17[90m)[39m
[90m    at processTicksAndRejections (node:internal/process/task_queues:105:5)[39m
    at runSuite [90m(file:///D:/sophra/[39mnode_modules/[4m@vitest[24m/runner/dist/index.js:1205:15[90m)[39m
    at runSuite [90m(file:///D:/sophra/[39mnode_modules/[4m@vitest[24m/runner/dist/index.js:1205:15[90m)[39m
    at runSuite [90m(file:///D:/sophra/[39mnode_modules/[4m@vitest[24m/runner/dist/index.js:1205:15[90m)[39m
    at runFiles [90m(file:///D:/sophra/[39mnode_modules/[4m@vitest[24m/runner/dist/index.js:1262:5[90m)[39m

            </system-err>
        </testcase>
        <testcase classname="src/lib/cortex/elasticsearch/services.test.ts" name="ElasticsearchService &gt; index operations &gt; should check if index exists" time="0.0014715">
            <system-out>
Checking if index exists: test-index
Index test-index exists check result (from statusCode): [33mtrue[39m

            </system-out>
        </testcase>
        <testcase classname="src/lib/cortex/elasticsearch/services.test.ts" name="ElasticsearchService &gt; index operations &gt; should create index with mappings" time="0.0037994">
            <system-out>
Attempting to create index: test-index
Checking if index exists: test-index
Index test-index exists check result (from statusCode): [33mfalse[39m
Creating index test-index with options: { index: [32m&apos;test-index&apos;[39m, body: { mappings: { properties: [36m[Object][39m } } }
Successfully created index: test-index

            </system-out>
        </testcase>
        <testcase classname="src/lib/cortex/elasticsearch/services.test.ts" name="ElasticsearchService &gt; index operations &gt; should delete index" time="0.0020558">
        </testcase>
        <testcase classname="src/lib/cortex/elasticsearch/services.test.ts" name="ElasticsearchService &gt; document operations &gt; should index document" time="0.0024827">
        </testcase>
        <testcase classname="src/lib/cortex/elasticsearch/services.test.ts" name="ElasticsearchService &gt; document operations &gt; should update document" time="0.0015879">
        </testcase>
        <testcase classname="src/lib/cortex/elasticsearch/services.test.ts" name="ElasticsearchService &gt; document operations &gt; should delete document" time="0.001931">
        </testcase>
        <testcase classname="src/lib/cortex/elasticsearch/services.test.ts" name="ElasticsearchService &gt; search operations &gt; should perform basic search" time="0.0029994">
        </testcase>
        <testcase classname="src/lib/cortex/elasticsearch/services.test.ts" name="ElasticsearchService &gt; search operations &gt; should perform search with aggregations" time="0.0033121">
        </testcase>
        <testcase classname="src/lib/cortex/elasticsearch/services.test.ts" name="ElasticsearchService &gt; health checks &gt; should return cluster health" time="0.0050603">
        </testcase>
        <testcase classname="src/lib/cortex/elasticsearch/services.test.ts" name="ElasticsearchService &gt; health checks &gt; should return node stats" time="0.0029668">
        </testcase>
    </testsuite>
    <testsuite name="src/lib/cortex/events/emitter.test.ts" timestamp="2025-01-07T17:34:02.838Z" hostname="sophra" tests="8" failures="0" errors="0" skipped="0" time="0.0169565">
        <testcase classname="src/lib/cortex/events/emitter.test.ts" name="EventEmitter &gt; emit &gt; should emit events to registered listeners" time="0.0055652">
        </testcase>
        <testcase classname="src/lib/cortex/events/emitter.test.ts" name="EventEmitter &gt; emit &gt; should return false when no listeners are registered" time="0.0010134">
        </testcase>
        <testcase classname="src/lib/cortex/events/emitter.test.ts" name="EventEmitter &gt; emit &gt; should handle multiple event types" time="0.00134">
        </testcase>
        <testcase classname="src/lib/cortex/events/emitter.test.ts" name="EventEmitter &gt; emit &gt; should handle events without document data" time="0.0008994">
        </testcase>
        <testcase classname="src/lib/cortex/events/emitter.test.ts" name="EventEmitter &gt; on &gt; should register event listeners" time="0.0010921">
        </testcase>
        <testcase classname="src/lib/cortex/events/emitter.test.ts" name="EventEmitter &gt; on &gt; should handle multiple listeners for the same event" time="0.0015963">
        </testcase>
        <testcase classname="src/lib/cortex/events/emitter.test.ts" name="EventEmitter &gt; on &gt; should maintain separate listeners for different event types" time="0.0018148">
        </testcase>
        <testcase classname="src/lib/cortex/events/emitter.test.ts" name="EventEmitter &gt; on &gt; should handle schema update events" time="0.0012487">
        </testcase>
    </testsuite>
    <testsuite name="src/lib/cortex/middleware/auth.test.ts" timestamp="2025-01-07T17:34:02.840Z" hostname="sophra" tests="6" failures="0" errors="0" skipped="0" time="0.021864">
        <testcase classname="src/lib/cortex/middleware/auth.test.ts" name="Auth Middleware &gt; validateToken &gt; should successfully validate a valid token" time="0.0081957">
        </testcase>
        <testcase classname="src/lib/cortex/middleware/auth.test.ts" name="Auth Middleware &gt; validateToken &gt; should handle missing token" time="0.0026454">
        </testcase>
        <testcase classname="src/lib/cortex/middleware/auth.test.ts" name="Auth Middleware &gt; validateToken &gt; should handle missing JWT_SECRET" time="0.0025674">
        </testcase>
        <testcase classname="src/lib/cortex/middleware/auth.test.ts" name="Auth Middleware &gt; validateToken &gt; should handle invalid tokens" time="0.0017799">
        </testcase>
        <testcase classname="src/lib/cortex/middleware/auth.test.ts" name="Auth Middleware &gt; validateToken &gt; should handle expired tokens" time="0.001926">
        </testcase>
        <testcase classname="src/lib/cortex/middleware/auth.test.ts" name="Auth Middleware &gt; validateToken &gt; should handle malformed authorization header" time="0.0021813">
        </testcase>
    </testsuite>
    <testsuite name="src/lib/cortex/monitoring/metrics.test.ts" timestamp="2025-01-07T17:34:02.841Z" hostname="sophra" tests="9" failures="0" errors="0" skipped="0" time="0.0455785">
        <testcase classname="src/lib/cortex/monitoring/metrics.test.ts" name="MetricsService &gt; recordEngineMetric &gt; should record engine metrics correctly" time="0.012707">
        </testcase>
        <testcase classname="src/lib/cortex/monitoring/metrics.test.ts" name="MetricsService &gt; recordEngineMetric &gt; should handle errors gracefully" time="0.0066098">
        </testcase>
        <testcase classname="src/lib/cortex/monitoring/metrics.test.ts" name="MetricsService &gt; recordLatency &gt; should record operation latency" time="0.002521">
        </testcase>
        <testcase classname="src/lib/cortex/monitoring/metrics.test.ts" name="MetricsService &gt; incrementError &gt; should increment error counter" time="0.0029126">
        </testcase>
        <testcase classname="src/lib/cortex/monitoring/metrics.test.ts" name="MetricsService &gt; updateResourceUsage &gt; should update resource metrics" time="0.0030151">
        </testcase>
        <testcase classname="src/lib/cortex/monitoring/metrics.test.ts" name="MetricsService &gt; updateSearchQuality &gt; should update search quality metrics" time="0.003255">
        </testcase>
        <testcase classname="src/lib/cortex/monitoring/metrics.test.ts" name="MetricsService &gt; recordAlert &gt; should record metric alerts" time="0.0030454">
        </testcase>
        <testcase classname="src/lib/cortex/monitoring/metrics.test.ts" name="MetricsService &gt; updateCacheHitRatio &gt; should update cache hit ratio metrics" time="0.0026306">
        </testcase>
        <testcase classname="src/lib/cortex/monitoring/metrics.test.ts" name="MetricsService &gt; recordReportDistribution &gt; should record report distribution metrics" time="0.0036948">
        </testcase>
    </testsuite>
    <testsuite name="src/lib/cortex/postgres/services.test.ts" timestamp="2025-01-07T17:34:02.843Z" hostname="sophra" tests="6" failures="0" errors="0" skipped="0" time="0.0211791">
        <testcase classname="src/lib/cortex/postgres/services.test.ts" name="PostgresDataService &gt; initialize &gt; should initialize successfully" time="0.0065142">
        </testcase>
        <testcase classname="src/lib/cortex/postgres/services.test.ts" name="PostgresDataService &gt; initialize &gt; should handle initialization errors" time="0.0053497">
        </testcase>
        <testcase classname="src/lib/cortex/postgres/services.test.ts" name="PostgresDataService &gt; healthCheck &gt; should return true when healthy" time="0.0015926">
        </testcase>
        <testcase classname="src/lib/cortex/postgres/services.test.ts" name="PostgresDataService &gt; healthCheck &gt; should return false and log error when unhealthy" time="0.0015475">
        </testcase>
        <testcase classname="src/lib/cortex/postgres/services.test.ts" name="PostgresDataService &gt; disconnect &gt; should disconnect successfully" time="0.0014149">
        </testcase>
        <testcase classname="src/lib/cortex/postgres/services.test.ts" name="PostgresDataService &gt; disconnect &gt; should handle disconnect when not initialized" time="0.0013755">
        </testcase>
    </testsuite>
    <testsuite name="src/lib/cortex/redis/client.test.ts" timestamp="2025-01-07T17:34:02.845Z" hostname="sophra" tests="17" failures="0" errors="0" skipped="0" time="0.0274491">
        <testcase classname="src/lib/cortex/redis/client.test.ts" name="RedisClient &gt; setEx &gt; should set value with expiration" time="0.0060278">
        </testcase>
        <testcase classname="src/lib/cortex/redis/client.test.ts" name="RedisClient &gt; setEx &gt; should use default TTL when not provided" time="0.000917">
        </testcase>
        <testcase classname="src/lib/cortex/redis/client.test.ts" name="RedisClient &gt; setEx &gt; should handle Redis errors" time="0.0032791">
        </testcase>
        <testcase classname="src/lib/cortex/redis/client.test.ts" name="RedisClient &gt; getEx &gt; should get value" time="0.0009997">
        </testcase>
        <testcase classname="src/lib/cortex/redis/client.test.ts" name="RedisClient &gt; getEx &gt; should handle null values" time="0.0005173">
        </testcase>
        <testcase classname="src/lib/cortex/redis/client.test.ts" name="RedisClient &gt; getEx &gt; should handle Redis errors" time="0.0011322">
        </testcase>
        <testcase classname="src/lib/cortex/redis/client.test.ts" name="RedisClient &gt; del &gt; should delete key" time="0.0012312">
        </testcase>
        <testcase classname="src/lib/cortex/redis/client.test.ts" name="RedisClient &gt; del &gt; should handle Redis errors" time="0.0013838">
        </testcase>
        <testcase classname="src/lib/cortex/redis/client.test.ts" name="RedisClient &gt; exists &gt; should check if key exists" time="0.0014438">
        </testcase>
        <testcase classname="src/lib/cortex/redis/client.test.ts" name="RedisClient &gt; exists &gt; should return false for non-existent keys" time="0.0005877">
        </testcase>
        <testcase classname="src/lib/cortex/redis/client.test.ts" name="RedisClient &gt; exists &gt; should handle Redis errors" time="0.0012297">
        </testcase>
        <testcase classname="src/lib/cortex/redis/client.test.ts" name="RedisClient &gt; ping &gt; should check connection" time="0.0007368">
        </testcase>
        <testcase classname="src/lib/cortex/redis/client.test.ts" name="RedisClient &gt; ping &gt; should return false for failed ping" time="0.0005322">
        </testcase>
        <testcase classname="src/lib/cortex/redis/client.test.ts" name="RedisClient &gt; ping &gt; should handle Redis errors" time="0.0008481">
        </testcase>
        <testcase classname="src/lib/cortex/redis/client.test.ts" name="RedisClient &gt; disconnect &gt; should close connection" time="0.0007267">
        </testcase>
        <testcase classname="src/lib/cortex/redis/client.test.ts" name="RedisClient &gt; disconnect &gt; should handle Redis errors" time="0.0008842">
        </testcase>
        <testcase classname="src/lib/cortex/redis/client.test.ts" name="RedisClient &gt; getClient &gt; should return Redis client" time="0.000603">
        </testcase>
    </testsuite>
    <testsuite name="src/lib/cortex/redis/services.test.ts" timestamp="2025-01-07T17:34:02.848Z" hostname="sophra" tests="12" failures="0" errors="0" skipped="0" time="0.3520945">
        <testcase classname="src/lib/cortex/redis/services.test.ts" name="RedisCacheService &gt; ping &gt; should return true when Redis is available" time="0.0053947">
        </testcase>
        <testcase classname="src/lib/cortex/redis/services.test.ts" name="RedisCacheService &gt; ping &gt; should return false when Redis is unavailable" time="0.0021968">
        </testcase>
        <testcase classname="src/lib/cortex/redis/services.test.ts" name="RedisCacheService &gt; set &gt; should set cache value with TTL" time="0.0032769">
        </testcase>
        <testcase classname="src/lib/cortex/redis/services.test.ts" name="RedisCacheService &gt; set &gt; should handle set errors" time="0.3279362">
        </testcase>
        <testcase classname="src/lib/cortex/redis/services.test.ts" name="RedisCacheService &gt; get &gt; should get cached value" time="0.0015915">
        </testcase>
        <testcase classname="src/lib/cortex/redis/services.test.ts" name="RedisCacheService &gt; get &gt; should return default value when key not found" time="0.0009214">
        </testcase>
        <testcase classname="src/lib/cortex/redis/services.test.ts" name="RedisCacheService &gt; cacheSearchResults &gt; should cache search results with query hash" time="0.0022603">
        </testcase>
        <testcase classname="src/lib/cortex/redis/services.test.ts" name="RedisCacheService &gt; getSearchResults &gt; should retrieve cached search results" time="0.0019673">
        </testcase>
        <testcase classname="src/lib/cortex/redis/services.test.ts" name="RedisCacheService &gt; getSearchResults &gt; should return null for cache miss" time="0.0010787">
        </testcase>
        <testcase classname="src/lib/cortex/redis/services.test.ts" name="RedisCacheService &gt; disconnect &gt; should disconnect Redis client" time="0.0008939">
        </testcase>
        <testcase classname="src/lib/cortex/redis/services.test.ts" name="RedisCacheService &gt; healthCheck &gt; should return true when Redis is healthy" time="0.001011">
        </testcase>
        <testcase classname="src/lib/cortex/redis/services.test.ts" name="RedisCacheService &gt; healthCheck &gt; should return false when Redis is unhealthy" time="0.0009712">
        </testcase>
    </testsuite>
    <testsuite name="src/lib/cortex/sessions/service.test.ts" timestamp="2025-01-07T17:34:02.850Z" hostname="sophra" tests="8" failures="0" errors="0" skipped="0" time="0.0268945">
        <testcase classname="src/lib/cortex/sessions/service.test.ts" name="SessionService &gt; createSession &gt; should create a new session" time="0.0066202">
        </testcase>
        <testcase classname="src/lib/cortex/sessions/service.test.ts" name="SessionService &gt; createSession &gt; should handle session creation errors" time="0.0029358">
        </testcase>
        <testcase classname="src/lib/cortex/sessions/service.test.ts" name="SessionService &gt; getSession &gt; should retrieve an existing session" time="0.004209">
        </testcase>
        <testcase classname="src/lib/cortex/sessions/service.test.ts" name="SessionService &gt; getSession &gt; should return null for non-existent session" time="0.0013211">
        </testcase>
        <testcase classname="src/lib/cortex/sessions/service.test.ts" name="SessionService &gt; validateSession &gt; should validate active session" time="0.0017148">
        </testcase>
        <testcase classname="src/lib/cortex/sessions/service.test.ts" name="SessionService &gt; validateSession &gt; should invalidate expired session" time="0.001372">
        </testcase>
        <testcase classname="src/lib/cortex/sessions/service.test.ts" name="SessionService &gt; extendSession &gt; should extend session expiration" time="0.0016766">
        </testcase>
        <testcase classname="src/lib/cortex/sessions/service.test.ts" name="SessionService &gt; extendSession &gt; should handle extension errors" time="0.0037023">
        </testcase>
    </testsuite>
    <testsuite name="src/lib/cortex/reporting/alert-thresholds.test.ts" timestamp="2025-01-07T17:34:02.851Z" hostname="sophra" tests="4" failures="0" errors="0" skipped="0" time="0.0167652">
        <testcase classname="src/lib/cortex/reporting/alert-thresholds.test.ts" name="AlertService &gt; checkThresholds &gt; should trigger alert when threshold is exceeded" time="0.0095948">
        </testcase>
        <testcase classname="src/lib/cortex/reporting/alert-thresholds.test.ts" name="AlertService &gt; checkThresholds &gt; should handle multiple thresholds for same metric" time="0.0020119">
        </testcase>
        <testcase classname="src/lib/cortex/reporting/alert-thresholds.test.ts" name="AlertService &gt; checkThresholds &gt; should not trigger alert when threshold is not violated" time="0.0014905">
        </testcase>
        <testcase classname="src/lib/cortex/reporting/alert-thresholds.test.ts" name="AlertService &gt; checkThresholds &gt; should handle different comparison operators" time="0.001441">
        </testcase>
    </testsuite>
    <testsuite name="src/lib/cortex/reporting/distribution.test.ts" timestamp="2025-01-07T17:34:02.852Z" hostname="sophra" tests="5" failures="0" errors="0" skipped="0" time="0.0174679">
        <testcase classname="src/lib/cortex/reporting/distribution.test.ts" name="ReportDistributionService &gt; distributeReport &gt; should distribute report via email" time="0.0065163">
        </testcase>
        <testcase classname="src/lib/cortex/reporting/distribution.test.ts" name="ReportDistributionService &gt; distributeReport &gt; should distribute report via Slack" time="0.0016073">
        </testcase>
        <testcase classname="src/lib/cortex/reporting/distribution.test.ts" name="ReportDistributionService &gt; distributeReport &gt; should store report in specified storage" time="0.0010639">
        </testcase>
        <testcase classname="src/lib/cortex/reporting/distribution.test.ts" name="ReportDistributionService &gt; distributeReport &gt; should handle multiple distribution methods" time="0.0011745">
        </testcase>
        <testcase classname="src/lib/cortex/reporting/distribution.test.ts" name="ReportDistributionService &gt; distributeReport &gt; should handle distribution errors gracefully" time="0.0050639">
        </testcase>
    </testsuite>
    <testsuite name="src/lib/cortex/reporting/recommendations.test.ts" timestamp="2025-01-07T17:34:02.853Z" hostname="sophra" tests="4" failures="0" errors="0" skipped="0" time="0.0097885">
        <testcase classname="src/lib/cortex/reporting/recommendations.test.ts" name="RecommendationService &gt; generateRecommendations &gt; should generate recommendations based on latency trend" time="0.0050657">
        </testcase>
        <testcase classname="src/lib/cortex/reporting/recommendations.test.ts" name="RecommendationService &gt; generateRecommendations &gt; should generate cache recommendations" time="0.0010681">
        </testcase>
        <testcase classname="src/lib/cortex/reporting/recommendations.test.ts" name="RecommendationService &gt; generateRecommendations &gt; should handle empty metrics" time="0.0009159">
        </testcase>
        <testcase classname="src/lib/cortex/reporting/recommendations.test.ts" name="RecommendationService &gt; generateRecommendations &gt; should handle no recommendations needed" time="0.0008867">
        </testcase>
    </testsuite>
    <testsuite name="src/lib/cortex/reporting/service.test.ts" timestamp="2025-01-07T17:34:02.854Z" hostname="sophra" tests="4" failures="0" errors="0" skipped="0" time="0.0262146">
        <testcase classname="src/lib/cortex/reporting/service.test.ts" name="ReportingService &gt; generateScheduledReport &gt; should generate scheduled report successfully" time="0.0118172">
        </testcase>
        <testcase classname="src/lib/cortex/reporting/service.test.ts" name="ReportingService &gt; generateScheduledReport &gt; should handle analytics service errors" time="0.0067964">
        </testcase>
        <testcase classname="src/lib/cortex/reporting/service.test.ts" name="ReportingService &gt; checkAlertThresholds &gt; should generate alerts for threshold violations" time="0.0023929">
        </testcase>
        <testcase classname="src/lib/cortex/reporting/service.test.ts" name="ReportingService &gt; generateRecommendations &gt; should generate recommendations for performance issues" time="0.0018072">
        </testcase>
    </testsuite>
    <testsuite name="src/lib/cortex/services/vectorization.test.ts" timestamp="2025-01-07T17:34:02.855Z" hostname="sophra" tests="4" failures="0" errors="0" skipped="0" time="0.0054881">
        <testcase classname="src/lib/cortex/services/vectorization.test.ts" name="VectorizationService &gt; vectorize &gt; should successfully vectorize valid input" time="0.0019972">
        </testcase>
        <testcase classname="src/lib/cortex/services/vectorization.test.ts" name="VectorizationService &gt; vectorize &gt; should handle invalid input gracefully" time="0.0004335">
        </testcase>
        <testcase classname="src/lib/cortex/services/vectorization.test.ts" name="VectorizationService &gt; processVectors &gt; should process vectors correctly" time="0.0003212">
        </testcase>
        <testcase classname="src/lib/cortex/services/vectorization.test.ts" name="VectorizationService &gt; processVectors &gt; should handle processing errors appropriately" time="0.0003075">
        </testcase>
    </testsuite>
    <testsuite name="src/lib/cortex/utils/circuit-breaker.test.ts" timestamp="2025-01-07T17:34:02.856Z" hostname="sophra" tests="7" failures="0" errors="0" skipped="0" time="0.0157697">
        <testcase classname="src/lib/cortex/utils/circuit-breaker.test.ts" name="CircuitBreaker &gt; initialization &gt; should initialize with circuit closed" time="0.0044169">
        </testcase>
        <testcase classname="src/lib/cortex/utils/circuit-breaker.test.ts" name="CircuitBreaker &gt; error handling &gt; should open circuit after reaching failure threshold" time="0.0012037">
        </testcase>
        <testcase classname="src/lib/cortex/utils/circuit-breaker.test.ts" name="CircuitBreaker &gt; error handling &gt; should reset after timeout period" time="0.0027725">
        </testcase>
        <testcase classname="src/lib/cortex/utils/circuit-breaker.test.ts" name="CircuitBreaker &gt; success handling &gt; should reset failure count after success" time="0.0006539">
        </testcase>
        <testcase classname="src/lib/cortex/utils/circuit-breaker.test.ts" name="CircuitBreaker &gt; circuit state transitions &gt; should transition from closed to open on failures" time="0.0006547">
        </testcase>
        <testcase classname="src/lib/cortex/utils/circuit-breaker.test.ts" name="CircuitBreaker &gt; circuit state transitions &gt; should allow reset after timeout" time="0.0014208">
        </testcase>
        <testcase classname="src/lib/cortex/utils/circuit-breaker.test.ts" name="CircuitBreaker &gt; circuit state transitions &gt; should maintain open state within timeout period" time="0.0011505">
        </testcase>
    </testsuite>
    <testsuite name="src/lib/cortex/utils/rate-limit.test.ts" timestamp="2025-01-07T17:34:02.857Z" hostname="sophra" tests="8" failures="0" errors="0" skipped="0" time="0.0273718">
        <testcase classname="src/lib/cortex/utils/rate-limit.test.ts" name="Rate Limiter &gt; rate limiting &gt; should allow requests within rate limit" time="0.0092307">
        </testcase>
        <testcase classname="src/lib/cortex/utils/rate-limit.test.ts" name="Rate Limiter &gt; rate limiting &gt; should block requests exceeding rate limit" time="0.0029645">
        </testcase>
        <testcase classname="src/lib/cortex/utils/rate-limit.test.ts" name="Rate Limiter &gt; rate limiting &gt; should replenish tokens after interval" time="0.0016997">
        </testcase>
        <testcase classname="src/lib/cortex/utils/rate-limit.test.ts" name="Rate Limiter &gt; identifier handling &gt; should track limits separately for different identifiers" time="0.0009178">
        </testcase>
        <testcase classname="src/lib/cortex/utils/rate-limit.test.ts" name="Rate Limiter &gt; identifier handling &gt; should clean up old identifiers when exceeding uniqueTokenPerInterval" time="0.0017575">
        </testcase>
        <testcase classname="src/lib/cortex/utils/rate-limit.test.ts" name="Rate Limiter &gt; token replenishment &gt; should handle token replenishment correctly" time="0.0022884">
        </testcase>
        <testcase classname="src/lib/cortex/utils/rate-limit.test.ts" name="Rate Limiter &gt; concurrent requests &gt; should handle concurrent requests correctly" time="0.0033536">
        </testcase>
        <testcase classname="src/lib/cortex/utils/rate-limit.test.ts" name="Rate Limiter &gt; concurrent requests &gt; should handle concurrent requests from different clients" time="0.0013902">
        </testcase>
    </testsuite>
    <testsuite name="src/lib/cortex/utils/request-queue.test.ts" timestamp="2025-01-07T17:34:02.858Z" hostname="sophra" tests="6" failures="0" errors="0" skipped="0" time="0.6430155">
        <testcase classname="src/lib/cortex/utils/request-queue.test.ts" name="RequestQueue &gt; request processing &gt; should process requests concurrently within limit" time="0.2137372">
        </testcase>
        <testcase classname="src/lib/cortex/utils/request-queue.test.ts" name="RequestQueue &gt; request processing &gt; should handle errors in requests" time="0.0024023">
        </testcase>
        <testcase classname="src/lib/cortex/utils/request-queue.test.ts" name="RequestQueue &gt; request processing &gt; should process queued requests after errors" time="0.0008724">
        </testcase>
        <testcase classname="src/lib/cortex/utils/request-queue.test.ts" name="RequestQueue &gt; concurrent processing &gt; should respect concurrent request limit" time="0.2487003">
        </testcase>
        <testcase classname="src/lib/cortex/utils/request-queue.test.ts" name="RequestQueue &gt; concurrent processing &gt; should queue requests when at concurrent limit" time="0.1737826">
        </testcase>
        <testcase classname="src/lib/cortex/utils/request-queue.test.ts" name="RequestQueue &gt; error recovery &gt; should continue processing after failed requests" time="0.0012056">
        </testcase>
    </testsuite>
    <testsuite name="src/lib/cortex/utils/service-manager.test.ts" timestamp="2025-01-07T17:34:02.861Z" hostname="sophra" tests="8" failures="0" errors="0" skipped="0" time="0.1325281">
        <testcase classname="src/lib/cortex/utils/service-manager.test.ts" name="ServiceManager &gt; getServices &gt; should initialize and return services" time="0.004342">
        </testcase>
        <testcase classname="src/lib/cortex/utils/service-manager.test.ts" name="ServiceManager &gt; getServices &gt; should return cached services on subsequent calls" time="0.0011913">
        </testcase>
        <testcase classname="src/lib/cortex/utils/service-manager.test.ts" name="ServiceManager &gt; service initialization &gt; should initialize Redis client" time="0.0012933">
        </testcase>
        <testcase classname="src/lib/cortex/utils/service-manager.test.ts" name="ServiceManager &gt; service initialization &gt; should initialize all required services" time="0.0015396">
        </testcase>
        <testcase classname="src/lib/cortex/utils/service-manager.test.ts" name="ServiceManager &gt; service caching &gt; should cache initialized services" time="0.0009783">
        </testcase>
        <testcase classname="src/lib/cortex/utils/service-manager.test.ts" name="ServiceManager &gt; service caching &gt; should handle concurrent initialization requests" time="0.1143898">
        </testcase>
        <testcase classname="src/lib/cortex/utils/service-manager.test.ts" name="ServiceManager &gt; error handling &gt; should handle Redis connection errors" time="0.0038506">
        </testcase>
        <testcase classname="src/lib/cortex/utils/service-manager.test.ts" name="ServiceManager &gt; error handling &gt; should handle service initialization errors" time="0.0016649">
        </testcase>
    </testsuite>
    <testsuite name="src/lib/cortex/utils/validation.test.ts" timestamp="2025-01-07T17:34:02.862Z" hostname="sophra" tests="6" failures="0" errors="0" skipped="0" time="0.0173791">
        <testcase classname="src/lib/cortex/utils/validation.test.ts" name="Validation Utils &gt; validateRequest &gt; should validate valid data" time="0.0063434">
        </testcase>
        <testcase classname="src/lib/cortex/utils/validation.test.ts" name="Validation Utils &gt; validateRequest &gt; should validate data with optional fields" time="0.0006975">
        </testcase>
        <testcase classname="src/lib/cortex/utils/validation.test.ts" name="Validation Utils &gt; validateRequest &gt; should reject invalid data with validation errors" time="0.0039506">
        </testcase>
        <testcase classname="src/lib/cortex/utils/validation.test.ts" name="Validation Utils &gt; validateRequest &gt; should handle malformed data gracefully" time="0.000989">
        </testcase>
        <testcase classname="src/lib/cortex/utils/validation.test.ts" name="Validation Utils &gt; validateRequest &gt; should handle null and undefined values" time="0.0009695">
        </testcase>
        <testcase classname="src/lib/cortex/utils/validation.test.ts" name="Validation Utils &gt; validateRequest &gt; should handle empty object" time="0.0014632">
        </testcase>
    </testsuite>
    <testsuite name="src/lib/cortex/types/api.types.test.ts" timestamp="2025-01-07T17:34:02.864Z" hostname="sophra" tests="6" failures="0" errors="0" skipped="0" time="0.0080854">
        <testcase classname="src/lib/cortex/types/api.types.test.ts" name="API Types &gt; APIResponse &gt; should validate APIResponse structure" time="0.0025025">
        </testcase>
        <testcase classname="src/lib/cortex/types/api.types.test.ts" name="API Types &gt; APIResponse &gt; should work with different data types" time="0.0005992">
        </testcase>
        <testcase classname="src/lib/cortex/types/api.types.test.ts" name="API Types &gt; HealthStatus &gt; should validate HealthStatus structure" time="0.000267">
        </testcase>
        <testcase classname="src/lib/cortex/types/api.types.test.ts" name="API Types &gt; HealthStatus &gt; should allow service stats with any key" time="0.0011921">
        </testcase>
        <testcase classname="src/lib/cortex/types/api.types.test.ts" name="API Types &gt; EnhancedHealthStatus &gt; should validate EnhancedHealthStatus structure" time="0.0002439">
        </testcase>
        <testcase classname="src/lib/cortex/types/api.types.test.ts" name="API Types &gt; EnhancedHealthStatus &gt; should validate that EnhancedHealthStatus extends HealthStatus" time="0.0005703">
        </testcase>
    </testsuite>
    <testsuite name="src/lib/cortex/types/search.types.test.ts" timestamp="2025-01-07T17:34:02.865Z" hostname="sophra" tests="14" failures="0" errors="0" skipped="0" time="0.0120449">
        <testcase classname="src/lib/cortex/types/search.types.test.ts" name="Search Types &gt; TextQuery &gt; should validate TextQuery structure" time="0.0023329">
        </testcase>
        <testcase classname="src/lib/cortex/types/search.types.test.ts" name="Search Types &gt; TextQuery &gt; should validate text query with all options" time="0.0005742">
        </testcase>
        <testcase classname="src/lib/cortex/types/search.types.test.ts" name="Search Types &gt; TextQuery &gt; should validate text query with minimal options" time="0.0003581">
        </testcase>
        <testcase classname="src/lib/cortex/types/search.types.test.ts" name="Search Types &gt; VectorQuery &gt; should validate VectorQuery structure" time="0.0003685">
        </testcase>
        <testcase classname="src/lib/cortex/types/search.types.test.ts" name="Search Types &gt; VectorQuery &gt; should validate vector query with all options" time="0.0004094">
        </testcase>
        <testcase classname="src/lib/cortex/types/search.types.test.ts" name="Search Types &gt; VectorQuery &gt; should validate vector query with minimal options" time="0.0003964">
        </testcase>
        <testcase classname="src/lib/cortex/types/search.types.test.ts" name="Search Types &gt; AdvancedSearchRequest &gt; should validate AdvancedSearchRequest structure" time="0.0003578">
        </testcase>
        <testcase classname="src/lib/cortex/types/search.types.test.ts" name="Search Types &gt; AdvancedSearchRequest &gt; should validate text search request" time="0.000334">
        </testcase>
        <testcase classname="src/lib/cortex/types/search.types.test.ts" name="Search Types &gt; AdvancedSearchRequest &gt; should validate vector search request" time="0.0006702">
        </testcase>
        <testcase classname="src/lib/cortex/types/search.types.test.ts" name="Search Types &gt; AdvancedSearchRequest &gt; should validate hybrid search request" time="0.000345">
        </testcase>
        <testcase classname="src/lib/cortex/types/search.types.test.ts" name="Search Types &gt; SearchResult &gt; should validate SearchResult structure" time="0.0001688">
        </testcase>
        <testcase classname="src/lib/cortex/types/search.types.test.ts" name="Search Types &gt; SearchResult &gt; should validate search result with facets" time="0.0012663">
        </testcase>
        <testcase classname="src/lib/cortex/types/search.types.test.ts" name="Search Types &gt; CachedSearchResult &gt; should validate CachedSearchResult structure" time="0.0001661">
        </testcase>
        <testcase classname="src/lib/cortex/types/search.types.test.ts" name="Search Types &gt; CachedSearchResult &gt; should validate cached search result" time="0.0002613">
        </testcase>
    </testsuite>
    <testsuite name="src/lib/cortex/types/services.types.test.ts" timestamp="2025-01-07T17:34:02.868Z" hostname="sophra" tests="7" failures="0" errors="0" skipped="0" time="0.0079493">
[...]
        <testcase classname="src/app/api/nous/learn/feedback/feedback.route.test.ts" name="Feedback Route Handler &gt; GET /api/nous/learn/feedback &gt; should fetch feedback requests successfully" time="0.0458868">
        </testcase>
        <testcase classname="src/app/api/nous/learn/feedback/feedback.route.test.ts" name="Feedback Route Handler &gt; GET /api/nous/learn/feedback &gt; should handle empty results" time="0.0009847">
        </testcase>
        <testcase classname="src/app/api/nous/learn/feedback/feedback.route.test.ts" name="Feedback Route Handler &gt; GET /api/nous/learn/feedback &gt; should handle database errors gracefully" time="0.0013194">
        </testcase>
        <testcase classname="src/app/api/nous/learn/feedback/feedback.route.test.ts" name="Feedback Route Handler &gt; POST /api/nous/learn/feedback &gt; should create feedback successfully" time="0.0520363">
        </testcase>
        <testcase classname="src/app/api/nous/learn/feedback/feedback.route.test.ts" name="Feedback Route Handler &gt; POST /api/nous/learn/feedback &gt; should handle invalid feedback data" time="0.0028457">
        </testcase>
        <testcase classname="src/app/api/nous/learn/feedback/feedback.route.test.ts" name="Feedback Route Handler &gt; POST /api/nous/learn/feedback &gt; should handle missing feedback array" time="0.0019202">
        </testcase>
        <testcase classname="src/app/api/nous/learn/feedback/feedback.route.test.ts" name="Feedback Route Handler &gt; POST /api/nous/learn/feedback &gt; should handle invalid rating values" time="0.0025666">
        </testcase>
        <testcase classname="src/app/api/nous/learn/feedback/feedback.route.test.ts" name="Feedback Route Handler &gt; POST /api/nous/learn/feedback &gt; should handle database errors during creation" time="0.0031244">
        </testcase>
        <testcase classname="src/app/api/nous/learn/feedback/feedback.route.test.ts" name="Feedback Route Handler &gt; POST /api/nous/learn/feedback &gt; should handle malformed JSON in request body" time="0.0023463">
        </testcase>
    </testsuite>
    <testsuite name="src/app/api/nous/learn/models/models.route.test.ts" timestamp="2025-01-07T17:34:02.972Z" hostname="sophra" tests="5" failures="0" errors="0" skipped="0" time="0.0693899">
        <testcase classname="src/app/api/nous/learn/models/models.route.test.ts" name="Models Route Handler &gt; GET /api/nous/learn/models &gt; should fetch models with their latest versions" time="0.0478997">
        </testcase>
        <testcase classname="src/app/api/nous/learn/models/models.route.test.ts" name="Models Route Handler &gt; GET /api/nous/learn/models &gt; should handle database errors gracefully" time="0.0081174">
        </testcase>
        <testcase classname="src/app/api/nous/learn/models/models.route.test.ts" name="Models Route Handler &gt; POST /api/nous/learn/models &gt; should create a new model with valid data" time="0.0050949">
        </testcase>
        <testcase classname="src/app/api/nous/learn/models/models.route.test.ts" name="Models Route Handler &gt; POST /api/nous/learn/models &gt; should reject invalid model data" time="0.0028048">
        </testcase>
        <testcase classname="src/app/api/nous/learn/models/models.route.test.ts" name="Models Route Handler &gt; POST /api/nous/learn/models &gt; should handle database errors during creation" time="0.0023236">
        </testcase>
    </testsuite>
    <testsuite name="src/app/api/nous/learn/search-patterns/search-patterns.route.test.ts" timestamp="2025-01-07T17:34:02.973Z" hostname="sophra" tests="5" failures="0" errors="0" skipped="0" time="0.0613288">
        <testcase classname="src/app/api/nous/learn/search-patterns/search-patterns.route.test.ts" name="Search Patterns Route Handler &gt; GET /api/nous/learn/search-patterns &gt; should fetch patterns with default parameters" time="0.0470296">
        </testcase>
        <testcase classname="src/app/api/nous/learn/search-patterns/search-patterns.route.test.ts" name="Search Patterns Route Handler &gt; GET /api/nous/learn/search-patterns &gt; should handle query filtering" time="0.0010751">
        </testcase>
        <testcase classname="src/app/api/nous/learn/search-patterns/search-patterns.route.test.ts" name="Search Patterns Route Handler &gt; GET /api/nous/learn/search-patterns &gt; should handle database errors gracefully" time="0.0012231">
        </testcase>
        <testcase classname="src/app/api/nous/learn/search-patterns/search-patterns.route.test.ts" name="Search Patterns Route Handler &gt; POST /api/nous/learn/search-patterns &gt; should create patterns with valid data" time="0.0072193">
        </testcase>
        <testcase classname="src/app/api/nous/learn/search-patterns/search-patterns.route.test.ts" name="Search Patterns Route Handler &gt; POST /api/nous/learn/search-patterns &gt; should reject invalid pattern data" time="0.0021825">
        </testcase>
    </testsuite>
    <testsuite name="src/app/api/nous/signals/observe/observe.route.test.ts" timestamp="2025-01-07T17:34:02.974Z" hostname="sophra" tests="6" failures="0" errors="0" skipped="0" time="0.0541774">
        <testcase classname="src/app/api/nous/signals/observe/observe.route.test.ts" name="Signals Observe Route Handler &gt; GET /api/nous/signals/observe &gt; should fetch signal stats without filters" time="0.0385389">
        </testcase>
        <testcase classname="src/app/api/nous/signals/observe/observe.route.test.ts" name="Signals Observe Route Handler &gt; GET /api/nous/signals/observe &gt; should handle filtering by source and type" time="0.003055">
        </testcase>
        <testcase classname="src/app/api/nous/signals/observe/observe.route.test.ts" name="Signals Observe Route Handler &gt; GET /api/nous/signals/observe &gt; should handle database errors gracefully" time="0.0007847">
        </testcase>
        <testcase classname="src/app/api/nous/signals/observe/observe.route.test.ts" name="Signals Observe Route Handler &gt; POST /api/nous/signals/observe &gt; should fetch detailed signal stats with valid query" time="0.0048015">
        </testcase>
        <testcase classname="src/app/api/nous/signals/observe/observe.route.test.ts" name="Signals Observe Route Handler &gt; POST /api/nous/signals/observe &gt; should reject invalid query format" time="0.0034048">
        </testcase>
        <testcase classname="src/app/api/nous/signals/observe/observe.route.test.ts" name="Signals Observe Route Handler &gt; POST /api/nous/signals/observe &gt; should handle database errors gracefully" time="0.0009289">
        </testcase>
    </testsuite>
    <testsuite name="src/app/api/nous/signals/process/process.route.test.ts" timestamp="2025-01-07T17:34:02.976Z" hostname="sophra" tests="7" failures="0" errors="0" skipped="0" time="0.0593576">
        <testcase classname="src/app/api/nous/signals/process/process.route.test.ts" name="Signals Process Route Handler &gt; GET /api/nous/signals/process &gt; should fetch pending signals with default parameters" time="0.0340948">
        </testcase>
        <testcase classname="src/app/api/nous/signals/process/process.route.test.ts" name="Signals Process Route Handler &gt; GET /api/nous/signals/process &gt; should handle specific status filtering" time="0.001828">
        </testcase>
        <testcase classname="src/app/api/nous/signals/process/process.route.test.ts" name="Signals Process Route Handler &gt; GET /api/nous/signals/process &gt; should handle database errors gracefully" time="0.0011444">
        </testcase>
        <testcase classname="src/app/api/nous/signals/process/process.route.test.ts" name="Signals Process Route Handler &gt; POST /api/nous/signals/process &gt; should update signal processing status with valid data" time="0.0057178">
        </testcase>
        <testcase classname="src/app/api/nous/signals/process/process.route.test.ts" name="Signals Process Route Handler &gt; POST /api/nous/signals/process &gt; should reject invalid update format" time="0.0029611">
        </testcase>
        <testcase classname="src/app/api/nous/signals/process/process.route.test.ts" name="Signals Process Route Handler &gt; POST /api/nous/signals/process &gt; should handle processing errors gracefully" time="0.0066551">
        </testcase>
        <testcase classname="src/app/api/nous/signals/process/process.route.test.ts" name="Signals Process Route Handler &gt; POST /api/nous/signals/process &gt; should handle complex metadata updates" time="0.0046757">
        </testcase>
    </testsuite>
    <testsuite name="src/app/api/cortex/documents/[id]/vectorize/vectorize.route.test.ts" timestamp="2025-01-07T17:34:02.978Z" hostname="sophra" tests="6" failures="0" errors="0" skipped="0" time="0.0462763">
        <testcase classname="src/app/api/cortex/documents/[id]/vectorize/vectorize.route.test.ts" name="Document vectorization endpoints &gt; GET /api/documents/[id]/vectorize &gt; should return 400 when indexId is missing" time="0.0288965">
        </testcase>
        <testcase classname="src/app/api/cortex/documents/[id]/vectorize/vectorize.route.test.ts" name="Document vectorization endpoints &gt; GET /api/documents/[id]/vectorize &gt; should return 404 when index is not found" time="0.0019067">
        </testcase>
        <testcase classname="src/app/api/cortex/documents/[id]/vectorize/vectorize.route.test.ts" name="Document vectorization endpoints &gt; GET /api/documents/[id]/vectorize &gt; should handle successful vectorization" time="0.0041718">
        </testcase>
        <testcase classname="src/app/api/cortex/documents/[id]/vectorize/vectorize.route.test.ts" name="Document vectorization endpoints &gt; PUT /api/documents/[id]/vectorize &gt; should handle missing required parameters" time="0.0016429">
        </testcase>
        <testcase classname="src/app/api/cortex/documents/[id]/vectorize/vectorize.route.test.ts" name="Document vectorization endpoints &gt; PUT /api/documents/[id]/vectorize &gt; should handle successful document update" time="0.0055563">
        </testcase>
        <testcase classname="src/app/api/cortex/documents/[id]/vectorize/vectorize.route.test.ts" name="Document vectorization endpoints &gt; PUT /api/documents/[id]/vectorize &gt; should handle invalid JSON input" time="0.0014756">
        </testcase>
    </testsuite>
    <testsuite name="src/app/api/cortex/sessions/[sessionId]/analytics/id.analytics.route.test.ts" timestamp="2025-01-07T17:34:02.979Z" hostname="sophra" tests="5" failures="0" errors="0" skipped="0" time="0.0245578">
        <testcase classname="src/app/api/cortex/sessions/[sessionId]/analytics/id.analytics.route.test.ts" name="GET /api/cortex/sessions/[sessionId]/analytics &gt; should return 404 if session is not found" time="0.0177075">
        </testcase>
        <testcase classname="src/app/api/cortex/sessions/[sessionId]/analytics/id.analytics.route.test.ts" name="GET /api/cortex/sessions/[sessionId]/analytics &gt; should return 500 if service initialization fails" time="0.0010182">
        </testcase>
        <testcase classname="src/app/api/cortex/sessions/[sessionId]/analytics/id.analytics.route.test.ts" name="GET /api/cortex/sessions/[sessionId]/analytics &gt; should calculate metrics correctly with search events" time="0.0026388">
        </testcase>
        <testcase classname="src/app/api/cortex/sessions/[sessionId]/analytics/id.analytics.route.test.ts" name="GET /api/cortex/sessions/[sessionId]/analytics &gt; should handle empty search events correctly" time="0.0008531">
        </testcase>
        <testcase classname="src/app/api/cortex/sessions/[sessionId]/analytics/id.analytics.route.test.ts" name="GET /api/cortex/sessions/[sessionId]/analytics &gt; should calculate click-through rate correctly" time="0.0008977">
        </testcase>
    </testsuite>
    <testsuite name="src/app/api/nous/ab-testing/experiments/activate/activate.route.test.ts" timestamp="2025-01-07T17:34:02.981Z" hostname="sophra" tests="5" failures="0" errors="0" skipped="0" time="0.0516308">
        <testcase classname="src/app/api/nous/ab-testing/experiments/activate/activate.route.test.ts" name="Activate Experiment Route Handler &gt; should return 400 when request body is invalid" time="0.0381028">
        </testcase>
        <testcase classname="src/app/api/nous/ab-testing/experiments/activate/activate.route.test.ts" name="Activate Experiment Route Handler &gt; should return 404 when experiment is not found" time="0.0035365">
        </testcase>
        <testcase classname="src/app/api/nous/ab-testing/experiments/activate/activate.route.test.ts" name="Activate Experiment Route Handler &gt; should return 400 when experiment is already active" time="0.0016406">
        </testcase>
        <testcase classname="src/app/api/nous/ab-testing/experiments/activate/activate.route.test.ts" name="Activate Experiment Route Handler &gt; should successfully activate an experiment" time="0.0050545">
        </testcase>
        <testcase classname="src/app/api/nous/ab-testing/experiments/activate/activate.route.test.ts" name="Activate Experiment Route Handler &gt; should return 500 when database operation fails" time="0.0011345">
        </testcase>
    </testsuite>
    <testsuite name="src/app/api/nous/ab-testing/experiments/apply/apply.route.test.ts" timestamp="2025-01-07T17:34:02.982Z" hostname="sophra" tests="6" failures="0" errors="0" skipped="0" time="0.0467296">
        <testcase classname="src/app/api/nous/ab-testing/experiments/apply/apply.route.test.ts" name="Apply Adaptation Route Handler &gt; should return 400 when request body is invalid" time="0.030799">
        </testcase>
        <testcase classname="src/app/api/nous/ab-testing/experiments/apply/apply.route.test.ts" name="Apply Adaptation Route Handler &gt; should return 404 when experiment is not found" time="0.0042232">
        </testcase>
        <testcase classname="src/app/api/nous/ab-testing/experiments/apply/apply.route.test.ts" name="Apply Adaptation Route Handler &gt; should return 400 when experiment is not active" time="0.0021215">
        </testcase>
        <testcase classname="src/app/api/nous/ab-testing/experiments/apply/apply.route.test.ts" name="Apply Adaptation Route Handler &gt; should successfully apply adaptations" time="0.0030275">
        </testcase>
        <testcase classname="src/app/api/nous/ab-testing/experiments/apply/apply.route.test.ts" name="Apply Adaptation Route Handler &gt; should handle case when no adaptations are needed" time="0.0015051">
        </testcase>
        <testcase classname="src/app/api/nous/ab-testing/experiments/apply/apply.route.test.ts" name="Apply Adaptation Route Handler &gt; should handle database errors" time="0.0027294">
        </testcase>
    </testsuite>
    <testsuite name="src/app/api/nous/ab-testing/experiments/deactivate/deactivate.route.test.ts" timestamp="2025-01-07T17:34:02.983Z" hostname="sophra" tests="5" failures="0" errors="0" skipped="0" time="0.0572553">
        <testcase classname="src/app/api/nous/ab-testing/experiments/deactivate/deactivate.route.test.ts" name="Deactivate Experiment Route Handler &gt; should return 400 when request body is invalid" time="0.0408317">
        </testcase>
        <testcase classname="src/app/api/nous/ab-testing/experiments/deactivate/deactivate.route.test.ts" name="Deactivate Experiment Route Handler &gt; should return 404 when experiment is not found" time="0.0057084">
        </testcase>
        <testcase classname="src/app/api/nous/ab-testing/experiments/deactivate/deactivate.route.test.ts" name="Deactivate Experiment Route Handler &gt; should return 400 when experiment is already inactive" time="0.0018129">
        </testcase>
        <testcase classname="src/app/api/nous/ab-testing/experiments/deactivate/deactivate.route.test.ts" name="Deactivate Experiment Route Handler &gt; should successfully deactivate an experiment" time="0.0017827">
        </testcase>
        <testcase classname="src/app/api/nous/ab-testing/experiments/deactivate/deactivate.route.test.ts" name="Deactivate Experiment Route Handler &gt; should return 500 when database operation fails" time="0.0038658">
        </testcase>
    </testsuite>
    <testsuite name="src/app/api/nous/learn/feedback/patterns/patterns.route.test.ts" timestamp="2025-01-07T17:34:02.984Z" hostname="sophra" tests="8" failures="0" errors="0" skipped="0" time="0.0553898">
        <testcase classname="src/app/api/nous/learn/feedback/patterns/patterns.route.test.ts" name="Feedback Patterns Route Handler &gt; GET /api/nous/learn/feedback/patterns &gt; should fetch patterns with default parameters" time="0.036338">
        </testcase>
        <testcase classname="src/app/api/nous/learn/feedback/patterns/patterns.route.test.ts" name="Feedback Patterns Route Handler &gt; GET /api/nous/learn/feedback/patterns &gt; should handle custom timeframe and limit" time="0.0042521">
        </testcase>
        <testcase classname="src/app/api/nous/learn/feedback/patterns/patterns.route.test.ts" name="Feedback Patterns Route Handler &gt; GET /api/nous/learn/feedback/patterns &gt; should handle invalid timeframe parameter" time="0.0019667">
        </testcase>
        <testcase classname="src/app/api/nous/learn/feedback/patterns/patterns.route.test.ts" name="Feedback Patterns Route Handler &gt; GET /api/nous/learn/feedback/patterns &gt; should handle invalid limit parameter" time="0.0009556">
        </testcase>
        <testcase classname="src/app/api/nous/learn/feedback/patterns/patterns.route.test.ts" name="Feedback Patterns Route Handler &gt; GET /api/nous/learn/feedback/patterns &gt; should handle limit out of range" time="0.0012179">
        </testcase>
        <testcase classname="src/app/api/nous/learn/feedback/patterns/patterns.route.test.ts" name="Feedback Patterns Route Handler &gt; GET /api/nous/learn/feedback/patterns &gt; should handle database errors gracefully" time="0.0056825">
        </testcase>
        <testcase classname="src/app/api/nous/learn/feedback/patterns/patterns.route.test.ts" name="Feedback Patterns Route Handler &gt; GET /api/nous/learn/feedback/patterns &gt; should calculate confidence and metrics correctly" time="0.0019463">
        </testcase>
        <testcase classname="src/app/api/nous/learn/feedback/patterns/patterns.route.test.ts" name="Feedback Patterns Route Handler &gt; GET /api/nous/learn/feedback/patterns &gt; should handle empty results" time="0.0010019">
        </testcase>
    </testsuite>
    <testsuite name="src/app/api/nous/learn/models/sync/sync.route.test.ts" timestamp="2025-01-07T17:34:02.985Z" hostname="sophra" tests="5" failures="0" errors="0" skipped="0" time="0.0423414">
        <testcase classname="src/app/api/nous/learn/models/sync/sync.route.test.ts" name="Model Sync Route Handler &gt; GET /api/nous/learn/models/sync &gt; should fetch model states with metrics" time="0.0249131">
        </testcase>
        <testcase classname="src/app/api/nous/learn/models/sync/sync.route.test.ts" name="Model Sync Route Handler &gt; GET /api/nous/learn/models/sync &gt; should handle database errors gracefully" time="0.0008576">
        </testcase>
        <testcase classname="src/app/api/nous/learn/models/sync/sync.route.test.ts" name="Model Sync Route Handler &gt; POST /api/nous/learn/models/sync &gt; should sync model state with valid data" time="0.0077505">
        </testcase>
        <testcase classname="src/app/api/nous/learn/models/sync/sync.route.test.ts" name="Model Sync Route Handler &gt; POST /api/nous/learn/models/sync &gt; should reject invalid sync data" time="0.0015707">
        </testcase>
        <testcase classname="src/app/api/nous/learn/models/sync/sync.route.test.ts" name="Model Sync Route Handler &gt; POST /api/nous/learn/models/sync &gt; should handle database errors during sync" time="0.0055856">
        </testcase>
    </testsuite>
</testsuites>
