{"D:/sophra/src/lib/nous/config/settings.ts": {"path":"D:/sophra/src/lib/nous/config/settings.ts","statementMap":{"0":{"start":{"line":7,"column":2},"end":{"line":7,"column":null}},"1":{"start":{"line":8,"column":2},"end":{"line":8,"column":null}},"2":{"start":{"line":13,"column":4},"end":{"line":15,"column":null}},"3":{"start":{"line":14,"column":6},"end":{"line":14,"column":null}},"4":{"start":{"line":16,"column":4},"end":{"line":16,"column":null}},"5":{"start":{"line":21,"column":17},"end":{"line":21,"column":null}},"6":{"start":{"line":24,"column":4},"end":{"line":32,"column":null}},"7":{"start":{"line":25,"column":6},"end":{"line":31,"column":null}},"8":{"start":{"line":26,"column":28},"end":{"line":26,"column":null}},"9":{"start":{"line":27,"column":27},"end":{"line":27,"column":null}},"10":{"start":{"line":28,"column":8},"end":{"line":28,"column":null}},"11":{"start":{"line":30,"column":8},"end":{"line":30,"column":null}},"12":{"start":{"line":35,"column":22},"end":{"line":35,"column":null}},"13":{"start":{"line":36,"column":4},"end":{"line":36,"column":null}},"14":{"start":{"line":39,"column":19},"end":{"line":39,"column":null}},"15":{"start":{"line":40,"column":4},"end":{"line":42,"column":null}},"16":{"start":{"line":41,"column":6},"end":{"line":41,"column":null}},"17":{"start":{"line":41,"column":77},"end":{"line":41,"column":86}},"18":{"start":{"line":44,"column":4},"end":{"line":44,"column":null}},"19":{"start":{"line":48,"column":4},"end":{"line":50,"column":null}},"20":{"start":{"line":49,"column":6},"end":{"line":49,"column":null}},"21":{"start":{"line":52,"column":19},"end":{"line":52,"column":null}},"22":{"start":{"line":54,"column":4},"end":{"line":65,"column":null}},"23":{"start":{"line":55,"column":20},"end":{"line":55,"column":null}},"24":{"start":{"line":56,"column":6},"end":{"line":64,"column":null}},"25":{"start":{"line":57,"column":8},"end":{"line":61,"column":null}},"26":{"start":{"line":58,"column":10},"end":{"line":58,"column":null}},"27":{"start":{"line":60,"column":10},"end":{"line":60,"column":null}},"28":{"start":{"line":62,"column":6},"end":{"line":64,"column":null}},"29":{"start":{"line":63,"column":8},"end":{"line":63,"column":null}},"30":{"start":{"line":67,"column":4},"end":{"line":67,"column":null}},"31":{"start":{"line":71,"column":36},"end":{"line":71,"column":null}},"32":{"start":{"line":73,"column":4},"end":{"line":95,"column":null}},"33":{"start":{"line":74,"column":21},"end":{"line":74,"column":51}},"34":{"start":{"line":76,"column":21},"end":{"line":79,"column":null}},"35":{"start":{"line":81,"column":22},"end":{"line":81,"column":null}},"36":{"start":{"line":82,"column":8},"end":{"line":88,"column":null}},"37":{"start":{"line":82,"column":21},"end":{"line":82,"column":24}},"38":{"start":{"line":83,"column":26},"end":{"line":83,"column":null}},"39":{"start":{"line":84,"column":10},"end":{"line":86,"column":null}},"40":{"start":{"line":85,"column":13},"end":{"line":85,"column":null}},"41":{"start":{"line":87,"column":10},"end":{"line":87,"column":null}},"42":{"start":{"line":90,"column":28},"end":{"line":90,"column":null}},"43":{"start":{"line":91,"column":22},"end":{"line":91,"column":null}},"44":{"start":{"line":92,"column":8},"end":{"line":94,"column":null}},"45":{"start":{"line":93,"column":11},"end":{"line":93,"column":null}},"46":{"start":{"line":97,"column":4},"end":{"line":97,"column":null}},"47":{"start":{"line":101,"column":4},"end":{"line":101,"column":null}},"48":{"start":{"line":101,"column":40},"end":{"line":101,"column":null}},"49":{"start":{"line":102,"column":4},"end":{"line":102,"column":null}},"50":{"start":{"line":102,"column":41},"end":{"line":102,"column":null}},"51":{"start":{"line":103,"column":4},"end":{"line":103,"column":null}},"52":{"start":{"line":103,"column":29},"end":{"line":103,"column":null}},"53":{"start":{"line":104,"column":4},"end":{"line":104,"column":null}},"54":{"start":{"line":104,"column":34},"end":{"line":104,"column":null}},"55":{"start":{"line":105,"column":4},"end":{"line":109,"column":null}},"56":{"start":{"line":106,"column":6},"end":{"line":106,"column":null}},"57":{"start":{"line":108,"column":6},"end":{"line":108,"column":null}},"58":{"start":{"line":113,"column":52},"end":{"line":130,"column":null}},"59":{"start":{"line":132,"column":23},"end":{"line":132,"column":null}},"60":{"start":{"line":133,"column":4},"end":{"line":133,"column":null}},"61":{"start":{"line":137,"column":4},"end":{"line":167,"column":null}},"62":{"start":{"line":171,"column":4},"end":{"line":173,"column":null}},"63":{"start":{"line":172,"column":6},"end":{"line":172,"column":null}},"64":{"start":{"line":174,"column":4},"end":{"line":174,"column":null}},"65":{"start":{"line":178,"column":19},"end":{"line":178,"column":null}},"66":{"start":{"line":179,"column":4},"end":{"line":179,"column":null}},"67":{"start":{"line":183,"column":19},"end":{"line":183,"column":null}},"68":{"start":{"line":184,"column":4},"end":{"line":184,"column":null}},"69":{"start":{"line":188,"column":19},"end":{"line":188,"column":null}},"70":{"start":{"line":189,"column":4},"end":{"line":189,"column":null}},"71":{"start":{"line":193,"column":24},"end":{"line":193,"column":null}}},"fnMap":{"0":{"name":"(anonymous_0)","decl":{"start":{"line":10,"column":10},"end":{"line":10,"column":24}},"loc":{"start":{"line":10,"column":24},"end":{"line":10,"column":null}}},"1":{"name":"(anonymous_1)","decl":{"start":{"line":12,"column":2},"end":{"line":12,"column":9}},"loc":{"start":{"line":12,"column":33},"end":{"line":17,"column":null}}},"2":{"name":"(anonymous_2)","decl":{"start":{"line":19,"column":9},"end":{"line":19,"column":14}},"loc":{"start":{"line":19,"column":41},"end":{"line":45,"column":null}}},"3":{"name":"(anonymous_3)","decl":{"start":{"line":41,"column":72},"end":{"line":41,"column":77}},"loc":{"start":{"line":41,"column":77},"end":{"line":41,"column":86}}},"4":{"name":"(anonymous_4)","decl":{"start":{"line":47,"column":10},"end":{"line":47,"column":20}},"loc":{"start":{"line":47,"column":51},"end":{"line":68,"column":null}}},"5":{"name":"(anonymous_5)","decl":{"start":{"line":54,"column":32},"end":{"line":54,"column":39}},"loc":{"start":{"line":54,"column":39},"end":{"line":65,"column":5}}},"6":{"name":"(anonymous_6)","decl":{"start":{"line":70,"column":10},"end":{"line":70,"column":41}},"loc":{"start":{"line":70,"column":41},"end":{"line":98,"column":null}}},"7":{"name":"(anonymous_7)","decl":{"start":{"line":74,"column":14},"end":{"line":74,"column":21}},"loc":{"start":{"line":74,"column":21},"end":{"line":74,"column":51}}},"8":{"name":"(anonymous_8)","decl":{"start":{"line":75,"column":15},"end":{"line":75,"column":22}},"loc":{"start":{"line":75,"column":22},"end":{"line":95,"column":7}}},"9":{"name":"(anonymous_9)","decl":{"start":{"line":100,"column":10},"end":{"line":100,"column":23}},"loc":{"start":{"line":100,"column":43},"end":{"line":110,"column":null}}},"10":{"name":"(anonymous_10)","decl":{"start":{"line":112,"column":10},"end":{"line":112,"column":23}},"loc":{"start":{"line":112,"column":44},"end":{"line":134,"column":null}}},"11":{"name":"(anonymous_11)","decl":{"start":{"line":136,"column":10},"end":{"line":136,"column":37}},"loc":{"start":{"line":136,"column":37},"end":{"line":168,"column":null}}},"12":{"name":"(anonymous_12)","decl":{"start":{"line":170,"column":9},"end":{"line":170,"column":29}},"loc":{"start":{"line":170,"column":29},"end":{"line":175,"column":null}}},"13":{"name":"(anonymous_13)","decl":{"start":{"line":177,"column":9},"end":{"line":177,"column":27}},"loc":{"start":{"line":177,"column":27},"end":{"line":180,"column":null}}},"14":{"name":"(anonymous_14)","decl":{"start":{"line":182,"column":9},"end":{"line":182,"column":26}},"loc":{"start":{"line":182,"column":26},"end":{"line":185,"column":null}}},"15":{"name":"(anonymous_15)","decl":{"start":{"line":187,"column":9},"end":{"line":187,"column":30}},"loc":{"start":{"line":187,"column":30},"end":{"line":190,"column":null}}}},"branchMap":{"0":{"loc":{"start":{"line":13,"column":4},"end":{"line":15,"column":null}},"type":"if","locations":[{"start":{"line":13,"column":4},"end":{"line":15,"column":null}},{"start":{},"end":{}}]},"1":{"loc":{"start":{"line":24,"column":4},"end":{"line":32,"column":null}},"type":"if","locations":[{"start":{"line":24,"column":4},"end":{"line":32,"column":null}},{"start":{},"end":{}}]},"2":{"loc":{"start":{"line":24,"column":8},"end":{"line":24,"column":49}},"type":"binary-expr","locations":[{"start":{"line":24,"column":8},"end":{"line":24,"column":22}},{"start":{"line":24,"column":22},"end":{"line":24,"column":49}}]},"3":{"loc":{"start":{"line":27,"column":27},"end":{"line":27,"column":null}},"type":"binary-expr","locations":[{"start":{"line":27,"column":27},"end":{"line":27,"column":53}},{"start":{"line":27,"column":53},"end":{"line":27,"column":null}}]},"4":{"loc":{"start":{"line":40,"column":4},"end":{"line":42,"column":null}},"type":"if","locations":[{"start":{"line":40,"column":4},"end":{"line":42,"column":null}},{"start":{},"end":{}}]},"5":{"loc":{"start":{"line":48,"column":4},"end":{"line":50,"column":null}},"type":"if","locations":[{"start":{"line":48,"column":4},"end":{"line":50,"column":null}},{"start":{},"end":{}}]},"6":{"loc":{"start":{"line":48,"column":8},"end":{"line":48,"column":47}},"type":"binary-expr","locations":[{"start":{"line":48,"column":8},"end":{"line":48,"column":19}},{"start":{"line":48,"column":19},"end":{"line":48,"column":47}}]},"7":{"loc":{"start":{"line":56,"column":6},"end":{"line":64,"column":null}},"type":"if","locations":[{"start":{"line":56,"column":6},"end":{"line":64,"column":null}},{"start":{"line":62,"column":6},"end":{"line":64,"column":null}}]},"8":{"loc":{"start":{"line":56,"column":10},"end":{"line":56,"column":80}},"type":"binary-expr","locations":[{"start":{"line":56,"column":10},"end":{"line":56,"column":28}},{"start":{"line":56,"column":28},"end":{"line":56,"column":57}},{"start":{"line":56,"column":57},"end":{"line":56,"column":80}}]},"9":{"loc":{"start":{"line":57,"column":8},"end":{"line":61,"column":null}},"type":"if","locations":[{"start":{"line":57,"column":8},"end":{"line":61,"column":null}},{"start":{"line":59,"column":15},"end":{"line":61,"column":null}}]},"10":{"loc":{"start":{"line":57,"column":12},"end":{"line":57,"column":91}},"type":"binary-expr","locations":[{"start":{"line":57,"column":12},"end":{"line":57,"column":27}},{"start":{"line":57,"column":27},"end":{"line":57,"column":62}},{"start":{"line":57,"column":62},"end":{"line":57,"column":91}}]},"11":{"loc":{"start":{"line":62,"column":6},"end":{"line":64,"column":null}},"type":"if","locations":[{"start":{"line":62,"column":6},"end":{"line":64,"column":null}},{"start":{},"end":{}}]},"12":{"loc":{"start":{"line":84,"column":10},"end":{"line":86,"column":null}},"type":"if","locations":[{"start":{"line":84,"column":10},"end":{"line":86,"column":null}},{"start":{},"end":{}}]},"13":{"loc":{"start":{"line":92,"column":8},"end":{"line":94,"column":null}},"type":"if","locations":[{"start":{"line":92,"column":8},"end":{"line":94,"column":null}},{"start":{},"end":{}}]},"14":{"loc":{"start":{"line":101,"column":4},"end":{"line":101,"column":null}},"type":"if","locations":[{"start":{"line":101,"column":4},"end":{"line":101,"column":null}},{"start":{},"end":{}}]},"15":{"loc":{"start":{"line":102,"column":4},"end":{"line":102,"column":null}},"type":"if","locations":[{"start":{"line":102,"column":4},"end":{"line":102,"column":null}},{"start":{},"end":{}}]},"16":{"loc":{"start":{"line":103,"column":4},"end":{"line":103,"column":null}},"type":"if","locations":[{"start":{"line":103,"column":4},"end":{"line":103,"column":null}},{"start":{},"end":{}}]},"17":{"loc":{"start":{"line":104,"column":4},"end":{"line":104,"column":null}},"type":"if","locations":[{"start":{"line":104,"column":4},"end":{"line":104,"column":null}},{"start":{},"end":{}}]},"18":{"loc":{"start":{"line":133,"column":11},"end":{"line":133,"column":null}},"type":"binary-expr","locations":[{"start":{"line":133,"column":11},"end":{"line":133,"column":39}},{"start":{"line":133,"column":39},"end":{"line":133,"column":null}}]},"19":{"loc":{"start":{"line":171,"column":4},"end":{"line":173,"column":null}},"type":"if","locations":[{"start":{"line":171,"column":4},"end":{"line":173,"column":null}},{"start":{},"end":{}}]}},"s":{"0":1,"1":1,"2":1,"3":1,"4":1,"5":0,"6":0,"7":0,"8":0,"9":0,"10":0,"11":0,"12":0,"13":0,"14":0,"15":0,"16":0,"17":0,"18":0,"19":0,"20":0,"21":0,"22":0,"23":0,"24":0,"25":0,"26":0,"27":0,"28":0,"29":0,"30":0,"31":0,"32":0,"33":0,"34":0,"35":0,"36":0,"37":0,"38":0,"39":0,"40":0,"41":0,"42":0,"43":0,"44":0,"45":0,"46":0,"47":0,"48":0,"49":0,"50":0,"51":0,"52":0,"53":0,"54":0,"55":0,"56":0,"57":0,"58":0,"59":0,"60":0,"61":0,"62":0,"63":0,"64":0,"65":0,"66":0,"67":0,"68":0,"69":0,"70":0,"71":1},"f":{"0":1,"1":1,"2":0,"3":0,"4":0,"5":0,"6":0,"7":0,"8":0,"9":0,"10":0,"11":0,"12":0,"13":0,"14":0,"15":0},"b":{"0":[1,0],"1":[0,0],"2":[0,0],"3":[0,0],"4":[0,0],"5":[0,0],"6":[0,0],"7":[0,0],"8":[0,0,0],"9":[0,0],"10":[0,0,0],"11":[0,0],"12":[0,0],"13":[0,0],"14":[0,0],"15":[0,0],"16":[0,0],"17":[0,0],"18":[0,0],"19":[0,0]}}
,"D:/sophra/src/lib/nous/config/types.ts": {"path":"D:/sophra/src/lib/nous/config/types.ts","statementMap":{"0":{"start":{"line":3,"column":7},"end":{"line":3,"column":null}},"1":{"start":{"line":4,"column":2},"end":{"line":4,"column":null}},"2":{"start":{"line":5,"column":2},"end":{"line":5,"column":null}},"3":{"start":{"line":6,"column":2},"end":{"line":6,"column":null}},"4":{"start":{"line":7,"column":2},"end":{"line":7,"column":null}},"5":{"start":{"line":8,"column":2},"end":{"line":8,"column":null}},"6":{"start":{"line":3,"column":12},"end":{"line":3,"column":null}},"7":{"start":{"line":11,"column":34},"end":{"line":18,"column":null}},"8":{"start":{"line":20,"column":36},"end":{"line":25,"column":null}},"9":{"start":{"line":27,"column":35},"end":{"line":31,"column":null}},"10":{"start":{"line":33,"column":33},"end":{"line":38,"column":null}},"11":{"start":{"line":40,"column":28},"end":{"line":51,"column":null}}},"fnMap":{"0":{"name":"(anonymous_0)","decl":{"start":{"line":3,"column":7},"end":{"line":3,"column":12}},"loc":{"start":{"line":3,"column":7},"end":{"line":3,"column":null}}}},"branchMap":{"0":{"loc":{"start":{"line":3,"column":12},"end":{"line":3,"column":null}},"type":"binary-expr","locations":[{"start":{"line":3,"column":12},"end":{"line":3,"column":null}},{"start":{"line":3,"column":12},"end":{"line":3,"column":null}}]}},"s":{"0":2,"1":2,"2":2,"3":2,"4":2,"5":2,"6":2,"7":2,"8":2,"9":2,"10":2,"11":2},"f":{"0":2},"b":{"0":[2,2]}}
}
