{"D:/sophra/src/lib/nous/registry/store.ts": {"path":"D:/sophra/src/lib/nous/registry/store.ts","statementMap":{"0":{"start":{"line":15,"column":4},"end":{"line":15,"column":null}},"1":{"start":{"line":16,"column":4},"end":{"line":16,"column":null}},"2":{"start":{"line":17,"column":4},"end":{"line":17,"column":null}},"3":{"start":{"line":21,"column":4},"end":{"line":23,"column":null}},"4":{"start":{"line":22,"column":6},"end":{"line":22,"column":null}},"5":{"start":{"line":26,"column":21},"end":{"line":26,"column":null}},"6":{"start":{"line":27,"column":28},"end":{"line":30,"column":null}},"7":{"start":{"line":28,"column":23},"end":{"line":28,"column":null}},"8":{"start":{"line":29,"column":6},"end":{"line":29,"column":null}},"9":{"start":{"line":31,"column":4},"end":{"line":33,"column":null}},"10":{"start":{"line":32,"column":6},"end":{"line":32,"column":null}},"11":{"start":{"line":35,"column":26},"end":{"line":35,"column":null}},"12":{"start":{"line":36,"column":4},"end":{"line":45,"column":null}},"13":{"start":{"line":38,"column":6},"end":{"line":42,"column":null}},"14":{"start":{"line":39,"column":8},"end":{"line":41,"column":null}},"15":{"start":{"line":40,"column":10},"end":{"line":40,"column":null}},"16":{"start":{"line":44,"column":6},"end":{"line":44,"column":null}},"17":{"start":{"line":48,"column":26},"end":{"line":54,"column":null}},"18":{"start":{"line":56,"column":4},"end":{"line":56,"column":null}},"19":{"start":{"line":59,"column":4},"end":{"line":59,"column":null}},"20":{"start":{"line":60,"column":4},"end":{"line":60,"column":null}},"21":{"start":{"line":63,"column":4},"end":{"line":67,"column":null}},"22":{"start":{"line":64,"column":24},"end":{"line":64,"column":null}},"23":{"start":{"line":65,"column":6},"end":{"line":65,"column":null}},"24":{"start":{"line":66,"column":6},"end":{"line":66,"column":null}},"25":{"start":{"line":75,"column":4},"end":{"line":86,"column":null}},"26":{"start":{"line":76,"column":6},"end":{"line":78,"column":null}},"27":{"start":{"line":77,"column":8},"end":{"line":77,"column":null}},"28":{"start":{"line":80,"column":6},"end":{"line":80,"column":null}},"29":{"start":{"line":81,"column":20},"end":{"line":81,"column":null}},"30":{"start":{"line":82,"column":28},"end":{"line":82,"column":null}},"31":{"start":{"line":83,"column":6},"end":{"line":85,"column":null}},"32":{"start":{"line":84,"column":8},"end":{"line":84,"column":null}},"33":{"start":{"line":90,"column":21},"end":{"line":90,"column":null}},"34":{"start":{"line":91,"column":4},"end":{"line":93,"column":null}},"35":{"start":{"line":92,"column":6},"end":{"line":92,"column":null}},"36":{"start":{"line":95,"column":4},"end":{"line":104,"column":null}},"37":{"start":{"line":97,"column":6},"end":{"line":101,"column":null}},"38":{"start":{"line":98,"column":8},"end":{"line":100,"column":null}},"39":{"start":{"line":99,"column":10},"end":{"line":99,"column":null}},"40":{"start":{"line":103,"column":6},"end":{"line":103,"column":null}},"41":{"start":{"line":107,"column":4},"end":{"line":115,"column":null}},"42":{"start":{"line":108,"column":24},"end":{"line":108,"column":null}},"43":{"start":{"line":109,"column":6},"end":{"line":114,"column":null}},"44":{"start":{"line":110,"column":8},"end":{"line":110,"column":null}},"45":{"start":{"line":111,"column":8},"end":{"line":113,"column":null}},"46":{"start":{"line":112,"column":10},"end":{"line":112,"column":null}},"47":{"start":{"line":118,"column":20},"end":{"line":128,"column":null}},"48":{"start":{"line":130,"column":4},"end":{"line":130,"column":null}},"49":{"start":{"line":133,"column":4},"end":{"line":137,"column":null}},"50":{"start":{"line":134,"column":24},"end":{"line":134,"column":null}},"51":{"start":{"line":135,"column":6},"end":{"line":135,"column":null}},"52":{"start":{"line":136,"column":6},"end":{"line":136,"column":null}},"53":{"start":{"line":139,"column":4},"end":{"line":139,"column":null}},"54":{"start":{"line":143,"column":18},"end":{"line":143,"column":null}},"55":{"start":{"line":144,"column":4},"end":{"line":144,"column":null}},"56":{"start":{"line":148,"column":21},"end":{"line":148,"column":null}},"57":{"start":{"line":149,"column":4},"end":{"line":151,"column":null}},"58":{"start":{"line":150,"column":6},"end":{"line":150,"column":null}},"59":{"start":{"line":154,"column":27},"end":{"line":158,"column":null}},"60":{"start":{"line":155,"column":21},"end":{"line":155,"column":null}},"61":{"start":{"line":156,"column":21},"end":{"line":156,"column":null}},"62":{"start":{"line":157,"column":6},"end":{"line":157,"column":null}},"63":{"start":{"line":160,"column":4},"end":{"line":160,"column":null}},"64":{"start":{"line":164,"column":22},"end":{"line":164,"column":null}},"65":{"start":{"line":165,"column":4},"end":{"line":167,"column":null}},"66":{"start":{"line":166,"column":6},"end":{"line":166,"column":null}},"67":{"start":{"line":168,"column":4},"end":{"line":170,"column":null}},"68":{"start":{"line":169,"column":17},"end":{"line":169,"column":37}},"69":{"start":{"line":170,"column":72},"end":{"line":170,"column":91}},"70":{"start":{"line":174,"column":4},"end":{"line":174,"column":null}},"71":{"start":{"line":178,"column":18},"end":{"line":178,"column":null}},"72":{"start":{"line":179,"column":4},"end":{"line":181,"column":null}},"73":{"start":{"line":180,"column":6},"end":{"line":180,"column":null}},"74":{"start":{"line":184,"column":4},"end":{"line":184,"column":null}},"75":{"start":{"line":187,"column":21},"end":{"line":187,"column":null}},"76":{"start":{"line":188,"column":4},"end":{"line":196,"column":null}},"77":{"start":{"line":189,"column":20},"end":{"line":189,"column":null}},"78":{"start":{"line":190,"column":6},"end":{"line":192,"column":null}},"79":{"start":{"line":191,"column":8},"end":{"line":191,"column":null}},"80":{"start":{"line":193,"column":6},"end":{"line":195,"column":null}},"81":{"start":{"line":194,"column":8},"end":{"line":194,"column":null}},"82":{"start":{"line":199,"column":4},"end":{"line":207,"column":null}},"83":{"start":{"line":200,"column":24},"end":{"line":200,"column":null}},"84":{"start":{"line":201,"column":6},"end":{"line":206,"column":null}},"85":{"start":{"line":202,"column":8},"end":{"line":202,"column":null}},"86":{"start":{"line":203,"column":8},"end":{"line":205,"column":null}},"87":{"start":{"line":204,"column":10},"end":{"line":204,"column":null}},"88":{"start":{"line":209,"column":4},"end":{"line":209,"column":null}},"89":{"start":{"line":213,"column":4},"end":{"line":213,"column":null}},"90":{"start":{"line":214,"column":4},"end":{"line":214,"column":null}},"91":{"start":{"line":215,"column":4},"end":{"line":215,"column":null}}},"fnMap":{"0":{"name":"(anonymous_0)","decl":{"start":{"line":14,"column":2},"end":{"line":14,"column":16}},"loc":{"start":{"line":14,"column":16},"end":{"line":18,"column":null}}},"1":{"name":"(anonymous_1)","decl":{"start":{"line":20,"column":2},"end":{"line":20,"column":11}},"loc":{"start":{"line":20,"column":51},"end":{"line":68,"column":null}}},"2":{"name":"(anonymous_2)","decl":{"start":{"line":27,"column":42},"end":{"line":27,"column":48}},"loc":{"start":{"line":27,"column":48},"end":{"line":30,"column":5}}},"3":{"name":"(anonymous_3)","decl":{"start":{"line":63,"column":31},"end":{"line":63,"column":32}},"loc":{"start":{"line":63,"column":48},"end":{"line":67,"column":5}}},"4":{"name":"(anonymous_4)","decl":{"start":{"line":70,"column":10},"end":{"line":70,"column":null}},"loc":{"start":{"line":74,"column":10},"end":{"line":87,"column":null}}},"5":{"name":"(anonymous_5)","decl":{"start":{"line":89,"column":2},"end":{"line":89,"column":12}},"loc":{"start":{"line":89,"column":114},"end":{"line":140,"column":null}}},"6":{"name":"(anonymous_6)","decl":{"start":{"line":107,"column":27},"end":{"line":107,"column":28}},"loc":{"start":{"line":107,"column":44},"end":{"line":115,"column":5}}},"7":{"name":"(anonymous_7)","decl":{"start":{"line":133,"column":25},"end":{"line":133,"column":26}},"loc":{"start":{"line":133,"column":42},"end":{"line":137,"column":5}}},"8":{"name":"(anonymous_8)","decl":{"start":{"line":142,"column":2},"end":{"line":142,"column":9}},"loc":{"start":{"line":142,"column":63},"end":{"line":145,"column":null}}},"9":{"name":"(anonymous_9)","decl":{"start":{"line":147,"column":2},"end":{"line":147,"column":22}},"loc":{"start":{"line":147,"column":78},"end":{"line":161,"column":null}}},"10":{"name":"(anonymous_10)","decl":{"start":{"line":154,"column":46},"end":{"line":154,"column":47}},"loc":{"start":{"line":154,"column":56},"end":{"line":158,"column":5}}},"11":{"name":"(anonymous_11)","decl":{"start":{"line":163,"column":2},"end":{"line":163,"column":14}},"loc":{"start":{"line":163,"column":59},"end":{"line":171,"column":null}}},"12":{"name":"(anonymous_12)","decl":{"start":{"line":169,"column":11},"end":{"line":169,"column":17}},"loc":{"start":{"line":169,"column":17},"end":{"line":169,"column":37}}},"13":{"name":"(anonymous_13)","decl":{"start":{"line":170,"column":14},"end":{"line":170,"column":15}},"loc":{"start":{"line":170,"column":72},"end":{"line":170,"column":91}}},"14":{"name":"(anonymous_14)","decl":{"start":{"line":173,"column":2},"end":{"line":173,"column":51}},"loc":{"start":{"line":173,"column":51},"end":{"line":175,"column":null}}},"15":{"name":"(anonymous_15)","decl":{"start":{"line":177,"column":2},"end":{"line":177,"column":9}},"loc":{"start":{"line":177,"column":30},"end":{"line":210,"column":null}}},"16":{"name":"(anonymous_16)","decl":{"start":{"line":199,"column":24},"end":{"line":199,"column":25}},"loc":{"start":{"line":199,"column":41},"end":{"line":207,"column":5}}},"17":{"name":"(anonymous_17)","decl":{"start":{"line":212,"column":2},"end":{"line":212,"column":16}},"loc":{"start":{"line":212,"column":16},"end":{"line":216,"column":null}}}},"branchMap":{"0":{"loc":{"start":{"line":21,"column":4},"end":{"line":23,"column":null}},"type":"if","locations":[{"start":{"line":21,"column":4},"end":{"line":23,"column":null}},{"start":{},"end":{}}]},"1":{"loc":{"start":{"line":26,"column":21},"end":{"line":26,"column":null}},"type":"binary-expr","locations":[{"start":{"line":26,"column":21},"end":{"line":26,"column":56}},{"start":{"line":26,"column":56},"end":{"line":26,"column":null}}]},"2":{"loc":{"start":{"line":31,"column":4},"end":{"line":33,"column":null}},"type":"if","locations":[{"start":{"line":31,"column":4},"end":{"line":33,"column":null}},{"start":{},"end":{}}]},"3":{"loc":{"start":{"line":36,"column":4},"end":{"line":45,"column":null}},"type":"if","locations":[{"start":{"line":36,"column":4},"end":{"line":45,"column":null}},{"start":{},"end":{}}]},"4":{"loc":{"start":{"line":39,"column":8},"end":{"line":41,"column":null}},"type":"if","locations":[{"start":{"line":39,"column":8},"end":{"line":41,"column":null}},{"start":{},"end":{}}]},"5":{"loc":{"start":{"line":50,"column":17},"end":{"line":50,"column":null}},"type":"binary-expr","locations":[{"start":{"line":50,"column":17},"end":{"line":50,"column":36}},{"start":{"line":50,"column":36},"end":{"line":50,"column":null}}]},"6":{"loc":{"start":{"line":51,"column":17},"end":{"line":51,"column":null}},"type":"binary-expr","locations":[{"start":{"line":51,"column":17},"end":{"line":51,"column":36}},{"start":{"line":51,"column":36},"end":{"line":51,"column":null}}]},"7":{"loc":{"start":{"line":52,"column":12},"end":{"line":52,"column":null}},"type":"binary-expr","locations":[{"start":{"line":52,"column":12},"end":{"line":52,"column":26}},{"start":{"line":52,"column":26},"end":{"line":52,"column":null}}]},"8":{"loc":{"start":{"line":53,"column":21},"end":{"line":53,"column":null}},"type":"binary-expr","locations":[{"start":{"line":53,"column":21},"end":{"line":53,"column":51}},{"start":{"line":53,"column":51},"end":{"line":53,"column":null}}]},"9":{"loc":{"start":{"line":64,"column":24},"end":{"line":64,"column":null}},"type":"binary-expr","locations":[{"start":{"line":64,"column":24},"end":{"line":64,"column":48}},{"start":{"line":64,"column":48},"end":{"line":64,"column":null}}]},"10":{"loc":{"start":{"line":76,"column":6},"end":{"line":78,"column":null}},"type":"if","locations":[{"start":{"line":76,"column":6},"end":{"line":78,"column":null}},{"start":{},"end":{}}]},"11":{"loc":{"start":{"line":83,"column":6},"end":{"line":85,"column":null}},"type":"if","locations":[{"start":{"line":83,"column":6},"end":{"line":85,"column":null}},{"start":{},"end":{}}]},"12":{"loc":{"start":{"line":83,"column":10},"end":{"line":83,"column":51}},"type":"binary-expr","locations":[{"start":{"line":83,"column":10},"end":{"line":83,"column":26}},{"start":{"line":83,"column":26},"end":{"line":83,"column":51}}]},"13":{"loc":{"start":{"line":91,"column":4},"end":{"line":93,"column":null}},"type":"if","locations":[{"start":{"line":91,"column":4},"end":{"line":93,"column":null}},{"start":{},"end":{}}]},"14":{"loc":{"start":{"line":95,"column":4},"end":{"line":104,"column":null}},"type":"if","locations":[{"start":{"line":95,"column":4},"end":{"line":104,"column":null}},{"start":{},"end":{}}]},"15":{"loc":{"start":{"line":98,"column":8},"end":{"line":100,"column":null}},"type":"if","locations":[{"start":{"line":98,"column":8},"end":{"line":100,"column":null}},{"start":{},"end":{}}]},"16":{"loc":{"start":{"line":109,"column":6},"end":{"line":114,"column":null}},"type":"if","locations":[{"start":{"line":109,"column":6},"end":{"line":114,"column":null}},{"start":{},"end":{}}]},"17":{"loc":{"start":{"line":111,"column":8},"end":{"line":113,"column":null}},"type":"if","locations":[{"start":{"line":111,"column":8},"end":{"line":113,"column":null}},{"start":{},"end":{}}]},"18":{"loc":{"start":{"line":123,"column":12},"end":{"line":123,"column":null}},"type":"binary-expr","locations":[{"start":{"line":123,"column":12},"end":{"line":123,"column":28}},{"start":{"line":123,"column":28},"end":{"line":123,"column":null}}]},"19":{"loc":{"start":{"line":124,"column":21},"end":{"line":124,"column":null}},"type":"binary-expr","locations":[{"start":{"line":124,"column":21},"end":{"line":124,"column":54}},{"start":{"line":124,"column":54},"end":{"line":124,"column":null}}]},"20":{"loc":{"start":{"line":125,"column":15},"end":{"line":125,"column":null}},"type":"binary-expr","locations":[{"start":{"line":125,"column":15},"end":{"line":125,"column":34}},{"start":{"line":125,"column":34},"end":{"line":125,"column":null}}]},"21":{"loc":{"start":{"line":126,"column":12},"end":{"line":126,"column":null}},"type":"binary-expr","locations":[{"start":{"line":126,"column":12},"end":{"line":126,"column":28}},{"start":{"line":126,"column":28},"end":{"line":126,"column":null}}]},"22":{"loc":{"start":{"line":127,"column":16},"end":{"line":127,"column":null}},"type":"binary-expr","locations":[{"start":{"line":127,"column":16},"end":{"line":127,"column":36}},{"start":{"line":127,"column":36},"end":{"line":127,"column":null}}]},"23":{"loc":{"start":{"line":134,"column":24},"end":{"line":134,"column":null}},"type":"binary-expr","locations":[{"start":{"line":134,"column":24},"end":{"line":134,"column":48}},{"start":{"line":134,"column":48},"end":{"line":134,"column":null}}]},"24":{"loc":{"start":{"line":144,"column":11},"end":{"line":144,"column":null}},"type":"cond-expr","locations":[{"start":{"line":144,"column":19},"end":{"line":144,"column":59}},{"start":{"line":144,"column":59},"end":{"line":144,"column":null}}]},"25":{"loc":{"start":{"line":149,"column":4},"end":{"line":151,"column":null}},"type":"if","locations":[{"start":{"line":149,"column":4},"end":{"line":151,"column":null}},{"start":{},"end":{}}]},"26":{"loc":{"start":{"line":149,"column":8},"end":{"line":149,"column":44}},"type":"binary-expr","locations":[{"start":{"line":149,"column":8},"end":{"line":149,"column":21}},{"start":{"line":149,"column":21},"end":{"line":149,"column":44}}]},"27":{"loc":{"start":{"line":157,"column":14},"end":{"line":157,"column":52}},"type":"binary-expr","locations":[{"start":{"line":157,"column":14},"end":{"line":157,"column":46}},{"start":{"line":157,"column":46},"end":{"line":157,"column":52}}]},"28":{"loc":{"start":{"line":157,"column":52},"end":{"line":157,"column":null}},"type":"binary-expr","locations":[{"start":{"line":157,"column":52},"end":{"line":157,"column":84}},{"start":{"line":157,"column":84},"end":{"line":157,"column":null}}]},"29":{"loc":{"start":{"line":165,"column":4},"end":{"line":167,"column":null}},"type":"if","locations":[{"start":{"line":165,"column":4},"end":{"line":167,"column":null}},{"start":{},"end":{}}]},"30":{"loc":{"start":{"line":179,"column":4},"end":{"line":181,"column":null}},"type":"if","locations":[{"start":{"line":179,"column":4},"end":{"line":181,"column":null}},{"start":{},"end":{}}]},"31":{"loc":{"start":{"line":188,"column":4},"end":{"line":196,"column":null}},"type":"if","locations":[{"start":{"line":188,"column":4},"end":{"line":196,"column":null}},{"start":{},"end":{}}]},"32":{"loc":{"start":{"line":190,"column":6},"end":{"line":192,"column":null}},"type":"if","locations":[{"start":{"line":190,"column":6},"end":{"line":192,"column":null}},{"start":{},"end":{}}]},"33":{"loc":{"start":{"line":193,"column":6},"end":{"line":195,"column":null}},"type":"if","locations":[{"start":{"line":193,"column":6},"end":{"line":195,"column":null}},{"start":{},"end":{}}]},"34":{"loc":{"start":{"line":201,"column":6},"end":{"line":206,"column":null}},"type":"if","locations":[{"start":{"line":201,"column":6},"end":{"line":206,"column":null}},{"start":{},"end":{}}]},"35":{"loc":{"start":{"line":203,"column":8},"end":{"line":205,"column":null}},"type":"if","locations":[{"start":{"line":203,"column":8},"end":{"line":205,"column":null}},{"start":{},"end":{}}]}},"s":{"0":0,"1":0,"2":0,"3":0,"4":0,"5":0,"6":0,"7":0,"8":0,"9":0,"10":0,"11":0,"12":0,"13":0,"14":0,"15":0,"16":0,"17":0,"18":0,"19":0,"20":0,"21":0,"22":0,"23":0,"24":0,"25":0,"26":0,"27":0,"28":0,"29":0,"30":0,"31":0,"32":0,"33":0,"34":0,"35":0,"36":0,"37":0,"38":0,"39":0,"40":0,"41":0,"42":0,"43":0,"44":0,"45":0,"46":0,"47":0,"48":0,"49":0,"50":0,"51":0,"52":0,"53":0,"54":0,"55":0,"56":0,"57":0,"58":0,"59":0,"60":0,"61":0,"62":0,"63":0,"64":0,"65":0,"66":0,"67":0,"68":0,"69":0,"70":0,"71":0,"72":0,"73":0,"74":0,"75":0,"76":0,"77":0,"78":0,"79":0,"80":0,"81":0,"82":0,"83":0,"84":0,"85":0,"86":0,"87":0,"88":0,"89":0,"90":0,"91":0},"f":{"0":0,"1":0,"2":0,"3":0,"4":0,"5":0,"6":0,"7":0,"8":0,"9":0,"10":0,"11":0,"12":0,"13":0,"14":0,"15":0,"16":0,"17":0},"b":{"0":[0,0],"1":[0,0],"2":[0,0],"3":[0,0],"4":[0,0],"5":[0,0],"6":[0,0],"7":[0,0],"8":[0,0],"9":[0,0],"10":[0,0],"11":[0,0],"12":[0,0],"13":[0,0],"14":[0,0],"15":[0,0],"16":[0,0],"17":[0,0],"18":[0,0],"19":[0,0],"20":[0,0],"21":[0,0],"22":[0,0],"23":[0,0],"24":[0,0],"25":[0,0],"26":[0,0],"27":[0,0],"28":[0,0],"29":[0,0],"30":[0,0],"31":[0,0],"32":[0,0],"33":[0,0],"34":[0,0],"35":[0,0]}}
}
